[1.415s] Invoking command in '/home/nippun/ros2_course_test/src/cougerbot': PYTHONPATH=/home/nippun/ros2_course_test/build/cougerbot/prefix_override:/home/nippun/ros2_course_test/install/cougerbot/lib/python3.10/site-packages:${PYTHONPATH} /usr/bin/python3 setup.py egg_info --egg-base ../../build/cougerbot build --build-base /home/nippun/ros2_course_test/build/cougerbot/build install --record /home/nippun/ros2_course_test/build/cougerbot/install.log --single-version-externally-managed
[1.944s] running egg_info
[1.944s] writing ../../build/cougerbot/cougerbot.egg-info/PKG-INFO
[1.945s] writing dependency_links to ../../build/cougerbot/cougerbot.egg-info/dependency_links.txt
[1.945s] writing entry points to ../../build/cougerbot/cougerbot.egg-info/entry_points.txt
[1.945s] writing requirements to ../../build/cougerbot/cougerbot.egg-info/requires.txt
[1.946s] writing top-level names to ../../build/cougerbot/cougerbot.egg-info/top_level.txt
[1.949s] reading manifest file '../../build/cougerbot/cougerbot.egg-info/SOURCES.txt'
[1.950s] writing manifest file '../../build/cougerbot/cougerbot.egg-info/SOURCES.txt'
[1.950s] running build
[1.950s] running build_py
[1.951s] running install
[1.951s] running install_lib
[1.954s] running install_data
[1.956s] copying config/controllers.yaml -> /home/nippun/ros2_course_test/install/cougerbot/share/cougerbot/config
[1.956s] running install_egg_info
[1.960s] removing '/home/nippun/ros2_course_test/install/cougerbot/lib/python3.10/site-packages/cougerbot-0.0.0-py3.10.egg-info' (and everything under it)
[1.960s] Copying ../../build/cougerbot/cougerbot.egg-info to /home/nippun/ros2_course_test/install/cougerbot/lib/python3.10/site-packages/cougerbot-0.0.0-py3.10.egg-info
[1.962s] running install_scripts
[2.009s] Installing spawn_cougerbot script to /home/nippun/ros2_course_test/install/cougerbot/lib/cougerbot
[2.010s] writing list of installed files to '/home/nippun/ros2_course_test/build/cougerbot/install.log'
[2.055s] Invoked command in '/home/nippun/ros2_course_test/src/cougerbot' returned '0': PYTHONPATH=/home/nippun/ros2_course_test/build/cougerbot/prefix_override:/home/nippun/ros2_course_test/install/cougerbot/lib/python3.10/site-packages:${PYTHONPATH} /usr/bin/python3 setup.py egg_info --egg-base ../../build/cougerbot build --build-base /home/nippun/ros2_course_test/build/cougerbot/build install --record /home/nippun/ros2_course_test/build/cougerbot/install.log --single-version-externally-managed
