[3.405s] Invoking command in '/home/nippun/ros2_course_test/src/cougerbot': PYTHONPATH=/home/nippun/ros2_course_test/build/cougerbot/prefix_override:/home/nippun/ros2_course_test/install/cougerbot/lib/python3.10/site-packages:${PYTHONPATH} /usr/bin/python3 setup.py egg_info --egg-base ../../build/cougerbot build --build-base /home/nippun/ros2_course_test/build/cougerbot/build install --record /home/nippun/ros2_course_test/build/cougerbot/install.log --single-version-externally-managed
[3.947s] running egg_info
[3.948s] writing ../../build/cougerbot/cougerbot.egg-info/PKG-INFO
[3.948s] writing dependency_links to ../../build/cougerbot/cougerbot.egg-info/dependency_links.txt
[3.949s] writing entry points to ../../build/cougerbot/cougerbot.egg-info/entry_points.txt
[3.949s] writing requirements to ../../build/cougerbot/cougerbot.egg-info/requires.txt
[3.949s] writing top-level names to ../../build/cougerbot/cougerbot.egg-info/top_level.txt
[3.952s] reading manifest file '../../build/cougerbot/cougerbot.egg-info/SOURCES.txt'
[3.985s] writing manifest file '../../build/cougerbot/cougerbot.egg-info/SOURCES.txt'
[3.985s] running build
[3.986s] running build_py
[3.986s] running install
[3.986s] running install_lib
[3.988s] running install_data
[3.989s] copying urdf/cougerbot.urdf -> /home/nippun/ros2_course_test/install/cougerbot/share/cougerbot/urdf
[3.990s] copying config/controllers.yaml -> /home/nippun/ros2_course_test/install/cougerbot/share/cougerbot/config
[3.990s] running install_egg_info
[3.993s] removing '/home/nippun/ros2_course_test/install/cougerbot/lib/python3.10/site-packages/cougerbot-0.0.0-py3.10.egg-info' (and everything under it)
[3.993s] Copying ../../build/cougerbot/cougerbot.egg-info to /home/nippun/ros2_course_test/install/cougerbot/lib/python3.10/site-packages/cougerbot-0.0.0-py3.10.egg-info
[4.025s] running install_scripts
[4.056s] Installing spawn_cougerbot script to /home/nippun/ros2_course_test/install/cougerbot/lib/cougerbot
[4.056s] writing list of installed files to '/home/nippun/ros2_course_test/build/cougerbot/install.log'
[4.111s] Invoked command in '/home/nippun/ros2_course_test/src/cougerbot' returned '0': PYTHONPATH=/home/nippun/ros2_course_test/build/cougerbot/prefix_override:/home/nippun/ros2_course_test/install/cougerbot/lib/python3.10/site-packages:${PYTHONPATH} /usr/bin/python3 setup.py egg_info --egg-base ../../build/cougerbot build --build-base /home/nippun/ros2_course_test/build/cougerbot/build install --record /home/nippun/ros2_course_test/build/cougerbot/install.log --single-version-externally-managed
