[10.516s] Invoking command in '/home/nippun/ros2_course_test/src/cougerbot': PYTHONPATH=/home/nippun/ros2_course_test/build/cougerbot/prefix_override:/home/nippun/ros2_course_test/install/cougerbot/lib/python3.10/site-packages:${PYTHONPATH} /usr/bin/python3 setup.py egg_info --egg-base ../../build/cougerbot build --build-base /home/nippun/ros2_course_test/build/cougerbot/build install --record /home/nippun/ros2_course_test/build/cougerbot/install.log --single-version-externally-managed
[13.694s] running egg_info
[13.697s] writing ../../build/cougerbot/cougerbot.egg-info/PKG-INFO
[13.698s] writing dependency_links to ../../build/cougerbot/cougerbot.egg-info/dependency_links.txt
[13.724s] writing entry points to ../../build/cougerbot/cougerbot.egg-info/entry_points.txt
[13.726s] writing requirements to ../../build/cougerbot/cougerbot.egg-info/requires.txt
[13.727s] writing top-level names to ../../build/cougerbot/cougerbot.egg-info/top_level.txt
[13.737s] reading manifest file '../../build/cougerbot/cougerbot.egg-info/SOURCES.txt'
[13.742s] writing manifest file '../../build/cougerbot/cougerbot.egg-info/SOURCES.txt'
[13.744s] running build
[13.744s] running build_py
[13.745s] running install
[13.746s] running install_lib
[13.779s] running install_data
[13.781s] running install_egg_info
[13.787s] removing '/home/nippun/ros2_course_test/install/cougerbot/lib/python3.10/site-packages/cougerbot-0.0.0-py3.10.egg-info' (and everything under it)
[13.789s] Copying ../../build/cougerbot/cougerbot.egg-info to /home/nippun/ros2_course_test/install/cougerbot/lib/python3.10/site-packages/cougerbot-0.0.0-py3.10.egg-info
[13.795s] running install_scripts
[13.964s] Installing spawn_cougerbot script to /home/nippun/ros2_course_test/install/cougerbot/lib/cougerbot
[13.966s] writing list of installed files to '/home/nippun/ros2_course_test/build/cougerbot/install.log'
[14.224s] Invoked command in '/home/nippun/ros2_course_test/src/cougerbot' returned '0': PYTHONPATH=/home/nippun/ros2_course_test/build/cougerbot/prefix_override:/home/nippun/ros2_course_test/install/cougerbot/lib/python3.10/site-packages:${PYTHONPATH} /usr/bin/python3 setup.py egg_info --egg-base ../../build/cougerbot build --build-base /home/nippun/ros2_course_test/build/cougerbot/build install --record /home/nippun/ros2_course_test/build/cougerbot/install.log --single-version-externally-managed
