[0.579s] DEBUG:colcon:Command line arguments: ['/usr/bin/colcon', 'build', '--packages-select', 'teleopbot']
[0.579s] DEBUG:colcon:Parsed command line arguments: Namespace(log_base=None, log_level=None, verb_name='build', build_base='build', install_base='install', merge_install=False, symlink_install=False, test_result_base=None, continue_on_error=False, executor='parallel', parallel_workers=4, event_handlers=None, ignore_user_meta=False, metas=['./colcon.meta'], base_paths=['.'], packages_ignore=None, packages_ignore_regex=None, paths=None, packages_up_to=None, packages_up_to_regex=None, packages_above=None, packages_above_and_dependencies=None, packages_above_depth=None, packages_select_by_dep=None, packages_skip_by_dep=None, packages_skip_up_to=None, packages_select_build_failed=False, packages_skip_build_finished=False, packages_select_test_failures=False, packages_skip_test_passed=False, packages_select=['teleopbot'], packages_skip=None, packages_select_regex=None, packages_skip_regex=None, packages_start=None, packages_end=None, allow_overriding=[], cmake_args=None, cmake_target=None, cmake_target_skip_unavailable=False, cmake_clean_cache=False, cmake_clean_first=False, cmake_force_configure=False, ament_cmake_args=None, catkin_cmake_args=None, catkin_skip_building_tests=False, verb_parser=<colcon_defaults.argument_parser.defaults.DefaultArgumentsDecorator object at 0x7fe6e0b881f0>, verb_extension=<colcon_core.verb.build.BuildVerb object at 0x7fe6e0b5fc40>, main=<bound method BuildVerb.main of <colcon_core.verb.build.BuildVerb object at 0x7fe6e0b5fc40>>)
[0.614s] Level 1:colcon.colcon_core.package_discovery:discover_packages(colcon_meta) check parameters
[0.614s] Level 1:colcon.colcon_core.package_discovery:discover_packages(recursive) check parameters
[0.614s] Level 1:colcon.colcon_core.package_discovery:discover_packages(ignore) check parameters
[0.614s] Level 1:colcon.colcon_core.package_discovery:discover_packages(path) check parameters
[0.614s] Level 1:colcon.colcon_core.package_discovery:discover_packages(colcon_meta) discover
[0.614s] Level 1:colcon.colcon_core.package_discovery:discover_packages(recursive) discover
[0.614s] INFO:colcon.colcon_core.package_discovery:Crawling recursively for packages in '/home/nippun/ros2_course_test'
[0.615s] Level 1:colcon.colcon_core.package_identification:_identify(.) by extensions ['ignore', 'ignore_ament_install']
[0.615s] Level 1:colcon.colcon_core.package_identification:_identify(.) by extension 'ignore'
[0.615s] Level 1:colcon.colcon_core.package_identification:_identify(.) by extension 'ignore_ament_install'
[0.615s] Level 1:colcon.colcon_core.package_identification:_identify(.) by extensions ['colcon_pkg']
[0.615s] Level 1:colcon.colcon_core.package_identification:_identify(.) by extension 'colcon_pkg'
[0.615s] Level 1:colcon.colcon_core.package_identification:_identify(.) by extensions ['colcon_meta']
[0.615s] Level 1:colcon.colcon_core.package_identification:_identify(.) by extension 'colcon_meta'
[0.615s] Level 1:colcon.colcon_core.package_identification:_identify(.) by extensions ['ros']
[0.615s] Level 1:colcon.colcon_core.package_identification:_identify(.) by extension 'ros'
[0.638s] Level 1:colcon.colcon_core.package_identification:_identify(.) by extensions ['cmake', 'python']
[0.638s] Level 1:colcon.colcon_core.package_identification:_identify(.) by extension 'cmake'
[0.638s] Level 1:colcon.colcon_core.package_identification:_identify(.) by extension 'python'
[0.638s] Level 1:colcon.colcon_core.package_identification:_identify(.) by extensions ['python_setup_py']
[0.638s] Level 1:colcon.colcon_core.package_identification:_identify(.) by extension 'python_setup_py'
[0.639s] Level 1:colcon.colcon_core.package_identification:_identify(build) by extensions ['ignore', 'ignore_ament_install']
[0.639s] Level 1:colcon.colcon_core.package_identification:_identify(build) by extension 'ignore'
[0.639s] Level 1:colcon.colcon_core.package_identification:_identify(build) ignored
[0.639s] Level 1:colcon.colcon_core.package_identification:_identify(install) by extensions ['ignore', 'ignore_ament_install']
[0.639s] Level 1:colcon.colcon_core.package_identification:_identify(install) by extension 'ignore'
[0.639s] Level 1:colcon.colcon_core.package_identification:_identify(install) ignored
[0.639s] Level 1:colcon.colcon_core.package_identification:_identify(log) by extensions ['ignore', 'ignore_ament_install']
[0.639s] Level 1:colcon.colcon_core.package_identification:_identify(log) by extension 'ignore'
[0.639s] Level 1:colcon.colcon_core.package_identification:_identify(log) ignored
[0.640s] Level 1:colcon.colcon_core.package_identification:_identify(src) by extensions ['ignore', 'ignore_ament_install']
[0.640s] Level 1:colcon.colcon_core.package_identification:_identify(src) by extension 'ignore'
[0.640s] Level 1:colcon.colcon_core.package_identification:_identify(src) by extension 'ignore_ament_install'
[0.640s] Level 1:colcon.colcon_core.package_identification:_identify(src) by extensions ['colcon_pkg']
[0.640s] Level 1:colcon.colcon_core.package_identification:_identify(src) by extension 'colcon_pkg'
[0.640s] Level 1:colcon.colcon_core.package_identification:_identify(src) by extensions ['colcon_meta']
[0.640s] Level 1:colcon.colcon_core.package_identification:_identify(src) by extension 'colcon_meta'
[0.640s] Level 1:colcon.colcon_core.package_identification:_identify(src) by extensions ['ros']
[0.640s] Level 1:colcon.colcon_core.package_identification:_identify(src) by extension 'ros'
[0.640s] Level 1:colcon.colcon_core.package_identification:_identify(src) by extensions ['cmake', 'python']
[0.640s] Level 1:colcon.colcon_core.package_identification:_identify(src) by extension 'cmake'
[0.640s] Level 1:colcon.colcon_core.package_identification:_identify(src) by extension 'python'
[0.640s] Level 1:colcon.colcon_core.package_identification:_identify(src) by extensions ['python_setup_py']
[0.640s] Level 1:colcon.colcon_core.package_identification:_identify(src) by extension 'python_setup_py'
[0.641s] Level 1:colcon.colcon_core.package_identification:_identify(src/add_two_ints) by extensions ['ignore', 'ignore_ament_install']
[0.641s] Level 1:colcon.colcon_core.package_identification:_identify(src/add_two_ints) by extension 'ignore'
[0.641s] Level 1:colcon.colcon_core.package_identification:_identify(src/add_two_ints) by extension 'ignore_ament_install'
[0.641s] Level 1:colcon.colcon_core.package_identification:_identify(src/add_two_ints) by extensions ['colcon_pkg']
[0.641s] Level 1:colcon.colcon_core.package_identification:_identify(src/add_two_ints) by extension 'colcon_pkg'
[0.641s] Level 1:colcon.colcon_core.package_identification:_identify(src/add_two_ints) by extensions ['colcon_meta']
[0.641s] Level 1:colcon.colcon_core.package_identification:_identify(src/add_two_ints) by extension 'colcon_meta'
[0.641s] Level 1:colcon.colcon_core.package_identification:_identify(src/add_two_ints) by extensions ['ros']
[0.641s] Level 1:colcon.colcon_core.package_identification:_identify(src/add_two_ints) by extension 'ros'
[0.645s] DEBUG:colcon.colcon_core.package_identification:Package 'src/add_two_ints' with type 'ros.ament_cmake' and name 'add_two_ints'
[0.645s] Level 1:colcon.colcon_core.package_identification:_identify(src/adding_integers) by extensions ['ignore', 'ignore_ament_install']
[0.645s] Level 1:colcon.colcon_core.package_identification:_identify(src/adding_integers) by extension 'ignore'
[0.645s] Level 1:colcon.colcon_core.package_identification:_identify(src/adding_integers) by extension 'ignore_ament_install'
[0.646s] Level 1:colcon.colcon_core.package_identification:_identify(src/adding_integers) by extensions ['colcon_pkg']
[0.646s] Level 1:colcon.colcon_core.package_identification:_identify(src/adding_integers) by extension 'colcon_pkg'
[0.646s] Level 1:colcon.colcon_core.package_identification:_identify(src/adding_integers) by extensions ['colcon_meta']
[0.646s] Level 1:colcon.colcon_core.package_identification:_identify(src/adding_integers) by extension 'colcon_meta'
[0.646s] Level 1:colcon.colcon_core.package_identification:_identify(src/adding_integers) by extensions ['ros']
[0.646s] Level 1:colcon.colcon_core.package_identification:_identify(src/adding_integers) by extension 'ros'
[0.647s] DEBUG:colcon.colcon_core.package_identification:Package 'src/adding_integers' with type 'ros.ament_python' and name 'adding_integers'
[0.647s] Level 1:colcon.colcon_core.package_identification:_identify(src/complex_msg) by extensions ['ignore', 'ignore_ament_install']
[0.647s] Level 1:colcon.colcon_core.package_identification:_identify(src/complex_msg) by extension 'ignore'
[0.647s] Level 1:colcon.colcon_core.package_identification:_identify(src/complex_msg) by extension 'ignore_ament_install'
[0.647s] Level 1:colcon.colcon_core.package_identification:_identify(src/complex_msg) by extensions ['colcon_pkg']
[0.647s] Level 1:colcon.colcon_core.package_identification:_identify(src/complex_msg) by extension 'colcon_pkg'
[0.647s] Level 1:colcon.colcon_core.package_identification:_identify(src/complex_msg) by extensions ['colcon_meta']
[0.647s] Level 1:colcon.colcon_core.package_identification:_identify(src/complex_msg) by extension 'colcon_meta'
[0.647s] Level 1:colcon.colcon_core.package_identification:_identify(src/complex_msg) by extensions ['ros']
[0.647s] Level 1:colcon.colcon_core.package_identification:_identify(src/complex_msg) by extension 'ros'
[0.648s] DEBUG:colcon.colcon_core.package_identification:Package 'src/complex_msg' with type 'ros.ament_cmake' and name 'complex_msg'
[0.648s] Level 1:colcon.colcon_core.package_identification:_identify(src/complex_talker_listener) by extensions ['ignore', 'ignore_ament_install']
[0.648s] Level 1:colcon.colcon_core.package_identification:_identify(src/complex_talker_listener) by extension 'ignore'
[0.648s] Level 1:colcon.colcon_core.package_identification:_identify(src/complex_talker_listener) by extension 'ignore_ament_install'
[0.648s] Level 1:colcon.colcon_core.package_identification:_identify(src/complex_talker_listener) by extensions ['colcon_pkg']
[0.648s] Level 1:colcon.colcon_core.package_identification:_identify(src/complex_talker_listener) by extension 'colcon_pkg'
[0.648s] Level 1:colcon.colcon_core.package_identification:_identify(src/complex_talker_listener) by extensions ['colcon_meta']
[0.648s] Level 1:colcon.colcon_core.package_identification:_identify(src/complex_talker_listener) by extension 'colcon_meta'
[0.649s] Level 1:colcon.colcon_core.package_identification:_identify(src/complex_talker_listener) by extensions ['ros']
[0.649s] Level 1:colcon.colcon_core.package_identification:_identify(src/complex_talker_listener) by extension 'ros'
[0.649s] DEBUG:colcon.colcon_core.package_identification:Package 'src/complex_talker_listener' with type 'ros.ament_python' and name 'complex_talker_listener'
[0.649s] Level 1:colcon.colcon_core.package_identification:_identify(src/fibonacci_action_interface) by extensions ['ignore', 'ignore_ament_install']
[0.650s] Level 1:colcon.colcon_core.package_identification:_identify(src/fibonacci_action_interface) by extension 'ignore'
[0.650s] Level 1:colcon.colcon_core.package_identification:_identify(src/fibonacci_action_interface) by extension 'ignore_ament_install'
[0.650s] Level 1:colcon.colcon_core.package_identification:_identify(src/fibonacci_action_interface) by extensions ['colcon_pkg']
[0.650s] Level 1:colcon.colcon_core.package_identification:_identify(src/fibonacci_action_interface) by extension 'colcon_pkg'
[0.650s] Level 1:colcon.colcon_core.package_identification:_identify(src/fibonacci_action_interface) by extensions ['colcon_meta']
[0.650s] Level 1:colcon.colcon_core.package_identification:_identify(src/fibonacci_action_interface) by extension 'colcon_meta'
[0.650s] Level 1:colcon.colcon_core.package_identification:_identify(src/fibonacci_action_interface) by extensions ['ros']
[0.650s] Level 1:colcon.colcon_core.package_identification:_identify(src/fibonacci_action_interface) by extension 'ros'
[0.651s] DEBUG:colcon.colcon_core.package_identification:Package 'src/fibonacci_action_interface' with type 'ros.ament_cmake' and name 'fibonacci_action_interface'
[0.651s] Level 1:colcon.colcon_core.package_identification:_identify(src/fibonacci_server_client) by extensions ['ignore', 'ignore_ament_install']
[0.651s] Level 1:colcon.colcon_core.package_identification:_identify(src/fibonacci_server_client) by extension 'ignore'
[0.651s] Level 1:colcon.colcon_core.package_identification:_identify(src/fibonacci_server_client) by extension 'ignore_ament_install'
[0.651s] Level 1:colcon.colcon_core.package_identification:_identify(src/fibonacci_server_client) by extensions ['colcon_pkg']
[0.651s] Level 1:colcon.colcon_core.package_identification:_identify(src/fibonacci_server_client) by extension 'colcon_pkg'
[0.651s] Level 1:colcon.colcon_core.package_identification:_identify(src/fibonacci_server_client) by extensions ['colcon_meta']
[0.651s] Level 1:colcon.colcon_core.package_identification:_identify(src/fibonacci_server_client) by extension 'colcon_meta'
[0.651s] Level 1:colcon.colcon_core.package_identification:_identify(src/fibonacci_server_client) by extensions ['ros']
[0.651s] Level 1:colcon.colcon_core.package_identification:_identify(src/fibonacci_server_client) by extension 'ros'
[0.652s] DEBUG:colcon.colcon_core.package_identification:Package 'src/fibonacci_server_client' with type 'ros.ament_python' and name 'fibonacci_server_client'
[0.652s] Level 1:colcon.colcon_core.package_identification:_identify(src/my_first_package) by extensions ['ignore', 'ignore_ament_install']
[0.652s] Level 1:colcon.colcon_core.package_identification:_identify(src/my_first_package) by extension 'ignore'
[0.652s] Level 1:colcon.colcon_core.package_identification:_identify(src/my_first_package) by extension 'ignore_ament_install'
[0.652s] Level 1:colcon.colcon_core.package_identification:_identify(src/my_first_package) by extensions ['colcon_pkg']
[0.652s] Level 1:colcon.colcon_core.package_identification:_identify(src/my_first_package) by extension 'colcon_pkg'
[0.652s] Level 1:colcon.colcon_core.package_identification:_identify(src/my_first_package) by extensions ['colcon_meta']
[0.652s] Level 1:colcon.colcon_core.package_identification:_identify(src/my_first_package) by extension 'colcon_meta'
[0.653s] Level 1:colcon.colcon_core.package_identification:_identify(src/my_first_package) by extensions ['ros']
[0.653s] Level 1:colcon.colcon_core.package_identification:_identify(src/my_first_package) by extension 'ros'
[0.653s] DEBUG:colcon.colcon_core.package_identification:Package 'src/my_first_package' with type 'ros.ament_python' and name 'my_first_package'
[0.653s] Level 1:colcon.colcon_core.package_identification:_identify(src/talker_listener) by extensions ['ignore', 'ignore_ament_install']
[0.653s] Level 1:colcon.colcon_core.package_identification:_identify(src/talker_listener) by extension 'ignore'
[0.653s] Level 1:colcon.colcon_core.package_identification:_identify(src/talker_listener) by extension 'ignore_ament_install'
[0.654s] Level 1:colcon.colcon_core.package_identification:_identify(src/talker_listener) by extensions ['colcon_pkg']
[0.654s] Level 1:colcon.colcon_core.package_identification:_identify(src/talker_listener) by extension 'colcon_pkg'
[0.654s] Level 1:colcon.colcon_core.package_identification:_identify(src/talker_listener) by extensions ['colcon_meta']
[0.654s] Level 1:colcon.colcon_core.package_identification:_identify(src/talker_listener) by extension 'colcon_meta'
[0.654s] Level 1:colcon.colcon_core.package_identification:_identify(src/talker_listener) by extensions ['ros']
[0.654s] Level 1:colcon.colcon_core.package_identification:_identify(src/talker_listener) by extension 'ros'
[0.654s] DEBUG:colcon.colcon_core.package_identification:Package 'src/talker_listener' with type 'ros.ament_python' and name 'talker_listener'
[0.655s] Level 1:colcon.colcon_core.package_identification:_identify(src/teleopbot) by extensions ['ignore', 'ignore_ament_install']
[0.655s] Level 1:colcon.colcon_core.package_identification:_identify(src/teleopbot) by extension 'ignore'
[0.655s] Level 1:colcon.colcon_core.package_identification:_identify(src/teleopbot) by extension 'ignore_ament_install'
[0.655s] Level 1:colcon.colcon_core.package_identification:_identify(src/teleopbot) by extensions ['colcon_pkg']
[0.655s] Level 1:colcon.colcon_core.package_identification:_identify(src/teleopbot) by extension 'colcon_pkg'
[0.655s] Level 1:colcon.colcon_core.package_identification:_identify(src/teleopbot) by extensions ['colcon_meta']
[0.655s] Level 1:colcon.colcon_core.package_identification:_identify(src/teleopbot) by extension 'colcon_meta'
[0.655s] Level 1:colcon.colcon_core.package_identification:_identify(src/teleopbot) by extensions ['ros']
[0.655s] Level 1:colcon.colcon_core.package_identification:_identify(src/teleopbot) by extension 'ros'
[0.656s] DEBUG:colcon.colcon_core.package_identification:Package 'src/teleopbot' with type 'ros.ament_python' and name 'teleopbot'
[0.656s] Level 1:colcon.colcon_core.package_identification:_identify(src/turtlebot3_basic) by extensions ['ignore', 'ignore_ament_install']
[0.656s] Level 1:colcon.colcon_core.package_identification:_identify(src/turtlebot3_basic) by extension 'ignore'
[0.656s] Level 1:colcon.colcon_core.package_identification:_identify(src/turtlebot3_basic) by extension 'ignore_ament_install'
[0.656s] Level 1:colcon.colcon_core.package_identification:_identify(src/turtlebot3_basic) by extensions ['colcon_pkg']
[0.656s] Level 1:colcon.colcon_core.package_identification:_identify(src/turtlebot3_basic) by extension 'colcon_pkg'
[0.656s] Level 1:colcon.colcon_core.package_identification:_identify(src/turtlebot3_basic) by extensions ['colcon_meta']
[0.656s] Level 1:colcon.colcon_core.package_identification:_identify(src/turtlebot3_basic) by extension 'colcon_meta'
[0.656s] Level 1:colcon.colcon_core.package_identification:_identify(src/turtlebot3_basic) by extensions ['ros']
[0.656s] Level 1:colcon.colcon_core.package_identification:_identify(src/turtlebot3_basic) by extension 'ros'
[0.657s] DEBUG:colcon.colcon_core.package_identification:Package 'src/turtlebot3_basic' with type 'ros.ament_python' and name 'turtlebot3_basic'
[0.657s] Level 1:colcon.colcon_core.package_identification:_identify(src/turtlesim_control) by extensions ['ignore', 'ignore_ament_install']
[0.657s] Level 1:colcon.colcon_core.package_identification:_identify(src/turtlesim_control) by extension 'ignore'
[0.657s] Level 1:colcon.colcon_core.package_identification:_identify(src/turtlesim_control) by extension 'ignore_ament_install'
[0.657s] Level 1:colcon.colcon_core.package_identification:_identify(src/turtlesim_control) by extensions ['colcon_pkg']
[0.657s] Level 1:colcon.colcon_core.package_identification:_identify(src/turtlesim_control) by extension 'colcon_pkg'
[0.658s] Level 1:colcon.colcon_core.package_identification:_identify(src/turtlesim_control) by extensions ['colcon_meta']
[0.658s] Level 1:colcon.colcon_core.package_identification:_identify(src/turtlesim_control) by extension 'colcon_meta'
[0.658s] Level 1:colcon.colcon_core.package_identification:_identify(src/turtlesim_control) by extensions ['ros']
[0.658s] Level 1:colcon.colcon_core.package_identification:_identify(src/turtlesim_control) by extension 'ros'
[0.658s] DEBUG:colcon.colcon_core.package_identification:Package 'src/turtlesim_control' with type 'ros.ament_python' and name 'turtlesim_control'
[0.658s] Level 1:colcon.colcon_core.package_identification:_identify(src/word_count) by extensions ['ignore', 'ignore_ament_install']
[0.658s] Level 1:colcon.colcon_core.package_identification:_identify(src/word_count) by extension 'ignore'
[0.659s] Level 1:colcon.colcon_core.package_identification:_identify(src/word_count) by extension 'ignore_ament_install'
[0.659s] Level 1:colcon.colcon_core.package_identification:_identify(src/word_count) by extensions ['colcon_pkg']
[0.659s] Level 1:colcon.colcon_core.package_identification:_identify(src/word_count) by extension 'colcon_pkg'
[0.659s] Level 1:colcon.colcon_core.package_identification:_identify(src/word_count) by extensions ['colcon_meta']
[0.659s] Level 1:colcon.colcon_core.package_identification:_identify(src/word_count) by extension 'colcon_meta'
[0.659s] Level 1:colcon.colcon_core.package_identification:_identify(src/word_count) by extensions ['ros']
[0.659s] Level 1:colcon.colcon_core.package_identification:_identify(src/word_count) by extension 'ros'
[0.660s] DEBUG:colcon.colcon_core.package_identification:Package 'src/word_count' with type 'ros.ament_python' and name 'word_count'
[0.660s] Level 1:colcon.colcon_core.package_identification:_identify(src/word_count_msg) by extensions ['ignore', 'ignore_ament_install']
[0.660s] Level 1:colcon.colcon_core.package_identification:_identify(src/word_count_msg) by extension 'ignore'
[0.660s] Level 1:colcon.colcon_core.package_identification:_identify(src/word_count_msg) by extension 'ignore_ament_install'
[0.660s] Level 1:colcon.colcon_core.package_identification:_identify(src/word_count_msg) by extensions ['colcon_pkg']
[0.660s] Level 1:colcon.colcon_core.package_identification:_identify(src/word_count_msg) by extension 'colcon_pkg'
[0.660s] Level 1:colcon.colcon_core.package_identification:_identify(src/word_count_msg) by extensions ['colcon_meta']
[0.660s] Level 1:colcon.colcon_core.package_identification:_identify(src/word_count_msg) by extension 'colcon_meta'
[0.660s] Level 1:colcon.colcon_core.package_identification:_identify(src/word_count_msg) by extensions ['ros']
[0.660s] Level 1:colcon.colcon_core.package_identification:_identify(src/word_count_msg) by extension 'ros'
[0.661s] DEBUG:colcon.colcon_core.package_identification:Package 'src/word_count_msg' with type 'ros.ament_cmake' and name 'word_count_msg'
[0.661s] Level 1:colcon.colcon_core.package_identification:_identify(~p) by extensions ['ignore', 'ignore_ament_install']
[0.661s] Level 1:colcon.colcon_core.package_identification:_identify(~p) by extension 'ignore'
[0.661s] Level 1:colcon.colcon_core.package_identification:_identify(~p) by extension 'ignore_ament_install'
[0.661s] Level 1:colcon.colcon_core.package_identification:_identify(~p) by extensions ['colcon_pkg']
[0.661s] Level 1:colcon.colcon_core.package_identification:_identify(~p) by extension 'colcon_pkg'
[0.661s] Level 1:colcon.colcon_core.package_identification:_identify(~p) by extensions ['colcon_meta']
[0.661s] Level 1:colcon.colcon_core.package_identification:_identify(~p) by extension 'colcon_meta'
[0.661s] Level 1:colcon.colcon_core.package_identification:_identify(~p) by extensions ['ros']
[0.662s] Level 1:colcon.colcon_core.package_identification:_identify(~p) by extension 'ros'
[0.662s] Level 1:colcon.colcon_core.package_identification:_identify(~p) by extensions ['cmake', 'python']
[0.662s] Level 1:colcon.colcon_core.package_identification:_identify(~p) by extension 'cmake'
[0.662s] Level 1:colcon.colcon_core.package_identification:_identify(~p) by extension 'python'
[0.662s] Level 1:colcon.colcon_core.package_identification:_identify(~p) by extensions ['python_setup_py']
[0.662s] Level 1:colcon.colcon_core.package_identification:_identify(~p) by extension 'python_setup_py'
[0.662s] Level 1:colcon.colcon_core.package_discovery:discover_packages(recursive) using defaults
[0.662s] Level 1:colcon.colcon_core.package_discovery:discover_packages(ignore) discover
[0.662s] Level 1:colcon.colcon_core.package_discovery:discover_packages(ignore) using defaults
[0.662s] Level 1:colcon.colcon_core.package_discovery:discover_packages(path) discover
[0.662s] Level 1:colcon.colcon_core.package_discovery:discover_packages(path) using defaults
[0.699s] INFO:colcon.colcon_core.package_selection:Skipping not selected package 'add_two_ints' in 'src/add_two_ints'
[0.699s] INFO:colcon.colcon_core.package_selection:Skipping not selected package 'complex_msg' in 'src/complex_msg'
[0.699s] INFO:colcon.colcon_core.package_selection:Skipping not selected package 'fibonacci_action_interface' in 'src/fibonacci_action_interface'
[0.699s] INFO:colcon.colcon_core.package_selection:Skipping not selected package 'fibonacci_server_client' in 'src/fibonacci_server_client'
[0.699s] INFO:colcon.colcon_core.package_selection:Skipping not selected package 'my_first_package' in 'src/my_first_package'
[0.700s] INFO:colcon.colcon_core.package_selection:Skipping not selected package 'talker_listener' in 'src/talker_listener'
[0.700s] INFO:colcon.colcon_core.package_selection:Skipping not selected package 'turtlebot3_basic' in 'src/turtlebot3_basic'
[0.700s] INFO:colcon.colcon_core.package_selection:Skipping not selected package 'turtlesim_control' in 'src/turtlesim_control'
[0.700s] INFO:colcon.colcon_core.package_selection:Skipping not selected package 'word_count' in 'src/word_count'
[0.700s] INFO:colcon.colcon_core.package_selection:Skipping not selected package 'word_count_msg' in 'src/word_count_msg'
[0.700s] INFO:colcon.colcon_core.package_selection:Skipping not selected package 'adding_integers' in 'src/adding_integers'
[0.700s] INFO:colcon.colcon_core.package_selection:Skipping not selected package 'complex_talker_listener' in 'src/complex_talker_listener'
[0.701s] Level 1:colcon.colcon_core.package_discovery:discover_packages(prefix_path) check parameters
[0.701s] Level 1:colcon.colcon_core.package_discovery:discover_packages(prefix_path) discover
[0.706s] DEBUG:colcon.colcon_installed_package_information.package_discovery:Found 14 installed packages in /home/nippun/ros2_course_test/install
[0.708s] DEBUG:colcon.colcon_installed_package_information.package_discovery:Found 4 installed packages in /home/nippun/ros2_ws/install
[0.710s] DEBUG:colcon.colcon_installed_package_information.package_discovery:Found 3 installed packages in /home/nippun/ros2_course_ws/install
[0.712s] DEBUG:colcon.colcon_installed_package_information.package_discovery:Found 3 installed packages in /home/nippun/ros2_Phd_ws/install
[0.715s] DEBUG:colcon.colcon_installed_package_information.package_discovery:Found 369 installed packages in /opt/ros/humble
[0.718s] Level 1:colcon.colcon_core.package_discovery:discover_packages(prefix_path) using defaults
[0.828s] Level 5:colcon.colcon_core.verb:set package 'teleopbot' build argument 'cmake_args' from command line to 'None'
[0.828s] Level 5:colcon.colcon_core.verb:set package 'teleopbot' build argument 'cmake_target' from command line to 'None'
[0.829s] Level 5:colcon.colcon_core.verb:set package 'teleopbot' build argument 'cmake_target_skip_unavailable' from command line to 'False'
[0.829s] Level 5:colcon.colcon_core.verb:set package 'teleopbot' build argument 'cmake_clean_cache' from command line to 'False'
[0.829s] Level 5:colcon.colcon_core.verb:set package 'teleopbot' build argument 'cmake_clean_first' from command line to 'False'
[0.829s] Level 5:colcon.colcon_core.verb:set package 'teleopbot' build argument 'cmake_force_configure' from command line to 'False'
[0.829s] Level 5:colcon.colcon_core.verb:set package 'teleopbot' build argument 'ament_cmake_args' from command line to 'None'
[0.829s] Level 5:colcon.colcon_core.verb:set package 'teleopbot' build argument 'catkin_cmake_args' from command line to 'None'
[0.829s] Level 5:colcon.colcon_core.verb:set package 'teleopbot' build argument 'catkin_skip_building_tests' from command line to 'False'
[0.829s] DEBUG:colcon.colcon_core.verb:Building package 'teleopbot' with the following arguments: {'ament_cmake_args': None, 'build_base': '/home/nippun/ros2_course_test/build/teleopbot', 'catkin_cmake_args': None, 'catkin_skip_building_tests': False, 'cmake_args': None, 'cmake_clean_cache': False, 'cmake_clean_first': False, 'cmake_force_configure': False, 'cmake_target': None, 'cmake_target_skip_unavailable': False, 'install_base': '/home/nippun/ros2_course_test/install/teleopbot', 'merge_install': False, 'path': '/home/nippun/ros2_course_test/src/teleopbot', 'symlink_install': False, 'test_result_base': None}
[0.830s] INFO:colcon.colcon_core.executor:Executing jobs using 'parallel' executor
[0.836s] DEBUG:colcon.colcon_parallel_executor.executor.parallel:run_until_complete
[0.836s] INFO:colcon.colcon_ros.task.ament_python.build:Building ROS package in '/home/nippun/ros2_course_test/src/teleopbot' with build type 'ament_python'
[0.836s] Level 1:colcon.colcon_core.shell:create_environment_hook('teleopbot', 'ament_prefix_path')
[0.845s] INFO:colcon.colcon_core.plugin_system:Skipping extension 'colcon_core.shell.bat': Not used on non-Windows systems
[0.845s] INFO:colcon.colcon_core.shell:Creating environment hook '/home/nippun/ros2_course_test/install/teleopbot/share/teleopbot/hook/ament_prefix_path.ps1'
[0.846s] INFO:colcon.colcon_core.shell:Creating environment descriptor '/home/nippun/ros2_course_test/install/teleopbot/share/teleopbot/hook/ament_prefix_path.dsv'
[0.847s] INFO:colcon.colcon_core.shell:Creating environment hook '/home/nippun/ros2_course_test/install/teleopbot/share/teleopbot/hook/ament_prefix_path.sh'
[0.850s] INFO:colcon.colcon_core.shell:Skip shell extension 'powershell' for command environment: Not usable outside of PowerShell
[0.850s] DEBUG:colcon.colcon_core.shell:Skip shell extension 'dsv' for command environment
[1.382s] INFO:colcon.colcon_core.task.python.build:Building Python package in '/home/nippun/ros2_course_test/src/teleopbot'
[1.385s] INFO:colcon.colcon_core.shell:Skip shell extension 'powershell' for command environment: Not usable outside of PowerShell
[1.385s] DEBUG:colcon.colcon_core.shell:Skip shell extension 'dsv' for command environment
[2.114s] DEBUG:colcon.colcon_core.event_handler.log_command:Invoking command in '/home/nippun/ros2_course_test/src/teleopbot': PYTHONPATH=/home/nippun/ros2_course_test/build/teleopbot/prefix_override:/home/nippun/ros2_course_test/install/teleopbot/lib/python3.10/site-packages:${PYTHONPATH} /usr/bin/python3 setup.py egg_info --egg-base ../../build/teleopbot build --build-base /home/nippun/ros2_course_test/build/teleopbot/build install --record /home/nippun/ros2_course_test/build/teleopbot/install.log --single-version-externally-managed
[2.692s] DEBUG:colcon.colcon_core.event_handler.log_command:Invoked command in '/home/nippun/ros2_course_test/src/teleopbot' returned '0': PYTHONPATH=/home/nippun/ros2_course_test/build/teleopbot/prefix_override:/home/nippun/ros2_course_test/install/teleopbot/lib/python3.10/site-packages:${PYTHONPATH} /usr/bin/python3 setup.py egg_info --egg-base ../../build/teleopbot build --build-base /home/nippun/ros2_course_test/build/teleopbot/build install --record /home/nippun/ros2_course_test/build/teleopbot/install.log --single-version-externally-managed
[2.698s] Level 1:colcon.colcon_core.environment:checking '/home/nippun/ros2_course_test/install/teleopbot' for CMake module files
[2.699s] Level 1:colcon.colcon_core.environment:checking '/home/nippun/ros2_course_test/install/teleopbot' for CMake config files
[2.700s] Level 1:colcon.colcon_core.environment:checking '/home/nippun/ros2_course_test/install/teleopbot/lib'
[2.700s] Level 1:colcon.colcon_core.environment:checking '/home/nippun/ros2_course_test/install/teleopbot/bin'
[2.700s] Level 1:colcon.colcon_core.environment:checking '/home/nippun/ros2_course_test/install/teleopbot/lib/pkgconfig/teleopbot.pc'
[2.701s] Level 1:colcon.colcon_core.environment:checking '/home/nippun/ros2_course_test/install/teleopbot/lib/python3.10/site-packages'
[2.701s] Level 1:colcon.colcon_core.shell:create_environment_hook('teleopbot', 'pythonpath')
[2.703s] INFO:colcon.colcon_core.shell:Creating environment hook '/home/nippun/ros2_course_test/install/teleopbot/share/teleopbot/hook/pythonpath.ps1'
[2.704s] INFO:colcon.colcon_core.shell:Creating environment descriptor '/home/nippun/ros2_course_test/install/teleopbot/share/teleopbot/hook/pythonpath.dsv'
[2.704s] INFO:colcon.colcon_core.shell:Creating environment hook '/home/nippun/ros2_course_test/install/teleopbot/share/teleopbot/hook/pythonpath.sh'
[2.705s] Level 1:colcon.colcon_core.environment:checking '/home/nippun/ros2_course_test/install/teleopbot/bin'
[2.705s] Level 1:colcon.colcon_core.environment:create_environment_scripts_only(teleopbot)
[2.707s] INFO:colcon.colcon_core.shell:Creating package script '/home/nippun/ros2_course_test/install/teleopbot/share/teleopbot/package.ps1'
[2.709s] INFO:colcon.colcon_core.shell:Creating package descriptor '/home/nippun/ros2_course_test/install/teleopbot/share/teleopbot/package.dsv'
[2.710s] INFO:colcon.colcon_core.shell:Creating package script '/home/nippun/ros2_course_test/install/teleopbot/share/teleopbot/package.sh'
[2.711s] INFO:colcon.colcon_core.shell:Creating package script '/home/nippun/ros2_course_test/install/teleopbot/share/teleopbot/package.bash'
[2.712s] INFO:colcon.colcon_core.shell:Creating package script '/home/nippun/ros2_course_test/install/teleopbot/share/teleopbot/package.zsh'
[2.713s] Level 1:colcon.colcon_core.environment:create_file_with_runtime_dependencies(/home/nippun/ros2_course_test/install/teleopbot/share/colcon-core/packages/teleopbot)
[2.713s] DEBUG:colcon.colcon_parallel_executor.executor.parallel:closing loop
[2.714s] DEBUG:colcon.colcon_parallel_executor.executor.parallel:loop closed
[2.714s] DEBUG:colcon.colcon_parallel_executor.executor.parallel:run_until_complete finished with '0'
[2.714s] DEBUG:colcon.colcon_core.event_reactor:joining thread
[2.724s] INFO:colcon.colcon_core.plugin_system:Skipping extension 'colcon_notification.desktop_notification.terminal_notifier': Not used on non-Darwin systems
[2.724s] INFO:colcon.colcon_core.plugin_system:Skipping extension 'colcon_notification.desktop_notification.win32': Not used on non-Windows systems
[2.724s] INFO:colcon.colcon_notification.desktop_notification:Sending desktop notification using 'notify2'
[2.752s] DEBUG:colcon.colcon_core.event_reactor:joined thread
[2.755s] INFO:colcon.colcon_core.shell:Creating prefix script '/home/nippun/ros2_course_test/install/local_setup.ps1'
[2.757s] INFO:colcon.colcon_core.shell:Creating prefix util module '/home/nippun/ros2_course_test/install/_local_setup_util_ps1.py'
[2.762s] INFO:colcon.colcon_core.shell:Creating prefix chain script '/home/nippun/ros2_course_test/install/setup.ps1'
[2.768s] INFO:colcon.colcon_core.shell:Creating prefix script '/home/nippun/ros2_course_test/install/local_setup.sh'
[2.769s] INFO:colcon.colcon_core.shell:Creating prefix util module '/home/nippun/ros2_course_test/install/_local_setup_util_sh.py'
[2.770s] INFO:colcon.colcon_core.shell:Creating prefix chain script '/home/nippun/ros2_course_test/install/setup.sh'
[2.775s] INFO:colcon.colcon_core.shell:Creating prefix script '/home/nippun/ros2_course_test/install/local_setup.bash'
[2.776s] INFO:colcon.colcon_core.shell:Creating prefix chain script '/home/nippun/ros2_course_test/install/setup.bash'
[2.781s] INFO:colcon.colcon_core.shell:Creating prefix script '/home/nippun/ros2_course_test/install/local_setup.zsh'
[2.782s] INFO:colcon.colcon_core.shell:Creating prefix chain script '/home/nippun/ros2_course_test/install/setup.zsh'
