[1.628s] Invoking command in '/home/nippun/ros2_course_test/src/cougerbot': PYTHONPATH=/home/nippun/ros2_course_test/build/cougerbot/prefix_override:/home/nippun/ros2_course_test/install/cougerbot/lib/python3.10/site-packages:${PYTHONPATH} /usr/bin/python3 setup.py egg_info --egg-base ../../build/cougerbot build --build-base /home/nippun/ros2_course_test/build/cougerbot/build install --record /home/nippun/ros2_course_test/build/cougerbot/install.log --single-version-externally-managed
[2.152s] running egg_info
[2.153s] writing ../../build/cougerbot/cougerbot.egg-info/PKG-INFO
[2.153s] writing dependency_links to ../../build/cougerbot/cougerbot.egg-info/dependency_links.txt
[2.154s] writing entry points to ../../build/cougerbot/cougerbot.egg-info/entry_points.txt
[2.154s] writing requirements to ../../build/cougerbot/cougerbot.egg-info/requires.txt
[2.155s] writing top-level names to ../../build/cougerbot/cougerbot.egg-info/top_level.txt
[2.157s] reading manifest file '../../build/cougerbot/cougerbot.egg-info/SOURCES.txt'
[2.160s] writing manifest file '../../build/cougerbot/cougerbot.egg-info/SOURCES.txt'
[2.161s] running build
[2.161s] running build_py
[2.161s] running install
[2.161s] running install_lib
[2.163s] running install_data
[2.164s] copying launch/cougerbot_launch.xml -> /home/nippun/ros2_course_test/install/cougerbot/share/cougerbot
[2.165s] creating /home/nippun/ros2_course_test/install/cougerbot/share/urdfcougerbot
[2.165s] copying urdf/cougerbot.urdf -> /home/nippun/ros2_course_test/install/cougerbot/share/urdfcougerbot
[2.165s] running install_egg_info
[2.168s] removing '/home/nippun/ros2_course_test/install/cougerbot/lib/python3.10/site-packages/cougerbot-0.0.0-py3.10.egg-info' (and everything under it)
[2.168s] Copying ../../build/cougerbot/cougerbot.egg-info to /home/nippun/ros2_course_test/install/cougerbot/lib/python3.10/site-packages/cougerbot-0.0.0-py3.10.egg-info
[2.170s] running install_scripts
[2.202s] Installing spawn_cougerbot script to /home/nippun/ros2_course_test/install/cougerbot/lib/cougerbot
[2.202s] writing list of installed files to '/home/nippun/ros2_course_test/build/cougerbot/install.log'
[2.248s] Invoked command in '/home/nippun/ros2_course_test/src/cougerbot' returned '0': PYTHONPATH=/home/nippun/ros2_course_test/build/cougerbot/prefix_override:/home/nippun/ros2_course_test/install/cougerbot/lib/python3.10/site-packages:${PYTHONPATH} /usr/bin/python3 setup.py egg_info --egg-base ../../build/cougerbot build --build-base /home/nippun/ros2_course_test/build/cougerbot/build install --record /home/nippun/ros2_course_test/build/cougerbot/install.log --single-version-externally-managed
