[1.372s] Invoking command in '/home/nippun/ros2_course_test/src/teleopbot': PYTHONPATH=/home/nippun/ros2_course_test/build/teleopbot/prefix_override:/home/nippun/ros2_course_test/install/teleopbot/lib/python3.10/site-packages:${PYTHONPATH} /usr/bin/python3 setup.py egg_info --egg-base ../../build/teleopbot build --build-base /home/nippun/ros2_course_test/build/teleopbot/build install --record /home/nippun/ros2_course_test/build/teleopbot/install.log --single-version-externally-managed
[1.850s] running egg_info
[1.851s] writing ../../build/teleopbot/teleopbot.egg-info/PKG-INFO
[1.851s] writing dependency_links to ../../build/teleopbot/teleopbot.egg-info/dependency_links.txt
[1.852s] writing entry points to ../../build/teleopbot/teleopbot.egg-info/entry_points.txt
[1.852s] writing requirements to ../../build/teleopbot/teleopbot.egg-info/requires.txt
[1.852s] writing top-level names to ../../build/teleopbot/teleopbot.egg-info/top_level.txt
[1.855s] reading manifest file '../../build/teleopbot/teleopbot.egg-info/SOURCES.txt'
[1.856s] writing manifest file '../../build/teleopbot/teleopbot.egg-info/SOURCES.txt'
[1.856s] running build
[1.857s] running build_py
[1.857s] copying teleopbot/Key_detect.py -> /home/nippun/ros2_course_test/build/teleopbot/build/lib/teleopbot
[1.857s] running install
[1.858s] running install_lib
[1.859s] copying /home/nippun/ros2_course_test/build/teleopbot/build/lib/teleopbot/Key_detect.py -> /home/nippun/ros2_course_test/install/teleopbot/lib/python3.10/site-packages/teleopbot
[1.860s] byte-compiling /home/nippun/ros2_course_test/install/teleopbot/lib/python3.10/site-packages/teleopbot/Key_detect.py to Key_detect.cpython-310.pyc
[1.861s] running install_data
[1.862s] running install_egg_info
[1.864s] removing '/home/nippun/ros2_course_test/install/teleopbot/lib/python3.10/site-packages/teleopbot-0.0.0-py3.10.egg-info' (and everything under it)
[1.865s] Copying ../../build/teleopbot/teleopbot.egg-info to /home/nippun/ros2_course_test/install/teleopbot/lib/python3.10/site-packages/teleopbot-0.0.0-py3.10.egg-info
[1.866s] running install_scripts
[1.895s] Installing keyboard_driver script to /home/nippun/ros2_course_test/install/teleopbot/lib/teleopbot
[1.895s] Installing teleop_node script to /home/nippun/ros2_course_test/install/teleopbot/lib/teleopbot
[1.896s] writing list of installed files to '/home/nippun/ros2_course_test/build/teleopbot/install.log'
[1.941s] Invoked command in '/home/nippun/ros2_course_test/src/teleopbot' returned '0': PYTHONPATH=/home/nippun/ros2_course_test/build/teleopbot/prefix_override:/home/nippun/ros2_course_test/install/teleopbot/lib/python3.10/site-packages:${PYTHONPATH} /usr/bin/python3 setup.py egg_info --egg-base ../../build/teleopbot build --build-base /home/nippun/ros2_course_test/build/teleopbot/build install --record /home/nippun/ros2_course_test/build/teleopbot/install.log --single-version-externally-managed
