[3.749s] Invoking command in '/home/nippun/ros2_course_test/src/cougerbot': PYTHONPATH=/home/nippun/ros2_course_test/build/cougerbot/prefix_override:/home/nippun/ros2_course_test/install/cougerbot/lib/python3.10/site-packages:${PYTHONPATH} /usr/bin/python3 setup.py egg_info --egg-base ../../build/cougerbot build --build-base /home/nippun/ros2_course_test/build/cougerbot/build install --record /home/nippun/ros2_course_test/build/cougerbot/install.log --single-version-externally-managed
[5.058s] running egg_info
[5.062s] writing ../../build/cougerbot/cougerbot.egg-info/PKG-INFO
[5.063s] writing dependency_links to ../../build/cougerbot/cougerbot.egg-info/dependency_links.txt
[5.064s] writing entry points to ../../build/cougerbot/cougerbot.egg-info/entry_points.txt
[5.065s] writing requirements to ../../build/cougerbot/cougerbot.egg-info/requires.txt
[5.065s] writing top-level names to ../../build/cougerbot/cougerbot.egg-info/top_level.txt
[5.073s] reading manifest file '../../build/cougerbot/cougerbot.egg-info/SOURCES.txt'
[5.078s] writing manifest file '../../build/cougerbot/cougerbot.egg-info/SOURCES.txt'
[5.079s] running build
[5.080s] running build_py
[5.082s] running install
[5.083s] running install_lib
[5.093s] running install_data
[5.097s] copying launch/cougerbot_launch.xml -> /home/nippun/ros2_course_test/install/cougerbot/share/cougerbot
[5.098s] copying urdf/cougerbot.urdf -> /home/nippun/ros2_course_test/install/cougerbot/share/cougerbot/urdf
[5.100s] running install_egg_info
[5.107s] removing '/home/nippun/ros2_course_test/install/cougerbot/lib/python3.10/site-packages/cougerbot-0.0.0-py3.10.egg-info' (and everything under it)
[5.107s] Copying ../../build/cougerbot/cougerbot.egg-info to /home/nippun/ros2_course_test/install/cougerbot/lib/python3.10/site-packages/cougerbot-0.0.0-py3.10.egg-info
[5.110s] running install_scripts
[5.159s] Installing spawn_cougerbot script to /home/nippun/ros2_course_test/install/cougerbot/lib/cougerbot
[5.159s] writing list of installed files to '/home/nippun/ros2_course_test/build/cougerbot/install.log'
[5.266s] Invoked command in '/home/nippun/ros2_course_test/src/cougerbot' returned '0': PYTHONPATH=/home/nippun/ros2_course_test/build/cougerbot/prefix_override:/home/nippun/ros2_course_test/install/cougerbot/lib/python3.10/site-packages:${PYTHONPATH} /usr/bin/python3 setup.py egg_info --egg-base ../../build/cougerbot build --build-base /home/nippun/ros2_course_test/build/cougerbot/build install --record /home/nippun/ros2_course_test/build/cougerbot/install.log --single-version-externally-managed
