[0.545s] DEBUG:colcon:Command line arguments: ['/usr/bin/colcon', 'build', '--packages-select', 'complex_msg']
[0.545s] DEBUG:colcon:Parsed command line arguments: Namespace(log_base=None, log_level=None, verb_name='build', build_base='build', install_base='install', merge_install=False, symlink_install=False, test_result_base=None, continue_on_error=False, executor='parallel', parallel_workers=4, event_handlers=None, ignore_user_meta=False, metas=['./colcon.meta'], base_paths=['.'], packages_ignore=None, packages_ignore_regex=None, paths=None, packages_up_to=None, packages_up_to_regex=None, packages_above=None, packages_above_and_dependencies=None, packages_above_depth=None, packages_select_by_dep=None, packages_skip_by_dep=None, packages_skip_up_to=None, packages_select_build_failed=False, packages_skip_build_finished=False, packages_select_test_failures=False, packages_skip_test_passed=False, packages_select=['complex_msg'], packages_skip=None, packages_select_regex=None, packages_skip_regex=None, packages_start=None, packages_end=None, allow_overriding=[], cmake_args=None, cmake_target=None, cmake_target_skip_unavailable=False, cmake_clean_cache=False, cmake_clean_first=False, cmake_force_configure=False, ament_cmake_args=None, catkin_cmake_args=None, catkin_skip_building_tests=False, verb_parser=<colcon_defaults.argument_parser.defaults.DefaultArgumentsDecorator object at 0x7f986e675c60>, verb_extension=<colcon_core.verb.build.BuildVerb object at 0x7f986e6756f0>, main=<bound method BuildVerb.main of <colcon_core.verb.build.BuildVerb object at 0x7f986e6756f0>>)
[0.591s] Level 1:colcon.colcon_core.package_discovery:discover_packages(colcon_meta) check parameters
[0.592s] Level 1:colcon.colcon_core.package_discovery:discover_packages(recursive) check parameters
[0.592s] Level 1:colcon.colcon_core.package_discovery:discover_packages(ignore) check parameters
[0.592s] Level 1:colcon.colcon_core.package_discovery:discover_packages(path) check parameters
[0.592s] Level 1:colcon.colcon_core.package_discovery:discover_packages(colcon_meta) discover
[0.592s] Level 1:colcon.colcon_core.package_discovery:discover_packages(recursive) discover
[0.592s] INFO:colcon.colcon_core.package_discovery:Crawling recursively for packages in '/home/nippun/ros2_course_test'
[0.592s] Level 1:colcon.colcon_core.package_identification:_identify(.) by extensions ['ignore', 'ignore_ament_install']
[0.592s] Level 1:colcon.colcon_core.package_identification:_identify(.) by extension 'ignore'
[0.592s] Level 1:colcon.colcon_core.package_identification:_identify(.) by extension 'ignore_ament_install'
[0.593s] Level 1:colcon.colcon_core.package_identification:_identify(.) by extensions ['colcon_pkg']
[0.593s] Level 1:colcon.colcon_core.package_identification:_identify(.) by extension 'colcon_pkg'
[0.593s] Level 1:colcon.colcon_core.package_identification:_identify(.) by extensions ['colcon_meta']
[0.593s] Level 1:colcon.colcon_core.package_identification:_identify(.) by extension 'colcon_meta'
[0.593s] Level 1:colcon.colcon_core.package_identification:_identify(.) by extensions ['ros']
[0.593s] Level 1:colcon.colcon_core.package_identification:_identify(.) by extension 'ros'
[0.615s] Level 1:colcon.colcon_core.package_identification:_identify(.) by extensions ['cmake', 'python']
[0.615s] Level 1:colcon.colcon_core.package_identification:_identify(.) by extension 'cmake'
[0.615s] Level 1:colcon.colcon_core.package_identification:_identify(.) by extension 'python'
[0.615s] Level 1:colcon.colcon_core.package_identification:_identify(.) by extensions ['python_setup_py']
[0.615s] Level 1:colcon.colcon_core.package_identification:_identify(.) by extension 'python_setup_py'
[0.615s] Level 1:colcon.colcon_core.package_identification:_identify(build) by extensions ['ignore', 'ignore_ament_install']
[0.615s] Level 1:colcon.colcon_core.package_identification:_identify(build) by extension 'ignore'
[0.615s] Level 1:colcon.colcon_core.package_identification:_identify(build) ignored
[0.616s] Level 1:colcon.colcon_core.package_identification:_identify(install) by extensions ['ignore', 'ignore_ament_install']
[0.616s] Level 1:colcon.colcon_core.package_identification:_identify(install) by extension 'ignore'
[0.616s] Level 1:colcon.colcon_core.package_identification:_identify(install) ignored
[0.616s] Level 1:colcon.colcon_core.package_identification:_identify(log) by extensions ['ignore', 'ignore_ament_install']
[0.616s] Level 1:colcon.colcon_core.package_identification:_identify(log) by extension 'ignore'
[0.616s] Level 1:colcon.colcon_core.package_identification:_identify(log) ignored
[0.616s] Level 1:colcon.colcon_core.package_identification:_identify(src) by extensions ['ignore', 'ignore_ament_install']
[0.616s] Level 1:colcon.colcon_core.package_identification:_identify(src) by extension 'ignore'
[0.616s] Level 1:colcon.colcon_core.package_identification:_identify(src) by extension 'ignore_ament_install'
[0.616s] Level 1:colcon.colcon_core.package_identification:_identify(src) by extensions ['colcon_pkg']
[0.617s] Level 1:colcon.colcon_core.package_identification:_identify(src) by extension 'colcon_pkg'
[0.617s] Level 1:colcon.colcon_core.package_identification:_identify(src) by extensions ['colcon_meta']
[0.617s] Level 1:colcon.colcon_core.package_identification:_identify(src) by extension 'colcon_meta'
[0.617s] Level 1:colcon.colcon_core.package_identification:_identify(src) by extensions ['ros']
[0.617s] Level 1:colcon.colcon_core.package_identification:_identify(src) by extension 'ros'
[0.617s] Level 1:colcon.colcon_core.package_identification:_identify(src) by extensions ['cmake', 'python']
[0.617s] Level 1:colcon.colcon_core.package_identification:_identify(src) by extension 'cmake'
[0.617s] Level 1:colcon.colcon_core.package_identification:_identify(src) by extension 'python'
[0.617s] Level 1:colcon.colcon_core.package_identification:_identify(src) by extensions ['python_setup_py']
[0.617s] Level 1:colcon.colcon_core.package_identification:_identify(src) by extension 'python_setup_py'
[0.617s] Level 1:colcon.colcon_core.package_identification:_identify(src/complex_msg) by extensions ['ignore', 'ignore_ament_install']
[0.617s] Level 1:colcon.colcon_core.package_identification:_identify(src/complex_msg) by extension 'ignore'
[0.617s] Level 1:colcon.colcon_core.package_identification:_identify(src/complex_msg) by extension 'ignore_ament_install'
[0.617s] Level 1:colcon.colcon_core.package_identification:_identify(src/complex_msg) by extensions ['colcon_pkg']
[0.617s] Level 1:colcon.colcon_core.package_identification:_identify(src/complex_msg) by extension 'colcon_pkg'
[0.618s] Level 1:colcon.colcon_core.package_identification:_identify(src/complex_msg) by extensions ['colcon_meta']
[0.618s] Level 1:colcon.colcon_core.package_identification:_identify(src/complex_msg) by extension 'colcon_meta'
[0.618s] Level 1:colcon.colcon_core.package_identification:_identify(src/complex_msg) by extensions ['ros']
[0.618s] Level 1:colcon.colcon_core.package_identification:_identify(src/complex_msg) by extension 'ros'
[0.621s] DEBUG:colcon.colcon_core.package_identification:Package 'src/complex_msg' with type 'ros.ament_cmake' and name 'complex_msg'
[0.622s] Level 1:colcon.colcon_core.package_identification:_identify(src/my_first_package) by extensions ['ignore', 'ignore_ament_install']
[0.622s] Level 1:colcon.colcon_core.package_identification:_identify(src/my_first_package) by extension 'ignore'
[0.622s] Level 1:colcon.colcon_core.package_identification:_identify(src/my_first_package) by extension 'ignore_ament_install'
[0.622s] Level 1:colcon.colcon_core.package_identification:_identify(src/my_first_package) by extensions ['colcon_pkg']
[0.622s] Level 1:colcon.colcon_core.package_identification:_identify(src/my_first_package) by extension 'colcon_pkg'
[0.622s] Level 1:colcon.colcon_core.package_identification:_identify(src/my_first_package) by extensions ['colcon_meta']
[0.622s] Level 1:colcon.colcon_core.package_identification:_identify(src/my_first_package) by extension 'colcon_meta'
[0.622s] Level 1:colcon.colcon_core.package_identification:_identify(src/my_first_package) by extensions ['ros']
[0.622s] Level 1:colcon.colcon_core.package_identification:_identify(src/my_first_package) by extension 'ros'
[0.623s] DEBUG:colcon.colcon_core.package_identification:Package 'src/my_first_package' with type 'ros.ament_python' and name 'my_first_package'
[0.623s] Level 1:colcon.colcon_core.package_identification:_identify(src/talker_listener) by extensions ['ignore', 'ignore_ament_install']
[0.623s] Level 1:colcon.colcon_core.package_identification:_identify(src/talker_listener) by extension 'ignore'
[0.623s] Level 1:colcon.colcon_core.package_identification:_identify(src/talker_listener) by extension 'ignore_ament_install'
[0.623s] Level 1:colcon.colcon_core.package_identification:_identify(src/talker_listener) by extensions ['colcon_pkg']
[0.623s] Level 1:colcon.colcon_core.package_identification:_identify(src/talker_listener) by extension 'colcon_pkg'
[0.623s] Level 1:colcon.colcon_core.package_identification:_identify(src/talker_listener) by extensions ['colcon_meta']
[0.623s] Level 1:colcon.colcon_core.package_identification:_identify(src/talker_listener) by extension 'colcon_meta'
[0.623s] Level 1:colcon.colcon_core.package_identification:_identify(src/talker_listener) by extensions ['ros']
[0.624s] Level 1:colcon.colcon_core.package_identification:_identify(src/talker_listener) by extension 'ros'
[0.625s] DEBUG:colcon.colcon_core.package_identification:Package 'src/talker_listener' with type 'ros.ament_python' and name 'talker_listener'
[0.626s] Level 1:colcon.colcon_core.package_identification:_identify(src/turtlesim_control) by extensions ['ignore', 'ignore_ament_install']
[0.626s] Level 1:colcon.colcon_core.package_identification:_identify(src/turtlesim_control) by extension 'ignore'
[0.626s] Level 1:colcon.colcon_core.package_identification:_identify(src/turtlesim_control) by extension 'ignore_ament_install'
[0.626s] Level 1:colcon.colcon_core.package_identification:_identify(src/turtlesim_control) by extensions ['colcon_pkg']
[0.626s] Level 1:colcon.colcon_core.package_identification:_identify(src/turtlesim_control) by extension 'colcon_pkg'
[0.626s] Level 1:colcon.colcon_core.package_identification:_identify(src/turtlesim_control) by extensions ['colcon_meta']
[0.626s] Level 1:colcon.colcon_core.package_identification:_identify(src/turtlesim_control) by extension 'colcon_meta'
[0.626s] Level 1:colcon.colcon_core.package_identification:_identify(src/turtlesim_control) by extensions ['ros']
[0.626s] Level 1:colcon.colcon_core.package_identification:_identify(src/turtlesim_control) by extension 'ros'
[0.627s] DEBUG:colcon.colcon_core.package_identification:Package 'src/turtlesim_control' with type 'ros.ament_python' and name 'turtlesim_control'
[0.627s] Level 1:colcon.colcon_core.package_discovery:discover_packages(recursive) using defaults
[0.627s] Level 1:colcon.colcon_core.package_discovery:discover_packages(ignore) discover
[0.627s] Level 1:colcon.colcon_core.package_discovery:discover_packages(ignore) using defaults
[0.627s] Level 1:colcon.colcon_core.package_discovery:discover_packages(path) discover
[0.627s] Level 1:colcon.colcon_core.package_discovery:discover_packages(path) using defaults
[1.006s] INFO:colcon.colcon_core.package_selection:Skipping not selected package 'my_first_package' in 'src/my_first_package'
[1.006s] INFO:colcon.colcon_core.package_selection:Skipping not selected package 'talker_listener' in 'src/talker_listener'
[1.006s] INFO:colcon.colcon_core.package_selection:Skipping not selected package 'turtlesim_control' in 'src/turtlesim_control'
[1.026s] Level 1:colcon.colcon_core.package_discovery:discover_packages(prefix_path) check parameters
[1.026s] Level 1:colcon.colcon_core.package_discovery:discover_packages(prefix_path) discover
[1.097s] DEBUG:colcon.colcon_installed_package_information.package_discovery:Found 3 installed packages in /home/nippun/ros2_course_test/install
[1.102s] DEBUG:colcon.colcon_installed_package_information.package_discovery:Found 4 installed packages in /home/nippun/ros2_ws/install
[1.105s] DEBUG:colcon.colcon_installed_package_information.package_discovery:Found 1 installed packages in /home/nippun/ros2_course_ws/install
[1.112s] DEBUG:colcon.colcon_installed_package_information.package_discovery:Found 279 installed packages in /opt/ros/humble
[1.119s] Level 1:colcon.colcon_core.package_discovery:discover_packages(prefix_path) using defaults
[1.326s] Level 5:colcon.colcon_core.verb:set package 'complex_msg' build argument 'cmake_args' from command line to 'None'
[1.326s] Level 5:colcon.colcon_core.verb:set package 'complex_msg' build argument 'cmake_target' from command line to 'None'
[1.326s] Level 5:colcon.colcon_core.verb:set package 'complex_msg' build argument 'cmake_target_skip_unavailable' from command line to 'False'
[1.326s] Level 5:colcon.colcon_core.verb:set package 'complex_msg' build argument 'cmake_clean_cache' from command line to 'False'
[1.326s] Level 5:colcon.colcon_core.verb:set package 'complex_msg' build argument 'cmake_clean_first' from command line to 'False'
[1.326s] Level 5:colcon.colcon_core.verb:set package 'complex_msg' build argument 'cmake_force_configure' from command line to 'False'
[1.326s] Level 5:colcon.colcon_core.verb:set package 'complex_msg' build argument 'ament_cmake_args' from command line to 'None'
[1.326s] Level 5:colcon.colcon_core.verb:set package 'complex_msg' build argument 'catkin_cmake_args' from command line to 'None'
[1.326s] Level 5:colcon.colcon_core.verb:set package 'complex_msg' build argument 'catkin_skip_building_tests' from command line to 'False'
[1.326s] DEBUG:colcon.colcon_core.verb:Building package 'complex_msg' with the following arguments: {'ament_cmake_args': None, 'build_base': '/home/nippun/ros2_course_test/build/complex_msg', 'catkin_cmake_args': None, 'catkin_skip_building_tests': False, 'cmake_args': None, 'cmake_clean_cache': False, 'cmake_clean_first': False, 'cmake_force_configure': False, 'cmake_target': None, 'cmake_target_skip_unavailable': False, 'install_base': '/home/nippun/ros2_course_test/install/complex_msg', 'merge_install': False, 'path': '/home/nippun/ros2_course_test/src/complex_msg', 'symlink_install': False, 'test_result_base': None}
[1.327s] INFO:colcon.colcon_core.executor:Executing jobs using 'parallel' executor
[1.333s] DEBUG:colcon.colcon_parallel_executor.executor.parallel:run_until_complete
[1.333s] INFO:colcon.colcon_ros.task.ament_cmake.build:Building ROS package in '/home/nippun/ros2_course_test/src/complex_msg' with build type 'ament_cmake'
[1.333s] INFO:colcon.colcon_cmake.task.cmake.build:Building CMake package in '/home/nippun/ros2_course_test/src/complex_msg'
[1.424s] INFO:colcon.colcon_core.plugin_system:Skipping extension 'colcon_core.shell.bat': Not used on non-Windows systems
[1.425s] INFO:colcon.colcon_core.shell:Skip shell extension 'powershell' for command environment: Not usable outside of PowerShell
[1.425s] DEBUG:colcon.colcon_core.shell:Skip shell extension 'dsv' for command environment
[1.466s] DEBUG:colcon.colcon_core.event_handler.log_command:Invoking command in '/home/nippun/ros2_course_test/build/complex_msg': CMAKE_PREFIX_PATH=/home/nippun/ros2_course_test/install/turtlesim_control:/home/nippun/ros2_course_test/install/talker_listener:/home/nippun/ros2_course_test/install/my_first_package:/home/nippun/ros2_ws/install/tele_op:/home/nippun/ros2_ws/install/talker_listner:/home/nippun/ros2_ws/install/my_first_package:/home/nippun/ros2_ws/install/example:/home/nippun/ros2_course_ws/install/my_first_package:/opt/ros/humble /usr/bin/cmake /home/nippun/ros2_course_test/src/complex_msg -DCMAKE_INSTALL_PREFIX=/home/nippun/ros2_course_test/install/complex_msg
[8.791s] DEBUG:colcon.colcon_core.event_handler.log_command:Invoked command in '/home/nippun/ros2_course_test/build/complex_msg' returned '0': CMAKE_PREFIX_PATH=/home/nippun/ros2_course_test/install/turtlesim_control:/home/nippun/ros2_course_test/install/talker_listener:/home/nippun/ros2_course_test/install/my_first_package:/home/nippun/ros2_ws/install/tele_op:/home/nippun/ros2_ws/install/talker_listner:/home/nippun/ros2_ws/install/my_first_package:/home/nippun/ros2_ws/install/example:/home/nippun/ros2_course_ws/install/my_first_package:/opt/ros/humble /usr/bin/cmake /home/nippun/ros2_course_test/src/complex_msg -DCMAKE_INSTALL_PREFIX=/home/nippun/ros2_course_test/install/complex_msg
[8.797s] DEBUG:colcon.colcon_core.event_handler.log_command:Invoking command in '/home/nippun/ros2_course_test/build/complex_msg': CMAKE_PREFIX_PATH=/home/nippun/ros2_course_test/install/turtlesim_control:/home/nippun/ros2_course_test/install/talker_listener:/home/nippun/ros2_course_test/install/my_first_package:/home/nippun/ros2_ws/install/tele_op:/home/nippun/ros2_ws/install/talker_listner:/home/nippun/ros2_ws/install/my_first_package:/home/nippun/ros2_ws/install/example:/home/nippun/ros2_course_ws/install/my_first_package:/opt/ros/humble /usr/bin/cmake --build /home/nippun/ros2_course_test/build/complex_msg -- -j4 -l4
[15.579s] DEBUG:colcon.colcon_core.event_handler.log_command:Invoked command in '/home/nippun/ros2_course_test/build/complex_msg' returned '0': CMAKE_PREFIX_PATH=/home/nippun/ros2_course_test/install/turtlesim_control:/home/nippun/ros2_course_test/install/talker_listener:/home/nippun/ros2_course_test/install/my_first_package:/home/nippun/ros2_ws/install/tele_op:/home/nippun/ros2_ws/install/talker_listner:/home/nippun/ros2_ws/install/my_first_package:/home/nippun/ros2_ws/install/example:/home/nippun/ros2_course_ws/install/my_first_package:/opt/ros/humble /usr/bin/cmake --build /home/nippun/ros2_course_test/build/complex_msg -- -j4 -l4
[15.656s] DEBUG:colcon.colcon_core.event_handler.log_command:Invoking command in '/home/nippun/ros2_course_test/build/complex_msg': CMAKE_PREFIX_PATH=/home/nippun/ros2_course_test/install/turtlesim_control:/home/nippun/ros2_course_test/install/talker_listener:/home/nippun/ros2_course_test/install/my_first_package:/home/nippun/ros2_ws/install/tele_op:/home/nippun/ros2_ws/install/talker_listner:/home/nippun/ros2_ws/install/my_first_package:/home/nippun/ros2_ws/install/example:/home/nippun/ros2_course_ws/install/my_first_package:/opt/ros/humble /usr/bin/cmake --install /home/nippun/ros2_course_test/build/complex_msg
[15.787s] Level 1:colcon.colcon_core.environment:create_environment_scripts_only(complex_msg)
[15.788s] DEBUG:colcon.colcon_core.event_handler.log_command:Invoked command in '/home/nippun/ros2_course_test/build/complex_msg' returned '0': CMAKE_PREFIX_PATH=/home/nippun/ros2_course_test/install/turtlesim_control:/home/nippun/ros2_course_test/install/talker_listener:/home/nippun/ros2_course_test/install/my_first_package:/home/nippun/ros2_ws/install/tele_op:/home/nippun/ros2_ws/install/talker_listner:/home/nippun/ros2_ws/install/my_first_package:/home/nippun/ros2_ws/install/example:/home/nippun/ros2_course_ws/install/my_first_package:/opt/ros/humble /usr/bin/cmake --install /home/nippun/ros2_course_test/build/complex_msg
[15.899s] Level 1:colcon.colcon_core.environment:checking '/home/nippun/ros2_course_test/install/complex_msg' for CMake module files
[15.900s] Level 1:colcon.colcon_core.environment:checking '/home/nippun/ros2_course_test/install/complex_msg' for CMake config files
[15.901s] Level 1:colcon.colcon_core.shell:create_environment_hook('complex_msg', 'cmake_prefix_path')
[15.903s] INFO:colcon.colcon_core.shell:Creating environment hook '/home/nippun/ros2_course_test/install/complex_msg/share/complex_msg/hook/cmake_prefix_path.ps1'
[15.931s] INFO:colcon.colcon_core.shell:Creating environment descriptor '/home/nippun/ros2_course_test/install/complex_msg/share/complex_msg/hook/cmake_prefix_path.dsv'
[15.945s] INFO:colcon.colcon_core.shell:Creating environment hook '/home/nippun/ros2_course_test/install/complex_msg/share/complex_msg/hook/cmake_prefix_path.sh'
[15.948s] Level 1:colcon.colcon_core.environment:checking '/home/nippun/ros2_course_test/install/complex_msg/lib'
[15.949s] Level 1:colcon.colcon_core.shell:create_environment_hook('complex_msg', 'ld_library_path_lib')
[15.954s] INFO:colcon.colcon_core.shell:Creating environment hook '/home/nippun/ros2_course_test/install/complex_msg/share/complex_msg/hook/ld_library_path_lib.ps1'
[15.955s] INFO:colcon.colcon_core.shell:Creating environment descriptor '/home/nippun/ros2_course_test/install/complex_msg/share/complex_msg/hook/ld_library_path_lib.dsv'
[15.956s] INFO:colcon.colcon_core.shell:Creating environment hook '/home/nippun/ros2_course_test/install/complex_msg/share/complex_msg/hook/ld_library_path_lib.sh'
[15.957s] Level 1:colcon.colcon_core.environment:checking '/home/nippun/ros2_course_test/install/complex_msg/bin'
[15.957s] Level 1:colcon.colcon_core.environment:checking '/home/nippun/ros2_course_test/install/complex_msg/lib/pkgconfig/complex_msg.pc'
[15.958s] Level 1:colcon.colcon_core.environment:checking '/home/nippun/ros2_course_test/install/complex_msg/lib/python3.10/site-packages'
[15.959s] Level 1:colcon.colcon_core.environment:checking '/home/nippun/ros2_course_test/install/complex_msg/bin'
[15.964s] INFO:colcon.colcon_core.shell:Creating package script '/home/nippun/ros2_course_test/install/complex_msg/share/complex_msg/package.ps1'
[15.967s] INFO:colcon.colcon_core.shell:Creating package descriptor '/home/nippun/ros2_course_test/install/complex_msg/share/complex_msg/package.dsv'
[15.970s] INFO:colcon.colcon_core.shell:Creating package script '/home/nippun/ros2_course_test/install/complex_msg/share/complex_msg/package.sh'
[15.973s] INFO:colcon.colcon_core.shell:Creating package script '/home/nippun/ros2_course_test/install/complex_msg/share/complex_msg/package.bash'
[16.001s] INFO:colcon.colcon_core.shell:Creating package script '/home/nippun/ros2_course_test/install/complex_msg/share/complex_msg/package.zsh'
[16.004s] Level 1:colcon.colcon_core.environment:create_file_with_runtime_dependencies(/home/nippun/ros2_course_test/install/complex_msg/share/colcon-core/packages/complex_msg)
[16.089s] Level 1:colcon.colcon_core.environment:create_environment_scripts_only(complex_msg)
[16.093s] Level 1:colcon.colcon_core.environment:checking '/home/nippun/ros2_course_test/install/complex_msg' for CMake module files
[16.094s] Level 1:colcon.colcon_core.environment:checking '/home/nippun/ros2_course_test/install/complex_msg' for CMake config files
[16.094s] Level 1:colcon.colcon_core.shell:create_environment_hook('complex_msg', 'cmake_prefix_path')
[16.096s] INFO:colcon.colcon_core.shell:Creating environment hook '/home/nippun/ros2_course_test/install/complex_msg/share/complex_msg/hook/cmake_prefix_path.ps1'
[16.097s] INFO:colcon.colcon_core.shell:Creating environment descriptor '/home/nippun/ros2_course_test/install/complex_msg/share/complex_msg/hook/cmake_prefix_path.dsv'
[16.098s] INFO:colcon.colcon_core.shell:Creating environment hook '/home/nippun/ros2_course_test/install/complex_msg/share/complex_msg/hook/cmake_prefix_path.sh'
[16.098s] Level 1:colcon.colcon_core.environment:checking '/home/nippun/ros2_course_test/install/complex_msg/lib'
[16.098s] Level 1:colcon.colcon_core.shell:create_environment_hook('complex_msg', 'ld_library_path_lib')
[16.101s] INFO:colcon.colcon_core.shell:Creating environment hook '/home/nippun/ros2_course_test/install/complex_msg/share/complex_msg/hook/ld_library_path_lib.ps1'
[16.102s] INFO:colcon.colcon_core.shell:Creating environment descriptor '/home/nippun/ros2_course_test/install/complex_msg/share/complex_msg/hook/ld_library_path_lib.dsv'
[16.102s] INFO:colcon.colcon_core.shell:Creating environment hook '/home/nippun/ros2_course_test/install/complex_msg/share/complex_msg/hook/ld_library_path_lib.sh'
[16.103s] Level 1:colcon.colcon_core.environment:checking '/home/nippun/ros2_course_test/install/complex_msg/bin'
[16.103s] Level 1:colcon.colcon_core.environment:checking '/home/nippun/ros2_course_test/install/complex_msg/lib/pkgconfig/complex_msg.pc'
[16.103s] Level 1:colcon.colcon_core.environment:checking '/home/nippun/ros2_course_test/install/complex_msg/lib/python3.10/site-packages'
[16.103s] Level 1:colcon.colcon_core.environment:checking '/home/nippun/ros2_course_test/install/complex_msg/bin'
[16.106s] INFO:colcon.colcon_core.shell:Creating package script '/home/nippun/ros2_course_test/install/complex_msg/share/complex_msg/package.ps1'
[16.107s] INFO:colcon.colcon_core.shell:Creating package descriptor '/home/nippun/ros2_course_test/install/complex_msg/share/complex_msg/package.dsv'
[16.108s] INFO:colcon.colcon_core.shell:Creating package script '/home/nippun/ros2_course_test/install/complex_msg/share/complex_msg/package.sh'
[16.108s] INFO:colcon.colcon_core.shell:Creating package script '/home/nippun/ros2_course_test/install/complex_msg/share/complex_msg/package.bash'
[16.109s] INFO:colcon.colcon_core.shell:Creating package script '/home/nippun/ros2_course_test/install/complex_msg/share/complex_msg/package.zsh'
[16.109s] Level 1:colcon.colcon_core.environment:create_file_with_runtime_dependencies(/home/nippun/ros2_course_test/install/complex_msg/share/colcon-core/packages/complex_msg)
[16.110s] DEBUG:colcon.colcon_parallel_executor.executor.parallel:closing loop
[16.110s] DEBUG:colcon.colcon_parallel_executor.executor.parallel:loop closed
[16.111s] DEBUG:colcon.colcon_parallel_executor.executor.parallel:run_until_complete finished with '0'
[16.111s] DEBUG:colcon.colcon_core.event_reactor:joining thread
[16.160s] INFO:colcon.colcon_core.plugin_system:Skipping extension 'colcon_notification.desktop_notification.terminal_notifier': Not used on non-Darwin systems
[16.160s] INFO:colcon.colcon_core.plugin_system:Skipping extension 'colcon_notification.desktop_notification.win32': Not used on non-Windows systems
[16.160s] INFO:colcon.colcon_notification.desktop_notification:Sending desktop notification using 'notify2'
[16.179s] DEBUG:colcon.colcon_core.event_reactor:joined thread
[16.183s] INFO:colcon.colcon_core.shell:Creating prefix script '/home/nippun/ros2_course_test/install/local_setup.ps1'
[16.195s] INFO:colcon.colcon_core.shell:Creating prefix util module '/home/nippun/ros2_course_test/install/_local_setup_util_ps1.py'
[16.200s] INFO:colcon.colcon_core.shell:Creating prefix chain script '/home/nippun/ros2_course_test/install/setup.ps1'
[16.208s] INFO:colcon.colcon_core.shell:Creating prefix script '/home/nippun/ros2_course_test/install/local_setup.sh'
[16.210s] INFO:colcon.colcon_core.shell:Creating prefix util module '/home/nippun/ros2_course_test/install/_local_setup_util_sh.py'
[16.211s] INFO:colcon.colcon_core.shell:Creating prefix chain script '/home/nippun/ros2_course_test/install/setup.sh'
[16.217s] INFO:colcon.colcon_core.shell:Creating prefix script '/home/nippun/ros2_course_test/install/local_setup.bash'
[16.218s] INFO:colcon.colcon_core.shell:Creating prefix chain script '/home/nippun/ros2_course_test/install/setup.bash'
[16.223s] INFO:colcon.colcon_core.shell:Creating prefix script '/home/nippun/ros2_course_test/install/local_setup.zsh'
[16.225s] INFO:colcon.colcon_core.shell:Creating prefix chain script '/home/nippun/ros2_course_test/install/setup.zsh'
