[1.297s] Invoking command in '/home/nippun/ros2_course_test/src/teleopbot': PYTHONPATH=/home/nippun/ros2_course_test/build/teleopbot/prefix_override:/home/nippun/ros2_course_test/install/teleopbot/lib/python3.10/site-packages:${PYTHONPATH} /usr/bin/python3 setup.py egg_info --egg-base ../../build/teleopbot build --build-base /home/nippun/ros2_course_test/build/teleopbot/build install --record /home/nippun/ros2_course_test/build/teleopbot/install.log --single-version-externally-managed
[1.805s] running egg_info
[1.806s] writing ../../build/teleopbot/teleopbot.egg-info/PKG-INFO
[1.806s] writing dependency_links to ../../build/teleopbot/teleopbot.egg-info/dependency_links.txt
[1.807s] writing entry points to ../../build/teleopbot/teleopbot.egg-info/entry_points.txt
[1.807s] writing requirements to ../../build/teleopbot/teleopbot.egg-info/requires.txt
[1.807s] writing top-level names to ../../build/teleopbot/teleopbot.egg-info/top_level.txt
[1.810s] reading manifest file '../../build/teleopbot/teleopbot.egg-info/SOURCES.txt'
[1.811s] writing manifest file '../../build/teleopbot/teleopbot.egg-info/SOURCES.txt'
[1.811s] running build
[1.811s] running build_py
[1.811s] copying teleopbot/motion_generator.py -> /home/nippun/ros2_course_test/build/teleopbot/build/lib/teleopbot
[1.812s] running install
[1.812s] running install_lib
[1.814s] copying /home/nippun/ros2_course_test/build/teleopbot/build/lib/teleopbot/motion_generator.py -> /home/nippun/ros2_course_test/install/teleopbot/lib/python3.10/site-packages/teleopbot
[1.815s] byte-compiling /home/nippun/ros2_course_test/install/teleopbot/lib/python3.10/site-packages/teleopbot/motion_generator.py to motion_generator.cpython-310.pyc
[1.816s] running install_data
[1.817s] running install_egg_info
[1.820s] removing '/home/nippun/ros2_course_test/install/teleopbot/lib/python3.10/site-packages/teleopbot-0.0.0-py3.10.egg-info' (and everything under it)
[1.820s] Copying ../../build/teleopbot/teleopbot.egg-info to /home/nippun/ros2_course_test/install/teleopbot/lib/python3.10/site-packages/teleopbot-0.0.0-py3.10.egg-info
[1.821s] running install_scripts
[1.854s] Installing teleop_node script to /home/nippun/ros2_course_test/install/teleopbot/lib/teleopbot
[1.854s] writing list of installed files to '/home/nippun/ros2_course_test/build/teleopbot/install.log'
[1.900s] Invoked command in '/home/nippun/ros2_course_test/src/teleopbot' returned '0': PYTHONPATH=/home/nippun/ros2_course_test/build/teleopbot/prefix_override:/home/nippun/ros2_course_test/install/teleopbot/lib/python3.10/site-packages:${PYTHONPATH} /usr/bin/python3 setup.py egg_info --egg-base ../../build/teleopbot build --build-base /home/nippun/ros2_course_test/build/teleopbot/build install --record /home/nippun/ros2_course_test/build/teleopbot/install.log --single-version-externally-managed
