[1.081s] Invoking command in '/home/nippun/ros2_course_test/src/talker_listener': PYTHONPATH=/home/nippun/ros2_course_test/build/talker_listener/prefix_override:/home/nippun/ros2_course_test/install/talker_listener/lib/python3.10/site-packages:${PYTHONPATH} /usr/bin/python3 setup.py egg_info --egg-base ../../build/talker_listener build --build-base /home/nippun/ros2_course_test/build/talker_listener/build install --record /home/nippun/ros2_course_test/build/talker_listener/install.log --single-version-externally-managed
[1.479s] running egg_info
[1.480s] writing ../../build/talker_listener/talker_listener.egg-info/PKG-INFO
[1.480s] writing dependency_links to ../../build/talker_listener/talker_listener.egg-info/dependency_links.txt
[1.480s] writing entry points to ../../build/talker_listener/talker_listener.egg-info/entry_points.txt
[1.480s] writing requirements to ../../build/talker_listener/talker_listener.egg-info/requires.txt
[1.481s] writing top-level names to ../../build/talker_listener/talker_listener.egg-info/top_level.txt
[1.483s] reading manifest file '../../build/talker_listener/talker_listener.egg-info/SOURCES.txt'
[1.484s] writing manifest file '../../build/talker_listener/talker_listener.egg-info/SOURCES.txt'
[1.485s] running build
[1.485s] running build_py
[1.485s] running install
[1.485s] /usr/lib/python3/dist-packages/setuptools/command/install.py:34: SetuptoolsDeprecationWarning: setup.py install is deprecated. Use build and pip and other standards-based tools.
[1.485s]   warnings.warn(
[1.486s] running install_lib
[1.488s] running install_data
[1.489s] running install_egg_info
[1.491s] removing '/home/nippun/ros2_course_test/install/talker_listener/lib/python3.10/site-packages/talker_listener-0.0.0-py3.10.egg-info' (and everything under it)
[1.491s] Copying ../../build/talker_listener/talker_listener.egg-info to /home/nippun/ros2_course_test/install/talker_listener/lib/python3.10/site-packages/talker_listener-0.0.0-py3.10.egg-info
[1.492s] running install_scripts
[1.521s] Installing listener script to /home/nippun/ros2_course_test/install/talker_listener/lib/talker_listener
[1.521s] Installing talker script to /home/nippun/ros2_course_test/install/talker_listener/lib/talker_listener
[1.522s] writing list of installed files to '/home/nippun/ros2_course_test/build/talker_listener/install.log'
[1.563s] Invoked command in '/home/nippun/ros2_course_test/src/talker_listener' returned '0': PYTHONPATH=/home/nippun/ros2_course_test/build/talker_listener/prefix_override:/home/nippun/ros2_course_test/install/talker_listener/lib/python3.10/site-packages:${PYTHONPATH} /usr/bin/python3 setup.py egg_info --egg-base ../../build/talker_listener build --build-base /home/nippun/ros2_course_test/build/talker_listener/build install --record /home/nippun/ros2_course_test/build/talker_listener/install.log --single-version-externally-managed
