[0.543s] DEBUG:colcon:Command line arguments: ['/usr/bin/colcon', 'build', '--packages-select', 'adding_integers']
[0.543s] DEBUG:colcon:Parsed command line arguments: Namespace(log_base=None, log_level=None, verb_name='build', build_base='build', install_base='install', merge_install=False, symlink_install=False, test_result_base=None, continue_on_error=False, executor='parallel', parallel_workers=4, event_handlers=None, ignore_user_meta=False, metas=['./colcon.meta'], base_paths=['.'], packages_ignore=None, packages_ignore_regex=None, paths=None, packages_up_to=None, packages_up_to_regex=None, packages_above=None, packages_above_and_dependencies=None, packages_above_depth=None, packages_select_by_dep=None, packages_skip_by_dep=None, packages_skip_up_to=None, packages_select_build_failed=False, packages_skip_build_finished=False, packages_select_test_failures=False, packages_skip_test_passed=False, packages_select=['adding_integers'], packages_skip=None, packages_select_regex=None, packages_skip_regex=None, packages_start=None, packages_end=None, allow_overriding=[], cmake_args=None, cmake_target=None, cmake_target_skip_unavailable=False, cmake_clean_cache=False, cmake_clean_first=False, cmake_force_configure=False, ament_cmake_args=None, catkin_cmake_args=None, catkin_skip_building_tests=False, verb_parser=<colcon_defaults.argument_parser.defaults.DefaultArgumentsDecorator object at 0x7fdd382ee980>, verb_extension=<colcon_core.verb.build.BuildVerb object at 0x7fdd382ee410>, main=<bound method BuildVerb.main of <colcon_core.verb.build.BuildVerb object at 0x7fdd382ee410>>)
[0.578s] Level 1:colcon.colcon_core.package_discovery:discover_packages(colcon_meta) check parameters
[0.578s] Level 1:colcon.colcon_core.package_discovery:discover_packages(recursive) check parameters
[0.578s] Level 1:colcon.colcon_core.package_discovery:discover_packages(ignore) check parameters
[0.578s] Level 1:colcon.colcon_core.package_discovery:discover_packages(path) check parameters
[0.578s] Level 1:colcon.colcon_core.package_discovery:discover_packages(colcon_meta) discover
[0.578s] Level 1:colcon.colcon_core.package_discovery:discover_packages(recursive) discover
[0.578s] INFO:colcon.colcon_core.package_discovery:Crawling recursively for packages in '/home/nippun/ros2_course_test/src'
[0.579s] Level 1:colcon.colcon_core.package_identification:_identify(.) by extensions ['ignore', 'ignore_ament_install']
[0.579s] Level 1:colcon.colcon_core.package_identification:_identify(.) by extension 'ignore'
[0.579s] Level 1:colcon.colcon_core.package_identification:_identify(.) by extension 'ignore_ament_install'
[0.579s] Level 1:colcon.colcon_core.package_identification:_identify(.) by extensions ['colcon_pkg']
[0.579s] Level 1:colcon.colcon_core.package_identification:_identify(.) by extension 'colcon_pkg'
[0.579s] Level 1:colcon.colcon_core.package_identification:_identify(.) by extensions ['colcon_meta']
[0.579s] Level 1:colcon.colcon_core.package_identification:_identify(.) by extension 'colcon_meta'
[0.579s] Level 1:colcon.colcon_core.package_identification:_identify(.) by extensions ['ros']
[0.579s] Level 1:colcon.colcon_core.package_identification:_identify(.) by extension 'ros'
[0.601s] Level 1:colcon.colcon_core.package_identification:_identify(.) by extensions ['cmake', 'python']
[0.601s] Level 1:colcon.colcon_core.package_identification:_identify(.) by extension 'cmake'
[0.601s] Level 1:colcon.colcon_core.package_identification:_identify(.) by extension 'python'
[0.602s] Level 1:colcon.colcon_core.package_identification:_identify(.) by extensions ['python_setup_py']
[0.602s] Level 1:colcon.colcon_core.package_identification:_identify(.) by extension 'python_setup_py'
[0.602s] Level 1:colcon.colcon_core.package_identification:_identify(add_two_ints) by extensions ['ignore', 'ignore_ament_install']
[0.602s] Level 1:colcon.colcon_core.package_identification:_identify(add_two_ints) by extension 'ignore'
[0.602s] Level 1:colcon.colcon_core.package_identification:_identify(add_two_ints) by extension 'ignore_ament_install'
[0.602s] Level 1:colcon.colcon_core.package_identification:_identify(add_two_ints) by extensions ['colcon_pkg']
[0.602s] Level 1:colcon.colcon_core.package_identification:_identify(add_two_ints) by extension 'colcon_pkg'
[0.602s] Level 1:colcon.colcon_core.package_identification:_identify(add_two_ints) by extensions ['colcon_meta']
[0.602s] Level 1:colcon.colcon_core.package_identification:_identify(add_two_ints) by extension 'colcon_meta'
[0.602s] Level 1:colcon.colcon_core.package_identification:_identify(add_two_ints) by extensions ['ros']
[0.602s] Level 1:colcon.colcon_core.package_identification:_identify(add_two_ints) by extension 'ros'
[0.606s] DEBUG:colcon.colcon_core.package_identification:Package 'add_two_ints' with type 'ros.ament_cmake' and name 'add_two_ints'
[0.606s] Level 1:colcon.colcon_core.package_identification:_identify(adding_integers) by extensions ['ignore', 'ignore_ament_install']
[0.606s] Level 1:colcon.colcon_core.package_identification:_identify(adding_integers) by extension 'ignore'
[0.606s] Level 1:colcon.colcon_core.package_identification:_identify(adding_integers) by extension 'ignore_ament_install'
[0.607s] Level 1:colcon.colcon_core.package_identification:_identify(adding_integers) by extensions ['colcon_pkg']
[0.607s] Level 1:colcon.colcon_core.package_identification:_identify(adding_integers) by extension 'colcon_pkg'
[0.607s] Level 1:colcon.colcon_core.package_identification:_identify(adding_integers) by extensions ['colcon_meta']
[0.607s] Level 1:colcon.colcon_core.package_identification:_identify(adding_integers) by extension 'colcon_meta'
[0.607s] Level 1:colcon.colcon_core.package_identification:_identify(adding_integers) by extensions ['ros']
[0.607s] Level 1:colcon.colcon_core.package_identification:_identify(adding_integers) by extension 'ros'
[0.608s] DEBUG:colcon.colcon_core.package_identification:Package 'adding_integers' with type 'ros.ament_python' and name 'adding_integers'
[0.608s] Level 1:colcon.colcon_core.package_identification:_identify(build) by extensions ['ignore', 'ignore_ament_install']
[0.608s] Level 1:colcon.colcon_core.package_identification:_identify(build) by extension 'ignore'
[0.608s] Level 1:colcon.colcon_core.package_identification:_identify(build) ignored
[0.608s] Level 1:colcon.colcon_core.package_identification:_identify(complex_msg) by extensions ['ignore', 'ignore_ament_install']
[0.608s] Level 1:colcon.colcon_core.package_identification:_identify(complex_msg) by extension 'ignore'
[0.608s] Level 1:colcon.colcon_core.package_identification:_identify(complex_msg) by extension 'ignore_ament_install'
[0.608s] Level 1:colcon.colcon_core.package_identification:_identify(complex_msg) by extensions ['colcon_pkg']
[0.608s] Level 1:colcon.colcon_core.package_identification:_identify(complex_msg) by extension 'colcon_pkg'
[0.608s] Level 1:colcon.colcon_core.package_identification:_identify(complex_msg) by extensions ['colcon_meta']
[0.609s] Level 1:colcon.colcon_core.package_identification:_identify(complex_msg) by extension 'colcon_meta'
[0.609s] Level 1:colcon.colcon_core.package_identification:_identify(complex_msg) by extensions ['ros']
[0.609s] Level 1:colcon.colcon_core.package_identification:_identify(complex_msg) by extension 'ros'
[0.611s] DEBUG:colcon.colcon_core.package_identification:Package 'complex_msg' with type 'ros.ament_cmake' and name 'complex_msg'
[0.611s] Level 1:colcon.colcon_core.package_identification:_identify(complex_talker_listener) by extensions ['ignore', 'ignore_ament_install']
[0.611s] Level 1:colcon.colcon_core.package_identification:_identify(complex_talker_listener) by extension 'ignore'
[0.611s] Level 1:colcon.colcon_core.package_identification:_identify(complex_talker_listener) by extension 'ignore_ament_install'
[0.611s] Level 1:colcon.colcon_core.package_identification:_identify(complex_talker_listener) by extensions ['colcon_pkg']
[0.611s] Level 1:colcon.colcon_core.package_identification:_identify(complex_talker_listener) by extension 'colcon_pkg'
[0.611s] Level 1:colcon.colcon_core.package_identification:_identify(complex_talker_listener) by extensions ['colcon_meta']
[0.611s] Level 1:colcon.colcon_core.package_identification:_identify(complex_talker_listener) by extension 'colcon_meta'
[0.611s] Level 1:colcon.colcon_core.package_identification:_identify(complex_talker_listener) by extensions ['ros']
[0.611s] Level 1:colcon.colcon_core.package_identification:_identify(complex_talker_listener) by extension 'ros'
[0.612s] DEBUG:colcon.colcon_core.package_identification:Package 'complex_talker_listener' with type 'ros.ament_python' and name 'complex_talker_listener'
[0.612s] Level 1:colcon.colcon_core.package_identification:_identify(install) by extensions ['ignore', 'ignore_ament_install']
[0.612s] Level 1:colcon.colcon_core.package_identification:_identify(install) by extension 'ignore'
[0.612s] Level 1:colcon.colcon_core.package_identification:_identify(install) ignored
[0.612s] Level 1:colcon.colcon_core.package_identification:_identify(log) by extensions ['ignore', 'ignore_ament_install']
[0.613s] Level 1:colcon.colcon_core.package_identification:_identify(log) by extension 'ignore'
[0.613s] Level 1:colcon.colcon_core.package_identification:_identify(log) ignored
[0.613s] Level 1:colcon.colcon_core.package_identification:_identify(my_first_package) by extensions ['ignore', 'ignore_ament_install']
[0.613s] Level 1:colcon.colcon_core.package_identification:_identify(my_first_package) by extension 'ignore'
[0.613s] Level 1:colcon.colcon_core.package_identification:_identify(my_first_package) by extension 'ignore_ament_install'
[0.613s] Level 1:colcon.colcon_core.package_identification:_identify(my_first_package) by extensions ['colcon_pkg']
[0.613s] Level 1:colcon.colcon_core.package_identification:_identify(my_first_package) by extension 'colcon_pkg'
[0.613s] Level 1:colcon.colcon_core.package_identification:_identify(my_first_package) by extensions ['colcon_meta']
[0.613s] Level 1:colcon.colcon_core.package_identification:_identify(my_first_package) by extension 'colcon_meta'
[0.613s] Level 1:colcon.colcon_core.package_identification:_identify(my_first_package) by extensions ['ros']
[0.613s] Level 1:colcon.colcon_core.package_identification:_identify(my_first_package) by extension 'ros'
[0.614s] DEBUG:colcon.colcon_core.package_identification:Package 'my_first_package' with type 'ros.ament_python' and name 'my_first_package'
[0.614s] Level 1:colcon.colcon_core.package_identification:_identify(talker_listener) by extensions ['ignore', 'ignore_ament_install']
[0.614s] Level 1:colcon.colcon_core.package_identification:_identify(talker_listener) by extension 'ignore'
[0.614s] Level 1:colcon.colcon_core.package_identification:_identify(talker_listener) by extension 'ignore_ament_install'
[0.614s] Level 1:colcon.colcon_core.package_identification:_identify(talker_listener) by extensions ['colcon_pkg']
[0.614s] Level 1:colcon.colcon_core.package_identification:_identify(talker_listener) by extension 'colcon_pkg'
[0.614s] Level 1:colcon.colcon_core.package_identification:_identify(talker_listener) by extensions ['colcon_meta']
[0.614s] Level 1:colcon.colcon_core.package_identification:_identify(talker_listener) by extension 'colcon_meta'
[0.614s] Level 1:colcon.colcon_core.package_identification:_identify(talker_listener) by extensions ['ros']
[0.614s] Level 1:colcon.colcon_core.package_identification:_identify(talker_listener) by extension 'ros'
[0.615s] DEBUG:colcon.colcon_core.package_identification:Package 'talker_listener' with type 'ros.ament_python' and name 'talker_listener'
[0.615s] Level 1:colcon.colcon_core.package_identification:_identify(turtlesim_control) by extensions ['ignore', 'ignore_ament_install']
[0.615s] Level 1:colcon.colcon_core.package_identification:_identify(turtlesim_control) by extension 'ignore'
[0.615s] Level 1:colcon.colcon_core.package_identification:_identify(turtlesim_control) by extension 'ignore_ament_install'
[0.615s] Level 1:colcon.colcon_core.package_identification:_identify(turtlesim_control) by extensions ['colcon_pkg']
[0.616s] Level 1:colcon.colcon_core.package_identification:_identify(turtlesim_control) by extension 'colcon_pkg'
[0.616s] Level 1:colcon.colcon_core.package_identification:_identify(turtlesim_control) by extensions ['colcon_meta']
[0.616s] Level 1:colcon.colcon_core.package_identification:_identify(turtlesim_control) by extension 'colcon_meta'
[0.616s] Level 1:colcon.colcon_core.package_identification:_identify(turtlesim_control) by extensions ['ros']
[0.616s] Level 1:colcon.colcon_core.package_identification:_identify(turtlesim_control) by extension 'ros'
[0.616s] DEBUG:colcon.colcon_core.package_identification:Package 'turtlesim_control' with type 'ros.ament_python' and name 'turtlesim_control'
[0.616s] Level 1:colcon.colcon_core.package_discovery:discover_packages(recursive) using defaults
[0.616s] Level 1:colcon.colcon_core.package_discovery:discover_packages(ignore) discover
[0.617s] Level 1:colcon.colcon_core.package_discovery:discover_packages(ignore) using defaults
[0.617s] Level 1:colcon.colcon_core.package_discovery:discover_packages(path) discover
[0.617s] Level 1:colcon.colcon_core.package_discovery:discover_packages(path) using defaults
[0.653s] INFO:colcon.colcon_core.package_selection:Skipping not selected package 'add_two_ints' in 'add_two_ints'
[0.653s] INFO:colcon.colcon_core.package_selection:Skipping not selected package 'complex_msg' in 'complex_msg'
[0.653s] INFO:colcon.colcon_core.package_selection:Skipping not selected package 'my_first_package' in 'my_first_package'
[0.653s] INFO:colcon.colcon_core.package_selection:Skipping not selected package 'talker_listener' in 'talker_listener'
[0.653s] INFO:colcon.colcon_core.package_selection:Skipping not selected package 'turtlesim_control' in 'turtlesim_control'
[0.653s] INFO:colcon.colcon_core.package_selection:Skipping not selected package 'complex_talker_listener' in 'complex_talker_listener'
[0.655s] Level 1:colcon.colcon_core.package_discovery:discover_packages(prefix_path) check parameters
[0.655s] Level 1:colcon.colcon_core.package_discovery:discover_packages(prefix_path) discover
[0.660s] DEBUG:colcon.colcon_installed_package_information.package_discovery:Found 6 installed packages in /home/nippun/ros2_course_test/install
[0.662s] DEBUG:colcon.colcon_installed_package_information.package_discovery:Found 4 installed packages in /home/nippun/ros2_ws/install
[0.664s] DEBUG:colcon.colcon_installed_package_information.package_discovery:Found 1 installed packages in /home/nippun/ros2_course_ws/install
[0.667s] DEBUG:colcon.colcon_installed_package_information.package_discovery:Found 279 installed packages in /opt/ros/humble
[0.670s] Level 1:colcon.colcon_core.package_discovery:discover_packages(prefix_path) using defaults
[0.770s] Level 5:colcon.colcon_core.verb:set package 'adding_integers' build argument 'cmake_args' from command line to 'None'
[0.770s] Level 5:colcon.colcon_core.verb:set package 'adding_integers' build argument 'cmake_target' from command line to 'None'
[0.770s] Level 5:colcon.colcon_core.verb:set package 'adding_integers' build argument 'cmake_target_skip_unavailable' from command line to 'False'
[0.770s] Level 5:colcon.colcon_core.verb:set package 'adding_integers' build argument 'cmake_clean_cache' from command line to 'False'
[0.770s] Level 5:colcon.colcon_core.verb:set package 'adding_integers' build argument 'cmake_clean_first' from command line to 'False'
[0.770s] Level 5:colcon.colcon_core.verb:set package 'adding_integers' build argument 'cmake_force_configure' from command line to 'False'
[0.770s] Level 5:colcon.colcon_core.verb:set package 'adding_integers' build argument 'ament_cmake_args' from command line to 'None'
[0.770s] Level 5:colcon.colcon_core.verb:set package 'adding_integers' build argument 'catkin_cmake_args' from command line to 'None'
[0.770s] Level 5:colcon.colcon_core.verb:set package 'adding_integers' build argument 'catkin_skip_building_tests' from command line to 'False'
[0.770s] DEBUG:colcon.colcon_core.verb:Building package 'adding_integers' with the following arguments: {'ament_cmake_args': None, 'build_base': '/home/nippun/ros2_course_test/src/build/adding_integers', 'catkin_cmake_args': None, 'catkin_skip_building_tests': False, 'cmake_args': None, 'cmake_clean_cache': False, 'cmake_clean_first': False, 'cmake_force_configure': False, 'cmake_target': None, 'cmake_target_skip_unavailable': False, 'install_base': '/home/nippun/ros2_course_test/src/install/adding_integers', 'merge_install': False, 'path': '/home/nippun/ros2_course_test/src/adding_integers', 'symlink_install': False, 'test_result_base': None}
[0.771s] INFO:colcon.colcon_core.executor:Executing jobs using 'parallel' executor
[0.777s] DEBUG:colcon.colcon_parallel_executor.executor.parallel:run_until_complete
[0.777s] INFO:colcon.colcon_ros.task.ament_python.build:Building ROS package in '/home/nippun/ros2_course_test/src/adding_integers' with build type 'ament_python'
[0.777s] Level 1:colcon.colcon_core.shell:create_environment_hook('adding_integers', 'ament_prefix_path')
[0.785s] INFO:colcon.colcon_core.plugin_system:Skipping extension 'colcon_core.shell.bat': Not used on non-Windows systems
[0.785s] INFO:colcon.colcon_core.shell:Creating environment hook '/home/nippun/ros2_course_test/src/install/adding_integers/share/adding_integers/hook/ament_prefix_path.ps1'
[0.786s] INFO:colcon.colcon_core.shell:Creating environment descriptor '/home/nippun/ros2_course_test/src/install/adding_integers/share/adding_integers/hook/ament_prefix_path.dsv'
[0.786s] INFO:colcon.colcon_core.shell:Creating environment hook '/home/nippun/ros2_course_test/src/install/adding_integers/share/adding_integers/hook/ament_prefix_path.sh'
[0.789s] INFO:colcon.colcon_core.shell:Skip shell extension 'powershell' for command environment: Not usable outside of PowerShell
[0.790s] DEBUG:colcon.colcon_core.shell:Skip shell extension 'dsv' for command environment
[0.798s] WARNING:colcon.colcon_core.shell:The following packages are in the workspace but haven't been built:
- add_two_ints
They are being used from the following locations instead:
- /home/nippun/ros2_course_test/install/add_two_ints
To suppress this warning ignore these packages in the workspace:
--packages-ignore add_two_ints
[1.295s] INFO:colcon.colcon_core.task.python.build:Building Python package in '/home/nippun/ros2_course_test/src/adding_integers'
[1.297s] INFO:colcon.colcon_core.shell:Skip shell extension 'powershell' for command environment: Not usable outside of PowerShell
[1.298s] DEBUG:colcon.colcon_core.shell:Skip shell extension 'dsv' for command environment
[3.528s] DEBUG:colcon.colcon_core.event_handler.log_command:Invoking command in '/home/nippun/ros2_course_test/src/adding_integers': PYTHONPATH=/home/nippun/ros2_course_test/src/build/adding_integers/prefix_override:/home/nippun/ros2_course_test/src/install/adding_integers/lib/python3.10/site-packages:${PYTHONPATH} /usr/bin/python3 setup.py egg_info --egg-base ../build/adding_integers build --build-base /home/nippun/ros2_course_test/src/build/adding_integers/build install --record /home/nippun/ros2_course_test/src/build/adding_integers/install.log --single-version-externally-managed
[4.044s] DEBUG:colcon.colcon_core.event_handler.log_command:Invoked command in '/home/nippun/ros2_course_test/src/adding_integers' returned '0': PYTHONPATH=/home/nippun/ros2_course_test/src/build/adding_integers/prefix_override:/home/nippun/ros2_course_test/src/install/adding_integers/lib/python3.10/site-packages:${PYTHONPATH} /usr/bin/python3 setup.py egg_info --egg-base ../build/adding_integers build --build-base /home/nippun/ros2_course_test/src/build/adding_integers/build install --record /home/nippun/ros2_course_test/src/build/adding_integers/install.log --single-version-externally-managed
[4.055s] Level 1:colcon.colcon_core.environment:checking '/home/nippun/ros2_course_test/src/install/adding_integers' for CMake module files
[4.056s] Level 1:colcon.colcon_core.environment:checking '/home/nippun/ros2_course_test/src/install/adding_integers' for CMake config files
[4.057s] Level 1:colcon.colcon_core.environment:checking '/home/nippun/ros2_course_test/src/install/adding_integers/lib'
[4.057s] Level 1:colcon.colcon_core.environment:checking '/home/nippun/ros2_course_test/src/install/adding_integers/bin'
[4.057s] Level 1:colcon.colcon_core.environment:checking '/home/nippun/ros2_course_test/src/install/adding_integers/lib/pkgconfig/adding_integers.pc'
[4.058s] Level 1:colcon.colcon_core.environment:checking '/home/nippun/ros2_course_test/src/install/adding_integers/lib/python3.10/site-packages'
[4.058s] Level 1:colcon.colcon_core.shell:create_environment_hook('adding_integers', 'pythonpath')
[4.060s] INFO:colcon.colcon_core.shell:Creating environment hook '/home/nippun/ros2_course_test/src/install/adding_integers/share/adding_integers/hook/pythonpath.ps1'
[4.062s] INFO:colcon.colcon_core.shell:Creating environment descriptor '/home/nippun/ros2_course_test/src/install/adding_integers/share/adding_integers/hook/pythonpath.dsv'
[4.063s] INFO:colcon.colcon_core.shell:Creating environment hook '/home/nippun/ros2_course_test/src/install/adding_integers/share/adding_integers/hook/pythonpath.sh'
[4.064s] Level 1:colcon.colcon_core.environment:checking '/home/nippun/ros2_course_test/src/install/adding_integers/bin'
[4.064s] Level 1:colcon.colcon_core.environment:create_environment_scripts_only(adding_integers)
[4.070s] INFO:colcon.colcon_core.shell:Creating package script '/home/nippun/ros2_course_test/src/install/adding_integers/share/adding_integers/package.ps1'
[4.072s] INFO:colcon.colcon_core.shell:Creating package descriptor '/home/nippun/ros2_course_test/src/install/adding_integers/share/adding_integers/package.dsv'
[4.074s] INFO:colcon.colcon_core.shell:Creating package script '/home/nippun/ros2_course_test/src/install/adding_integers/share/adding_integers/package.sh'
[4.076s] INFO:colcon.colcon_core.shell:Creating package script '/home/nippun/ros2_course_test/src/install/adding_integers/share/adding_integers/package.bash'
[4.078s] INFO:colcon.colcon_core.shell:Creating package script '/home/nippun/ros2_course_test/src/install/adding_integers/share/adding_integers/package.zsh'
[4.079s] Level 1:colcon.colcon_core.environment:create_file_with_runtime_dependencies(/home/nippun/ros2_course_test/src/install/adding_integers/share/colcon-core/packages/adding_integers)
[4.080s] DEBUG:colcon.colcon_parallel_executor.executor.parallel:closing loop
[4.081s] DEBUG:colcon.colcon_parallel_executor.executor.parallel:loop closed
[4.082s] DEBUG:colcon.colcon_parallel_executor.executor.parallel:run_until_complete finished with '0'
[4.082s] DEBUG:colcon.colcon_core.event_reactor:joining thread
[4.093s] INFO:colcon.colcon_core.plugin_system:Skipping extension 'colcon_notification.desktop_notification.terminal_notifier': Not used on non-Darwin systems
[4.094s] INFO:colcon.colcon_core.plugin_system:Skipping extension 'colcon_notification.desktop_notification.win32': Not used on non-Windows systems
[4.094s] INFO:colcon.colcon_notification.desktop_notification:Sending desktop notification using 'notify2'
[4.118s] DEBUG:colcon.colcon_core.event_reactor:joined thread
[4.123s] INFO:colcon.colcon_core.shell:Creating prefix script '/home/nippun/ros2_course_test/src/install/local_setup.ps1'
[4.125s] INFO:colcon.colcon_core.shell:Creating prefix util module '/home/nippun/ros2_course_test/src/install/_local_setup_util_ps1.py'
[4.128s] INFO:colcon.colcon_core.shell:Creating prefix chain script '/home/nippun/ros2_course_test/src/install/setup.ps1'
[4.133s] INFO:colcon.colcon_core.shell:Creating prefix script '/home/nippun/ros2_course_test/src/install/local_setup.sh'
[4.135s] INFO:colcon.colcon_core.shell:Creating prefix util module '/home/nippun/ros2_course_test/src/install/_local_setup_util_sh.py'
[4.136s] INFO:colcon.colcon_core.shell:Creating prefix chain script '/home/nippun/ros2_course_test/src/install/setup.sh'
[4.141s] INFO:colcon.colcon_core.shell:Creating prefix script '/home/nippun/ros2_course_test/src/install/local_setup.bash'
[4.143s] INFO:colcon.colcon_core.shell:Creating prefix chain script '/home/nippun/ros2_course_test/src/install/setup.bash'
[4.148s] INFO:colcon.colcon_core.shell:Creating prefix script '/home/nippun/ros2_course_test/src/install/local_setup.zsh'
[4.149s] INFO:colcon.colcon_core.shell:Creating prefix chain script '/home/nippun/ros2_course_test/src/install/setup.zsh'
