[0.024s] Invoking command in '/home/nippun/ros2_course_test/build/fibonacci_action_interface': CMAKE_PREFIX_PATH=${CMAKE_PREFIX_PATH}:/home/nippun/ros2_course_test/install/word_count:/home/nippun/ros2_course_test/install/turtlesim_control:/home/nippun/ros2_course_test/install/talker_listener:/home/nippun/ros2_course_test/install/my_first_package:/home/nippun/ros2_course_test/install/complex_talker_listener:/home/nippun/ros2_course_test/install/adding_integers:/home/nippun/ros2_ws/install/tele_op:/home/nippun/ros2_ws/install/talker_listner:/home/nippun/ros2_ws/install/my_first_package:/home/nippun/ros2_ws/install/example:/home/nippun/ros2_course_ws/install/my_first_package:/home/nippun/ros2_course_ws/install/complex_talker_listener:/opt/ros/humble /usr/bin/cmake /home/nippun/ros2_course_test/src/fibonacci_action_interface -DCMAKE_INSTALL_PREFIX=/home/nippun/ros2_course_test/install/fibonacci_action_interface
[0.099s] -- The C compiler identification is GNU 11.3.0
[0.173s] -- The CXX compiler identification is GNU 11.3.0
[0.183s] -- Detecting C compiler ABI info
[0.281s] -- Detecting C compiler ABI info - done
[0.292s] -- Check for working C compiler: /usr/bin/cc - skipped
[0.293s] -- Detecting C compile features
[0.293s] -- Detecting C compile features - done
[0.298s] -- Detecting CXX compiler ABI info
[0.399s] -- Detecting CXX compiler ABI info - done
[0.411s] -- Check for working CXX compiler: /usr/bin/c++ - skipped
[0.412s] -- Detecting CXX compile features
[0.413s] -- Detecting CXX compile features - done
[0.418s] -- Found ament_cmake: 1.3.3 (/opt/ros/humble/share/ament_cmake/cmake)
[0.747s] -- Found Python3: /usr/bin/python3.10 (found version "3.10.6") found components: Interpreter 
[0.924s] -- Found rosidl_default_generators: 1.2.0 (/opt/ros/humble/share/rosidl_default_generators/cmake)
[0.934s] -- Using all available rosidl_typesupport_c: rosidl_typesupport_fastrtps_c;rosidl_typesupport_introspection_c
[0.950s] -- Found rosidl_adapter: 3.1.4 (/opt/ros/humble/share/rosidl_adapter/cmake)
[1.030s] -- Using all available rosidl_typesupport_cpp: rosidl_typesupport_fastrtps_cpp;rosidl_typesupport_introspection_cpp
[1.770s] -- Found ament_cmake_ros: 0.10.0 (/opt/ros/humble/share/ament_cmake_ros/cmake)
[2.154s] -- Using all available rosidl_typesupport_c: rosidl_typesupport_fastrtps_c;rosidl_typesupport_introspection_c
[2.644s] -- Using all available rosidl_typesupport_cpp: rosidl_typesupport_fastrtps_cpp;rosidl_typesupport_introspection_cpp
[2.702s] -- Found PythonInterp: /usr/bin/python3 (found suitable version "3.10.6", minimum required is "3.6") 
[2.711s] -- Found python_cmake_module: 0.10.0 (/opt/ros/humble/share/python_cmake_module/cmake)
[2.769s] -- Found PythonLibs: /usr/lib/x86_64-linux-gnu/libpython3.10.so (found suitable version "3.10.6", minimum required is "3.5") 
[2.769s] -- Using PYTHON_EXECUTABLE: /usr/bin/python3
[2.769s] -- Using PYTHON_INCLUDE_DIRS: /usr/include/python3.10
[2.769s] -- Using PYTHON_LIBRARIES: /usr/lib/x86_64-linux-gnu/libpython3.10.so
[2.809s] -- Found PythonExtra: .so  
[2.907s] -- Found ament_lint_auto: 0.12.5 (/opt/ros/humble/share/ament_lint_auto/cmake)
[2.961s] -- Added test 'lint_cmake' to check CMake code style
[2.963s] -- Added test 'xmllint' to check XML markup files
[2.967s] -- Configuring done
[3.013s] -- Generating done
[3.018s] -- Build files have been written to: /home/nippun/ros2_course_test/build/fibonacci_action_interface
[3.029s] Invoked command in '/home/nippun/ros2_course_test/build/fibonacci_action_interface' returned '0': CMAKE_PREFIX_PATH=${CMAKE_PREFIX_PATH}:/home/nippun/ros2_course_test/install/word_count:/home/nippun/ros2_course_test/install/turtlesim_control:/home/nippun/ros2_course_test/install/talker_listener:/home/nippun/ros2_course_test/install/my_first_package:/home/nippun/ros2_course_test/install/complex_talker_listener:/home/nippun/ros2_course_test/install/adding_integers:/home/nippun/ros2_ws/install/tele_op:/home/nippun/ros2_ws/install/talker_listner:/home/nippun/ros2_ws/install/my_first_package:/home/nippun/ros2_ws/install/example:/home/nippun/ros2_course_ws/install/my_first_package:/home/nippun/ros2_course_ws/install/complex_talker_listener:/opt/ros/humble /usr/bin/cmake /home/nippun/ros2_course_test/src/fibonacci_action_interface -DCMAKE_INSTALL_PREFIX=/home/nippun/ros2_course_test/install/fibonacci_action_interface
[3.034s] Invoking command in '/home/nippun/ros2_course_test/build/fibonacci_action_interface': CMAKE_PREFIX_PATH=${CMAKE_PREFIX_PATH}:/home/nippun/ros2_course_test/install/word_count:/home/nippun/ros2_course_test/install/turtlesim_control:/home/nippun/ros2_course_test/install/talker_listener:/home/nippun/ros2_course_test/install/my_first_package:/home/nippun/ros2_course_test/install/complex_talker_listener:/home/nippun/ros2_course_test/install/adding_integers:/home/nippun/ros2_ws/install/tele_op:/home/nippun/ros2_ws/install/talker_listner:/home/nippun/ros2_ws/install/my_first_package:/home/nippun/ros2_ws/install/example:/home/nippun/ros2_course_ws/install/my_first_package:/home/nippun/ros2_course_ws/install/complex_talker_listener:/opt/ros/humble /usr/bin/cmake --build /home/nippun/ros2_course_test/build/fibonacci_action_interface -- -j4 -l4
[3.095s] [  3%] [34m[1mGenerating C code for ROS interfaces[0m
[3.111s] [  6%] [34m[1mGenerating C++ code for ROS interfaces[0m
[3.133s] [  6%] Built target ament_cmake_python_copy_fibonacci_action_interface
[3.957s] running egg_info
[3.959s] creating fibonacci_action_interface.egg-info
[3.959s] writing fibonacci_action_interface.egg-info/PKG-INFO
[3.960s] writing dependency_links to fibonacci_action_interface.egg-info/dependency_links.txt
[3.960s] writing top-level names to fibonacci_action_interface.egg-info/top_level.txt
[3.961s] writing manifest file 'fibonacci_action_interface.egg-info/SOURCES.txt'
[3.966s] reading manifest file 'fibonacci_action_interface.egg-info/SOURCES.txt'
[3.967s] writing manifest file 'fibonacci_action_interface.egg-info/SOURCES.txt'
[4.014s] [  6%] Built target ament_cmake_python_build_fibonacci_action_interface_egg
[4.125s] [  6%] Built target fibonacci_action_interface__cpp
[4.144s] [  9%] [32mBuilding C object CMakeFiles/fibonacci_action_interface__rosidl_generator_c.dir/rosidl_generator_c/fibonacci_action_interface/action/detail/fibonacci__functions.c.o[0m
[4.145s] [ 12%] [34m[1mGenerating C++ type support for eProsima Fast-RTPS[0m
[4.148s] [ 16%] [34m[1mGenerating C++ introspection for ROS interfaces[0m
[4.150s] [ 19%] [34m[1mGenerating C++ type support dispatch for ROS interfaces[0m
[4.535s] [ 22%] [32m[1mLinking C shared library libfibonacci_action_interface__rosidl_generator_c.so[0m
[4.624s] [ 22%] Built target fibonacci_action_interface__rosidl_generator_c
[4.646s] [ 25%] [34m[1mGenerating C type support for eProsima Fast-RTPS[0m
[5.105s] [ 29%] [32mBuilding CXX object CMakeFiles/fibonacci_action_interface__rosidl_typesupport_cpp.dir/rosidl_typesupport_cpp/fibonacci_action_interface/action/fibonacci__type_support.cpp.o[0m
[5.123s] [ 32%] [32mBuilding CXX object CMakeFiles/fibonacci_action_interface__rosidl_typesupport_introspection_cpp.dir/rosidl_typesupport_introspection_cpp/fibonacci_action_interface/action/detail/fibonacci__type_support.cpp.o[0m
[5.553s] [ 35%] [32mBuilding CXX object CMakeFiles/fibonacci_action_interface__rosidl_typesupport_fastrtps_cpp.dir/rosidl_typesupport_fastrtps_cpp/fibonacci_action_interface/action/detail/dds_fastrtps/fibonacci__type_support.cpp.o[0m
[6.093s] [ 38%] [32mBuilding CXX object CMakeFiles/fibonacci_action_interface__rosidl_typesupport_fastrtps_c.dir/rosidl_typesupport_fastrtps_c/fibonacci_action_interface/action/detail/fibonacci__type_support_c.cpp.o[0m
[6.659s] [ 41%] [32m[1mLinking CXX shared library libfibonacci_action_interface__rosidl_typesupport_cpp.so[0m
[6.757s] [ 41%] Built target fibonacci_action_interface__rosidl_typesupport_cpp
[6.783s] [ 45%] [34m[1mGenerating C introspection for ROS interfaces[0m
[7.142s] [ 48%] [32m[1mLinking CXX shared library libfibonacci_action_interface__rosidl_typesupport_fastrtps_c.so[0m
[7.152s] [ 51%] [32m[1mLinking CXX shared library libfibonacci_action_interface__rosidl_typesupport_introspection_cpp.so[0m
[7.359s] [ 51%] Built target fibonacci_action_interface__rosidl_typesupport_fastrtps_c
[7.390s] [ 54%] [34m[1mGenerating C type support dispatch for ROS interfaces[0m
[7.448s] [ 58%] [32m[1mLinking CXX shared library libfibonacci_action_interface__rosidl_typesupport_fastrtps_cpp.so[0m
[7.486s] [ 58%] Built target fibonacci_action_interface__rosidl_typesupport_introspection_cpp
[7.659s] [ 58%] Built target fibonacci_action_interface__rosidl_typesupport_fastrtps_cpp
[7.932s] [ 61%] [32mBuilding C object CMakeFiles/fibonacci_action_interface__rosidl_typesupport_introspection_c.dir/rosidl_typesupport_introspection_c/fibonacci_action_interface/action/detail/fibonacci__type_support.c.o[0m
[8.038s] [ 64%] [32m[1mLinking C shared library libfibonacci_action_interface__rosidl_typesupport_introspection_c.so[0m
[8.082s] [ 64%] Built target fibonacci_action_interface__rosidl_typesupport_introspection_c
[8.147s] [ 67%] [32mBuilding CXX object CMakeFiles/fibonacci_action_interface__rosidl_typesupport_c.dir/rosidl_typesupport_c/fibonacci_action_interface/action/fibonacci__type_support.cpp.o[0m
[8.218s] [ 70%] [32m[1mLinking CXX shared library libfibonacci_action_interface__rosidl_typesupport_c.so[0m
[8.277s] [ 70%] Built target fibonacci_action_interface__rosidl_typesupport_c
[8.304s] [ 70%] Built target fibonacci_action_interface
[8.330s] [ 74%] [34m[1mGenerating Python code for ROS interfaces[0m
[9.608s] [ 74%] Built target fibonacci_action_interface__py
[9.634s] [ 77%] [32mBuilding C object CMakeFiles/fibonacci_action_interface__rosidl_generator_py.dir/rosidl_generator_py/fibonacci_action_interface/action/_fibonacci_s.c.o[0m
[9.918s] [ 80%] [32m[1mLinking C shared library rosidl_generator_py/fibonacci_action_interface/libfibonacci_action_interface__rosidl_generator_py.so[0m
[9.972s] [ 80%] Built target fibonacci_action_interface__rosidl_generator_py
[10.011s] [ 83%] [32mBuilding C object CMakeFiles/fibonacci_action_interface__rosidl_typesupport_c__pyext.dir/rosidl_generator_py/fibonacci_action_interface/_fibonacci_action_interface_s.ep.rosidl_typesupport_c.c.o[0m
[10.019s] [ 87%] [32mBuilding C object CMakeFiles/fibonacci_action_interface__rosidl_typesupport_introspection_c__pyext.dir/rosidl_generator_py/fibonacci_action_interface/_fibonacci_action_interface_s.ep.rosidl_typesupport_introspection_c.c.o[0m
[10.026s] [ 90%] [32mBuilding C object CMakeFiles/fibonacci_action_interface__rosidl_typesupport_fastrtps_c__pyext.dir/rosidl_generator_py/fibonacci_action_interface/_fibonacci_action_interface_s.ep.rosidl_typesupport_fastrtps_c.c.o[0m
[10.364s] [ 93%] [32m[1mLinking C shared library rosidl_generator_py/fibonacci_action_interface/fibonacci_action_interface_s__rosidl_typesupport_c.cpython-310-x86_64-linux-gnu.so[0m
[10.397s] [ 96%] [32m[1mLinking C shared library rosidl_generator_py/fibonacci_action_interface/fibonacci_action_interface_s__rosidl_typesupport_fastrtps_c.cpython-310-x86_64-linux-gnu.so[0m
[10.417s] [100%] [32m[1mLinking C shared library rosidl_generator_py/fibonacci_action_interface/fibonacci_action_interface_s__rosidl_typesupport_introspection_c.cpython-310-x86_64-linux-gnu.so[0m
[10.443s] [100%] Built target fibonacci_action_interface__rosidl_typesupport_c__pyext
[10.490s] [100%] Built target fibonacci_action_interface__rosidl_typesupport_fastrtps_c__pyext
[10.501s] [100%] Built target fibonacci_action_interface__rosidl_typesupport_introspection_c__pyext
[10.527s] Invoked command in '/home/nippun/ros2_course_test/build/fibonacci_action_interface' returned '0': CMAKE_PREFIX_PATH=${CMAKE_PREFIX_PATH}:/home/nippun/ros2_course_test/install/word_count:/home/nippun/ros2_course_test/install/turtlesim_control:/home/nippun/ros2_course_test/install/talker_listener:/home/nippun/ros2_course_test/install/my_first_package:/home/nippun/ros2_course_test/install/complex_talker_listener:/home/nippun/ros2_course_test/install/adding_integers:/home/nippun/ros2_ws/install/tele_op:/home/nippun/ros2_ws/install/talker_listner:/home/nippun/ros2_ws/install/my_first_package:/home/nippun/ros2_ws/install/example:/home/nippun/ros2_course_ws/install/my_first_package:/home/nippun/ros2_course_ws/install/complex_talker_listener:/opt/ros/humble /usr/bin/cmake --build /home/nippun/ros2_course_test/build/fibonacci_action_interface -- -j4 -l4
[10.667s] Invoking command in '/home/nippun/ros2_course_test/build/fibonacci_action_interface': CMAKE_PREFIX_PATH=${CMAKE_PREFIX_PATH}:/home/nippun/ros2_course_test/install/word_count:/home/nippun/ros2_course_test/install/turtlesim_control:/home/nippun/ros2_course_test/install/talker_listener:/home/nippun/ros2_course_test/install/my_first_package:/home/nippun/ros2_course_test/install/complex_talker_listener:/home/nippun/ros2_course_test/install/adding_integers:/home/nippun/ros2_ws/install/tele_op:/home/nippun/ros2_ws/install/talker_listner:/home/nippun/ros2_ws/install/my_first_package:/home/nippun/ros2_ws/install/example:/home/nippun/ros2_course_ws/install/my_first_package:/home/nippun/ros2_course_ws/install/complex_talker_listener:/opt/ros/humble /usr/bin/cmake --install /home/nippun/ros2_course_test/build/fibonacci_action_interface
[10.680s] -- Install configuration: ""
[10.681s] -- Installing: /home/nippun/ros2_course_test/install/fibonacci_action_interface/share/ament_index/resource_index/rosidl_interfaces/fibonacci_action_interface
[10.681s] -- Installing: /home/nippun/ros2_course_test/install/fibonacci_action_interface/include/fibonacci_action_interface/fibonacci_action_interface
[10.682s] -- Installing: /home/nippun/ros2_course_test/install/fibonacci_action_interface/include/fibonacci_action_interface/fibonacci_action_interface/action
[10.682s] -- Installing: /home/nippun/ros2_course_test/install/fibonacci_action_interface/include/fibonacci_action_interface/fibonacci_action_interface/action/detail
[10.683s] -- Installing: /home/nippun/ros2_course_test/install/fibonacci_action_interface/include/fibonacci_action_interface/fibonacci_action_interface/action/detail/fibonacci__functions.h
[10.683s] -- Installing: /home/nippun/ros2_course_test/install/fibonacci_action_interface/include/fibonacci_action_interface/fibonacci_action_interface/action/detail/fibonacci__functions.c
[10.684s] -- Installing: /home/nippun/ros2_course_test/install/fibonacci_action_interface/include/fibonacci_action_interface/fibonacci_action_interface/action/detail/fibonacci__struct.h
[10.685s] -- Installing: /home/nippun/ros2_course_test/install/fibonacci_action_interface/include/fibonacci_action_interface/fibonacci_action_interface/action/detail/fibonacci__type_support.h
[10.688s] -- Installing: /home/nippun/ros2_course_test/install/fibonacci_action_interface/include/fibonacci_action_interface/fibonacci_action_interface/action/fibonacci.h
[10.688s] -- Installing: /home/nippun/ros2_course_test/install/fibonacci_action_interface/include/fibonacci_action_interface/fibonacci_action_interface/msg
[10.688s] -- Installing: /home/nippun/ros2_course_test/install/fibonacci_action_interface/include/fibonacci_action_interface/fibonacci_action_interface/msg/rosidl_generator_c__visibility_control.h
[10.689s] -- Installing: /home/nippun/ros2_course_test/install/fibonacci_action_interface/share/fibonacci_action_interface/environment/library_path.sh
[10.689s] -- Installing: /home/nippun/ros2_course_test/install/fibonacci_action_interface/share/fibonacci_action_interface/environment/library_path.dsv
[10.690s] -- Installing: /home/nippun/ros2_course_test/install/fibonacci_action_interface/lib/libfibonacci_action_interface__rosidl_generator_c.so
[10.690s] -- Set runtime path of "/home/nippun/ros2_course_test/install/fibonacci_action_interface/lib/libfibonacci_action_interface__rosidl_generator_c.so" to ""
[10.690s] -- Up-to-date: /home/nippun/ros2_course_test/install/fibonacci_action_interface/include/fibonacci_action_interface/fibonacci_action_interface
[10.691s] -- Up-to-date: /home/nippun/ros2_course_test/install/fibonacci_action_interface/include/fibonacci_action_interface/fibonacci_action_interface/action
[10.691s] -- Up-to-date: /home/nippun/ros2_course_test/install/fibonacci_action_interface/include/fibonacci_action_interface/fibonacci_action_interface/action/detail
[10.692s] -- Installing: /home/nippun/ros2_course_test/install/fibonacci_action_interface/include/fibonacci_action_interface/fibonacci_action_interface/action/detail/fibonacci__rosidl_typesupport_fastrtps_c.h
[10.692s] -- Up-to-date: /home/nippun/ros2_course_test/install/fibonacci_action_interface/include/fibonacci_action_interface/fibonacci_action_interface/msg
[10.692s] -- Installing: /home/nippun/ros2_course_test/install/fibonacci_action_interface/include/fibonacci_action_interface/fibonacci_action_interface/msg/rosidl_typesupport_fastrtps_c__visibility_control.h
[10.693s] -- Installing: /home/nippun/ros2_course_test/install/fibonacci_action_interface/lib/libfibonacci_action_interface__rosidl_typesupport_fastrtps_c.so
[10.693s] -- Set runtime path of "/home/nippun/ros2_course_test/install/fibonacci_action_interface/lib/libfibonacci_action_interface__rosidl_typesupport_fastrtps_c.so" to ""
[10.694s] -- Up-to-date: /home/nippun/ros2_course_test/install/fibonacci_action_interface/include/fibonacci_action_interface/fibonacci_action_interface
[10.694s] -- Up-to-date: /home/nippun/ros2_course_test/install/fibonacci_action_interface/include/fibonacci_action_interface/fibonacci_action_interface/action
[10.694s] -- Up-to-date: /home/nippun/ros2_course_test/install/fibonacci_action_interface/include/fibonacci_action_interface/fibonacci_action_interface/action/detail
[10.695s] -- Installing: /home/nippun/ros2_course_test/install/fibonacci_action_interface/include/fibonacci_action_interface/fibonacci_action_interface/action/detail/fibonacci__type_support.c
[10.695s] -- Installing: /home/nippun/ros2_course_test/install/fibonacci_action_interface/include/fibonacci_action_interface/fibonacci_action_interface/action/detail/fibonacci__rosidl_typesupport_introspection_c.h
[10.696s] -- Up-to-date: /home/nippun/ros2_course_test/install/fibonacci_action_interface/include/fibonacci_action_interface/fibonacci_action_interface/msg
[10.696s] -- Installing: /home/nippun/ros2_course_test/install/fibonacci_action_interface/include/fibonacci_action_interface/fibonacci_action_interface/msg/rosidl_typesupport_introspection_c__visibility_control.h
[10.696s] -- Installing: /home/nippun/ros2_course_test/install/fibonacci_action_interface/lib/libfibonacci_action_interface__rosidl_typesupport_introspection_c.so
[10.697s] -- Set runtime path of "/home/nippun/ros2_course_test/install/fibonacci_action_interface/lib/libfibonacci_action_interface__rosidl_typesupport_introspection_c.so" to ""
[10.697s] -- Installing: /home/nippun/ros2_course_test/install/fibonacci_action_interface/lib/libfibonacci_action_interface__rosidl_typesupport_c.so
[10.698s] -- Set runtime path of "/home/nippun/ros2_course_test/install/fibonacci_action_interface/lib/libfibonacci_action_interface__rosidl_typesupport_c.so" to ""
[10.698s] -- Up-to-date: /home/nippun/ros2_course_test/install/fibonacci_action_interface/include/fibonacci_action_interface/fibonacci_action_interface
[10.701s] -- Up-to-date: /home/nippun/ros2_course_test/install/fibonacci_action_interface/include/fibonacci_action_interface/fibonacci_action_interface/action
[10.702s] -- Up-to-date: /home/nippun/ros2_course_test/install/fibonacci_action_interface/include/fibonacci_action_interface/fibonacci_action_interface/action/detail
[10.702s] -- Installing: /home/nippun/ros2_course_test/install/fibonacci_action_interface/include/fibonacci_action_interface/fibonacci_action_interface/action/detail/fibonacci__struct.hpp
[10.702s] -- Installing: /home/nippun/ros2_course_test/install/fibonacci_action_interface/include/fibonacci_action_interface/fibonacci_action_interface/action/detail/fibonacci__traits.hpp
[10.703s] -- Installing: /home/nippun/ros2_course_test/install/fibonacci_action_interface/include/fibonacci_action_interface/fibonacci_action_interface/action/detail/fibonacci__builder.hpp
[10.703s] -- Installing: /home/nippun/ros2_course_test/install/fibonacci_action_interface/include/fibonacci_action_interface/fibonacci_action_interface/action/fibonacci.hpp
[10.704s] -- Up-to-date: /home/nippun/ros2_course_test/install/fibonacci_action_interface/include/fibonacci_action_interface/fibonacci_action_interface
[10.704s] -- Up-to-date: /home/nippun/ros2_course_test/install/fibonacci_action_interface/include/fibonacci_action_interface/fibonacci_action_interface/action
[10.704s] -- Up-to-date: /home/nippun/ros2_course_test/install/fibonacci_action_interface/include/fibonacci_action_interface/fibonacci_action_interface/action/detail
[10.705s] -- Installing: /home/nippun/ros2_course_test/install/fibonacci_action_interface/include/fibonacci_action_interface/fibonacci_action_interface/action/detail/dds_fastrtps
[10.705s] -- Installing: /home/nippun/ros2_course_test/install/fibonacci_action_interface/include/fibonacci_action_interface/fibonacci_action_interface/action/detail/fibonacci__rosidl_typesupport_fastrtps_cpp.hpp
[10.706s] -- Up-to-date: /home/nippun/ros2_course_test/install/fibonacci_action_interface/include/fibonacci_action_interface/fibonacci_action_interface/msg
[10.706s] -- Installing: /home/nippun/ros2_course_test/install/fibonacci_action_interface/include/fibonacci_action_interface/fibonacci_action_interface/msg/rosidl_typesupport_fastrtps_cpp__visibility_control.h
[10.707s] -- Installing: /home/nippun/ros2_course_test/install/fibonacci_action_interface/lib/libfibonacci_action_interface__rosidl_typesupport_fastrtps_cpp.so
[10.707s] -- Set runtime path of "/home/nippun/ros2_course_test/install/fibonacci_action_interface/lib/libfibonacci_action_interface__rosidl_typesupport_fastrtps_cpp.so" to ""
[10.708s] -- Up-to-date: /home/nippun/ros2_course_test/install/fibonacci_action_interface/include/fibonacci_action_interface/fibonacci_action_interface
[10.708s] -- Up-to-date: /home/nippun/ros2_course_test/install/fibonacci_action_interface/include/fibonacci_action_interface/fibonacci_action_interface/action
[10.708s] -- Up-to-date: /home/nippun/ros2_course_test/install/fibonacci_action_interface/include/fibonacci_action_interface/fibonacci_action_interface/action/detail
[10.709s] -- Installing: /home/nippun/ros2_course_test/install/fibonacci_action_interface/include/fibonacci_action_interface/fibonacci_action_interface/action/detail/fibonacci__type_support.cpp
[10.709s] -- Installing: /home/nippun/ros2_course_test/install/fibonacci_action_interface/include/fibonacci_action_interface/fibonacci_action_interface/action/detail/fibonacci__rosidl_typesupport_introspection_cpp.hpp
[10.709s] -- Installing: /home/nippun/ros2_course_test/install/fibonacci_action_interface/lib/libfibonacci_action_interface__rosidl_typesupport_introspection_cpp.so
[10.710s] -- Set runtime path of "/home/nippun/ros2_course_test/install/fibonacci_action_interface/lib/libfibonacci_action_interface__rosidl_typesupport_introspection_cpp.so" to ""
[10.710s] -- Installing: /home/nippun/ros2_course_test/install/fibonacci_action_interface/lib/libfibonacci_action_interface__rosidl_typesupport_cpp.so
[10.710s] -- Set runtime path of "/home/nippun/ros2_course_test/install/fibonacci_action_interface/lib/libfibonacci_action_interface__rosidl_typesupport_cpp.so" to ""
[10.711s] -- Installing: /home/nippun/ros2_course_test/install/fibonacci_action_interface/share/fibonacci_action_interface/environment/pythonpath.sh
[10.711s] -- Installing: /home/nippun/ros2_course_test/install/fibonacci_action_interface/share/fibonacci_action_interface/environment/pythonpath.dsv
[10.711s] -- Installing: /home/nippun/ros2_course_test/install/fibonacci_action_interface/local/lib/python3.10/dist-packages/fibonacci_action_interface-0.0.0-py3.10.egg-info
[10.712s] -- Installing: /home/nippun/ros2_course_test/install/fibonacci_action_interface/local/lib/python3.10/dist-packages/fibonacci_action_interface-0.0.0-py3.10.egg-info/PKG-INFO
[10.712s] -- Installing: /home/nippun/ros2_course_test/install/fibonacci_action_interface/local/lib/python3.10/dist-packages/fibonacci_action_interface-0.0.0-py3.10.egg-info/dependency_links.txt
[10.713s] -- Installing: /home/nippun/ros2_course_test/install/fibonacci_action_interface/local/lib/python3.10/dist-packages/fibonacci_action_interface-0.0.0-py3.10.egg-info/SOURCES.txt
[10.713s] -- Installing: /home/nippun/ros2_course_test/install/fibonacci_action_interface/local/lib/python3.10/dist-packages/fibonacci_action_interface-0.0.0-py3.10.egg-info/top_level.txt
[10.713s] -- Installing: /home/nippun/ros2_course_test/install/fibonacci_action_interface/local/lib/python3.10/dist-packages/fibonacci_action_interface
[10.714s] -- Installing: /home/nippun/ros2_course_test/install/fibonacci_action_interface/local/lib/python3.10/dist-packages/fibonacci_action_interface/libfibonacci_action_interface__rosidl_generator_py.so
[10.714s] -- Installing: /home/nippun/ros2_course_test/install/fibonacci_action_interface/local/lib/python3.10/dist-packages/fibonacci_action_interface/__init__.py
[10.714s] -- Installing: /home/nippun/ros2_course_test/install/fibonacci_action_interface/local/lib/python3.10/dist-packages/fibonacci_action_interface/action
[10.715s] -- Installing: /home/nippun/ros2_course_test/install/fibonacci_action_interface/local/lib/python3.10/dist-packages/fibonacci_action_interface/action/_fibonacci.py
[10.715s] -- Installing: /home/nippun/ros2_course_test/install/fibonacci_action_interface/local/lib/python3.10/dist-packages/fibonacci_action_interface/action/__init__.py
[10.715s] -- Installing: /home/nippun/ros2_course_test/install/fibonacci_action_interface/local/lib/python3.10/dist-packages/fibonacci_action_interface/action/_fibonacci_s.c
[10.716s] -- Installing: /home/nippun/ros2_course_test/install/fibonacci_action_interface/local/lib/python3.10/dist-packages/fibonacci_action_interface/_fibonacci_action_interface_s.ep.rosidl_typesupport_c.c
[10.716s] -- Installing: /home/nippun/ros2_course_test/install/fibonacci_action_interface/local/lib/python3.10/dist-packages/fibonacci_action_interface/_fibonacci_action_interface_s.ep.rosidl_typesupport_introspection_c.c
[10.716s] -- Installing: /home/nippun/ros2_course_test/install/fibonacci_action_interface/local/lib/python3.10/dist-packages/fibonacci_action_interface/fibonacci_action_interface_s__rosidl_typesupport_introspection_c.cpython-310-x86_64-linux-gnu.so
[10.717s] -- Installing: /home/nippun/ros2_course_test/install/fibonacci_action_interface/local/lib/python3.10/dist-packages/fibonacci_action_interface/fibonacci_action_interface_s__rosidl_typesupport_fastrtps_c.cpython-310-x86_64-linux-gnu.so
[10.717s] -- Installing: /home/nippun/ros2_course_test/install/fibonacci_action_interface/local/lib/python3.10/dist-packages/fibonacci_action_interface/fibonacci_action_interface_s__rosidl_typesupport_c.cpython-310-x86_64-linux-gnu.so
[10.717s] -- Installing: /home/nippun/ros2_course_test/install/fibonacci_action_interface/local/lib/python3.10/dist-packages/fibonacci_action_interface/_fibonacci_action_interface_s.ep.rosidl_typesupport_fastrtps_c.c
[10.821s] Listing '/home/nippun/ros2_course_test/install/fibonacci_action_interface/local/lib/python3.10/dist-packages/fibonacci_action_interface'...
[10.821s] Compiling '/home/nippun/ros2_course_test/install/fibonacci_action_interface/local/lib/python3.10/dist-packages/fibonacci_action_interface/__init__.py'...
[10.821s] Listing '/home/nippun/ros2_course_test/install/fibonacci_action_interface/local/lib/python3.10/dist-packages/fibonacci_action_interface/action'...
[10.822s] Compiling '/home/nippun/ros2_course_test/install/fibonacci_action_interface/local/lib/python3.10/dist-packages/fibonacci_action_interface/action/__init__.py'...
[10.822s] Compiling '/home/nippun/ros2_course_test/install/fibonacci_action_interface/local/lib/python3.10/dist-packages/fibonacci_action_interface/action/_fibonacci.py'...
[10.833s] -- Installing: /home/nippun/ros2_course_test/install/fibonacci_action_interface/local/lib/python3.10/dist-packages/fibonacci_action_interface/fibonacci_action_interface_s__rosidl_typesupport_fastrtps_c.cpython-310-x86_64-linux-gnu.so
[10.833s] -- Set runtime path of "/home/nippun/ros2_course_test/install/fibonacci_action_interface/local/lib/python3.10/dist-packages/fibonacci_action_interface/fibonacci_action_interface_s__rosidl_typesupport_fastrtps_c.cpython-310-x86_64-linux-gnu.so" to ""
[10.834s] -- Installing: /home/nippun/ros2_course_test/install/fibonacci_action_interface/local/lib/python3.10/dist-packages/fibonacci_action_interface/fibonacci_action_interface_s__rosidl_typesupport_introspection_c.cpython-310-x86_64-linux-gnu.so
[10.834s] -- Set runtime path of "/home/nippun/ros2_course_test/install/fibonacci_action_interface/local/lib/python3.10/dist-packages/fibonacci_action_interface/fibonacci_action_interface_s__rosidl_typesupport_introspection_c.cpython-310-x86_64-linux-gnu.so" to ""
[10.834s] -- Installing: /home/nippun/ros2_course_test/install/fibonacci_action_interface/local/lib/python3.10/dist-packages/fibonacci_action_interface/fibonacci_action_interface_s__rosidl_typesupport_c.cpython-310-x86_64-linux-gnu.so
[10.835s] -- Set runtime path of "/home/nippun/ros2_course_test/install/fibonacci_action_interface/local/lib/python3.10/dist-packages/fibonacci_action_interface/fibonacci_action_interface_s__rosidl_typesupport_c.cpython-310-x86_64-linux-gnu.so" to ""
[10.835s] -- Installing: /home/nippun/ros2_course_test/install/fibonacci_action_interface/lib/libfibonacci_action_interface__rosidl_generator_py.so
[10.836s] -- Set runtime path of "/home/nippun/ros2_course_test/install/fibonacci_action_interface/lib/libfibonacci_action_interface__rosidl_generator_py.so" to ""
[10.836s] -- Installing: /home/nippun/ros2_course_test/install/fibonacci_action_interface/share/fibonacci_action_interface/action/Fibonacci.idl
[10.836s] -- Installing: /home/nippun/ros2_course_test/install/fibonacci_action_interface/share/fibonacci_action_interface/action/Fibonacci.action
[10.837s] -- Installing: /home/nippun/ros2_course_test/install/fibonacci_action_interface/share/ament_index/resource_index/package_run_dependencies/fibonacci_action_interface
[10.837s] -- Installing: /home/nippun/ros2_course_test/install/fibonacci_action_interface/share/ament_index/resource_index/parent_prefix_path/fibonacci_action_interface
[10.837s] -- Installing: /home/nippun/ros2_course_test/install/fibonacci_action_interface/share/fibonacci_action_interface/environment/ament_prefix_path.sh
[10.838s] -- Installing: /home/nippun/ros2_course_test/install/fibonacci_action_interface/share/fibonacci_action_interface/environment/ament_prefix_path.dsv
[10.838s] -- Installing: /home/nippun/ros2_course_test/install/fibonacci_action_interface/share/fibonacci_action_interface/environment/path.sh
[10.838s] -- Installing: /home/nippun/ros2_course_test/install/fibonacci_action_interface/share/fibonacci_action_interface/environment/path.dsv
[10.838s] -- Installing: /home/nippun/ros2_course_test/install/fibonacci_action_interface/share/fibonacci_action_interface/local_setup.bash
[10.839s] -- Installing: /home/nippun/ros2_course_test/install/fibonacci_action_interface/share/fibonacci_action_interface/local_setup.sh
[10.839s] -- Installing: /home/nippun/ros2_course_test/install/fibonacci_action_interface/share/fibonacci_action_interface/local_setup.zsh
[10.839s] -- Installing: /home/nippun/ros2_course_test/install/fibonacci_action_interface/share/fibonacci_action_interface/local_setup.dsv
[10.840s] -- Installing: /home/nippun/ros2_course_test/install/fibonacci_action_interface/share/fibonacci_action_interface/package.dsv
[10.840s] -- Installing: /home/nippun/ros2_course_test/install/fibonacci_action_interface/share/ament_index/resource_index/packages/fibonacci_action_interface
[10.840s] -- Installing: /home/nippun/ros2_course_test/install/fibonacci_action_interface/share/fibonacci_action_interface/cmake/export_fibonacci_action_interface__rosidl_generator_cExport.cmake
[10.841s] -- Installing: /home/nippun/ros2_course_test/install/fibonacci_action_interface/share/fibonacci_action_interface/cmake/export_fibonacci_action_interface__rosidl_generator_cExport-noconfig.cmake
[10.841s] -- Installing: /home/nippun/ros2_course_test/install/fibonacci_action_interface/share/fibonacci_action_interface/cmake/export_fibonacci_action_interface__rosidl_typesupport_fastrtps_cExport.cmake
[10.841s] -- Installing: /home/nippun/ros2_course_test/install/fibonacci_action_interface/share/fibonacci_action_interface/cmake/export_fibonacci_action_interface__rosidl_typesupport_fastrtps_cExport-noconfig.cmake
[10.842s] -- Installing: /home/nippun/ros2_course_test/install/fibonacci_action_interface/share/fibonacci_action_interface/cmake/fibonacci_action_interface__rosidl_typesupport_introspection_cExport.cmake
[10.842s] -- Installing: /home/nippun/ros2_course_test/install/fibonacci_action_interface/share/fibonacci_action_interface/cmake/fibonacci_action_interface__rosidl_typesupport_introspection_cExport-noconfig.cmake
[10.842s] -- Installing: /home/nippun/ros2_course_test/install/fibonacci_action_interface/share/fibonacci_action_interface/cmake/fibonacci_action_interface__rosidl_typesupport_cExport.cmake
[10.843s] -- Installing: /home/nippun/ros2_course_test/install/fibonacci_action_interface/share/fibonacci_action_interface/cmake/fibonacci_action_interface__rosidl_typesupport_cExport-noconfig.cmake
[10.843s] -- Installing: /home/nippun/ros2_course_test/install/fibonacci_action_interface/share/fibonacci_action_interface/cmake/export_fibonacci_action_interface__rosidl_generator_cppExport.cmake
[10.843s] -- Installing: /home/nippun/ros2_course_test/install/fibonacci_action_interface/share/fibonacci_action_interface/cmake/export_fibonacci_action_interface__rosidl_typesupport_fastrtps_cppExport.cmake
[10.844s] -- Installing: /home/nippun/ros2_course_test/install/fibonacci_action_interface/share/fibonacci_action_interface/cmake/export_fibonacci_action_interface__rosidl_typesupport_fastrtps_cppExport-noconfig.cmake
[10.844s] -- Installing: /home/nippun/ros2_course_test/install/fibonacci_action_interface/share/fibonacci_action_interface/cmake/fibonacci_action_interface__rosidl_typesupport_introspection_cppExport.cmake
[10.844s] -- Installing: /home/nippun/ros2_course_test/install/fibonacci_action_interface/share/fibonacci_action_interface/cmake/fibonacci_action_interface__rosidl_typesupport_introspection_cppExport-noconfig.cmake
[10.844s] -- Installing: /home/nippun/ros2_course_test/install/fibonacci_action_interface/share/fibonacci_action_interface/cmake/fibonacci_action_interface__rosidl_typesupport_cppExport.cmake
[10.845s] -- Installing: /home/nippun/ros2_course_test/install/fibonacci_action_interface/share/fibonacci_action_interface/cmake/fibonacci_action_interface__rosidl_typesupport_cppExport-noconfig.cmake
[10.845s] -- Installing: /home/nippun/ros2_course_test/install/fibonacci_action_interface/share/fibonacci_action_interface/cmake/export_fibonacci_action_interface__rosidl_generator_pyExport.cmake
[10.845s] -- Installing: /home/nippun/ros2_course_test/install/fibonacci_action_interface/share/fibonacci_action_interface/cmake/export_fibonacci_action_interface__rosidl_generator_pyExport-noconfig.cmake
[10.845s] -- Installing: /home/nippun/ros2_course_test/install/fibonacci_action_interface/share/fibonacci_action_interface/cmake/rosidl_cmake-extras.cmake
[10.846s] -- Installing: /home/nippun/ros2_course_test/install/fibonacci_action_interface/share/fibonacci_action_interface/cmake/ament_cmake_export_dependencies-extras.cmake
[10.846s] -- Installing: /home/nippun/ros2_course_test/install/fibonacci_action_interface/share/fibonacci_action_interface/cmake/ament_cmake_export_include_directories-extras.cmake
[10.847s] -- Installing: /home/nippun/ros2_course_test/install/fibonacci_action_interface/share/fibonacci_action_interface/cmake/ament_cmake_export_libraries-extras.cmake
[10.848s] -- Installing: /home/nippun/ros2_course_test/install/fibonacci_action_interface/share/fibonacci_action_interface/cmake/ament_cmake_export_targets-extras.cmake
[10.849s] -- Installing: /home/nippun/ros2_course_test/install/fibonacci_action_interface/share/fibonacci_action_interface/cmake/rosidl_cmake_export_typesupport_targets-extras.cmake
[10.850s] -- Installing: /home/nippun/ros2_course_test/install/fibonacci_action_interface/share/fibonacci_action_interface/cmake/rosidl_cmake_export_typesupport_libraries-extras.cmake
[10.851s] -- Installing: /home/nippun/ros2_course_test/install/fibonacci_action_interface/share/fibonacci_action_interface/cmake/fibonacci_action_interfaceConfig.cmake
[10.851s] -- Installing: /home/nippun/ros2_course_test/install/fibonacci_action_interface/share/fibonacci_action_interface/cmake/fibonacci_action_interfaceConfig-version.cmake
[10.851s] -- Installing: /home/nippun/ros2_course_test/install/fibonacci_action_interface/share/fibonacci_action_interface/package.xml
[10.852s] Invoked command in '/home/nippun/ros2_course_test/build/fibonacci_action_interface' returned '0': CMAKE_PREFIX_PATH=${CMAKE_PREFIX_PATH}:/home/nippun/ros2_course_test/install/word_count:/home/nippun/ros2_course_test/install/turtlesim_control:/home/nippun/ros2_course_test/install/talker_listener:/home/nippun/ros2_course_test/install/my_first_package:/home/nippun/ros2_course_test/install/complex_talker_listener:/home/nippun/ros2_course_test/install/adding_integers:/home/nippun/ros2_ws/install/tele_op:/home/nippun/ros2_ws/install/talker_listner:/home/nippun/ros2_ws/install/my_first_package:/home/nippun/ros2_ws/install/example:/home/nippun/ros2_course_ws/install/my_first_package:/home/nippun/ros2_course_ws/install/complex_talker_listener:/opt/ros/humble /usr/bin/cmake --install /home/nippun/ros2_course_test/build/fibonacci_action_interface
