[0.024s] Invoking command in '/home/nippun/ros2_course_test/build/timer_action_interface': CMAKE_PREFIX_PATH=${CMAKE_PREFIX_PATH}:/home/nippun/ros2_course_test/install/word_count:/home/nippun/ros2_course_test/install/turtlesim_control:/home/nippun/ros2_course_test/install/talker_listener:/home/nippun/ros2_course_test/install/my_first_package:/home/nippun/ros2_course_test/install/complex_talker_listener:/home/nippun/ros2_course_test/install/adding_integers:/home/nippun/ros2_ws/install/tele_op:/home/nippun/ros2_ws/install/talker_listner:/home/nippun/ros2_ws/install/my_first_package:/home/nippun/ros2_ws/install/example:/home/nippun/ros2_course_ws/install/my_first_package:/home/nippun/ros2_course_ws/install/complex_talker_listener:/opt/ros/humble /usr/bin/cmake /home/nippun/ros2_course_test/src/timer_action_interface -DCMAKE_INSTALL_PREFIX=/home/nippun/ros2_course_test/install/timer_action_interface
[0.046s] -- Found rosidl_default_generators: 1.2.0 (/opt/ros/humble/share/rosidl_default_generators/cmake)
[0.046s] -- Found ament_cmake_core: 1.3.3 (/opt/ros/humble/share/ament_cmake_core/cmake)
[0.292s] -- Using all available rosidl_typesupport_c: rosidl_typesupport_fastrtps_c;rosidl_typesupport_introspection_c
[0.304s] -- Found rosidl_adapter: 3.1.4 (/opt/ros/humble/share/rosidl_adapter/cmake)
[0.391s] -- Using all available rosidl_typesupport_cpp: rosidl_typesupport_fastrtps_cpp;rosidl_typesupport_introspection_cpp
[1.326s] -- Found ament_cmake_ros: 0.10.0 (/opt/ros/humble/share/ament_cmake_ros/cmake)
[1.880s] -- Using all available rosidl_typesupport_c: rosidl_typesupport_fastrtps_c;rosidl_typesupport_introspection_c
[2.565s] -- Using all available rosidl_typesupport_cpp: rosidl_typesupport_fastrtps_cpp;rosidl_typesupport_introspection_cpp
[2.625s] -- Found PythonInterp: /usr/bin/python3 (found suitable version "3.10.6", minimum required is "3.6") 
[2.650s] -- Found python_cmake_module: 0.10.0 (/opt/ros/humble/share/python_cmake_module/cmake)
[2.843s] -- Found PythonLibs: /usr/lib/x86_64-linux-gnu/libpython3.10.so (found suitable version "3.10.6", minimum required is "3.5") 
[2.843s] -- Using PYTHON_EXECUTABLE: /usr/bin/python3
[2.844s] -- Using PYTHON_INCLUDE_DIRS: /usr/include/python3.10
[2.845s] -- Using PYTHON_LIBRARIES: /usr/lib/x86_64-linux-gnu/libpython3.10.so
[2.890s] -- Found PythonExtra: .so  
[3.131s] -- Found ament_lint_auto: 0.12.5 (/opt/ros/humble/share/ament_lint_auto/cmake)
[3.339s] -- Added test 'lint_cmake' to check CMake code style
[3.342s] -- Added test 'xmllint' to check XML markup files
[3.366s] -- Configuring done
[3.505s] -- Generating done
[3.512s] -- Build files have been written to: /home/nippun/ros2_course_test/build/timer_action_interface
[3.527s] Invoked command in '/home/nippun/ros2_course_test/build/timer_action_interface' returned '0': CMAKE_PREFIX_PATH=${CMAKE_PREFIX_PATH}:/home/nippun/ros2_course_test/install/word_count:/home/nippun/ros2_course_test/install/turtlesim_control:/home/nippun/ros2_course_test/install/talker_listener:/home/nippun/ros2_course_test/install/my_first_package:/home/nippun/ros2_course_test/install/complex_talker_listener:/home/nippun/ros2_course_test/install/adding_integers:/home/nippun/ros2_ws/install/tele_op:/home/nippun/ros2_ws/install/talker_listner:/home/nippun/ros2_ws/install/my_first_package:/home/nippun/ros2_ws/install/example:/home/nippun/ros2_course_ws/install/my_first_package:/home/nippun/ros2_course_ws/install/complex_talker_listener:/opt/ros/humble /usr/bin/cmake /home/nippun/ros2_course_test/src/timer_action_interface -DCMAKE_INSTALL_PREFIX=/home/nippun/ros2_course_test/install/timer_action_interface
[3.530s] Invoking command in '/home/nippun/ros2_course_test/build/timer_action_interface': CMAKE_PREFIX_PATH=${CMAKE_PREFIX_PATH}:/home/nippun/ros2_course_test/install/word_count:/home/nippun/ros2_course_test/install/turtlesim_control:/home/nippun/ros2_course_test/install/talker_listener:/home/nippun/ros2_course_test/install/my_first_package:/home/nippun/ros2_course_test/install/complex_talker_listener:/home/nippun/ros2_course_test/install/adding_integers:/home/nippun/ros2_ws/install/tele_op:/home/nippun/ros2_ws/install/talker_listner:/home/nippun/ros2_ws/install/my_first_package:/home/nippun/ros2_ws/install/example:/home/nippun/ros2_course_ws/install/my_first_package:/home/nippun/ros2_course_ws/install/complex_talker_listener:/opt/ros/humble /usr/bin/cmake --build /home/nippun/ros2_course_test/build/timer_action_interface -- -j4 -l4
[3.593s] [  3%] [34m[1mGenerating C code for ROS interfaces[0m
[3.606s] [  6%] [34m[1mGenerating C++ code for ROS interfaces[0m
[3.621s] [  6%] Built target ament_cmake_python_copy_timer_action_interface
[4.460s] running egg_info
[4.461s] creating timer_action_interface.egg-info
[4.462s] writing timer_action_interface.egg-info/PKG-INFO
[4.462s] writing dependency_links to timer_action_interface.egg-info/dependency_links.txt
[4.462s] writing top-level names to timer_action_interface.egg-info/top_level.txt
[4.463s] writing manifest file 'timer_action_interface.egg-info/SOURCES.txt'
[4.496s] reading manifest file 'timer_action_interface.egg-info/SOURCES.txt'
[4.499s] writing manifest file 'timer_action_interface.egg-info/SOURCES.txt'
[4.565s] [  6%] Built target ament_cmake_python_build_timer_action_interface_egg
[4.695s] [  9%] [32mBuilding C object CMakeFiles/timer_action_interface__rosidl_generator_c.dir/rosidl_generator_c/timer_action_interface/action/detail/timer__functions.c.o[0m
[4.707s] [  9%] Built target timer_action_interface__cpp
[4.722s] [ 12%] [34m[1mGenerating C++ type support for eProsima Fast-RTPS[0m
[4.726s] [ 16%] [34m[1mGenerating C++ introspection for ROS interfaces[0m
[4.727s] [ 19%] [34m[1mGenerating C++ type support dispatch for ROS interfaces[0m
[5.410s] [ 22%] [32mBuilding CXX object CMakeFiles/timer_action_interface__rosidl_typesupport_cpp.dir/rosidl_typesupport_cpp/timer_action_interface/action/timer__type_support.cpp.o[0m
[5.645s] [ 25%] [32mBuilding CXX object CMakeFiles/timer_action_interface__rosidl_typesupport_introspection_cpp.dir/rosidl_typesupport_introspection_cpp/timer_action_interface/action/detail/timer__type_support.cpp.o[0m
[5.731s] [ 29%] [32mBuilding CXX object CMakeFiles/timer_action_interface__rosidl_typesupport_fastrtps_cpp.dir/rosidl_typesupport_fastrtps_cpp/timer_action_interface/action/detail/dds_fastrtps/timer__type_support.cpp.o[0m
[5.779s] [ 32%] [32m[1mLinking C shared library libtimer_action_interface__rosidl_generator_c.so[0m
[6.135s] [ 32%] Built target timer_action_interface__rosidl_generator_c
[6.150s] [ 35%] [34m[1mGenerating C type support for eProsima Fast-RTPS[0m
[6.923s] [ 38%] [32mBuilding CXX object CMakeFiles/timer_action_interface__rosidl_typesupport_fastrtps_c.dir/rosidl_typesupport_fastrtps_c/timer_action_interface/action/detail/timer__type_support_c.cpp.o[0m
[8.931s] [ 41%] [32m[1mLinking CXX shared library libtimer_action_interface__rosidl_typesupport_fastrtps_c.so[0m
[9.015s] [ 45%] [32m[1mLinking CXX shared library libtimer_action_interface__rosidl_typesupport_cpp.so[0m
[9.142s] [ 45%] Built target timer_action_interface__rosidl_typesupport_cpp
[9.162s] [ 48%] [34m[1mGenerating C introspection for ROS interfaces[0m
[9.165s] [ 51%] [32m[1mLinking CXX shared library libtimer_action_interface__rosidl_typesupport_fastrtps_cpp.so[0m
[9.197s] [ 51%] Built target timer_action_interface__rosidl_typesupport_fastrtps_c
[9.220s] [ 54%] [34m[1mGenerating C type support dispatch for ROS interfaces[0m
[9.276s] [ 58%] [32m[1mLinking CXX shared library libtimer_action_interface__rosidl_typesupport_introspection_cpp.so[0m
[9.378s] [ 58%] Built target timer_action_interface__rosidl_typesupport_fastrtps_cpp
[9.504s] [ 58%] Built target timer_action_interface__rosidl_typesupport_introspection_cpp
[9.798s] [ 61%] [32mBuilding CXX object CMakeFiles/timer_action_interface__rosidl_typesupport_c.dir/rosidl_typesupport_c/timer_action_interface/action/timer__type_support.cpp.o[0m
[9.917s] [ 64%] [32mBuilding C object CMakeFiles/timer_action_interface__rosidl_typesupport_introspection_c.dir/rosidl_typesupport_introspection_c/timer_action_interface/action/detail/timer__type_support.c.o[0m
[9.939s] [ 67%] [32m[1mLinking CXX shared library libtimer_action_interface__rosidl_typesupport_c.so[0m
[10.011s] [ 67%] Built target timer_action_interface__rosidl_typesupport_c
[10.038s] [ 70%] [32m[1mLinking C shared library libtimer_action_interface__rosidl_typesupport_introspection_c.so[0m
[10.080s] [ 70%] Built target timer_action_interface__rosidl_typesupport_introspection_c
[10.106s] [ 70%] Built target timer_action_interface
[10.133s] [ 74%] [34m[1mGenerating Python code for ROS interfaces[0m
[11.315s] [ 74%] Built target timer_action_interface__py
[11.340s] [ 77%] [32mBuilding C object CMakeFiles/timer_action_interface__rosidl_generator_py.dir/rosidl_generator_py/timer_action_interface/action/_timer_s.c.o[0m
[11.967s] [ 80%] [32m[1mLinking C shared library rosidl_generator_py/timer_action_interface/libtimer_action_interface__rosidl_generator_py.so[0m
[12.078s] [ 80%] Built target timer_action_interface__rosidl_generator_py
[12.112s] [ 83%] [32mBuilding C object CMakeFiles/timer_action_interface__rosidl_typesupport_introspection_c__pyext.dir/rosidl_generator_py/timer_action_interface/_timer_action_interface_s.ep.rosidl_typesupport_introspection_c.c.o[0m
[12.115s] [ 87%] [32mBuilding C object CMakeFiles/timer_action_interface__rosidl_typesupport_fastrtps_c__pyext.dir/rosidl_generator_py/timer_action_interface/_timer_action_interface_s.ep.rosidl_typesupport_fastrtps_c.c.o[0m
[12.122s] [ 90%] [32mBuilding C object CMakeFiles/timer_action_interface__rosidl_typesupport_c__pyext.dir/rosidl_generator_py/timer_action_interface/_timer_action_interface_s.ep.rosidl_typesupport_c.c.o[0m
[12.365s] [ 93%] [32m[1mLinking C shared library rosidl_generator_py/timer_action_interface/timer_action_interface_s__rosidl_typesupport_introspection_c.cpython-310-x86_64-linux-gnu.so[0m
[12.381s] [ 96%] [32m[1mLinking C shared library rosidl_generator_py/timer_action_interface/timer_action_interface_s__rosidl_typesupport_fastrtps_c.cpython-310-x86_64-linux-gnu.so[0m
[12.389s] [100%] [32m[1mLinking C shared library rosidl_generator_py/timer_action_interface/timer_action_interface_s__rosidl_typesupport_c.cpython-310-x86_64-linux-gnu.so[0m
[12.445s] [100%] Built target timer_action_interface__rosidl_typesupport_introspection_c__pyext
[12.457s] [100%] Built target timer_action_interface__rosidl_typesupport_fastrtps_c__pyext
[12.467s] [100%] Built target timer_action_interface__rosidl_typesupport_c__pyext
[12.481s] Invoked command in '/home/nippun/ros2_course_test/build/timer_action_interface' returned '0': CMAKE_PREFIX_PATH=${CMAKE_PREFIX_PATH}:/home/nippun/ros2_course_test/install/word_count:/home/nippun/ros2_course_test/install/turtlesim_control:/home/nippun/ros2_course_test/install/talker_listener:/home/nippun/ros2_course_test/install/my_first_package:/home/nippun/ros2_course_test/install/complex_talker_listener:/home/nippun/ros2_course_test/install/adding_integers:/home/nippun/ros2_ws/install/tele_op:/home/nippun/ros2_ws/install/talker_listner:/home/nippun/ros2_ws/install/my_first_package:/home/nippun/ros2_ws/install/example:/home/nippun/ros2_course_ws/install/my_first_package:/home/nippun/ros2_course_ws/install/complex_talker_listener:/opt/ros/humble /usr/bin/cmake --build /home/nippun/ros2_course_test/build/timer_action_interface -- -j4 -l4
[12.568s] Invoking command in '/home/nippun/ros2_course_test/build/timer_action_interface': CMAKE_PREFIX_PATH=${CMAKE_PREFIX_PATH}:/home/nippun/ros2_course_test/install/word_count:/home/nippun/ros2_course_test/install/turtlesim_control:/home/nippun/ros2_course_test/install/talker_listener:/home/nippun/ros2_course_test/install/my_first_package:/home/nippun/ros2_course_test/install/complex_talker_listener:/home/nippun/ros2_course_test/install/adding_integers:/home/nippun/ros2_ws/install/tele_op:/home/nippun/ros2_ws/install/talker_listner:/home/nippun/ros2_ws/install/my_first_package:/home/nippun/ros2_ws/install/example:/home/nippun/ros2_course_ws/install/my_first_package:/home/nippun/ros2_course_ws/install/complex_talker_listener:/opt/ros/humble /usr/bin/cmake --install /home/nippun/ros2_course_test/build/timer_action_interface
[12.578s] -- Install configuration: ""
[12.578s] -- Installing: /home/nippun/ros2_course_test/install/timer_action_interface/share/ament_index/resource_index/rosidl_interfaces/timer_action_interface
[12.578s] -- Installing: /home/nippun/ros2_course_test/install/timer_action_interface/include/timer_action_interface/timer_action_interface
[12.578s] -- Installing: /home/nippun/ros2_course_test/install/timer_action_interface/include/timer_action_interface/timer_action_interface/action
[12.578s] -- Installing: /home/nippun/ros2_course_test/install/timer_action_interface/include/timer_action_interface/timer_action_interface/action/detail
[12.579s] -- Installing: /home/nippun/ros2_course_test/install/timer_action_interface/include/timer_action_interface/timer_action_interface/action/detail/timer__type_support.h
[12.579s] -- Installing: /home/nippun/ros2_course_test/install/timer_action_interface/include/timer_action_interface/timer_action_interface/action/detail/timer__functions.h
[12.579s] -- Installing: /home/nippun/ros2_course_test/install/timer_action_interface/include/timer_action_interface/timer_action_interface/action/detail/timer__functions.c
[12.579s] -- Installing: /home/nippun/ros2_course_test/install/timer_action_interface/include/timer_action_interface/timer_action_interface/action/detail/timer__struct.h
[12.579s] -- Installing: /home/nippun/ros2_course_test/install/timer_action_interface/include/timer_action_interface/timer_action_interface/action/timer.h
[12.580s] -- Installing: /home/nippun/ros2_course_test/install/timer_action_interface/include/timer_action_interface/timer_action_interface/msg
[12.580s] -- Installing: /home/nippun/ros2_course_test/install/timer_action_interface/include/timer_action_interface/timer_action_interface/msg/rosidl_generator_c__visibility_control.h
[12.580s] -- Installing: /home/nippun/ros2_course_test/install/timer_action_interface/share/timer_action_interface/environment/library_path.sh
[12.580s] -- Installing: /home/nippun/ros2_course_test/install/timer_action_interface/share/timer_action_interface/environment/library_path.dsv
[12.580s] -- Installing: /home/nippun/ros2_course_test/install/timer_action_interface/lib/libtimer_action_interface__rosidl_generator_c.so
[12.581s] -- Set runtime path of "/home/nippun/ros2_course_test/install/timer_action_interface/lib/libtimer_action_interface__rosidl_generator_c.so" to ""
[12.581s] -- Up-to-date: /home/nippun/ros2_course_test/install/timer_action_interface/include/timer_action_interface/timer_action_interface
[12.581s] -- Up-to-date: /home/nippun/ros2_course_test/install/timer_action_interface/include/timer_action_interface/timer_action_interface/action
[12.581s] -- Up-to-date: /home/nippun/ros2_course_test/install/timer_action_interface/include/timer_action_interface/timer_action_interface/action/detail
[12.581s] -- Installing: /home/nippun/ros2_course_test/install/timer_action_interface/include/timer_action_interface/timer_action_interface/action/detail/timer__rosidl_typesupport_fastrtps_c.h
[12.582s] -- Up-to-date: /home/nippun/ros2_course_test/install/timer_action_interface/include/timer_action_interface/timer_action_interface/msg
[12.582s] -- Installing: /home/nippun/ros2_course_test/install/timer_action_interface/include/timer_action_interface/timer_action_interface/msg/rosidl_typesupport_fastrtps_c__visibility_control.h
[12.582s] -- Installing: /home/nippun/ros2_course_test/install/timer_action_interface/lib/libtimer_action_interface__rosidl_typesupport_fastrtps_c.so
[12.584s] -- Set runtime path of "/home/nippun/ros2_course_test/install/timer_action_interface/lib/libtimer_action_interface__rosidl_typesupport_fastrtps_c.so" to ""
[12.584s] -- Up-to-date: /home/nippun/ros2_course_test/install/timer_action_interface/include/timer_action_interface/timer_action_interface
[12.584s] -- Up-to-date: /home/nippun/ros2_course_test/install/timer_action_interface/include/timer_action_interface/timer_action_interface/action
[12.585s] -- Up-to-date: /home/nippun/ros2_course_test/install/timer_action_interface/include/timer_action_interface/timer_action_interface/action/detail
[12.585s] -- Installing: /home/nippun/ros2_course_test/install/timer_action_interface/include/timer_action_interface/timer_action_interface/action/detail/timer__type_support.c
[12.586s] -- Installing: /home/nippun/ros2_course_test/install/timer_action_interface/include/timer_action_interface/timer_action_interface/action/detail/timer__rosidl_typesupport_introspection_c.h
[12.586s] -- Up-to-date: /home/nippun/ros2_course_test/install/timer_action_interface/include/timer_action_interface/timer_action_interface/msg
[12.587s] -- Installing: /home/nippun/ros2_course_test/install/timer_action_interface/include/timer_action_interface/timer_action_interface/msg/rosidl_typesupport_introspection_c__visibility_control.h
[12.587s] -- Installing: /home/nippun/ros2_course_test/install/timer_action_interface/lib/libtimer_action_interface__rosidl_typesupport_introspection_c.so
[12.587s] -- Set runtime path of "/home/nippun/ros2_course_test/install/timer_action_interface/lib/libtimer_action_interface__rosidl_typesupport_introspection_c.so" to ""
[12.587s] -- Installing: /home/nippun/ros2_course_test/install/timer_action_interface/lib/libtimer_action_interface__rosidl_typesupport_c.so
[12.588s] -- Set runtime path of "/home/nippun/ros2_course_test/install/timer_action_interface/lib/libtimer_action_interface__rosidl_typesupport_c.so" to ""
[12.588s] -- Up-to-date: /home/nippun/ros2_course_test/install/timer_action_interface/include/timer_action_interface/timer_action_interface
[12.588s] -- Up-to-date: /home/nippun/ros2_course_test/install/timer_action_interface/include/timer_action_interface/timer_action_interface/action
[12.588s] -- Installing: /home/nippun/ros2_course_test/install/timer_action_interface/include/timer_action_interface/timer_action_interface/action/timer.hpp
[12.588s] -- Up-to-date: /home/nippun/ros2_course_test/install/timer_action_interface/include/timer_action_interface/timer_action_interface/action/detail
[12.588s] -- Installing: /home/nippun/ros2_course_test/install/timer_action_interface/include/timer_action_interface/timer_action_interface/action/detail/timer__struct.hpp
[12.589s] -- Installing: /home/nippun/ros2_course_test/install/timer_action_interface/include/timer_action_interface/timer_action_interface/action/detail/timer__builder.hpp
[12.589s] -- Installing: /home/nippun/ros2_course_test/install/timer_action_interface/include/timer_action_interface/timer_action_interface/action/detail/timer__traits.hpp
[12.589s] -- Up-to-date: /home/nippun/ros2_course_test/install/timer_action_interface/include/timer_action_interface/timer_action_interface
[12.589s] -- Up-to-date: /home/nippun/ros2_course_test/install/timer_action_interface/include/timer_action_interface/timer_action_interface/action
[12.589s] -- Up-to-date: /home/nippun/ros2_course_test/install/timer_action_interface/include/timer_action_interface/timer_action_interface/action/detail
[12.590s] -- Installing: /home/nippun/ros2_course_test/install/timer_action_interface/include/timer_action_interface/timer_action_interface/action/detail/dds_fastrtps
[12.590s] -- Installing: /home/nippun/ros2_course_test/install/timer_action_interface/include/timer_action_interface/timer_action_interface/action/detail/timer__rosidl_typesupport_fastrtps_cpp.hpp
[12.590s] -- Up-to-date: /home/nippun/ros2_course_test/install/timer_action_interface/include/timer_action_interface/timer_action_interface/msg
[12.590s] -- Installing: /home/nippun/ros2_course_test/install/timer_action_interface/include/timer_action_interface/timer_action_interface/msg/rosidl_typesupport_fastrtps_cpp__visibility_control.h
[12.591s] -- Installing: /home/nippun/ros2_course_test/install/timer_action_interface/lib/libtimer_action_interface__rosidl_typesupport_fastrtps_cpp.so
[12.591s] -- Set runtime path of "/home/nippun/ros2_course_test/install/timer_action_interface/lib/libtimer_action_interface__rosidl_typesupport_fastrtps_cpp.so" to ""
[12.591s] -- Up-to-date: /home/nippun/ros2_course_test/install/timer_action_interface/include/timer_action_interface/timer_action_interface
[12.591s] -- Up-to-date: /home/nippun/ros2_course_test/install/timer_action_interface/include/timer_action_interface/timer_action_interface/action
[12.591s] -- Up-to-date: /home/nippun/ros2_course_test/install/timer_action_interface/include/timer_action_interface/timer_action_interface/action/detail
[12.591s] -- Installing: /home/nippun/ros2_course_test/install/timer_action_interface/include/timer_action_interface/timer_action_interface/action/detail/timer__rosidl_typesupport_introspection_cpp.hpp
[12.592s] -- Installing: /home/nippun/ros2_course_test/install/timer_action_interface/include/timer_action_interface/timer_action_interface/action/detail/timer__type_support.cpp
[12.592s] -- Installing: /home/nippun/ros2_course_test/install/timer_action_interface/lib/libtimer_action_interface__rosidl_typesupport_introspection_cpp.so
[12.592s] -- Set runtime path of "/home/nippun/ros2_course_test/install/timer_action_interface/lib/libtimer_action_interface__rosidl_typesupport_introspection_cpp.so" to ""
[12.592s] -- Installing: /home/nippun/ros2_course_test/install/timer_action_interface/lib/libtimer_action_interface__rosidl_typesupport_cpp.so
[12.592s] -- Set runtime path of "/home/nippun/ros2_course_test/install/timer_action_interface/lib/libtimer_action_interface__rosidl_typesupport_cpp.so" to ""
[12.592s] -- Installing: /home/nippun/ros2_course_test/install/timer_action_interface/share/timer_action_interface/environment/pythonpath.sh
[12.593s] -- Installing: /home/nippun/ros2_course_test/install/timer_action_interface/share/timer_action_interface/environment/pythonpath.dsv
[12.593s] -- Installing: /home/nippun/ros2_course_test/install/timer_action_interface/local/lib/python3.10/dist-packages/timer_action_interface-0.0.0-py3.10.egg-info
[12.593s] -- Installing: /home/nippun/ros2_course_test/install/timer_action_interface/local/lib/python3.10/dist-packages/timer_action_interface-0.0.0-py3.10.egg-info/PKG-INFO
[12.593s] -- Installing: /home/nippun/ros2_course_test/install/timer_action_interface/local/lib/python3.10/dist-packages/timer_action_interface-0.0.0-py3.10.egg-info/dependency_links.txt
[12.593s] -- Installing: /home/nippun/ros2_course_test/install/timer_action_interface/local/lib/python3.10/dist-packages/timer_action_interface-0.0.0-py3.10.egg-info/SOURCES.txt
[12.594s] -- Installing: /home/nippun/ros2_course_test/install/timer_action_interface/local/lib/python3.10/dist-packages/timer_action_interface-0.0.0-py3.10.egg-info/top_level.txt
[12.594s] -- Installing: /home/nippun/ros2_course_test/install/timer_action_interface/local/lib/python3.10/dist-packages/timer_action_interface
[12.594s] -- Installing: /home/nippun/ros2_course_test/install/timer_action_interface/local/lib/python3.10/dist-packages/timer_action_interface/_timer_action_interface_s.ep.rosidl_typesupport_c.c
[12.594s] -- Installing: /home/nippun/ros2_course_test/install/timer_action_interface/local/lib/python3.10/dist-packages/timer_action_interface/libtimer_action_interface__rosidl_generator_py.so
[12.594s] -- Installing: /home/nippun/ros2_course_test/install/timer_action_interface/local/lib/python3.10/dist-packages/timer_action_interface/__init__.py
[12.594s] -- Installing: /home/nippun/ros2_course_test/install/timer_action_interface/local/lib/python3.10/dist-packages/timer_action_interface/_timer_action_interface_s.ep.rosidl_typesupport_fastrtps_c.c
[12.594s] -- Installing: /home/nippun/ros2_course_test/install/timer_action_interface/local/lib/python3.10/dist-packages/timer_action_interface/action
[12.595s] -- Installing: /home/nippun/ros2_course_test/install/timer_action_interface/local/lib/python3.10/dist-packages/timer_action_interface/action/__init__.py
[12.595s] -- Installing: /home/nippun/ros2_course_test/install/timer_action_interface/local/lib/python3.10/dist-packages/timer_action_interface/action/_timer_s.c
[12.595s] -- Installing: /home/nippun/ros2_course_test/install/timer_action_interface/local/lib/python3.10/dist-packages/timer_action_interface/action/_timer.py
[12.595s] -- Installing: /home/nippun/ros2_course_test/install/timer_action_interface/local/lib/python3.10/dist-packages/timer_action_interface/timer_action_interface_s__rosidl_typesupport_fastrtps_c.cpython-310-x86_64-linux-gnu.so
[12.595s] -- Installing: /home/nippun/ros2_course_test/install/timer_action_interface/local/lib/python3.10/dist-packages/timer_action_interface/timer_action_interface_s__rosidl_typesupport_introspection_c.cpython-310-x86_64-linux-gnu.so
[12.595s] -- Installing: /home/nippun/ros2_course_test/install/timer_action_interface/local/lib/python3.10/dist-packages/timer_action_interface/timer_action_interface_s__rosidl_typesupport_c.cpython-310-x86_64-linux-gnu.so
[12.595s] -- Installing: /home/nippun/ros2_course_test/install/timer_action_interface/local/lib/python3.10/dist-packages/timer_action_interface/_timer_action_interface_s.ep.rosidl_typesupport_introspection_c.c
[12.693s] Listing '/home/nippun/ros2_course_test/install/timer_action_interface/local/lib/python3.10/dist-packages/timer_action_interface'...
[12.693s] Compiling '/home/nippun/ros2_course_test/install/timer_action_interface/local/lib/python3.10/dist-packages/timer_action_interface/__init__.py'...
[12.693s] Listing '/home/nippun/ros2_course_test/install/timer_action_interface/local/lib/python3.10/dist-packages/timer_action_interface/action'...
[12.693s] Compiling '/home/nippun/ros2_course_test/install/timer_action_interface/local/lib/python3.10/dist-packages/timer_action_interface/action/__init__.py'...
[12.694s] Compiling '/home/nippun/ros2_course_test/install/timer_action_interface/local/lib/python3.10/dist-packages/timer_action_interface/action/_timer.py'...
[12.701s] -- Installing: /home/nippun/ros2_course_test/install/timer_action_interface/local/lib/python3.10/dist-packages/timer_action_interface/timer_action_interface_s__rosidl_typesupport_fastrtps_c.cpython-310-x86_64-linux-gnu.so
[12.701s] -- Set runtime path of "/home/nippun/ros2_course_test/install/timer_action_interface/local/lib/python3.10/dist-packages/timer_action_interface/timer_action_interface_s__rosidl_typesupport_fastrtps_c.cpython-310-x86_64-linux-gnu.so" to ""
[12.701s] -- Installing: /home/nippun/ros2_course_test/install/timer_action_interface/local/lib/python3.10/dist-packages/timer_action_interface/timer_action_interface_s__rosidl_typesupport_introspection_c.cpython-310-x86_64-linux-gnu.so
[12.702s] -- Set runtime path of "/home/nippun/ros2_course_test/install/timer_action_interface/local/lib/python3.10/dist-packages/timer_action_interface/timer_action_interface_s__rosidl_typesupport_introspection_c.cpython-310-x86_64-linux-gnu.so" to ""
[12.702s] -- Installing: /home/nippun/ros2_course_test/install/timer_action_interface/local/lib/python3.10/dist-packages/timer_action_interface/timer_action_interface_s__rosidl_typesupport_c.cpython-310-x86_64-linux-gnu.so
[12.703s] -- Set runtime path of "/home/nippun/ros2_course_test/install/timer_action_interface/local/lib/python3.10/dist-packages/timer_action_interface/timer_action_interface_s__rosidl_typesupport_c.cpython-310-x86_64-linux-gnu.so" to ""
[12.703s] -- Installing: /home/nippun/ros2_course_test/install/timer_action_interface/lib/libtimer_action_interface__rosidl_generator_py.so
[12.704s] -- Set runtime path of "/home/nippun/ros2_course_test/install/timer_action_interface/lib/libtimer_action_interface__rosidl_generator_py.so" to ""
[12.704s] -- Installing: /home/nippun/ros2_course_test/install/timer_action_interface/share/timer_action_interface/action/Timer.idl
[12.704s] -- Installing: /home/nippun/ros2_course_test/install/timer_action_interface/share/timer_action_interface/action/Timer.action
[12.705s] -- Installing: /home/nippun/ros2_course_test/install/timer_action_interface/share/ament_index/resource_index/package_run_dependencies/timer_action_interface
[12.705s] -- Installing: /home/nippun/ros2_course_test/install/timer_action_interface/share/ament_index/resource_index/parent_prefix_path/timer_action_interface
[12.705s] -- Installing: /home/nippun/ros2_course_test/install/timer_action_interface/share/timer_action_interface/environment/ament_prefix_path.sh
[12.705s] -- Installing: /home/nippun/ros2_course_test/install/timer_action_interface/share/timer_action_interface/environment/ament_prefix_path.dsv
[12.705s] -- Installing: /home/nippun/ros2_course_test/install/timer_action_interface/share/timer_action_interface/environment/path.sh
[12.706s] -- Installing: /home/nippun/ros2_course_test/install/timer_action_interface/share/timer_action_interface/environment/path.dsv
[12.706s] -- Installing: /home/nippun/ros2_course_test/install/timer_action_interface/share/timer_action_interface/local_setup.bash
[12.706s] -- Installing: /home/nippun/ros2_course_test/install/timer_action_interface/share/timer_action_interface/local_setup.sh
[12.706s] -- Installing: /home/nippun/ros2_course_test/install/timer_action_interface/share/timer_action_interface/local_setup.zsh
[12.707s] -- Installing: /home/nippun/ros2_course_test/install/timer_action_interface/share/timer_action_interface/local_setup.dsv
[12.707s] -- Installing: /home/nippun/ros2_course_test/install/timer_action_interface/share/timer_action_interface/package.dsv
[12.707s] -- Installing: /home/nippun/ros2_course_test/install/timer_action_interface/share/ament_index/resource_index/packages/timer_action_interface
[12.708s] -- Installing: /home/nippun/ros2_course_test/install/timer_action_interface/share/timer_action_interface/cmake/export_timer_action_interface__rosidl_generator_cExport.cmake
[12.708s] -- Installing: /home/nippun/ros2_course_test/install/timer_action_interface/share/timer_action_interface/cmake/export_timer_action_interface__rosidl_generator_cExport-noconfig.cmake
[12.708s] -- Installing: /home/nippun/ros2_course_test/install/timer_action_interface/share/timer_action_interface/cmake/export_timer_action_interface__rosidl_typesupport_fastrtps_cExport.cmake
[12.709s] -- Installing: /home/nippun/ros2_course_test/install/timer_action_interface/share/timer_action_interface/cmake/export_timer_action_interface__rosidl_typesupport_fastrtps_cExport-noconfig.cmake
[12.709s] -- Installing: /home/nippun/ros2_course_test/install/timer_action_interface/share/timer_action_interface/cmake/timer_action_interface__rosidl_typesupport_introspection_cExport.cmake
[12.709s] -- Installing: /home/nippun/ros2_course_test/install/timer_action_interface/share/timer_action_interface/cmake/timer_action_interface__rosidl_typesupport_introspection_cExport-noconfig.cmake
[12.710s] -- Installing: /home/nippun/ros2_course_test/install/timer_action_interface/share/timer_action_interface/cmake/timer_action_interface__rosidl_typesupport_cExport.cmake
[12.710s] -- Installing: /home/nippun/ros2_course_test/install/timer_action_interface/share/timer_action_interface/cmake/timer_action_interface__rosidl_typesupport_cExport-noconfig.cmake
[12.710s] -- Installing: /home/nippun/ros2_course_test/install/timer_action_interface/share/timer_action_interface/cmake/export_timer_action_interface__rosidl_generator_cppExport.cmake
[12.711s] -- Installing: /home/nippun/ros2_course_test/install/timer_action_interface/share/timer_action_interface/cmake/export_timer_action_interface__rosidl_typesupport_fastrtps_cppExport.cmake
[12.711s] -- Installing: /home/nippun/ros2_course_test/install/timer_action_interface/share/timer_action_interface/cmake/export_timer_action_interface__rosidl_typesupport_fastrtps_cppExport-noconfig.cmake
[12.711s] -- Installing: /home/nippun/ros2_course_test/install/timer_action_interface/share/timer_action_interface/cmake/timer_action_interface__rosidl_typesupport_introspection_cppExport.cmake
[12.712s] -- Installing: /home/nippun/ros2_course_test/install/timer_action_interface/share/timer_action_interface/cmake/timer_action_interface__rosidl_typesupport_introspection_cppExport-noconfig.cmake
[12.712s] -- Installing: /home/nippun/ros2_course_test/install/timer_action_interface/share/timer_action_interface/cmake/timer_action_interface__rosidl_typesupport_cppExport.cmake
[12.712s] -- Installing: /home/nippun/ros2_course_test/install/timer_action_interface/share/timer_action_interface/cmake/timer_action_interface__rosidl_typesupport_cppExport-noconfig.cmake
[12.712s] -- Installing: /home/nippun/ros2_course_test/install/timer_action_interface/share/timer_action_interface/cmake/export_timer_action_interface__rosidl_generator_pyExport.cmake
[12.713s] -- Installing: /home/nippun/ros2_course_test/install/timer_action_interface/share/timer_action_interface/cmake/export_timer_action_interface__rosidl_generator_pyExport-noconfig.cmake
[12.713s] -- Installing: /home/nippun/ros2_course_test/install/timer_action_interface/share/timer_action_interface/cmake/rosidl_cmake-extras.cmake
[12.713s] -- Installing: /home/nippun/ros2_course_test/install/timer_action_interface/share/timer_action_interface/cmake/ament_cmake_export_dependencies-extras.cmake
[12.714s] -- Installing: /home/nippun/ros2_course_test/install/timer_action_interface/share/timer_action_interface/cmake/ament_cmake_export_include_directories-extras.cmake
[12.714s] -- Installing: /home/nippun/ros2_course_test/install/timer_action_interface/share/timer_action_interface/cmake/ament_cmake_export_libraries-extras.cmake
[12.714s] -- Installing: /home/nippun/ros2_course_test/install/timer_action_interface/share/timer_action_interface/cmake/ament_cmake_export_targets-extras.cmake
[12.714s] -- Installing: /home/nippun/ros2_course_test/install/timer_action_interface/share/timer_action_interface/cmake/rosidl_cmake_export_typesupport_targets-extras.cmake
[12.715s] -- Installing: /home/nippun/ros2_course_test/install/timer_action_interface/share/timer_action_interface/cmake/rosidl_cmake_export_typesupport_libraries-extras.cmake
[12.715s] -- Installing: /home/nippun/ros2_course_test/install/timer_action_interface/share/timer_action_interface/cmake/timer_action_interfaceConfig.cmake
[12.715s] -- Installing: /home/nippun/ros2_course_test/install/timer_action_interface/share/timer_action_interface/cmake/timer_action_interfaceConfig-version.cmake
[12.715s] -- Installing: /home/nippun/ros2_course_test/install/timer_action_interface/share/timer_action_interface/package.xml
[12.719s] Invoked command in '/home/nippun/ros2_course_test/build/timer_action_interface' returned '0': CMAKE_PREFIX_PATH=${CMAKE_PREFIX_PATH}:/home/nippun/ros2_course_test/install/word_count:/home/nippun/ros2_course_test/install/turtlesim_control:/home/nippun/ros2_course_test/install/talker_listener:/home/nippun/ros2_course_test/install/my_first_package:/home/nippun/ros2_course_test/install/complex_talker_listener:/home/nippun/ros2_course_test/install/adding_integers:/home/nippun/ros2_ws/install/tele_op:/home/nippun/ros2_ws/install/talker_listner:/home/nippun/ros2_ws/install/my_first_package:/home/nippun/ros2_ws/install/example:/home/nippun/ros2_course_ws/install/my_first_package:/home/nippun/ros2_course_ws/install/complex_talker_listener:/opt/ros/humble /usr/bin/cmake --install /home/nippun/ros2_course_test/build/timer_action_interface
