running egg_info
creating ../../build/my_first_package/my_first_package.egg-info
writing ../../build/my_first_package/my_first_package.egg-info/PKG-INFO
writing dependency_links to ../../build/my_first_package/my_first_package.egg-info/dependency_links.txt
writing entry points to ../../build/my_first_package/my_first_package.egg-info/entry_points.txt
writing requirements to ../../build/my_first_package/my_first_package.egg-info/requires.txt
writing top-level names to ../../build/my_first_package/my_first_package.egg-info/top_level.txt
writing manifest file '../../build/my_first_package/my_first_package.egg-info/SOURCES.txt'
reading manifest file '../../build/my_first_package/my_first_package.egg-info/SOURCES.txt'
writing manifest file '../../build/my_first_package/my_first_package.egg-info/SOURCES.txt'
running build
running build_py
creating /home/nippun/ros2_course_test/build/my_first_package/build
creating /home/nippun/ros2_course_test/build/my_first_package/build/lib
creating /home/nippun/ros2_course_test/build/my_first_package/build/lib/my_first_package
copying my_first_package/__init__.py -> /home/nippun/ros2_course_test/build/my_first_package/build/lib/my_first_package
copying my_first_package/my_node.py -> /home/nippun/ros2_course_test/build/my_first_package/build/lib/my_first_package
running install
running install_lib
creating /home/nippun/ros2_course_test/install/my_first_package/lib/python3.10/site-packages/my_first_package
copying /home/nippun/ros2_course_test/build/my_first_package/build/lib/my_first_package/__init__.py -> /home/nippun/ros2_course_test/install/my_first_package/lib/python3.10/site-packages/my_first_package
copying /home/nippun/ros2_course_test/build/my_first_package/build/lib/my_first_package/my_node.py -> /home/nippun/ros2_course_test/install/my_first_package/lib/python3.10/site-packages/my_first_package
byte-compiling /home/nippun/ros2_course_test/install/my_first_package/lib/python3.10/site-packages/my_first_package/__init__.py to __init__.cpython-310.pyc
byte-compiling /home/nippun/ros2_course_test/install/my_first_package/lib/python3.10/site-packages/my_first_package/my_node.py to my_node.cpython-310.pyc
running install_data
creating /home/nippun/ros2_course_test/install/my_first_package/share/ament_index
creating /home/nippun/ros2_course_test/install/my_first_package/share/ament_index/resource_index
creating /home/nippun/ros2_course_test/install/my_first_package/share/ament_index/resource_index/packages
copying resource/my_first_package -> /home/nippun/ros2_course_test/install/my_first_package/share/ament_index/resource_index/packages
copying package.xml -> /home/nippun/ros2_course_test/install/my_first_package/share/my_first_package
running install_egg_info
Copying ../../build/my_first_package/my_first_package.egg-info to /home/nippun/ros2_course_test/install/my_first_package/lib/python3.10/site-packages/my_first_package-0.0.0-py3.10.egg-info
running install_scripts
Installing my_node script to /home/nippun/ros2_course_test/install/my_first_package/lib/my_first_package
writing list of installed files to '/home/nippun/ros2_course_test/build/my_first_package/install.log'
