[3.488s] Invoking command in '/home/nippun/ros2_course_test/src/my_first_package': PYTHONPATH=/home/nippun/ros2_course_test/build/my_first_package/prefix_override:/home/nippun/ros2_course_test/install/my_first_package/lib/python3.10/site-packages:${PYTHONPATH} /usr/bin/python3 setup.py egg_info --egg-base ../../build/my_first_package build --build-base /home/nippun/ros2_course_test/build/my_first_package/build install --record /home/nippun/ros2_course_test/build/my_first_package/install.log --single-version-externally-managed
[3.904s] running egg_info
[3.904s] creating ../../build/my_first_package/my_first_package.egg-info
[3.905s] writing ../../build/my_first_package/my_first_package.egg-info/PKG-INFO
[3.905s] writing dependency_links to ../../build/my_first_package/my_first_package.egg-info/dependency_links.txt
[3.905s] writing entry points to ../../build/my_first_package/my_first_package.egg-info/entry_points.txt
[3.905s] writing requirements to ../../build/my_first_package/my_first_package.egg-info/requires.txt
[3.905s] writing top-level names to ../../build/my_first_package/my_first_package.egg-info/top_level.txt
[3.906s] writing manifest file '../../build/my_first_package/my_first_package.egg-info/SOURCES.txt'
[3.908s] reading manifest file '../../build/my_first_package/my_first_package.egg-info/SOURCES.txt'
[3.909s] writing manifest file '../../build/my_first_package/my_first_package.egg-info/SOURCES.txt'
[3.909s] running build
[3.910s] running build_py
[3.910s] creating /home/nippun/ros2_course_test/build/my_first_package/build
[3.910s] creating /home/nippun/ros2_course_test/build/my_first_package/build/lib
[3.910s] creating /home/nippun/ros2_course_test/build/my_first_package/build/lib/my_first_package
[3.911s] copying my_first_package/__init__.py -> /home/nippun/ros2_course_test/build/my_first_package/build/lib/my_first_package
[3.911s] copying my_first_package/my_node.py -> /home/nippun/ros2_course_test/build/my_first_package/build/lib/my_first_package
[3.943s] running install
[3.944s] running install_lib
[3.945s] creating /home/nippun/ros2_course_test/install/my_first_package/lib/python3.10/site-packages/my_first_package
[3.945s] copying /home/nippun/ros2_course_test/build/my_first_package/build/lib/my_first_package/__init__.py -> /home/nippun/ros2_course_test/install/my_first_package/lib/python3.10/site-packages/my_first_package
[3.945s] copying /home/nippun/ros2_course_test/build/my_first_package/build/lib/my_first_package/my_node.py -> /home/nippun/ros2_course_test/install/my_first_package/lib/python3.10/site-packages/my_first_package
[3.946s] byte-compiling /home/nippun/ros2_course_test/install/my_first_package/lib/python3.10/site-packages/my_first_package/__init__.py to __init__.cpython-310.pyc
[3.964s] byte-compiling /home/nippun/ros2_course_test/install/my_first_package/lib/python3.10/site-packages/my_first_package/my_node.py to my_node.cpython-310.pyc
[3.964s] running install_data
[3.965s] creating /home/nippun/ros2_course_test/install/my_first_package/share/ament_index
[3.965s] creating /home/nippun/ros2_course_test/install/my_first_package/share/ament_index/resource_index
[3.966s] creating /home/nippun/ros2_course_test/install/my_first_package/share/ament_index/resource_index/packages
[3.966s] copying resource/my_first_package -> /home/nippun/ros2_course_test/install/my_first_package/share/ament_index/resource_index/packages
[3.966s] copying package.xml -> /home/nippun/ros2_course_test/install/my_first_package/share/my_first_package
[3.966s] running install_egg_info
[3.968s] Copying ../../build/my_first_package/my_first_package.egg-info to /home/nippun/ros2_course_test/install/my_first_package/lib/python3.10/site-packages/my_first_package-0.0.0-py3.10.egg-info
[3.970s] running install_scripts
[3.996s] Installing my_node script to /home/nippun/ros2_course_test/install/my_first_package/lib/my_first_package
[3.996s] writing list of installed files to '/home/nippun/ros2_course_test/build/my_first_package/install.log'
[4.040s] Invoked command in '/home/nippun/ros2_course_test/src/my_first_package' returned '0': PYTHONPATH=/home/nippun/ros2_course_test/build/my_first_package/prefix_override:/home/nippun/ros2_course_test/install/my_first_package/lib/python3.10/site-packages:${PYTHONPATH} /usr/bin/python3 setup.py egg_info --egg-base ../../build/my_first_package build --build-base /home/nippun/ros2_course_test/build/my_first_package/build install --record /home/nippun/ros2_course_test/build/my_first_package/install.log --single-version-externally-managed
