[3.311s] Invoking command in '/home/nippun/ros2_course_test/src/talker_listener': PYTHONPATH=/home/nippun/ros2_course_test/build/talker_listener/prefix_override:/home/nippun/ros2_course_test/install/talker_listener/lib/python3.10/site-packages:${PYTHONPATH} /usr/bin/python3 setup.py egg_info --egg-base ../../build/talker_listener build --build-base /home/nippun/ros2_course_test/build/talker_listener/build install --record /home/nippun/ros2_course_test/build/talker_listener/install.log --single-version-externally-managed
[3.718s] running egg_info
[3.719s] creating ../../build/talker_listener/talker_listener.egg-info
[3.720s] writing ../../build/talker_listener/talker_listener.egg-info/PKG-INFO
[3.720s] writing dependency_links to ../../build/talker_listener/talker_listener.egg-info/dependency_links.txt
[3.720s] writing entry points to ../../build/talker_listener/talker_listener.egg-info/entry_points.txt
[3.720s] writing requirements to ../../build/talker_listener/talker_listener.egg-info/requires.txt
[3.720s] writing top-level names to ../../build/talker_listener/talker_listener.egg-info/top_level.txt
[3.721s] writing manifest file '../../build/talker_listener/talker_listener.egg-info/SOURCES.txt'
[3.724s] reading manifest file '../../build/talker_listener/talker_listener.egg-info/SOURCES.txt'
[3.724s] writing manifest file '../../build/talker_listener/talker_listener.egg-info/SOURCES.txt'
[3.725s] running build
[3.725s] running build_py
[3.725s] creating /home/nippun/ros2_course_test/build/talker_listener/build
[3.725s] creating /home/nippun/ros2_course_test/build/talker_listener/build/lib
[3.726s] creating /home/nippun/ros2_course_test/build/talker_listener/build/lib/talker_listener
[3.726s] copying talker_listener/__init__.py -> /home/nippun/ros2_course_test/build/talker_listener/build/lib/talker_listener
[3.726s] copying talker_listener/talker.py -> /home/nippun/ros2_course_test/build/talker_listener/build/lib/talker_listener
[3.726s] copying talker_listener/listener.py -> /home/nippun/ros2_course_test/build/talker_listener/build/lib/talker_listener
[3.727s] running install
[3.749s] /usr/lib/python3/dist-packages/setuptools/command/install.py:34: SetuptoolsDeprecationWarning: setup.py install is deprecated. Use build and pip and other standards-based tools.
[3.749s]   warnings.warn(
[3.750s] running install_lib
[3.752s] creating /home/nippun/ros2_course_test/install/talker_listener/lib/python3.10/site-packages/talker_listener
[3.752s] copying /home/nippun/ros2_course_test/build/talker_listener/build/lib/talker_listener/__init__.py -> /home/nippun/ros2_course_test/install/talker_listener/lib/python3.10/site-packages/talker_listener
[3.753s] copying /home/nippun/ros2_course_test/build/talker_listener/build/lib/talker_listener/talker.py -> /home/nippun/ros2_course_test/install/talker_listener/lib/python3.10/site-packages/talker_listener
[3.753s] copying /home/nippun/ros2_course_test/build/talker_listener/build/lib/talker_listener/listener.py -> /home/nippun/ros2_course_test/install/talker_listener/lib/python3.10/site-packages/talker_listener
[3.753s] byte-compiling /home/nippun/ros2_course_test/install/talker_listener/lib/python3.10/site-packages/talker_listener/__init__.py to __init__.cpython-310.pyc
[3.753s] byte-compiling /home/nippun/ros2_course_test/install/talker_listener/lib/python3.10/site-packages/talker_listener/talker.py to talker.cpython-310.pyc
[3.754s] Sorry: IndentationError: unindent does not match any outer indentation level (talker.py, line 31)
[3.754s] byte-compiling /home/nippun/ros2_course_test/install/talker_listener/lib/python3.10/site-packages/talker_listener/listener.py to listener.cpython-310.pyc
[3.755s] running install_data
[3.756s] creating /home/nippun/ros2_course_test/install/talker_listener/share/ament_index
[3.756s] creating /home/nippun/ros2_course_test/install/talker_listener/share/ament_index/resource_index
[3.756s] creating /home/nippun/ros2_course_test/install/talker_listener/share/ament_index/resource_index/packages
[3.756s] copying resource/talker_listener -> /home/nippun/ros2_course_test/install/talker_listener/share/ament_index/resource_index/packages
[3.756s] copying package.xml -> /home/nippun/ros2_course_test/install/talker_listener/share/talker_listener
[3.757s] running install_egg_info
[3.759s] Copying ../../build/talker_listener/talker_listener.egg-info to /home/nippun/ros2_course_test/install/talker_listener/lib/python3.10/site-packages/talker_listener-0.0.0-py3.10.egg-info
[3.760s] running install_scripts
[3.790s] Installing listener script to /home/nippun/ros2_course_test/install/talker_listener/lib/talker_listener
[3.790s] Installing talker script to /home/nippun/ros2_course_test/install/talker_listener/lib/talker_listener
[3.790s] writing list of installed files to '/home/nippun/ros2_course_test/build/talker_listener/install.log'
[3.830s] Invoked command in '/home/nippun/ros2_course_test/src/talker_listener' returned '0': PYTHONPATH=/home/nippun/ros2_course_test/build/talker_listener/prefix_override:/home/nippun/ros2_course_test/install/talker_listener/lib/python3.10/site-packages:${PYTHONPATH} /usr/bin/python3 setup.py egg_info --egg-base ../../build/talker_listener build --build-base /home/nippun/ros2_course_test/build/talker_listener/build install --record /home/nippun/ros2_course_test/build/talker_listener/install.log --single-version-externally-managed
