-- Found ament_cmake: 1.3.3 (/opt/ros/humble/share/ament_cmake/cmake)
-- Found rosidl_default_generators: 1.2.0 (/opt/ros/humble/share/rosidl_default_generators/cmake)
-- Using all available rosidl_typesupport_c: rosidl_typesupport_fastrtps_c;rosidl_typesupport_introspection_c
-- Found rosidl_adapter: 3.1.4 (/opt/ros/humble/share/rosidl_adapter/cmake)
-- Using all available rosidl_typesupport_cpp: rosidl_typesupport_fastrtps_cpp;rosidl_typesupport_introspection_cpp
[31mCMake Error at /opt/ros/humble/share/rosidl_adapter/cmake/rosidl_adapt_interfaces.cmake:59 (message):
  execute_process(/usr/bin/python3.10 -m rosidl_adapter --package-name
  timer_action_interface --arguments-file
  /home/nippun/ros2_course_test/build/timer_action_interface/rosidl_adapter__arguments__timer_action_interface.json
  --output-dir
  /home/nippun/ros2_course_test/build/timer_action_interface/rosidl_adapter/timer_action_interface
  --output-file
  /home/nippun/ros2_course_test/build/timer_action_interface/rosidl_adapter/timer_action_interface.idls)
  returned error code 1:

  KeyError processing template 'struct.idl.em': 'duration'

Call Stack (most recent call first):
  /opt/ros/humble/share/rosidl_cmake/cmake/rosidl_generate_interfaces.cmake:130 (rosidl_adapt_interfaces)
  CMakeLists.txt:16 (rosidl_generate_interfaces)

[0m
-- Configuring incomplete, errors occurred!
See also "/home/nippun/ros2_course_test/build/timer_action_interface/CMakeFiles/CMakeOutput.log".
