[0.027s] Invoking command in '/home/nippun/ros2_course_test/build/timer_action_interface': CMAKE_PREFIX_PATH=${CMAKE_PREFIX_PATH}:/home/nippun/ros2_course_test/install/word_count:/home/nippun/ros2_course_test/install/turtlesim_control:/home/nippun/ros2_course_test/install/talker_listener:/home/nippun/ros2_course_test/install/my_first_package:/home/nippun/ros2_course_test/install/complex_talker_listener:/home/nippun/ros2_course_test/install/adding_integers:/home/nippun/ros2_ws/install/tele_op:/home/nippun/ros2_ws/install/talker_listner:/home/nippun/ros2_ws/install/my_first_package:/home/nippun/ros2_ws/install/example:/home/nippun/ros2_course_ws/install/my_first_package:/home/nippun/ros2_course_ws/install/complex_talker_listener:/opt/ros/humble /usr/bin/cmake --build /home/nippun/ros2_course_test/build/timer_action_interface -- -j4 -l4
[0.060s] -- Found ament_cmake: 1.3.3 (/opt/ros/humble/share/ament_cmake/cmake)
[0.311s] -- Found std_msgs: 4.2.3 (/opt/ros/humble/share/std_msgs/cmake)
[0.372s] -- Found rosidl_generator_c: 3.1.4 (/opt/ros/humble/share/rosidl_generator_c/cmake)
[0.377s] -- Found rosidl_adapter: 3.1.4 (/opt/ros/humble/share/rosidl_adapter/cmake)
[0.387s] -- Found rosidl_generator_cpp: 3.1.4 (/opt/ros/humble/share/rosidl_generator_cpp/cmake)
[0.405s] -- Using all available rosidl_typesupport_c: rosidl_typesupport_fastrtps_c;rosidl_typesupport_introspection_c
[0.436s] -- Using all available rosidl_typesupport_cpp: rosidl_typesupport_fastrtps_cpp;rosidl_typesupport_introspection_cpp
[0.532s] -- Found rosidl_default_generators: 1.2.0 (/opt/ros/humble/share/rosidl_default_generators/cmake)
[0.550s] [31mCMake Error at /opt/ros/humble/share/rosidl_cmake/cmake/rosidl_generate_interfaces.cmake:93 (message):
[0.550s]   rosidl_generate_interfaces() the passed file 'action/Fibonacci.action'
[0.550s]   doesn't exist relative to the CMAKE_CURRENT_SOURCE_DIR
[0.551s]   '/home/nippun/ros2_course_test/src/timer_action_interface'
[0.551s] Call Stack (most recent call first):
[0.551s]   CMakeLists.txt:13 (rosidl_generate_interfaces)
[0.551s] 
[0.551s] [0m
[0.551s] -- Configuring incomplete, errors occurred!
[0.552s] See also "/home/nippun/ros2_course_test/build/timer_action_interface/CMakeFiles/CMakeOutput.log".
[0.561s] gmake: *** [Makefile:226: cmake_check_build_system] Error 1
[0.563s] Invoked command in '/home/nippun/ros2_course_test/build/timer_action_interface' returned '2': CMAKE_PREFIX_PATH=${CMAKE_PREFIX_PATH}:/home/nippun/ros2_course_test/install/word_count:/home/nippun/ros2_course_test/install/turtlesim_control:/home/nippun/ros2_course_test/install/talker_listener:/home/nippun/ros2_course_test/install/my_first_package:/home/nippun/ros2_course_test/install/complex_talker_listener:/home/nippun/ros2_course_test/install/adding_integers:/home/nippun/ros2_ws/install/tele_op:/home/nippun/ros2_ws/install/talker_listner:/home/nippun/ros2_ws/install/my_first_package:/home/nippun/ros2_ws/install/example:/home/nippun/ros2_course_ws/install/my_first_package:/home/nippun/ros2_course_ws/install/complex_talker_listener:/opt/ros/humble /usr/bin/cmake --build /home/nippun/ros2_course_test/build/timer_action_interface -- -j4 -l4
