[1.178s] Invoking command in '/home/nippun/ros2_course_test/src/turtlesim_control': PYTHONPATH=/home/nippun/ros2_course_test/build/turtlesim_control/prefix_override:/home/nippun/ros2_course_test/install/turtlesim_control/lib/python3.10/site-packages:${PYTHONPATH} /usr/bin/python3 setup.py egg_info --egg-base ../../build/turtlesim_control build --build-base /home/nippun/ros2_course_test/build/turtlesim_control/build install --record /home/nippun/ros2_course_test/build/turtlesim_control/install.log --single-version-externally-managed
[1.604s] running egg_info
[1.605s] creating ../../build/turtlesim_control/turtlesim_control.egg-info
[1.605s] writing ../../build/turtlesim_control/turtlesim_control.egg-info/PKG-INFO
[1.605s] writing dependency_links to ../../build/turtlesim_control/turtlesim_control.egg-info/dependency_links.txt
[1.606s] writing entry points to ../../build/turtlesim_control/turtlesim_control.egg-info/entry_points.txt
[1.606s] writing requirements to ../../build/turtlesim_control/turtlesim_control.egg-info/requires.txt
[1.606s] writing top-level names to ../../build/turtlesim_control/turtlesim_control.egg-info/top_level.txt
[1.606s] writing manifest file '../../build/turtlesim_control/turtlesim_control.egg-info/SOURCES.txt'
[1.609s] reading manifest file '../../build/turtlesim_control/turtlesim_control.egg-info/SOURCES.txt'
[1.610s] writing manifest file '../../build/turtlesim_control/turtlesim_control.egg-info/SOURCES.txt'
[1.610s] running build
[1.610s] running build_py
[1.610s] creating /home/nippun/ros2_course_test/build/turtlesim_control/build
[1.611s] creating /home/nippun/ros2_course_test/build/turtlesim_control/build/lib
[1.611s] creating /home/nippun/ros2_course_test/build/turtlesim_control/build/lib/turtlesim_control
[1.611s] copying turtlesim_control/turtle_control.py -> /home/nippun/ros2_course_test/build/turtlesim_control/build/lib/turtlesim_control
[1.611s] copying turtlesim_control/__init__.py -> /home/nippun/ros2_course_test/build/turtlesim_control/build/lib/turtlesim_control
[1.611s] running install
[1.611s] running install_lib
[1.612s] creating /home/nippun/ros2_course_test/install/turtlesim_control/lib/python3.10/site-packages/turtlesim_control
[1.613s] copying /home/nippun/ros2_course_test/build/turtlesim_control/build/lib/turtlesim_control/turtle_control.py -> /home/nippun/ros2_course_test/install/turtlesim_control/lib/python3.10/site-packages/turtlesim_control
[1.613s] copying /home/nippun/ros2_course_test/build/turtlesim_control/build/lib/turtlesim_control/__init__.py -> /home/nippun/ros2_course_test/install/turtlesim_control/lib/python3.10/site-packages/turtlesim_control
[1.614s] byte-compiling /home/nippun/ros2_course_test/install/turtlesim_control/lib/python3.10/site-packages/turtlesim_control/turtle_control.py to turtle_control.cpython-310.pyc
[1.614s] Sorry: IndentationError: expected an indented block after function definition on line 27 (turtle_control.py, line 29)
[1.615s] byte-compiling /home/nippun/ros2_course_test/install/turtlesim_control/lib/python3.10/site-packages/turtlesim_control/__init__.py to __init__.cpython-310.pyc
[1.615s] running install_data
[1.616s] creating /home/nippun/ros2_course_test/install/turtlesim_control/share/ament_index
[1.616s] creating /home/nippun/ros2_course_test/install/turtlesim_control/share/ament_index/resource_index
[1.616s] creating /home/nippun/ros2_course_test/install/turtlesim_control/share/ament_index/resource_index/packages
[1.617s] copying resource/turtlesim_control -> /home/nippun/ros2_course_test/install/turtlesim_control/share/ament_index/resource_index/packages
[1.617s] copying package.xml -> /home/nippun/ros2_course_test/install/turtlesim_control/share/turtlesim_control
[1.617s] running install_egg_info
[1.619s] Copying ../../build/turtlesim_control/turtlesim_control.egg-info to /home/nippun/ros2_course_test/install/turtlesim_control/lib/python3.10/site-packages/turtlesim_control-0.0.0-py3.10.egg-info
[1.620s] running install_scripts
[1.650s] Installing turtle_move script to /home/nippun/ros2_course_test/install/turtlesim_control/lib/turtlesim_control
[1.651s] writing list of installed files to '/home/nippun/ros2_course_test/build/turtlesim_control/install.log'
[1.693s] Invoked command in '/home/nippun/ros2_course_test/src/turtlesim_control' returned '0': PYTHONPATH=/home/nippun/ros2_course_test/build/turtlesim_control/prefix_override:/home/nippun/ros2_course_test/install/turtlesim_control/lib/python3.10/site-packages:${PYTHONPATH} /usr/bin/python3 setup.py egg_info --egg-base ../../build/turtlesim_control build --build-base /home/nippun/ros2_course_test/build/turtlesim_control/build install --record /home/nippun/ros2_course_test/build/turtlesim_control/install.log --single-version-externally-managed
