running egg_info
writing ../../build/adding_integers/adding_integers.egg-info/PKG-INFO
writing dependency_links to ../../build/adding_integers/adding_integers.egg-info/dependency_links.txt
writing entry points to ../../build/adding_integers/adding_integers.egg-info/entry_points.txt
writing requirements to ../../build/adding_integers/adding_integers.egg-info/requires.txt
writing top-level names to ../../build/adding_integers/adding_integers.egg-info/top_level.txt
reading manifest file '../../build/adding_integers/adding_integers.egg-info/SOURCES.txt'
writing manifest file '../../build/adding_integers/adding_integers.egg-info/SOURCES.txt'
running build
running build_py
running install
running install_lib
running install_data
running install_egg_info
removing '/home/nippun/ros2_course_test/install/adding_integers/lib/python3.10/site-packages/adding_integers-0.0.0-py3.10.egg-info' (and everything under it)
Copying ../../build/adding_integers/adding_integers.egg-info to /home/nippun/ros2_course_test/install/adding_integers/lib/python3.10/site-packages/adding_integers-0.0.0-py3.10.egg-info
running install_scripts
Installing adding_client script to /home/nippun/ros2_course_test/install/adding_integers/lib/adding_integers
Installing adding_service script to /home/nippun/ros2_course_test/install/adding_integers/lib/adding_integers
writing list of installed files to '/home/nippun/ros2_course_test/build/adding_integers/install.log'
