[0.024s] Invoking command in '/home/nippun/ros2_course_test/build/timer_action_interface': CMAKE_PREFIX_PATH=${CMAKE_PREFIX_PATH}:/home/nippun/ros2_course_test/install/word_count:/home/nippun/ros2_course_test/install/turtlesim_control:/home/nippun/ros2_course_test/install/talker_listener:/home/nippun/ros2_course_test/install/my_first_package:/home/nippun/ros2_course_test/install/complex_talker_listener:/home/nippun/ros2_course_test/install/adding_integers:/home/nippun/ros2_ws/install/tele_op:/home/nippun/ros2_ws/install/talker_listner:/home/nippun/ros2_ws/install/my_first_package:/home/nippun/ros2_ws/install/example:/home/nippun/ros2_course_ws/install/my_first_package:/home/nippun/ros2_course_ws/install/complex_talker_listener:/opt/ros/humble /usr/bin/cmake /home/nippun/ros2_course_test/src/timer_action_interface -DCMAKE_INSTALL_PREFIX=/home/nippun/ros2_course_test/install/timer_action_interface
[0.045s] -- Found ament_cmake: 1.3.3 (/opt/ros/humble/share/ament_cmake/cmake)
[0.319s] -- Found rosidl_default_generators: 1.2.0 (/opt/ros/humble/share/rosidl_default_generators/cmake)
[0.329s] -- Using all available rosidl_typesupport_c: rosidl_typesupport_fastrtps_c;rosidl_typesupport_introspection_c
[0.339s] -- Found rosidl_adapter: 3.1.4 (/opt/ros/humble/share/rosidl_adapter/cmake)
[0.403s] -- Using all available rosidl_typesupport_cpp: rosidl_typesupport_fastrtps_cpp;rosidl_typesupport_introspection_cpp
[0.647s] [31mCMake Error at /opt/ros/humble/share/rosidl_adapter/cmake/rosidl_adapt_interfaces.cmake:59 (message):
[0.648s]   execute_process(/usr/bin/python3.10 -m rosidl_adapter --package-name
[0.648s]   timer_action_interface --arguments-file
[0.648s]   /home/nippun/ros2_course_test/build/timer_action_interface/rosidl_adapter__arguments__timer_action_interface.json
[0.648s]   --output-dir
[0.648s]   /home/nippun/ros2_course_test/build/timer_action_interface/rosidl_adapter/timer_action_interface
[0.648s]   --output-file
[0.648s]   /home/nippun/ros2_course_test/build/timer_action_interface/rosidl_adapter/timer_action_interface.idls)
[0.649s]   returned error code 1:
[0.649s] 
[0.649s]   KeyError processing template 'struct.idl.em': 'duration'
[0.649s] 
[0.649s] Call Stack (most recent call first):
[0.649s]   /opt/ros/humble/share/rosidl_cmake/cmake/rosidl_generate_interfaces.cmake:130 (rosidl_adapt_interfaces)
[0.649s]   CMakeLists.txt:16 (rosidl_generate_interfaces)
[0.649s] 
[0.649s] [0m
[0.650s] -- Configuring incomplete, errors occurred!
[0.650s] See also "/home/nippun/ros2_course_test/build/timer_action_interface/CMakeFiles/CMakeOutput.log".
[0.661s] Invoked command in '/home/nippun/ros2_course_test/build/timer_action_interface' returned '1': CMAKE_PREFIX_PATH=${CMAKE_PREFIX_PATH}:/home/nippun/ros2_course_test/install/word_count:/home/nippun/ros2_course_test/install/turtlesim_control:/home/nippun/ros2_course_test/install/talker_listener:/home/nippun/ros2_course_test/install/my_first_package:/home/nippun/ros2_course_test/install/complex_talker_listener:/home/nippun/ros2_course_test/install/adding_integers:/home/nippun/ros2_ws/install/tele_op:/home/nippun/ros2_ws/install/talker_listner:/home/nippun/ros2_ws/install/my_first_package:/home/nippun/ros2_ws/install/example:/home/nippun/ros2_course_ws/install/my_first_package:/home/nippun/ros2_course_ws/install/complex_talker_listener:/opt/ros/humble /usr/bin/cmake /home/nippun/ros2_course_test/src/timer_action_interface -DCMAKE_INSTALL_PREFIX=/home/nippun/ros2_course_test/install/timer_action_interface
