[1.358s] Invoking command in '/home/nippun/ros2_course_test/src/teleopbot': PYTHONPATH=/home/nippun/ros2_course_test/build/teleopbot/prefix_override:/home/nippun/ros2_course_test/install/teleopbot/lib/python3.10/site-packages:${PYTHONPATH} /usr/bin/python3 setup.py egg_info --egg-base ../../build/teleopbot build --build-base /home/nippun/ros2_course_test/build/teleopbot/build install --record /home/nippun/ros2_course_test/build/teleopbot/install.log --single-version-externally-managed
[1.838s] running egg_info
[1.838s] writing ../../build/teleopbot/teleopbot.egg-info/PKG-INFO
[1.839s] writing dependency_links to ../../build/teleopbot/teleopbot.egg-info/dependency_links.txt
[1.839s] writing entry points to ../../build/teleopbot/teleopbot.egg-info/entry_points.txt
[1.839s] writing requirements to ../../build/teleopbot/teleopbot.egg-info/requires.txt
[1.840s] writing top-level names to ../../build/teleopbot/teleopbot.egg-info/top_level.txt
[1.842s] reading manifest file '../../build/teleopbot/teleopbot.egg-info/SOURCES.txt'
[1.843s] writing manifest file '../../build/teleopbot/teleopbot.egg-info/SOURCES.txt'
[1.843s] running build
[1.844s] running build_py
[1.844s] running install
[1.845s] running install_lib
[1.847s] running install_data
[1.848s] running install_egg_info
[1.850s] removing '/home/nippun/ros2_course_test/install/teleopbot/lib/python3.10/site-packages/teleopbot-0.0.0-py3.10.egg-info' (and everything under it)
[1.851s] Copying ../../build/teleopbot/teleopbot.egg-info to /home/nippun/ros2_course_test/install/teleopbot/lib/python3.10/site-packages/teleopbot-0.0.0-py3.10.egg-info
[1.852s] running install_scripts
[1.883s] Installing keyboard_driver script to /home/nippun/ros2_course_test/install/teleopbot/lib/teleopbot
[1.883s] Installing teleop_node script to /home/nippun/ros2_course_test/install/teleopbot/lib/teleopbot
[1.884s] writing list of installed files to '/home/nippun/ros2_course_test/build/teleopbot/install.log'
[1.926s] Invoked command in '/home/nippun/ros2_course_test/src/teleopbot' returned '0': PYTHONPATH=/home/nippun/ros2_course_test/build/teleopbot/prefix_override:/home/nippun/ros2_course_test/install/teleopbot/lib/python3.10/site-packages:${PYTHONPATH} /usr/bin/python3 setup.py egg_info --egg-base ../../build/teleopbot build --build-base /home/nippun/ros2_course_test/build/teleopbot/build install --record /home/nippun/ros2_course_test/build/teleopbot/install.log --single-version-externally-managed
