[0.027s] Invoking command in '/home/nippun/ros2_course_test/build/word_count_msg': CMAKE_PREFIX_PATH=${CMAKE_PREFIX_PATH}:/home/nippun/ros2_course_test/install/turtlesim_control:/home/nippun/ros2_course_test/install/talker_listener:/home/nippun/ros2_course_test/install/my_first_package:/home/nippun/ros2_course_test/install/complex_talker_listener:/home/nippun/ros2_course_test/install/adding_integers:/home/nippun/ros2_ws/install/tele_op:/home/nippun/ros2_ws/install/talker_listner:/home/nippun/ros2_ws/install/my_first_package:/home/nippun/ros2_ws/install/example:/home/nippun/ros2_course_ws/install/my_first_package:/opt/ros/humble /usr/bin/cmake /home/nippun/ros2_course_test/src/word_count_msg -DCMAKE_INSTALL_PREFIX=/home/nippun/ros2_course_test/install/word_count_msg
[0.045s] -- Found ament_cmake: 1.3.3 (/opt/ros/humble/share/ament_cmake/cmake)
[0.304s] -- Found rosidl_default_generators: 1.2.0 (/opt/ros/humble/share/rosidl_default_generators/cmake)
[0.316s] -- Using all available rosidl_typesupport_c: rosidl_typesupport_fastrtps_c;rosidl_typesupport_introspection_c
[0.329s] -- Found rosidl_adapter: 3.1.4 (/opt/ros/humble/share/rosidl_adapter/cmake)
[0.395s] -- Using all available rosidl_typesupport_cpp: rosidl_typesupport_fastrtps_cpp;rosidl_typesupport_introspection_cpp
[0.885s] -- Found ament_cmake_ros: 0.10.0 (/opt/ros/humble/share/ament_cmake_ros/cmake)
[1.229s] -- Using all available rosidl_typesupport_c: rosidl_typesupport_fastrtps_c;rosidl_typesupport_introspection_c
[1.679s] -- Using all available rosidl_typesupport_cpp: rosidl_typesupport_fastrtps_cpp;rosidl_typesupport_introspection_cpp
[1.719s] -- Found PythonInterp: /usr/bin/python3 (found suitable version "3.10.6", minimum required is "3.6") 
[1.723s] -- Found python_cmake_module: 0.10.0 (/opt/ros/humble/share/python_cmake_module/cmake)
[1.783s] -- Found PythonLibs: /usr/lib/x86_64-linux-gnu/libpython3.10.so (found suitable version "3.10.6", minimum required is "3.5") 
[1.783s] -- Using PYTHON_EXECUTABLE: /usr/bin/python3
[1.783s] -- Using PYTHON_INCLUDE_DIRS: /usr/include/python3.10
[1.784s] -- Using PYTHON_LIBRARIES: /usr/lib/x86_64-linux-gnu/libpython3.10.so
[1.819s] -- Found PythonExtra: .so  
[1.893s] -- Found ament_lint_auto: 0.12.5 (/opt/ros/humble/share/ament_lint_auto/cmake)
[1.925s] -- Added test 'lint_cmake' to check CMake code style
[1.927s] -- Added test 'xmllint' to check XML markup files
[1.932s] -- Configuring done
[1.975s] -- Generating done
[1.978s] -- Build files have been written to: /home/nippun/ros2_course_test/build/word_count_msg
[1.988s] Invoked command in '/home/nippun/ros2_course_test/build/word_count_msg' returned '0': CMAKE_PREFIX_PATH=${CMAKE_PREFIX_PATH}:/home/nippun/ros2_course_test/install/turtlesim_control:/home/nippun/ros2_course_test/install/talker_listener:/home/nippun/ros2_course_test/install/my_first_package:/home/nippun/ros2_course_test/install/complex_talker_listener:/home/nippun/ros2_course_test/install/adding_integers:/home/nippun/ros2_ws/install/tele_op:/home/nippun/ros2_ws/install/talker_listner:/home/nippun/ros2_ws/install/my_first_package:/home/nippun/ros2_ws/install/example:/home/nippun/ros2_course_ws/install/my_first_package:/opt/ros/humble /usr/bin/cmake /home/nippun/ros2_course_test/src/word_count_msg -DCMAKE_INSTALL_PREFIX=/home/nippun/ros2_course_test/install/word_count_msg
[1.991s] Invoking command in '/home/nippun/ros2_course_test/build/word_count_msg': CMAKE_PREFIX_PATH=${CMAKE_PREFIX_PATH}:/home/nippun/ros2_course_test/install/turtlesim_control:/home/nippun/ros2_course_test/install/talker_listener:/home/nippun/ros2_course_test/install/my_first_package:/home/nippun/ros2_course_test/install/complex_talker_listener:/home/nippun/ros2_course_test/install/adding_integers:/home/nippun/ros2_ws/install/tele_op:/home/nippun/ros2_ws/install/talker_listner:/home/nippun/ros2_ws/install/my_first_package:/home/nippun/ros2_ws/install/example:/home/nippun/ros2_course_ws/install/my_first_package:/opt/ros/humble /usr/bin/cmake --build /home/nippun/ros2_course_test/build/word_count_msg -- -j4 -l4
[2.046s] [  3%] [34m[1mGenerating C code for ROS interfaces[0m
[2.075s] [  6%] [34m[1mGenerating C++ code for ROS interfaces[0m
[2.086s] [  6%] Built target ament_cmake_python_copy_word_count_msg
[2.736s] [  6%] Built target word_count_msg__cpp
[2.744s] [  9%] [32mBuilding C object CMakeFiles/word_count_msg__rosidl_generator_c.dir/rosidl_generator_c/word_count_msg/srv/detail/word_count__functions.c.o[0m
[2.753s] [ 12%] [34m[1mGenerating C++ introspection for ROS interfaces[0m
[2.757s] [ 16%] [34m[1mGenerating C++ type support for eProsima Fast-RTPS[0m
[2.867s] running egg_info
[2.869s] creating word_count_msg.egg-info
[2.870s] writing word_count_msg.egg-info/PKG-INFO
[2.871s] writing dependency_links to word_count_msg.egg-info/dependency_links.txt
[2.873s] writing top-level names to word_count_msg.egg-info/top_level.txt
[2.874s] writing manifest file 'word_count_msg.egg-info/SOURCES.txt'
[2.880s] reading manifest file 'word_count_msg.egg-info/SOURCES.txt'
[2.882s] writing manifest file 'word_count_msg.egg-info/SOURCES.txt'
[2.915s] [ 19%] [32m[1mLinking C shared library libword_count_msg__rosidl_generator_c.so[0m
[2.953s] [ 19%] Built target ament_cmake_python_build_word_count_msg_egg
[2.972s] [ 22%] [34m[1mGenerating C++ type support dispatch for ROS interfaces[0m
[2.994s] [ 22%] Built target word_count_msg__rosidl_generator_c
[3.015s] [ 25%] [34m[1mGenerating C type support dispatch for ROS interfaces[0m
[3.526s] [ 29%] [32mBuilding CXX object CMakeFiles/word_count_msg__rosidl_typesupport_introspection_cpp.dir/rosidl_typesupport_introspection_cpp/word_count_msg/srv/detail/word_count__type_support.cpp.o[0m
[3.588s] [ 32%] [32mBuilding CXX object CMakeFiles/word_count_msg__rosidl_typesupport_fastrtps_cpp.dir/rosidl_typesupport_fastrtps_cpp/word_count_msg/srv/detail/dds_fastrtps/word_count__type_support.cpp.o[0m
[3.683s] [ 35%] [32mBuilding CXX object CMakeFiles/word_count_msg__rosidl_typesupport_c.dir/rosidl_typesupport_c/word_count_msg/srv/word_count__type_support.cpp.o[0m
[3.753s] [ 38%] [32m[1mLinking CXX shared library libword_count_msg__rosidl_typesupport_c.so[0m
[3.844s] [ 41%] [32mBuilding CXX object CMakeFiles/word_count_msg__rosidl_typesupport_cpp.dir/rosidl_typesupport_cpp/word_count_msg/srv/word_count__type_support.cpp.o[0m
[3.850s] [ 41%] Built target word_count_msg__rosidl_typesupport_c
[3.871s] [ 45%] [34m[1mGenerating C type support for eProsima Fast-RTPS[0m
[4.524s] [ 48%] [32m[1mLinking CXX shared library libword_count_msg__rosidl_typesupport_introspection_cpp.so[0m
[4.564s] [ 51%] [32m[1mLinking CXX shared library libword_count_msg__rosidl_typesupport_cpp.so[0m
[4.658s] [ 51%] Built target word_count_msg__rosidl_typesupport_cpp
[4.674s] [ 54%] [34m[1mGenerating C introspection for ROS interfaces[0m
[4.692s] [ 54%] Built target word_count_msg__rosidl_typesupport_introspection_cpp
[4.772s] [ 58%] [32mBuilding CXX object CMakeFiles/word_count_msg__rosidl_typesupport_fastrtps_c.dir/rosidl_typesupport_fastrtps_c/word_count_msg/srv/detail/word_count__type_support_c.cpp.o[0m
[4.797s] [ 61%] [32m[1mLinking CXX shared library libword_count_msg__rosidl_typesupport_fastrtps_cpp.so[0m
[4.986s] [ 61%] Built target word_count_msg__rosidl_typesupport_fastrtps_cpp
[5.182s] [ 64%] [32mBuilding C object CMakeFiles/word_count_msg__rosidl_typesupport_introspection_c.dir/rosidl_typesupport_introspection_c/word_count_msg/srv/detail/word_count__type_support.c.o[0m
[5.234s] [ 67%] [32m[1mLinking C shared library libword_count_msg__rosidl_typesupport_introspection_c.so[0m
[5.277s] [ 67%] Built target word_count_msg__rosidl_typesupport_introspection_c
[5.438s] [ 70%] [32m[1mLinking CXX shared library libword_count_msg__rosidl_typesupport_fastrtps_c.so[0m
[5.546s] [ 70%] Built target word_count_msg__rosidl_typesupport_fastrtps_c
[5.575s] [ 70%] Built target word_count_msg
[5.600s] [ 74%] [34m[1mGenerating Python code for ROS interfaces[0m
[6.208s] [ 74%] Built target word_count_msg__py
[6.233s] [ 77%] [32mBuilding C object CMakeFiles/word_count_msg__rosidl_generator_py.dir/rosidl_generator_py/word_count_msg/srv/_word_count_s.c.o[0m
[6.381s] [ 80%] [32m[1mLinking C shared library rosidl_generator_py/word_count_msg/libword_count_msg__rosidl_generator_py.so[0m
[6.433s] [ 80%] Built target word_count_msg__rosidl_generator_py
[6.465s] [ 83%] [32mBuilding C object CMakeFiles/word_count_msg__rosidl_typesupport_fastrtps_c__pyext.dir/rosidl_generator_py/word_count_msg/_word_count_msg_s.ep.rosidl_typesupport_fastrtps_c.c.o[0m
[6.466s] [ 87%] [32mBuilding C object CMakeFiles/word_count_msg__rosidl_typesupport_introspection_c__pyext.dir/rosidl_generator_py/word_count_msg/_word_count_msg_s.ep.rosidl_typesupport_introspection_c.c.o[0m
[6.468s] [ 90%] [32mBuilding C object CMakeFiles/word_count_msg__rosidl_typesupport_c__pyext.dir/rosidl_generator_py/word_count_msg/_word_count_msg_s.ep.rosidl_typesupport_c.c.o[0m
[6.645s] [ 93%] [32m[1mLinking C shared library rosidl_generator_py/word_count_msg/word_count_msg_s__rosidl_typesupport_c.cpython-310-x86_64-linux-gnu.so[0m
[6.659s] [ 96%] [32m[1mLinking C shared library rosidl_generator_py/word_count_msg/word_count_msg_s__rosidl_typesupport_introspection_c.cpython-310-x86_64-linux-gnu.so[0m
[6.694s] [100%] [32m[1mLinking C shared library rosidl_generator_py/word_count_msg/word_count_msg_s__rosidl_typesupport_fastrtps_c.cpython-310-x86_64-linux-gnu.so[0m
[6.701s] [100%] Built target word_count_msg__rosidl_typesupport_c__pyext
[6.719s] [100%] Built target word_count_msg__rosidl_typesupport_introspection_c__pyext
[6.738s] [100%] Built target word_count_msg__rosidl_typesupport_fastrtps_c__pyext
[6.752s] Invoked command in '/home/nippun/ros2_course_test/build/word_count_msg' returned '0': CMAKE_PREFIX_PATH=${CMAKE_PREFIX_PATH}:/home/nippun/ros2_course_test/install/turtlesim_control:/home/nippun/ros2_course_test/install/talker_listener:/home/nippun/ros2_course_test/install/my_first_package:/home/nippun/ros2_course_test/install/complex_talker_listener:/home/nippun/ros2_course_test/install/adding_integers:/home/nippun/ros2_ws/install/tele_op:/home/nippun/ros2_ws/install/talker_listner:/home/nippun/ros2_ws/install/my_first_package:/home/nippun/ros2_ws/install/example:/home/nippun/ros2_course_ws/install/my_first_package:/opt/ros/humble /usr/bin/cmake --build /home/nippun/ros2_course_test/build/word_count_msg -- -j4 -l4
[6.835s] Invoking command in '/home/nippun/ros2_course_test/build/word_count_msg': CMAKE_PREFIX_PATH=${CMAKE_PREFIX_PATH}:/home/nippun/ros2_course_test/install/turtlesim_control:/home/nippun/ros2_course_test/install/talker_listener:/home/nippun/ros2_course_test/install/my_first_package:/home/nippun/ros2_course_test/install/complex_talker_listener:/home/nippun/ros2_course_test/install/adding_integers:/home/nippun/ros2_ws/install/tele_op:/home/nippun/ros2_ws/install/talker_listner:/home/nippun/ros2_ws/install/my_first_package:/home/nippun/ros2_ws/install/example:/home/nippun/ros2_course_ws/install/my_first_package:/opt/ros/humble /usr/bin/cmake --install /home/nippun/ros2_course_test/build/word_count_msg
[6.847s] -- Install configuration: ""
[6.847s] -- Installing: /home/nippun/ros2_course_test/install/word_count_msg/share/ament_index/resource_index/rosidl_interfaces/word_count_msg
[6.847s] -- Installing: /home/nippun/ros2_course_test/install/word_count_msg/include/word_count_msg/word_count_msg
[6.847s] -- Installing: /home/nippun/ros2_course_test/install/word_count_msg/include/word_count_msg/word_count_msg/msg
[6.848s] -- Installing: /home/nippun/ros2_course_test/install/word_count_msg/include/word_count_msg/word_count_msg/msg/rosidl_generator_c__visibility_control.h
[6.848s] -- Installing: /home/nippun/ros2_course_test/install/word_count_msg/include/word_count_msg/word_count_msg/srv
[6.848s] -- Installing: /home/nippun/ros2_course_test/install/word_count_msg/include/word_count_msg/word_count_msg/srv/detail
[6.848s] -- Installing: /home/nippun/ros2_course_test/install/word_count_msg/include/word_count_msg/word_count_msg/srv/detail/word_count__functions.c
[6.849s] -- Installing: /home/nippun/ros2_course_test/install/word_count_msg/include/word_count_msg/word_count_msg/srv/detail/word_count__struct.h
[6.849s] -- Installing: /home/nippun/ros2_course_test/install/word_count_msg/include/word_count_msg/word_count_msg/srv/detail/word_count__functions.h
[6.849s] -- Installing: /home/nippun/ros2_course_test/install/word_count_msg/include/word_count_msg/word_count_msg/srv/detail/word_count__type_support.h
[6.849s] -- Installing: /home/nippun/ros2_course_test/install/word_count_msg/include/word_count_msg/word_count_msg/srv/word_count.h
[6.850s] -- Installing: /home/nippun/ros2_course_test/install/word_count_msg/share/word_count_msg/environment/library_path.sh
[6.850s] -- Installing: /home/nippun/ros2_course_test/install/word_count_msg/share/word_count_msg/environment/library_path.dsv
[6.850s] -- Installing: /home/nippun/ros2_course_test/install/word_count_msg/lib/libword_count_msg__rosidl_generator_c.so
[6.851s] -- Set runtime path of "/home/nippun/ros2_course_test/install/word_count_msg/lib/libword_count_msg__rosidl_generator_c.so" to ""
[6.851s] -- Up-to-date: /home/nippun/ros2_course_test/install/word_count_msg/include/word_count_msg/word_count_msg
[6.851s] -- Up-to-date: /home/nippun/ros2_course_test/install/word_count_msg/include/word_count_msg/word_count_msg/msg
[6.851s] -- Installing: /home/nippun/ros2_course_test/install/word_count_msg/include/word_count_msg/word_count_msg/msg/rosidl_typesupport_fastrtps_c__visibility_control.h
[6.851s] -- Up-to-date: /home/nippun/ros2_course_test/install/word_count_msg/include/word_count_msg/word_count_msg/srv
[6.852s] -- Up-to-date: /home/nippun/ros2_course_test/install/word_count_msg/include/word_count_msg/word_count_msg/srv/detail
[6.852s] -- Installing: /home/nippun/ros2_course_test/install/word_count_msg/include/word_count_msg/word_count_msg/srv/detail/word_count__rosidl_typesupport_fastrtps_c.h
[6.852s] -- Installing: /home/nippun/ros2_course_test/install/word_count_msg/lib/libword_count_msg__rosidl_typesupport_fastrtps_c.so
[6.852s] -- Set runtime path of "/home/nippun/ros2_course_test/install/word_count_msg/lib/libword_count_msg__rosidl_typesupport_fastrtps_c.so" to ""
[6.852s] -- Up-to-date: /home/nippun/ros2_course_test/install/word_count_msg/include/word_count_msg/word_count_msg
[6.853s] -- Up-to-date: /home/nippun/ros2_course_test/install/word_count_msg/include/word_count_msg/word_count_msg/msg
[6.853s] -- Installing: /home/nippun/ros2_course_test/install/word_count_msg/include/word_count_msg/word_count_msg/msg/rosidl_typesupport_introspection_c__visibility_control.h
[6.854s] -- Up-to-date: /home/nippun/ros2_course_test/install/word_count_msg/include/word_count_msg/word_count_msg/srv
[6.854s] -- Up-to-date: /home/nippun/ros2_course_test/install/word_count_msg/include/word_count_msg/word_count_msg/srv/detail
[6.854s] -- Installing: /home/nippun/ros2_course_test/install/word_count_msg/include/word_count_msg/word_count_msg/srv/detail/word_count__type_support.c
[6.855s] -- Installing: /home/nippun/ros2_course_test/install/word_count_msg/include/word_count_msg/word_count_msg/srv/detail/word_count__rosidl_typesupport_introspection_c.h
[6.855s] -- Installing: /home/nippun/ros2_course_test/install/word_count_msg/lib/libword_count_msg__rosidl_typesupport_introspection_c.so
[6.855s] -- Set runtime path of "/home/nippun/ros2_course_test/install/word_count_msg/lib/libword_count_msg__rosidl_typesupport_introspection_c.so" to ""
[6.856s] -- Installing: /home/nippun/ros2_course_test/install/word_count_msg/lib/libword_count_msg__rosidl_typesupport_c.so
[6.856s] -- Set runtime path of "/home/nippun/ros2_course_test/install/word_count_msg/lib/libword_count_msg__rosidl_typesupport_c.so" to ""
[6.856s] -- Up-to-date: /home/nippun/ros2_course_test/install/word_count_msg/include/word_count_msg/word_count_msg
[6.856s] -- Up-to-date: /home/nippun/ros2_course_test/install/word_count_msg/include/word_count_msg/word_count_msg/srv
[6.856s] -- Up-to-date: /home/nippun/ros2_course_test/install/word_count_msg/include/word_count_msg/word_count_msg/srv/detail
[6.857s] -- Installing: /home/nippun/ros2_course_test/install/word_count_msg/include/word_count_msg/word_count_msg/srv/detail/word_count__traits.hpp
[6.857s] -- Installing: /home/nippun/ros2_course_test/install/word_count_msg/include/word_count_msg/word_count_msg/srv/detail/word_count__builder.hpp
[6.857s] -- Installing: /home/nippun/ros2_course_test/install/word_count_msg/include/word_count_msg/word_count_msg/srv/detail/word_count__struct.hpp
[6.857s] -- Installing: /home/nippun/ros2_course_test/install/word_count_msg/include/word_count_msg/word_count_msg/srv/word_count.hpp
[6.857s] -- Up-to-date: /home/nippun/ros2_course_test/install/word_count_msg/include/word_count_msg/word_count_msg
[6.858s] -- Up-to-date: /home/nippun/ros2_course_test/install/word_count_msg/include/word_count_msg/word_count_msg/msg
[6.858s] -- Installing: /home/nippun/ros2_course_test/install/word_count_msg/include/word_count_msg/word_count_msg/msg/rosidl_typesupport_fastrtps_cpp__visibility_control.h
[6.858s] -- Up-to-date: /home/nippun/ros2_course_test/install/word_count_msg/include/word_count_msg/word_count_msg/srv
[6.858s] -- Up-to-date: /home/nippun/ros2_course_test/install/word_count_msg/include/word_count_msg/word_count_msg/srv/detail
[6.858s] -- Installing: /home/nippun/ros2_course_test/install/word_count_msg/include/word_count_msg/word_count_msg/srv/detail/word_count__rosidl_typesupport_fastrtps_cpp.hpp
[6.859s] -- Installing: /home/nippun/ros2_course_test/install/word_count_msg/include/word_count_msg/word_count_msg/srv/detail/dds_fastrtps
[6.859s] -- Installing: /home/nippun/ros2_course_test/install/word_count_msg/lib/libword_count_msg__rosidl_typesupport_fastrtps_cpp.so
[6.859s] -- Set runtime path of "/home/nippun/ros2_course_test/install/word_count_msg/lib/libword_count_msg__rosidl_typesupport_fastrtps_cpp.so" to ""
[6.859s] -- Up-to-date: /home/nippun/ros2_course_test/install/word_count_msg/include/word_count_msg/word_count_msg
[6.860s] -- Up-to-date: /home/nippun/ros2_course_test/install/word_count_msg/include/word_count_msg/word_count_msg/srv
[6.860s] -- Up-to-date: /home/nippun/ros2_course_test/install/word_count_msg/include/word_count_msg/word_count_msg/srv/detail
[6.860s] -- Installing: /home/nippun/ros2_course_test/install/word_count_msg/include/word_count_msg/word_count_msg/srv/detail/word_count__type_support.cpp
[6.860s] -- Installing: /home/nippun/ros2_course_test/install/word_count_msg/include/word_count_msg/word_count_msg/srv/detail/word_count__rosidl_typesupport_introspection_cpp.hpp
[6.860s] -- Installing: /home/nippun/ros2_course_test/install/word_count_msg/lib/libword_count_msg__rosidl_typesupport_introspection_cpp.so
[6.860s] -- Set runtime path of "/home/nippun/ros2_course_test/install/word_count_msg/lib/libword_count_msg__rosidl_typesupport_introspection_cpp.so" to ""
[6.861s] -- Installing: /home/nippun/ros2_course_test/install/word_count_msg/lib/libword_count_msg__rosidl_typesupport_cpp.so
[6.861s] -- Set runtime path of "/home/nippun/ros2_course_test/install/word_count_msg/lib/libword_count_msg__rosidl_typesupport_cpp.so" to ""
[6.861s] -- Installing: /home/nippun/ros2_course_test/install/word_count_msg/share/word_count_msg/environment/pythonpath.sh
[6.861s] -- Installing: /home/nippun/ros2_course_test/install/word_count_msg/share/word_count_msg/environment/pythonpath.dsv
[6.861s] -- Installing: /home/nippun/ros2_course_test/install/word_count_msg/local/lib/python3.10/dist-packages/word_count_msg-0.0.0-py3.10.egg-info
[6.861s] -- Installing: /home/nippun/ros2_course_test/install/word_count_msg/local/lib/python3.10/dist-packages/word_count_msg-0.0.0-py3.10.egg-info/PKG-INFO
[6.862s] -- Installing: /home/nippun/ros2_course_test/install/word_count_msg/local/lib/python3.10/dist-packages/word_count_msg-0.0.0-py3.10.egg-info/dependency_links.txt
[6.862s] -- Installing: /home/nippun/ros2_course_test/install/word_count_msg/local/lib/python3.10/dist-packages/word_count_msg-0.0.0-py3.10.egg-info/SOURCES.txt
[6.862s] -- Installing: /home/nippun/ros2_course_test/install/word_count_msg/local/lib/python3.10/dist-packages/word_count_msg-0.0.0-py3.10.egg-info/top_level.txt
[6.862s] -- Installing: /home/nippun/ros2_course_test/install/word_count_msg/local/lib/python3.10/dist-packages/word_count_msg
[6.862s] -- Installing: /home/nippun/ros2_course_test/install/word_count_msg/local/lib/python3.10/dist-packages/word_count_msg/word_count_msg_s__rosidl_typesupport_introspection_c.cpython-310-x86_64-linux-gnu.so
[6.863s] -- Installing: /home/nippun/ros2_course_test/install/word_count_msg/local/lib/python3.10/dist-packages/word_count_msg/__init__.py
[6.863s] -- Installing: /home/nippun/ros2_course_test/install/word_count_msg/local/lib/python3.10/dist-packages/word_count_msg/word_count_msg_s__rosidl_typesupport_c.cpython-310-x86_64-linux-gnu.so
[6.863s] -- Installing: /home/nippun/ros2_course_test/install/word_count_msg/local/lib/python3.10/dist-packages/word_count_msg/_word_count_msg_s.ep.rosidl_typesupport_c.c
[6.863s] -- Installing: /home/nippun/ros2_course_test/install/word_count_msg/local/lib/python3.10/dist-packages/word_count_msg/_word_count_msg_s.ep.rosidl_typesupport_introspection_c.c
[6.863s] -- Installing: /home/nippun/ros2_course_test/install/word_count_msg/local/lib/python3.10/dist-packages/word_count_msg/_word_count_msg_s.ep.rosidl_typesupport_fastrtps_c.c
[6.863s] -- Installing: /home/nippun/ros2_course_test/install/word_count_msg/local/lib/python3.10/dist-packages/word_count_msg/word_count_msg_s__rosidl_typesupport_fastrtps_c.cpython-310-x86_64-linux-gnu.so
[6.864s] -- Installing: /home/nippun/ros2_course_test/install/word_count_msg/local/lib/python3.10/dist-packages/word_count_msg/libword_count_msg__rosidl_generator_py.so
[6.864s] -- Installing: /home/nippun/ros2_course_test/install/word_count_msg/local/lib/python3.10/dist-packages/word_count_msg/srv
[6.864s] -- Installing: /home/nippun/ros2_course_test/install/word_count_msg/local/lib/python3.10/dist-packages/word_count_msg/srv/__init__.py
[6.864s] -- Installing: /home/nippun/ros2_course_test/install/word_count_msg/local/lib/python3.10/dist-packages/word_count_msg/srv/_word_count_s.c
[6.864s] -- Installing: /home/nippun/ros2_course_test/install/word_count_msg/local/lib/python3.10/dist-packages/word_count_msg/srv/_word_count.py
[6.929s] Listing '/home/nippun/ros2_course_test/install/word_count_msg/local/lib/python3.10/dist-packages/word_count_msg'...
[6.930s] Compiling '/home/nippun/ros2_course_test/install/word_count_msg/local/lib/python3.10/dist-packages/word_count_msg/__init__.py'...
[6.930s] Listing '/home/nippun/ros2_course_test/install/word_count_msg/local/lib/python3.10/dist-packages/word_count_msg/srv'...
[6.930s] Compiling '/home/nippun/ros2_course_test/install/word_count_msg/local/lib/python3.10/dist-packages/word_count_msg/srv/__init__.py'...
[6.930s] Compiling '/home/nippun/ros2_course_test/install/word_count_msg/local/lib/python3.10/dist-packages/word_count_msg/srv/_word_count.py'...
[6.937s] -- Installing: /home/nippun/ros2_course_test/install/word_count_msg/local/lib/python3.10/dist-packages/word_count_msg/word_count_msg_s__rosidl_typesupport_fastrtps_c.cpython-310-x86_64-linux-gnu.so
[6.937s] -- Set runtime path of "/home/nippun/ros2_course_test/install/word_count_msg/local/lib/python3.10/dist-packages/word_count_msg/word_count_msg_s__rosidl_typesupport_fastrtps_c.cpython-310-x86_64-linux-gnu.so" to ""
[6.938s] -- Installing: /home/nippun/ros2_course_test/install/word_count_msg/local/lib/python3.10/dist-packages/word_count_msg/word_count_msg_s__rosidl_typesupport_introspection_c.cpython-310-x86_64-linux-gnu.so
[6.938s] -- Set runtime path of "/home/nippun/ros2_course_test/install/word_count_msg/local/lib/python3.10/dist-packages/word_count_msg/word_count_msg_s__rosidl_typesupport_introspection_c.cpython-310-x86_64-linux-gnu.so" to ""
[6.939s] -- Installing: /home/nippun/ros2_course_test/install/word_count_msg/local/lib/python3.10/dist-packages/word_count_msg/word_count_msg_s__rosidl_typesupport_c.cpython-310-x86_64-linux-gnu.so
[6.940s] -- Set runtime path of "/home/nippun/ros2_course_test/install/word_count_msg/local/lib/python3.10/dist-packages/word_count_msg/word_count_msg_s__rosidl_typesupport_c.cpython-310-x86_64-linux-gnu.so" to ""
[6.940s] -- Installing: /home/nippun/ros2_course_test/install/word_count_msg/lib/libword_count_msg__rosidl_generator_py.so
[6.940s] -- Set runtime path of "/home/nippun/ros2_course_test/install/word_count_msg/lib/libword_count_msg__rosidl_generator_py.so" to ""
[6.940s] -- Installing: /home/nippun/ros2_course_test/install/word_count_msg/share/word_count_msg/srv/WordCount.idl
[6.941s] -- Installing: /home/nippun/ros2_course_test/install/word_count_msg/share/word_count_msg/srv/WordCount.srv
[6.941s] -- Installing: /home/nippun/ros2_course_test/install/word_count_msg/share/word_count_msg/srv/WordCount_Request.msg
[6.941s] -- Installing: /home/nippun/ros2_course_test/install/word_count_msg/share/word_count_msg/srv/WordCount_Response.msg
[6.941s] -- Installing: /home/nippun/ros2_course_test/install/word_count_msg/share/ament_index/resource_index/package_run_dependencies/word_count_msg
[6.942s] -- Installing: /home/nippun/ros2_course_test/install/word_count_msg/share/ament_index/resource_index/parent_prefix_path/word_count_msg
[6.942s] -- Installing: /home/nippun/ros2_course_test/install/word_count_msg/share/word_count_msg/environment/ament_prefix_path.sh
[6.942s] -- Installing: /home/nippun/ros2_course_test/install/word_count_msg/share/word_count_msg/environment/ament_prefix_path.dsv
[6.943s] -- Installing: /home/nippun/ros2_course_test/install/word_count_msg/share/word_count_msg/environment/path.sh
[6.943s] -- Installing: /home/nippun/ros2_course_test/install/word_count_msg/share/word_count_msg/environment/path.dsv
[6.943s] -- Installing: /home/nippun/ros2_course_test/install/word_count_msg/share/word_count_msg/local_setup.bash
[6.943s] -- Installing: /home/nippun/ros2_course_test/install/word_count_msg/share/word_count_msg/local_setup.sh
[6.944s] -- Installing: /home/nippun/ros2_course_test/install/word_count_msg/share/word_count_msg/local_setup.zsh
[6.944s] -- Installing: /home/nippun/ros2_course_test/install/word_count_msg/share/word_count_msg/local_setup.dsv
[6.944s] -- Installing: /home/nippun/ros2_course_test/install/word_count_msg/share/word_count_msg/package.dsv
[6.944s] -- Installing: /home/nippun/ros2_course_test/install/word_count_msg/share/ament_index/resource_index/packages/word_count_msg
[6.945s] -- Installing: /home/nippun/ros2_course_test/install/word_count_msg/share/word_count_msg/cmake/export_word_count_msg__rosidl_generator_cExport.cmake
[6.945s] -- Installing: /home/nippun/ros2_course_test/install/word_count_msg/share/word_count_msg/cmake/export_word_count_msg__rosidl_generator_cExport-noconfig.cmake
[6.945s] -- Installing: /home/nippun/ros2_course_test/install/word_count_msg/share/word_count_msg/cmake/export_word_count_msg__rosidl_typesupport_fastrtps_cExport.cmake
[6.945s] -- Installing: /home/nippun/ros2_course_test/install/word_count_msg/share/word_count_msg/cmake/export_word_count_msg__rosidl_typesupport_fastrtps_cExport-noconfig.cmake
[6.946s] -- Installing: /home/nippun/ros2_course_test/install/word_count_msg/share/word_count_msg/cmake/word_count_msg__rosidl_typesupport_introspection_cExport.cmake
[6.946s] -- Installing: /home/nippun/ros2_course_test/install/word_count_msg/share/word_count_msg/cmake/word_count_msg__rosidl_typesupport_introspection_cExport-noconfig.cmake
[6.946s] -- Installing: /home/nippun/ros2_course_test/install/word_count_msg/share/word_count_msg/cmake/word_count_msg__rosidl_typesupport_cExport.cmake
[6.947s] -- Installing: /home/nippun/ros2_course_test/install/word_count_msg/share/word_count_msg/cmake/word_count_msg__rosidl_typesupport_cExport-noconfig.cmake
[6.947s] -- Installing: /home/nippun/ros2_course_test/install/word_count_msg/share/word_count_msg/cmake/export_word_count_msg__rosidl_generator_cppExport.cmake
[6.947s] -- Installing: /home/nippun/ros2_course_test/install/word_count_msg/share/word_count_msg/cmake/export_word_count_msg__rosidl_typesupport_fastrtps_cppExport.cmake
[6.947s] -- Installing: /home/nippun/ros2_course_test/install/word_count_msg/share/word_count_msg/cmake/export_word_count_msg__rosidl_typesupport_fastrtps_cppExport-noconfig.cmake
[6.948s] -- Installing: /home/nippun/ros2_course_test/install/word_count_msg/share/word_count_msg/cmake/word_count_msg__rosidl_typesupport_introspection_cppExport.cmake
[6.948s] -- Installing: /home/nippun/ros2_course_test/install/word_count_msg/share/word_count_msg/cmake/word_count_msg__rosidl_typesupport_introspection_cppExport-noconfig.cmake
[6.948s] -- Installing: /home/nippun/ros2_course_test/install/word_count_msg/share/word_count_msg/cmake/word_count_msg__rosidl_typesupport_cppExport.cmake
[6.949s] -- Installing: /home/nippun/ros2_course_test/install/word_count_msg/share/word_count_msg/cmake/word_count_msg__rosidl_typesupport_cppExport-noconfig.cmake
[6.949s] -- Installing: /home/nippun/ros2_course_test/install/word_count_msg/share/word_count_msg/cmake/export_word_count_msg__rosidl_generator_pyExport.cmake
[6.949s] -- Installing: /home/nippun/ros2_course_test/install/word_count_msg/share/word_count_msg/cmake/export_word_count_msg__rosidl_generator_pyExport-noconfig.cmake
[6.949s] -- Installing: /home/nippun/ros2_course_test/install/word_count_msg/share/word_count_msg/cmake/rosidl_cmake-extras.cmake
[6.950s] -- Installing: /home/nippun/ros2_course_test/install/word_count_msg/share/word_count_msg/cmake/ament_cmake_export_include_directories-extras.cmake
[6.950s] -- Installing: /home/nippun/ros2_course_test/install/word_count_msg/share/word_count_msg/cmake/ament_cmake_export_libraries-extras.cmake
[6.950s] -- Installing: /home/nippun/ros2_course_test/install/word_count_msg/share/word_count_msg/cmake/ament_cmake_export_targets-extras.cmake
[6.950s] -- Installing: /home/nippun/ros2_course_test/install/word_count_msg/share/word_count_msg/cmake/rosidl_cmake_export_typesupport_targets-extras.cmake
[6.951s] -- Installing: /home/nippun/ros2_course_test/install/word_count_msg/share/word_count_msg/cmake/ament_cmake_export_dependencies-extras.cmake
[6.951s] -- Installing: /home/nippun/ros2_course_test/install/word_count_msg/share/word_count_msg/cmake/rosidl_cmake_export_typesupport_libraries-extras.cmake
[6.951s] -- Installing: /home/nippun/ros2_course_test/install/word_count_msg/share/word_count_msg/cmake/word_count_msgConfig.cmake
[6.954s] -- Installing: /home/nippun/ros2_course_test/install/word_count_msg/share/word_count_msg/cmake/word_count_msgConfig-version.cmake
[6.954s] -- Installing: /home/nippun/ros2_course_test/install/word_count_msg/share/word_count_msg/package.xml
[6.960s] Invoked command in '/home/nippun/ros2_course_test/build/word_count_msg' returned '0': CMAKE_PREFIX_PATH=${CMAKE_PREFIX_PATH}:/home/nippun/ros2_course_test/install/turtlesim_control:/home/nippun/ros2_course_test/install/talker_listener:/home/nippun/ros2_course_test/install/my_first_package:/home/nippun/ros2_course_test/install/complex_talker_listener:/home/nippun/ros2_course_test/install/adding_integers:/home/nippun/ros2_ws/install/tele_op:/home/nippun/ros2_ws/install/talker_listner:/home/nippun/ros2_ws/install/my_first_package:/home/nippun/ros2_ws/install/example:/home/nippun/ros2_course_ws/install/my_first_package:/opt/ros/humble /usr/bin/cmake --install /home/nippun/ros2_course_test/build/word_count_msg
