running egg_info
writing ../../build/complex_talker_listener/complex_talker_listener.egg-info/PKG-INFO
writing dependency_links to ../../build/complex_talker_listener/complex_talker_listener.egg-info/dependency_links.txt
writing entry points to ../../build/complex_talker_listener/complex_talker_listener.egg-info/entry_points.txt
writing requirements to ../../build/complex_talker_listener/complex_talker_listener.egg-info/requires.txt
writing top-level names to ../../build/complex_talker_listener/complex_talker_listener.egg-info/top_level.txt
reading manifest file '../../build/complex_talker_listener/complex_talker_listener.egg-info/SOURCES.txt'
writing manifest file '../../build/complex_talker_listener/complex_talker_listener.egg-info/SOURCES.txt'
running build
running build_py
copying complex_talker_listener/publisher.py -> /home/nippun/ros2_course_test/build/complex_talker_listener/build/lib/complex_talker_listener
running install
running install_lib
copying /home/nippun/ros2_course_test/build/complex_talker_listener/build/lib/complex_talker_listener/publisher.py -> /home/nippun/ros2_course_test/install/complex_talker_listener/lib/python3.10/site-packages/complex_talker_listener
byte-compiling /home/nippun/ros2_course_test/install/complex_talker_listener/lib/python3.10/site-packages/complex_talker_listener/publisher.py to publisher.cpython-310.pyc
running install_data
running install_egg_info
removing '/home/nippun/ros2_course_test/install/complex_talker_listener/lib/python3.10/site-packages/complex_talker_listener-0.0.0-py3.10.egg-info' (and everything under it)
Copying ../../build/complex_talker_listener/complex_talker_listener.egg-info to /home/nippun/ros2_course_test/install/complex_talker_listener/lib/python3.10/site-packages/complex_talker_listener-0.0.0-py3.10.egg-info
running install_scripts
Installing listener script to /home/nippun/ros2_course_test/install/complex_talker_listener/lib/complex_talker_listener
Installing talker script to /home/nippun/ros2_course_test/install/complex_talker_listener/lib/complex_talker_listener
writing list of installed files to '/home/nippun/ros2_course_test/build/complex_talker_listener/install.log'
