-- The C compiler identification is GNU 11.3.0
-- The CXX compiler identification is GNU 11.3.0
-- Detecting C compiler ABI info
-- Detecting C compiler ABI info - done
-- Check for working C compiler: /usr/bin/cc - skipped
-- Detecting C compile features
-- Detecting C compile features - done
-- Detecting CXX compiler ABI info
-- Detecting CXX compiler ABI info - done
-- Check for working CXX compiler: /usr/bin/c++ - skipped
-- Detecting CXX compile features
-- Detecting CXX compile features - done
-- Found ament_cmake: 1.3.3 (/opt/ros/humble/share/ament_cmake/cmake)
-- Found Python3: /usr/bin/python3.10 (found version "3.10.6") found components: Interpreter 
-- Found geometry_msgs: 4.2.3 (/opt/ros/humble/share/geometry_msgs/cmake)
-- Found rosidl_generator_c: 3.1.4 (/opt/ros/humble/share/rosidl_generator_c/cmake)
-- Found rosidl_adapter: 3.1.4 (/opt/ros/humble/share/rosidl_adapter/cmake)
-- Found rosidl_generator_cpp: 3.1.4 (/opt/ros/humble/share/rosidl_generator_cpp/cmake)
-- Using all available rosidl_typesupport_c: rosidl_typesupport_fastrtps_c;rosidl_typesupport_introspection_c
-- Using all available rosidl_typesupport_cpp: rosidl_typesupport_fastrtps_cpp;rosidl_typesupport_introspection_cpp
-- Found rosidl_default_generators: 1.2.0 (/opt/ros/humble/share/rosidl_default_generators/cmake)
-- Found ament_cmake_ros: 0.10.0 (/opt/ros/humble/share/ament_cmake_ros/cmake)
-- Using all available rosidl_typesupport_c: rosidl_typesupport_fastrtps_c;rosidl_typesupport_introspection_c
-- Using all available rosidl_typesupport_cpp: rosidl_typesupport_fastrtps_cpp;rosidl_typesupport_introspection_cpp
-- Found PythonInterp: /usr/bin/python3 (found suitable version "3.10.6", minimum required is "3.6") 
-- Found python_cmake_module: 0.10.0 (/opt/ros/humble/share/python_cmake_module/cmake)
-- Found PythonLibs: /usr/lib/x86_64-linux-gnu/libpython3.10.so (found suitable version "3.10.6", minimum required is "3.5") 
-- Using PYTHON_EXECUTABLE: /usr/bin/python3
-- Using PYTHON_INCLUDE_DIRS: /usr/include/python3.10
-- Using PYTHON_LIBRARIES: /usr/lib/x86_64-linux-gnu/libpython3.10.so
-- Found PythonExtra: .so  
-- Found ament_lint_auto: 0.12.5 (/opt/ros/humble/share/ament_lint_auto/cmake)
-- Added test 'lint_cmake' to check CMake code style
-- Added test 'xmllint' to check XML markup files
-- Configuring done
-- Generating done
-- Build files have been written to: /home/nippun/ros2_course_test/build/add_two_ints
[  3%] [34m[1mGenerating C code for ROS interfaces[0m
[  6%] [34m[1mGenerating C++ code for ROS interfaces[0m
[  6%] Built target ament_cmake_python_copy_add_two_ints
[  9%] [32mBuilding C object CMakeFiles/add_two_ints__rosidl_generator_c.dir/rosidl_generator_c/add_two_ints/srv/detail/add_two_ints__functions.c.o[0m
[  9%] Built target add_two_ints__cpp
[ 12%] [34m[1mGenerating C++ type support dispatch for ROS interfaces[0m
[ 16%] [34m[1mGenerating C++ type support for eProsima Fast-RTPS[0m
running egg_info
creating add_two_ints.egg-info
writing add_two_ints.egg-info/PKG-INFO
writing dependency_links to add_two_ints.egg-info/dependency_links.txt
writing top-level names to add_two_ints.egg-info/top_level.txt
writing manifest file 'add_two_ints.egg-info/SOURCES.txt'
reading manifest file 'add_two_ints.egg-info/SOURCES.txt'
writing manifest file 'add_two_ints.egg-info/SOURCES.txt'
[ 16%] Built target ament_cmake_python_build_add_two_ints_egg
[ 19%] [34m[1mGenerating C++ introspection for ROS interfaces[0m
[ 22%] [32mBuilding CXX object CMakeFiles/add_two_ints__rosidl_typesupport_cpp.dir/rosidl_typesupport_cpp/add_two_ints/srv/add_two_ints__type_support.cpp.o[0m
[ 25%] [32mBuilding CXX object CMakeFiles/add_two_ints__rosidl_typesupport_fastrtps_cpp.dir/rosidl_typesupport_fastrtps_cpp/add_two_ints/srv/detail/dds_fastrtps/add_two_ints__type_support.cpp.o[0m
[ 29%] [32mBuilding CXX object CMakeFiles/add_two_ints__rosidl_typesupport_introspection_cpp.dir/rosidl_typesupport_introspection_cpp/add_two_ints/srv/detail/add_two_ints__type_support.cpp.o[0m
[ 32%] [32m[1mLinking C shared library libadd_two_ints__rosidl_generator_c.so[0m
[ 32%] Built target add_two_ints__rosidl_generator_c
[ 35%] [34m[1mGenerating C type support for eProsima Fast-RTPS[0m
[ 38%] [32mBuilding CXX object CMakeFiles/add_two_ints__rosidl_typesupport_fastrtps_c.dir/rosidl_typesupport_fastrtps_c/add_two_ints/srv/detail/add_two_ints__type_support_c.cpp.o[0m
[ 41%] [32m[1mLinking CXX shared library libadd_two_ints__rosidl_typesupport_cpp.so[0m
[ 41%] Built target add_two_ints__rosidl_typesupport_cpp
[ 45%] [34m[1mGenerating C introspection for ROS interfaces[0m
[ 48%] [32m[1mLinking CXX shared library libadd_two_ints__rosidl_typesupport_introspection_cpp.so[0m
[ 48%] Built target add_two_ints__rosidl_typesupport_introspection_cpp
[ 51%] [34m[1mGenerating C type support dispatch for ROS interfaces[0m
[ 54%] [32m[1mLinking CXX shared library libadd_two_ints__rosidl_typesupport_fastrtps_c.so[0m
[ 58%] [32m[1mLinking CXX shared library libadd_two_ints__rosidl_typesupport_fastrtps_cpp.so[0m
[ 58%] Built target add_two_ints__rosidl_typesupport_fastrtps_cpp
[ 58%] Built target add_two_ints__rosidl_typesupport_fastrtps_c
[ 61%] [32mBuilding C object CMakeFiles/add_two_ints__rosidl_typesupport_introspection_c.dir/rosidl_typesupport_introspection_c/add_two_ints/srv/detail/add_two_ints__type_support.c.o[0m
[ 64%] [32m[1mLinking C shared library libadd_two_ints__rosidl_typesupport_introspection_c.so[0m
[ 64%] Built target add_two_ints__rosidl_typesupport_introspection_c
[ 67%] [32mBuilding CXX object CMakeFiles/add_two_ints__rosidl_typesupport_c.dir/rosidl_typesupport_c/add_two_ints/srv/add_two_ints__type_support.cpp.o[0m
[ 70%] [32m[1mLinking CXX shared library libadd_two_ints__rosidl_typesupport_c.so[0m
[ 70%] Built target add_two_ints__rosidl_typesupport_c
[ 70%] Built target add_two_ints
[ 74%] [34m[1mGenerating Python code for ROS interfaces[0m
[ 74%] Built target add_two_ints__py
[ 77%] [32mBuilding C object CMakeFiles/add_two_ints__rosidl_generator_py.dir/rosidl_generator_py/add_two_ints/srv/_add_two_ints_s.c.o[0m
[ 80%] [32m[1mLinking C shared library rosidl_generator_py/add_two_ints/libadd_two_ints__rosidl_generator_py.so[0m
[ 80%] Built target add_two_ints__rosidl_generator_py
[ 87%] [32mBuilding C object CMakeFiles/add_two_ints__rosidl_typesupport_introspection_c__pyext.dir/rosidl_generator_py/add_two_ints/_add_two_ints_s.ep.rosidl_typesupport_introspection_c.c.o[0m
[ 87%] [32mBuilding C object CMakeFiles/add_two_ints__rosidl_typesupport_fastrtps_c__pyext.dir/rosidl_generator_py/add_two_ints/_add_two_ints_s.ep.rosidl_typesupport_fastrtps_c.c.o[0m
[ 90%] [32mBuilding C object CMakeFiles/add_two_ints__rosidl_typesupport_c__pyext.dir/rosidl_generator_py/add_two_ints/_add_two_ints_s.ep.rosidl_typesupport_c.c.o[0m
[ 93%] [32m[1mLinking C shared library rosidl_generator_py/add_two_ints/add_two_ints_s__rosidl_typesupport_c.cpython-310-x86_64-linux-gnu.so[0m
[ 93%] Built target add_two_ints__rosidl_typesupport_c__pyext
[ 96%] [32m[1mLinking C shared library rosidl_generator_py/add_two_ints/add_two_ints_s__rosidl_typesupport_fastrtps_c.cpython-310-x86_64-linux-gnu.so[0m
[100%] [32m[1mLinking C shared library rosidl_generator_py/add_two_ints/add_two_ints_s__rosidl_typesupport_introspection_c.cpython-310-x86_64-linux-gnu.so[0m
[100%] Built target add_two_ints__rosidl_typesupport_introspection_c__pyext
[100%] Built target add_two_ints__rosidl_typesupport_fastrtps_c__pyext
-- Install configuration: ""
-- Installing: /home/nippun/ros2_course_test/install/add_two_ints/share/ament_index/resource_index/rosidl_interfaces/add_two_ints
-- Installing: /home/nippun/ros2_course_test/install/add_two_ints/include/add_two_ints/add_two_ints
-- Installing: /home/nippun/ros2_course_test/install/add_two_ints/include/add_two_ints/add_two_ints/msg
-- Installing: /home/nippun/ros2_course_test/install/add_two_ints/include/add_two_ints/add_two_ints/msg/rosidl_generator_c__visibility_control.h
-- Installing: /home/nippun/ros2_course_test/install/add_two_ints/include/add_two_ints/add_two_ints/srv
-- Installing: /home/nippun/ros2_course_test/install/add_two_ints/include/add_two_ints/add_two_ints/srv/add_two_ints.h
-- Installing: /home/nippun/ros2_course_test/install/add_two_ints/include/add_two_ints/add_two_ints/srv/detail
-- Installing: /home/nippun/ros2_course_test/install/add_two_ints/include/add_two_ints/add_two_ints/srv/detail/add_two_ints__struct.h
-- Installing: /home/nippun/ros2_course_test/install/add_two_ints/include/add_two_ints/add_two_ints/srv/detail/add_two_ints__type_support.h
-- Installing: /home/nippun/ros2_course_test/install/add_two_ints/include/add_two_ints/add_two_ints/srv/detail/add_two_ints__functions.h
-- Installing: /home/nippun/ros2_course_test/install/add_two_ints/include/add_two_ints/add_two_ints/srv/detail/add_two_ints__functions.c
-- Installing: /home/nippun/ros2_course_test/install/add_two_ints/share/add_two_ints/environment/library_path.sh
-- Installing: /home/nippun/ros2_course_test/install/add_two_ints/share/add_two_ints/environment/library_path.dsv
-- Installing: /home/nippun/ros2_course_test/install/add_two_ints/lib/libadd_two_ints__rosidl_generator_c.so
-- Set runtime path of "/home/nippun/ros2_course_test/install/add_two_ints/lib/libadd_two_ints__rosidl_generator_c.so" to ""
-- Up-to-date: /home/nippun/ros2_course_test/install/add_two_ints/include/add_two_ints/add_two_ints
-- Up-to-date: /home/nippun/ros2_course_test/install/add_two_ints/include/add_two_ints/add_two_ints/msg
-- Installing: /home/nippun/ros2_course_test/install/add_two_ints/include/add_two_ints/add_two_ints/msg/rosidl_typesupport_fastrtps_c__visibility_control.h
-- Up-to-date: /home/nippun/ros2_course_test/install/add_two_ints/include/add_two_ints/add_two_ints/srv
-- Up-to-date: /home/nippun/ros2_course_test/install/add_two_ints/include/add_two_ints/add_two_ints/srv/detail
-- Installing: /home/nippun/ros2_course_test/install/add_two_ints/include/add_two_ints/add_two_ints/srv/detail/add_two_ints__rosidl_typesupport_fastrtps_c.h
-- Installing: /home/nippun/ros2_course_test/install/add_two_ints/lib/libadd_two_ints__rosidl_typesupport_fastrtps_c.so
-- Set runtime path of "/home/nippun/ros2_course_test/install/add_two_ints/lib/libadd_two_ints__rosidl_typesupport_fastrtps_c.so" to ""
-- Up-to-date: /home/nippun/ros2_course_test/install/add_two_ints/include/add_two_ints/add_two_ints
-- Up-to-date: /home/nippun/ros2_course_test/install/add_two_ints/include/add_two_ints/add_two_ints/srv
-- Up-to-date: /home/nippun/ros2_course_test/install/add_two_ints/include/add_two_ints/add_two_ints/srv/detail
-- Installing: /home/nippun/ros2_course_test/install/add_two_ints/include/add_two_ints/add_two_ints/srv/detail/add_two_ints__struct.hpp
-- Installing: /home/nippun/ros2_course_test/install/add_two_ints/include/add_two_ints/add_two_ints/srv/detail/add_two_ints__traits.hpp
-- Installing: /home/nippun/ros2_course_test/install/add_two_ints/include/add_two_ints/add_two_ints/srv/detail/add_two_ints__builder.hpp
-- Installing: /home/nippun/ros2_course_test/install/add_two_ints/include/add_two_ints/add_two_ints/srv/add_two_ints.hpp
-- Up-to-date: /home/nippun/ros2_course_test/install/add_two_ints/include/add_two_ints/add_two_ints
-- Up-to-date: /home/nippun/ros2_course_test/install/add_two_ints/include/add_two_ints/add_two_ints/msg
-- Installing: /home/nippun/ros2_course_test/install/add_two_ints/include/add_two_ints/add_two_ints/msg/rosidl_typesupport_fastrtps_cpp__visibility_control.h
-- Up-to-date: /home/nippun/ros2_course_test/install/add_two_ints/include/add_two_ints/add_two_ints/srv
-- Up-to-date: /home/nippun/ros2_course_test/install/add_two_ints/include/add_two_ints/add_two_ints/srv/detail
-- Installing: /home/nippun/ros2_course_test/install/add_two_ints/include/add_two_ints/add_two_ints/srv/detail/add_two_ints__rosidl_typesupport_fastrtps_cpp.hpp
-- Installing: /home/nippun/ros2_course_test/install/add_two_ints/include/add_two_ints/add_two_ints/srv/detail/dds_fastrtps
-- Installing: /home/nippun/ros2_course_test/install/add_two_ints/lib/libadd_two_ints__rosidl_typesupport_fastrtps_cpp.so
-- Set runtime path of "/home/nippun/ros2_course_test/install/add_two_ints/lib/libadd_two_ints__rosidl_typesupport_fastrtps_cpp.so" to ""
-- Up-to-date: /home/nippun/ros2_course_test/install/add_two_ints/include/add_two_ints/add_two_ints
-- Up-to-date: /home/nippun/ros2_course_test/install/add_two_ints/include/add_two_ints/add_two_ints/msg
-- Installing: /home/nippun/ros2_course_test/install/add_two_ints/include/add_two_ints/add_two_ints/msg/rosidl_typesupport_introspection_c__visibility_control.h
-- Up-to-date: /home/nippun/ros2_course_test/install/add_two_ints/include/add_two_ints/add_two_ints/srv
-- Up-to-date: /home/nippun/ros2_course_test/install/add_two_ints/include/add_two_ints/add_two_ints/srv/detail
-- Installing: /home/nippun/ros2_course_test/install/add_two_ints/include/add_two_ints/add_two_ints/srv/detail/add_two_ints__type_support.c
-- Installing: /home/nippun/ros2_course_test/install/add_two_ints/include/add_two_ints/add_two_ints/srv/detail/add_two_ints__rosidl_typesupport_introspection_c.h
-- Installing: /home/nippun/ros2_course_test/install/add_two_ints/lib/libadd_two_ints__rosidl_typesupport_introspection_c.so
-- Set runtime path of "/home/nippun/ros2_course_test/install/add_two_ints/lib/libadd_two_ints__rosidl_typesupport_introspection_c.so" to ""
-- Installing: /home/nippun/ros2_course_test/install/add_two_ints/lib/libadd_two_ints__rosidl_typesupport_c.so
-- Set runtime path of "/home/nippun/ros2_course_test/install/add_two_ints/lib/libadd_two_ints__rosidl_typesupport_c.so" to ""
-- Up-to-date: /home/nippun/ros2_course_test/install/add_two_ints/include/add_two_ints/add_two_ints
-- Up-to-date: /home/nippun/ros2_course_test/install/add_two_ints/include/add_two_ints/add_two_ints/srv
-- Up-to-date: /home/nippun/ros2_course_test/install/add_two_ints/include/add_two_ints/add_two_ints/srv/detail
-- Installing: /home/nippun/ros2_course_test/install/add_two_ints/include/add_two_ints/add_two_ints/srv/detail/add_two_ints__rosidl_typesupport_introspection_cpp.hpp
-- Installing: /home/nippun/ros2_course_test/install/add_two_ints/include/add_two_ints/add_two_ints/srv/detail/add_two_ints__type_support.cpp
-- Installing: /home/nippun/ros2_course_test/install/add_two_ints/lib/libadd_two_ints__rosidl_typesupport_introspection_cpp.so
-- Set runtime path of "/home/nippun/ros2_course_test/install/add_two_ints/lib/libadd_two_ints__rosidl_typesupport_introspection_cpp.so" to ""
-- Installing: /home/nippun/ros2_course_test/install/add_two_ints/lib/libadd_two_ints__rosidl_typesupport_cpp.so
-- Set runtime path of "/home/nippun/ros2_course_test/install/add_two_ints/lib/libadd_two_ints__rosidl_typesupport_cpp.so" to ""
-- Installing: /home/nippun/ros2_course_test/install/add_two_ints/share/add_two_ints/environment/pythonpath.sh
-- Installing: /home/nippun/ros2_course_test/install/add_two_ints/share/add_two_ints/environment/pythonpath.dsv
-- Installing: /home/nippun/ros2_course_test/install/add_two_ints/local/lib/python3.10/dist-packages/add_two_ints-0.0.0-py3.10.egg-info
-- Installing: /home/nippun/ros2_course_test/install/add_two_ints/local/lib/python3.10/dist-packages/add_two_ints-0.0.0-py3.10.egg-info/PKG-INFO
-- Installing: /home/nippun/ros2_course_test/install/add_two_ints/local/lib/python3.10/dist-packages/add_two_ints-0.0.0-py3.10.egg-info/dependency_links.txt
-- Installing: /home/nippun/ros2_course_test/install/add_two_ints/local/lib/python3.10/dist-packages/add_two_ints-0.0.0-py3.10.egg-info/SOURCES.txt
-- Installing: /home/nippun/ros2_course_test/install/add_two_ints/local/lib/python3.10/dist-packages/add_two_ints-0.0.0-py3.10.egg-info/top_level.txt
-- Installing: /home/nippun/ros2_course_test/install/add_two_ints/local/lib/python3.10/dist-packages/add_two_ints
-- Installing: /home/nippun/ros2_course_test/install/add_two_ints/local/lib/python3.10/dist-packages/add_two_ints/_add_two_ints_s.ep.rosidl_typesupport_fastrtps_c.c
-- Installing: /home/nippun/ros2_course_test/install/add_two_ints/local/lib/python3.10/dist-packages/add_two_ints/add_two_ints_s__rosidl_typesupport_fastrtps_c.cpython-310-x86_64-linux-gnu.so
-- Installing: /home/nippun/ros2_course_test/install/add_two_ints/local/lib/python3.10/dist-packages/add_two_ints/__init__.py
-- Installing: /home/nippun/ros2_course_test/install/add_two_ints/local/lib/python3.10/dist-packages/add_two_ints/libadd_two_ints__rosidl_generator_py.so
-- Installing: /home/nippun/ros2_course_test/install/add_two_ints/local/lib/python3.10/dist-packages/add_two_ints/add_two_ints_s__rosidl_typesupport_c.cpython-310-x86_64-linux-gnu.so
-- Installing: /home/nippun/ros2_course_test/install/add_two_ints/local/lib/python3.10/dist-packages/add_two_ints/_add_two_ints_s.ep.rosidl_typesupport_introspection_c.c
-- Installing: /home/nippun/ros2_course_test/install/add_two_ints/local/lib/python3.10/dist-packages/add_two_ints/_add_two_ints_s.ep.rosidl_typesupport_c.c
-- Installing: /home/nippun/ros2_course_test/install/add_two_ints/local/lib/python3.10/dist-packages/add_two_ints/srv
-- Installing: /home/nippun/ros2_course_test/install/add_two_ints/local/lib/python3.10/dist-packages/add_two_ints/srv/__init__.py
-- Installing: /home/nippun/ros2_course_test/install/add_two_ints/local/lib/python3.10/dist-packages/add_two_ints/srv/_add_two_ints_s.c
-- Installing: /home/nippun/ros2_course_test/install/add_two_ints/local/lib/python3.10/dist-packages/add_two_ints/srv/_add_two_ints.py
-- Installing: /home/nippun/ros2_course_test/install/add_two_ints/local/lib/python3.10/dist-packages/add_two_ints/add_two_ints_s__rosidl_typesupport_introspection_c.cpython-310-x86_64-linux-gnu.so
Listing '/home/nippun/ros2_course_test/install/add_two_ints/local/lib/python3.10/dist-packages/add_two_ints'...
Compiling '/home/nippun/ros2_course_test/install/add_two_ints/local/lib/python3.10/dist-packages/add_two_ints/__init__.py'...
Listing '/home/nippun/ros2_course_test/install/add_two_ints/local/lib/python3.10/dist-packages/add_two_ints/srv'...
Compiling '/home/nippun/ros2_course_test/install/add_two_ints/local/lib/python3.10/dist-packages/add_two_ints/srv/__init__.py'...
Compiling '/home/nippun/ros2_course_test/install/add_two_ints/local/lib/python3.10/dist-packages/add_two_ints/srv/_add_two_ints.py'...
-- Installing: /home/nippun/ros2_course_test/install/add_two_ints/local/lib/python3.10/dist-packages/add_two_ints/add_two_ints_s__rosidl_typesupport_fastrtps_c.cpython-310-x86_64-linux-gnu.so
-- Set runtime path of "/home/nippun/ros2_course_test/install/add_two_ints/local/lib/python3.10/dist-packages/add_two_ints/add_two_ints_s__rosidl_typesupport_fastrtps_c.cpython-310-x86_64-linux-gnu.so" to ""
-- Installing: /home/nippun/ros2_course_test/install/add_two_ints/local/lib/python3.10/dist-packages/add_two_ints/add_two_ints_s__rosidl_typesupport_introspection_c.cpython-310-x86_64-linux-gnu.so
-- Set runtime path of "/home/nippun/ros2_course_test/install/add_two_ints/local/lib/python3.10/dist-packages/add_two_ints/add_two_ints_s__rosidl_typesupport_introspection_c.cpython-310-x86_64-linux-gnu.so" to ""
-- Installing: /home/nippun/ros2_course_test/install/add_two_ints/local/lib/python3.10/dist-packages/add_two_ints/add_two_ints_s__rosidl_typesupport_c.cpython-310-x86_64-linux-gnu.so
-- Set runtime path of "/home/nippun/ros2_course_test/install/add_two_ints/local/lib/python3.10/dist-packages/add_two_ints/add_two_ints_s__rosidl_typesupport_c.cpython-310-x86_64-linux-gnu.so" to ""
-- Installing: /home/nippun/ros2_course_test/install/add_two_ints/lib/libadd_two_ints__rosidl_generator_py.so
-- Set runtime path of "/home/nippun/ros2_course_test/install/add_two_ints/lib/libadd_two_ints__rosidl_generator_py.so" to ""
-- Installing: /home/nippun/ros2_course_test/install/add_two_ints/share/add_two_ints/srv/AddTwoInts.idl
-- Installing: /home/nippun/ros2_course_test/install/add_two_ints/share/add_two_ints/srv/AddTwoInts.srv
-- Installing: /home/nippun/ros2_course_test/install/add_two_ints/share/add_two_ints/srv/AddTwoInts_Request.msg
-- Installing: /home/nippun/ros2_course_test/install/add_two_ints/share/add_two_ints/srv/AddTwoInts_Response.msg
-- Installing: /home/nippun/ros2_course_test/install/add_two_ints/share/ament_index/resource_index/package_run_dependencies/add_two_ints
-- Installing: /home/nippun/ros2_course_test/install/add_two_ints/share/ament_index/resource_index/parent_prefix_path/add_two_ints
-- Installing: /home/nippun/ros2_course_test/install/add_two_ints/share/add_two_ints/environment/ament_prefix_path.sh
-- Installing: /home/nippun/ros2_course_test/install/add_two_ints/share/add_two_ints/environment/ament_prefix_path.dsv
-- Installing: /home/nippun/ros2_course_test/install/add_two_ints/share/add_two_ints/environment/path.sh
-- Installing: /home/nippun/ros2_course_test/install/add_two_ints/share/add_two_ints/environment/path.dsv
-- Installing: /home/nippun/ros2_course_test/install/add_two_ints/share/add_two_ints/local_setup.bash
-- Installing: /home/nippun/ros2_course_test/install/add_two_ints/share/add_two_ints/local_setup.sh
-- Installing: /home/nippun/ros2_course_test/install/add_two_ints/share/add_two_ints/local_setup.zsh
-- Installing: /home/nippun/ros2_course_test/install/add_two_ints/share/add_two_ints/local_setup.dsv
-- Installing: /home/nippun/ros2_course_test/install/add_two_ints/share/add_two_ints/package.dsv
-- Installing: /home/nippun/ros2_course_test/install/add_two_ints/share/ament_index/resource_index/packages/add_two_ints
-- Installing: /home/nippun/ros2_course_test/install/add_two_ints/share/add_two_ints/cmake/export_add_two_ints__rosidl_generator_cExport.cmake
-- Installing: /home/nippun/ros2_course_test/install/add_two_ints/share/add_two_ints/cmake/export_add_two_ints__rosidl_generator_cExport-noconfig.cmake
-- Installing: /home/nippun/ros2_course_test/install/add_two_ints/share/add_two_ints/cmake/export_add_two_ints__rosidl_typesupport_fastrtps_cExport.cmake
-- Installing: /home/nippun/ros2_course_test/install/add_two_ints/share/add_two_ints/cmake/export_add_two_ints__rosidl_typesupport_fastrtps_cExport-noconfig.cmake
-- Installing: /home/nippun/ros2_course_test/install/add_two_ints/share/add_two_ints/cmake/export_add_two_ints__rosidl_generator_cppExport.cmake
-- Installing: /home/nippun/ros2_course_test/install/add_two_ints/share/add_two_ints/cmake/export_add_two_ints__rosidl_typesupport_fastrtps_cppExport.cmake
-- Installing: /home/nippun/ros2_course_test/install/add_two_ints/share/add_two_ints/cmake/export_add_two_ints__rosidl_typesupport_fastrtps_cppExport-noconfig.cmake
-- Installing: /home/nippun/ros2_course_test/install/add_two_ints/share/add_two_ints/cmake/add_two_ints__rosidl_typesupport_introspection_cExport.cmake
-- Installing: /home/nippun/ros2_course_test/install/add_two_ints/share/add_two_ints/cmake/add_two_ints__rosidl_typesupport_introspection_cExport-noconfig.cmake
-- Installing: /home/nippun/ros2_course_test/install/add_two_ints/share/add_two_ints/cmake/add_two_ints__rosidl_typesupport_cExport.cmake
-- Installing: /home/nippun/ros2_course_test/install/add_two_ints/share/add_two_ints/cmake/add_two_ints__rosidl_typesupport_cExport-noconfig.cmake
-- Installing: /home/nippun/ros2_course_test/install/add_two_ints/share/add_two_ints/cmake/add_two_ints__rosidl_typesupport_introspection_cppExport.cmake
-- Installing: /home/nippun/ros2_course_test/install/add_two_ints/share/add_two_ints/cmake/add_two_ints__rosidl_typesupport_introspection_cppExport-noconfig.cmake
-- Installing: /home/nippun/ros2_course_test/install/add_two_ints/share/add_two_ints/cmake/add_two_ints__rosidl_typesupport_cppExport.cmake
-- Installing: /home/nippun/ros2_course_test/install/add_two_ints/share/add_two_ints/cmake/add_two_ints__rosidl_typesupport_cppExport-noconfig.cmake
-- Installing: /home/nippun/ros2_course_test/install/add_two_ints/share/add_two_ints/cmake/export_add_two_ints__rosidl_generator_pyExport.cmake
-- Installing: /home/nippun/ros2_course_test/install/add_two_ints/share/add_two_ints/cmake/export_add_two_ints__rosidl_generator_pyExport-noconfig.cmake
-- Installing: /home/nippun/ros2_course_test/install/add_two_ints/share/add_two_ints/cmake/rosidl_cmake-extras.cmake
-- Installing: /home/nippun/ros2_course_test/install/add_two_ints/share/add_two_ints/cmake/ament_cmake_export_include_directories-extras.cmake
-- Installing: /home/nippun/ros2_course_test/install/add_two_ints/share/add_two_ints/cmake/ament_cmake_export_libraries-extras.cmake
-- Installing: /home/nippun/ros2_course_test/install/add_two_ints/share/add_two_ints/cmake/ament_cmake_export_targets-extras.cmake
-- Installing: /home/nippun/ros2_course_test/install/add_two_ints/share/add_two_ints/cmake/rosidl_cmake_export_typesupport_targets-extras.cmake
-- Installing: /home/nippun/ros2_course_test/install/add_two_ints/share/add_two_ints/cmake/ament_cmake_export_dependencies-extras.cmake
-- Installing: /home/nippun/ros2_course_test/install/add_two_ints/share/add_two_ints/cmake/rosidl_cmake_export_typesupport_libraries-extras.cmake
-- Installing: /home/nippun/ros2_course_test/install/add_two_ints/share/add_two_ints/cmake/add_two_intsConfig.cmake
-- Installing: /home/nippun/ros2_course_test/install/add_two_ints/share/add_two_ints/cmake/add_two_intsConfig-version.cmake
-- Installing: /home/nippun/ros2_course_test/install/add_two_ints/share/add_two_ints/package.xml
