[0.190s] Invoking command in '/home/nippun/ros2_course_test/build/add_two_ints': CMAKE_PREFIX_PATH=${CMAKE_PREFIX_PATH}:/home/nippun/ros2_course_test/install/turtlesim_control:/home/nippun/ros2_course_test/install/talker_listener:/home/nippun/ros2_course_test/install/my_first_package:/home/nippun/ros2_course_test/install/complex_talker_listener:/home/nippun/ros2_ws/install/tele_op:/home/nippun/ros2_ws/install/talker_listner:/home/nippun/ros2_ws/install/my_first_package:/home/nippun/ros2_ws/install/example:/home/nippun/ros2_course_ws/install/my_first_package:/opt/ros/humble /usr/bin/cmake /home/nippun/ros2_course_test/src/add_two_ints -DCMAKE_INSTALL_PREFIX=/home/nippun/ros2_course_test/install/add_two_ints
[1.526s] -- The C compiler identification is GNU 11.3.0
[2.507s] -- The CXX compiler identification is GNU 11.3.0
[2.667s] -- Detecting C compiler ABI info
[2.928s] -- Detecting C compiler ABI info - done
[2.940s] -- Check for working C compiler: /usr/bin/cc - skipped
[2.941s] -- Detecting C compile features
[2.974s] -- Detecting C compile features - done
[3.013s] -- Detecting CXX compiler ABI info
[3.170s] -- Detecting CXX compiler ABI info - done
[3.185s] -- Check for working CXX compiler: /usr/bin/c++ - skipped
[3.186s] -- Detecting CXX compile features
[3.187s] -- Detecting CXX compile features - done
[3.287s] -- Found ament_cmake: 1.3.3 (/opt/ros/humble/share/ament_cmake/cmake)
[3.755s] -- Found Python3: /usr/bin/python3.10 (found version "3.10.6") found components: Interpreter 
[4.292s] -- Found geometry_msgs: 4.2.3 (/opt/ros/humble/share/geometry_msgs/cmake)
[4.701s] -- Found rosidl_generator_c: 3.1.4 (/opt/ros/humble/share/rosidl_generator_c/cmake)
[4.729s] -- Found rosidl_adapter: 3.1.4 (/opt/ros/humble/share/rosidl_adapter/cmake)
[4.771s] -- Found rosidl_generator_cpp: 3.1.4 (/opt/ros/humble/share/rosidl_generator_cpp/cmake)
[4.915s] -- Using all available rosidl_typesupport_c: rosidl_typesupport_fastrtps_c;rosidl_typesupport_introspection_c
[4.989s] -- Using all available rosidl_typesupport_cpp: rosidl_typesupport_fastrtps_cpp;rosidl_typesupport_introspection_cpp
[5.294s] -- Found rosidl_default_generators: 1.2.0 (/opt/ros/humble/share/rosidl_default_generators/cmake)
[5.866s] -- Found ament_cmake_ros: 0.10.0 (/opt/ros/humble/share/ament_cmake_ros/cmake)
[6.594s] -- Using all available rosidl_typesupport_c: rosidl_typesupport_fastrtps_c;rosidl_typesupport_introspection_c
[6.869s] -- Using all available rosidl_typesupport_cpp: rosidl_typesupport_fastrtps_cpp;rosidl_typesupport_introspection_cpp
[6.934s] -- Found PythonInterp: /usr/bin/python3 (found suitable version "3.10.6", minimum required is "3.6") 
[6.961s] -- Found python_cmake_module: 0.10.0 (/opt/ros/humble/share/python_cmake_module/cmake)
[7.138s] -- Found PythonLibs: /usr/lib/x86_64-linux-gnu/libpython3.10.so (found suitable version "3.10.6", minimum required is "3.5") 
[7.139s] -- Using PYTHON_EXECUTABLE: /usr/bin/python3
[7.139s] -- Using PYTHON_INCLUDE_DIRS: /usr/include/python3.10
[7.139s] -- Using PYTHON_LIBRARIES: /usr/lib/x86_64-linux-gnu/libpython3.10.so
[7.181s] -- Found PythonExtra: .so  
[7.368s] -- Found ament_lint_auto: 0.12.5 (/opt/ros/humble/share/ament_lint_auto/cmake)
[7.641s] -- Added test 'lint_cmake' to check CMake code style
[7.644s] -- Added test 'xmllint' to check XML markup files
[7.652s] -- Configuring done
[7.704s] -- Generating done
[7.708s] -- Build files have been written to: /home/nippun/ros2_course_test/build/add_two_ints
[7.724s] Invoked command in '/home/nippun/ros2_course_test/build/add_two_ints' returned '0': CMAKE_PREFIX_PATH=${CMAKE_PREFIX_PATH}:/home/nippun/ros2_course_test/install/turtlesim_control:/home/nippun/ros2_course_test/install/talker_listener:/home/nippun/ros2_course_test/install/my_first_package:/home/nippun/ros2_course_test/install/complex_talker_listener:/home/nippun/ros2_ws/install/tele_op:/home/nippun/ros2_ws/install/talker_listner:/home/nippun/ros2_ws/install/my_first_package:/home/nippun/ros2_ws/install/example:/home/nippun/ros2_course_ws/install/my_first_package:/opt/ros/humble /usr/bin/cmake /home/nippun/ros2_course_test/src/add_two_ints -DCMAKE_INSTALL_PREFIX=/home/nippun/ros2_course_test/install/add_two_ints
[7.726s] Invoking command in '/home/nippun/ros2_course_test/build/add_two_ints': CMAKE_PREFIX_PATH=${CMAKE_PREFIX_PATH}:/home/nippun/ros2_course_test/install/turtlesim_control:/home/nippun/ros2_course_test/install/talker_listener:/home/nippun/ros2_course_test/install/my_first_package:/home/nippun/ros2_course_test/install/complex_talker_listener:/home/nippun/ros2_ws/install/tele_op:/home/nippun/ros2_ws/install/talker_listner:/home/nippun/ros2_ws/install/my_first_package:/home/nippun/ros2_ws/install/example:/home/nippun/ros2_course_ws/install/my_first_package:/opt/ros/humble /usr/bin/cmake --build /home/nippun/ros2_course_test/build/add_two_ints -- -j4 -l4
[7.785s] [  3%] [34m[1mGenerating C code for ROS interfaces[0m
[7.795s] [  6%] [34m[1mGenerating C++ code for ROS interfaces[0m
[7.818s] [  6%] Built target ament_cmake_python_copy_add_two_ints
[8.442s] [  9%] [32mBuilding C object CMakeFiles/add_two_ints__rosidl_generator_c.dir/rosidl_generator_c/add_two_ints/srv/detail/add_two_ints__functions.c.o[0m
[8.458s] [  9%] Built target add_two_ints__cpp
[8.476s] [ 12%] [34m[1mGenerating C++ type support dispatch for ROS interfaces[0m
[8.480s] [ 16%] [34m[1mGenerating C++ type support for eProsima Fast-RTPS[0m
[8.677s] running egg_info
[8.678s] creating add_two_ints.egg-info
[8.679s] writing add_two_ints.egg-info/PKG-INFO
[8.680s] writing dependency_links to add_two_ints.egg-info/dependency_links.txt
[8.680s] writing top-level names to add_two_ints.egg-info/top_level.txt
[8.681s] writing manifest file 'add_two_ints.egg-info/SOURCES.txt'
[8.736s] reading manifest file 'add_two_ints.egg-info/SOURCES.txt'
[8.738s] writing manifest file 'add_two_ints.egg-info/SOURCES.txt'
[8.805s] [ 16%] Built target ament_cmake_python_build_add_two_ints_egg
[8.821s] [ 19%] [34m[1mGenerating C++ introspection for ROS interfaces[0m
[8.968s] [ 22%] [32mBuilding CXX object CMakeFiles/add_two_ints__rosidl_typesupport_cpp.dir/rosidl_typesupport_cpp/add_two_ints/srv/add_two_ints__type_support.cpp.o[0m
[9.252s] [ 25%] [32mBuilding CXX object CMakeFiles/add_two_ints__rosidl_typesupport_fastrtps_cpp.dir/rosidl_typesupport_fastrtps_cpp/add_two_ints/srv/detail/dds_fastrtps/add_two_ints__type_support.cpp.o[0m
[9.384s] [ 29%] [32mBuilding CXX object CMakeFiles/add_two_ints__rosidl_typesupport_introspection_cpp.dir/rosidl_typesupport_introspection_cpp/add_two_ints/srv/detail/add_two_ints__type_support.cpp.o[0m
[9.694s] [ 32%] [32m[1mLinking C shared library libadd_two_ints__rosidl_generator_c.so[0m
[9.803s] [ 32%] Built target add_two_ints__rosidl_generator_c
[9.817s] [ 35%] [34m[1mGenerating C type support for eProsima Fast-RTPS[0m
[10.320s] [ 38%] [32mBuilding CXX object CMakeFiles/add_two_ints__rosidl_typesupport_fastrtps_c.dir/rosidl_typesupport_fastrtps_c/add_two_ints/srv/detail/add_two_ints__type_support_c.cpp.o[0m
[11.597s] [ 41%] [32m[1mLinking CXX shared library libadd_two_ints__rosidl_typesupport_cpp.so[0m
[11.703s] [ 41%] Built target add_two_ints__rosidl_typesupport_cpp
[11.739s] [ 45%] [34m[1mGenerating C introspection for ROS interfaces[0m
[11.875s] [ 48%] [32m[1mLinking CXX shared library libadd_two_ints__rosidl_typesupport_introspection_cpp.so[0m
[11.960s] [ 48%] Built target add_two_ints__rosidl_typesupport_introspection_cpp
[11.973s] [ 51%] [34m[1mGenerating C type support dispatch for ROS interfaces[0m
[12.183s] [ 54%] [32m[1mLinking CXX shared library libadd_two_ints__rosidl_typesupport_fastrtps_c.so[0m
[12.184s] [ 58%] [32m[1mLinking CXX shared library libadd_two_ints__rosidl_typesupport_fastrtps_cpp.so[0m
[12.362s] [ 58%] Built target add_two_ints__rosidl_typesupport_fastrtps_cpp
[12.369s] [ 58%] Built target add_two_ints__rosidl_typesupport_fastrtps_c
[12.457s] [ 61%] [32mBuilding C object CMakeFiles/add_two_ints__rosidl_typesupport_introspection_c.dir/rosidl_typesupport_introspection_c/add_two_ints/srv/detail/add_two_ints__type_support.c.o[0m
[12.507s] [ 64%] [32m[1mLinking C shared library libadd_two_ints__rosidl_typesupport_introspection_c.so[0m
[12.545s] [ 64%] Built target add_two_ints__rosidl_typesupport_introspection_c
[12.581s] [ 67%] [32mBuilding CXX object CMakeFiles/add_two_ints__rosidl_typesupport_c.dir/rosidl_typesupport_c/add_two_ints/srv/add_two_ints__type_support.cpp.o[0m
[12.620s] [ 70%] [32m[1mLinking CXX shared library libadd_two_ints__rosidl_typesupport_c.so[0m
[12.672s] [ 70%] Built target add_two_ints__rosidl_typesupport_c
[12.696s] [ 70%] Built target add_two_ints
[12.722s] [ 74%] [34m[1mGenerating Python code for ROS interfaces[0m
[13.272s] [ 74%] Built target add_two_ints__py
[13.297s] [ 77%] [32mBuilding C object CMakeFiles/add_two_ints__rosidl_generator_py.dir/rosidl_generator_py/add_two_ints/srv/_add_two_ints_s.c.o[0m
[13.954s] [ 80%] [32m[1mLinking C shared library rosidl_generator_py/add_two_ints/libadd_two_ints__rosidl_generator_py.so[0m
[14.006s] [ 80%] Built target add_two_ints__rosidl_generator_py
[14.041s] [ 87%] [32mBuilding C object CMakeFiles/add_two_ints__rosidl_typesupport_introspection_c__pyext.dir/rosidl_generator_py/add_two_ints/_add_two_ints_s.ep.rosidl_typesupport_introspection_c.c.o[0m
[14.041s] [ 87%] [32mBuilding C object CMakeFiles/add_two_ints__rosidl_typesupport_fastrtps_c__pyext.dir/rosidl_generator_py/add_two_ints/_add_two_ints_s.ep.rosidl_typesupport_fastrtps_c.c.o[0m
[14.043s] [ 90%] [32mBuilding C object CMakeFiles/add_two_ints__rosidl_typesupport_c__pyext.dir/rosidl_generator_py/add_two_ints/_add_two_ints_s.ep.rosidl_typesupport_c.c.o[0m
[14.192s] [ 93%] [32m[1mLinking C shared library rosidl_generator_py/add_two_ints/add_two_ints_s__rosidl_typesupport_c.cpython-310-x86_64-linux-gnu.so[0m
[14.238s] [ 93%] Built target add_two_ints__rosidl_typesupport_c__pyext
[14.262s] [ 96%] [32m[1mLinking C shared library rosidl_generator_py/add_two_ints/add_two_ints_s__rosidl_typesupport_fastrtps_c.cpython-310-x86_64-linux-gnu.so[0m
[14.262s] [100%] [32m[1mLinking C shared library rosidl_generator_py/add_two_ints/add_two_ints_s__rosidl_typesupport_introspection_c.cpython-310-x86_64-linux-gnu.so[0m
[14.324s] [100%] Built target add_two_ints__rosidl_typesupport_introspection_c__pyext
[14.334s] [100%] Built target add_two_ints__rosidl_typesupport_fastrtps_c__pyext
[14.356s] Invoked command in '/home/nippun/ros2_course_test/build/add_two_ints' returned '0': CMAKE_PREFIX_PATH=${CMAKE_PREFIX_PATH}:/home/nippun/ros2_course_test/install/turtlesim_control:/home/nippun/ros2_course_test/install/talker_listener:/home/nippun/ros2_course_test/install/my_first_package:/home/nippun/ros2_course_test/install/complex_talker_listener:/home/nippun/ros2_ws/install/tele_op:/home/nippun/ros2_ws/install/talker_listner:/home/nippun/ros2_ws/install/my_first_package:/home/nippun/ros2_ws/install/example:/home/nippun/ros2_course_ws/install/my_first_package:/opt/ros/humble /usr/bin/cmake --build /home/nippun/ros2_course_test/build/add_two_ints -- -j4 -l4
[14.496s] Invoking command in '/home/nippun/ros2_course_test/build/add_two_ints': CMAKE_PREFIX_PATH=${CMAKE_PREFIX_PATH}:/home/nippun/ros2_course_test/install/turtlesim_control:/home/nippun/ros2_course_test/install/talker_listener:/home/nippun/ros2_course_test/install/my_first_package:/home/nippun/ros2_course_test/install/complex_talker_listener:/home/nippun/ros2_ws/install/tele_op:/home/nippun/ros2_ws/install/talker_listner:/home/nippun/ros2_ws/install/my_first_package:/home/nippun/ros2_ws/install/example:/home/nippun/ros2_course_ws/install/my_first_package:/opt/ros/humble /usr/bin/cmake --install /home/nippun/ros2_course_test/build/add_two_ints
[14.508s] -- Install configuration: ""
[14.509s] -- Installing: /home/nippun/ros2_course_test/install/add_two_ints/share/ament_index/resource_index/rosidl_interfaces/add_two_ints
[14.509s] -- Installing: /home/nippun/ros2_course_test/install/add_two_ints/include/add_two_ints/add_two_ints
[14.509s] -- Installing: /home/nippun/ros2_course_test/install/add_two_ints/include/add_two_ints/add_two_ints/msg
[14.510s] -- Installing: /home/nippun/ros2_course_test/install/add_two_ints/include/add_two_ints/add_two_ints/msg/rosidl_generator_c__visibility_control.h
[14.510s] -- Installing: /home/nippun/ros2_course_test/install/add_two_ints/include/add_two_ints/add_two_ints/srv
[14.510s] -- Installing: /home/nippun/ros2_course_test/install/add_two_ints/include/add_two_ints/add_two_ints/srv/add_two_ints.h
[14.510s] -- Installing: /home/nippun/ros2_course_test/install/add_two_ints/include/add_two_ints/add_two_ints/srv/detail
[14.511s] -- Installing: /home/nippun/ros2_course_test/install/add_two_ints/include/add_two_ints/add_two_ints/srv/detail/add_two_ints__struct.h
[14.511s] -- Installing: /home/nippun/ros2_course_test/install/add_two_ints/include/add_two_ints/add_two_ints/srv/detail/add_two_ints__type_support.h
[14.511s] -- Installing: /home/nippun/ros2_course_test/install/add_two_ints/include/add_two_ints/add_two_ints/srv/detail/add_two_ints__functions.h
[14.511s] -- Installing: /home/nippun/ros2_course_test/install/add_two_ints/include/add_two_ints/add_two_ints/srv/detail/add_two_ints__functions.c
[14.512s] -- Installing: /home/nippun/ros2_course_test/install/add_two_ints/share/add_two_ints/environment/library_path.sh
[14.512s] -- Installing: /home/nippun/ros2_course_test/install/add_two_ints/share/add_two_ints/environment/library_path.dsv
[14.513s] -- Installing: /home/nippun/ros2_course_test/install/add_two_ints/lib/libadd_two_ints__rosidl_generator_c.so
[14.513s] -- Set runtime path of "/home/nippun/ros2_course_test/install/add_two_ints/lib/libadd_two_ints__rosidl_generator_c.so" to ""
[14.513s] -- Up-to-date: /home/nippun/ros2_course_test/install/add_two_ints/include/add_two_ints/add_two_ints
[14.514s] -- Up-to-date: /home/nippun/ros2_course_test/install/add_two_ints/include/add_two_ints/add_two_ints/msg
[14.514s] -- Installing: /home/nippun/ros2_course_test/install/add_two_ints/include/add_two_ints/add_two_ints/msg/rosidl_typesupport_fastrtps_c__visibility_control.h
[14.515s] -- Up-to-date: /home/nippun/ros2_course_test/install/add_two_ints/include/add_two_ints/add_two_ints/srv
[14.515s] -- Up-to-date: /home/nippun/ros2_course_test/install/add_two_ints/include/add_two_ints/add_two_ints/srv/detail
[14.516s] -- Installing: /home/nippun/ros2_course_test/install/add_two_ints/include/add_two_ints/add_two_ints/srv/detail/add_two_ints__rosidl_typesupport_fastrtps_c.h
[14.517s] -- Installing: /home/nippun/ros2_course_test/install/add_two_ints/lib/libadd_two_ints__rosidl_typesupport_fastrtps_c.so
[14.517s] -- Set runtime path of "/home/nippun/ros2_course_test/install/add_two_ints/lib/libadd_two_ints__rosidl_typesupport_fastrtps_c.so" to ""
[14.517s] -- Up-to-date: /home/nippun/ros2_course_test/install/add_two_ints/include/add_two_ints/add_two_ints
[14.518s] -- Up-to-date: /home/nippun/ros2_course_test/install/add_two_ints/include/add_two_ints/add_two_ints/srv
[14.518s] -- Up-to-date: /home/nippun/ros2_course_test/install/add_two_ints/include/add_two_ints/add_two_ints/srv/detail
[14.519s] -- Installing: /home/nippun/ros2_course_test/install/add_two_ints/include/add_two_ints/add_two_ints/srv/detail/add_two_ints__struct.hpp
[14.519s] -- Installing: /home/nippun/ros2_course_test/install/add_two_ints/include/add_two_ints/add_two_ints/srv/detail/add_two_ints__traits.hpp
[14.519s] -- Installing: /home/nippun/ros2_course_test/install/add_two_ints/include/add_two_ints/add_two_ints/srv/detail/add_two_ints__builder.hpp
[14.520s] -- Installing: /home/nippun/ros2_course_test/install/add_two_ints/include/add_two_ints/add_two_ints/srv/add_two_ints.hpp
[14.520s] -- Up-to-date: /home/nippun/ros2_course_test/install/add_two_ints/include/add_two_ints/add_two_ints
[14.521s] -- Up-to-date: /home/nippun/ros2_course_test/install/add_two_ints/include/add_two_ints/add_two_ints/msg
[14.521s] -- Installing: /home/nippun/ros2_course_test/install/add_two_ints/include/add_two_ints/add_two_ints/msg/rosidl_typesupport_fastrtps_cpp__visibility_control.h
[14.521s] -- Up-to-date: /home/nippun/ros2_course_test/install/add_two_ints/include/add_two_ints/add_two_ints/srv
[14.522s] -- Up-to-date: /home/nippun/ros2_course_test/install/add_two_ints/include/add_two_ints/add_two_ints/srv/detail
[14.522s] -- Installing: /home/nippun/ros2_course_test/install/add_two_ints/include/add_two_ints/add_two_ints/srv/detail/add_two_ints__rosidl_typesupport_fastrtps_cpp.hpp
[14.523s] -- Installing: /home/nippun/ros2_course_test/install/add_two_ints/include/add_two_ints/add_two_ints/srv/detail/dds_fastrtps
[14.523s] -- Installing: /home/nippun/ros2_course_test/install/add_two_ints/lib/libadd_two_ints__rosidl_typesupport_fastrtps_cpp.so
[14.523s] -- Set runtime path of "/home/nippun/ros2_course_test/install/add_two_ints/lib/libadd_two_ints__rosidl_typesupport_fastrtps_cpp.so" to ""
[14.524s] -- Up-to-date: /home/nippun/ros2_course_test/install/add_two_ints/include/add_two_ints/add_two_ints
[14.524s] -- Up-to-date: /home/nippun/ros2_course_test/install/add_two_ints/include/add_two_ints/add_two_ints/msg
[14.525s] -- Installing: /home/nippun/ros2_course_test/install/add_two_ints/include/add_two_ints/add_two_ints/msg/rosidl_typesupport_introspection_c__visibility_control.h
[14.525s] -- Up-to-date: /home/nippun/ros2_course_test/install/add_two_ints/include/add_two_ints/add_two_ints/srv
[14.525s] -- Up-to-date: /home/nippun/ros2_course_test/install/add_two_ints/include/add_two_ints/add_two_ints/srv/detail
[14.525s] -- Installing: /home/nippun/ros2_course_test/install/add_two_ints/include/add_two_ints/add_two_ints/srv/detail/add_two_ints__type_support.c
[14.526s] -- Installing: /home/nippun/ros2_course_test/install/add_two_ints/include/add_two_ints/add_two_ints/srv/detail/add_two_ints__rosidl_typesupport_introspection_c.h
[14.526s] -- Installing: /home/nippun/ros2_course_test/install/add_two_ints/lib/libadd_two_ints__rosidl_typesupport_introspection_c.so
[14.526s] -- Set runtime path of "/home/nippun/ros2_course_test/install/add_two_ints/lib/libadd_two_ints__rosidl_typesupport_introspection_c.so" to ""
[14.527s] -- Installing: /home/nippun/ros2_course_test/install/add_two_ints/lib/libadd_two_ints__rosidl_typesupport_c.so
[14.527s] -- Set runtime path of "/home/nippun/ros2_course_test/install/add_two_ints/lib/libadd_two_ints__rosidl_typesupport_c.so" to ""
[14.527s] -- Up-to-date: /home/nippun/ros2_course_test/install/add_two_ints/include/add_two_ints/add_two_ints
[14.528s] -- Up-to-date: /home/nippun/ros2_course_test/install/add_two_ints/include/add_two_ints/add_two_ints/srv
[14.528s] -- Up-to-date: /home/nippun/ros2_course_test/install/add_two_ints/include/add_two_ints/add_two_ints/srv/detail
[14.528s] -- Installing: /home/nippun/ros2_course_test/install/add_two_ints/include/add_two_ints/add_two_ints/srv/detail/add_two_ints__rosidl_typesupport_introspection_cpp.hpp
[14.528s] -- Installing: /home/nippun/ros2_course_test/install/add_two_ints/include/add_two_ints/add_two_ints/srv/detail/add_two_ints__type_support.cpp
[14.529s] -- Installing: /home/nippun/ros2_course_test/install/add_two_ints/lib/libadd_two_ints__rosidl_typesupport_introspection_cpp.so
[14.529s] -- Set runtime path of "/home/nippun/ros2_course_test/install/add_two_ints/lib/libadd_two_ints__rosidl_typesupport_introspection_cpp.so" to ""
[14.529s] -- Installing: /home/nippun/ros2_course_test/install/add_two_ints/lib/libadd_two_ints__rosidl_typesupport_cpp.so
[14.530s] -- Set runtime path of "/home/nippun/ros2_course_test/install/add_two_ints/lib/libadd_two_ints__rosidl_typesupport_cpp.so" to ""
[14.530s] -- Installing: /home/nippun/ros2_course_test/install/add_two_ints/share/add_two_ints/environment/pythonpath.sh
[14.530s] -- Installing: /home/nippun/ros2_course_test/install/add_two_ints/share/add_two_ints/environment/pythonpath.dsv
[14.531s] -- Installing: /home/nippun/ros2_course_test/install/add_two_ints/local/lib/python3.10/dist-packages/add_two_ints-0.0.0-py3.10.egg-info
[14.531s] -- Installing: /home/nippun/ros2_course_test/install/add_two_ints/local/lib/python3.10/dist-packages/add_two_ints-0.0.0-py3.10.egg-info/PKG-INFO
[14.531s] -- Installing: /home/nippun/ros2_course_test/install/add_two_ints/local/lib/python3.10/dist-packages/add_two_ints-0.0.0-py3.10.egg-info/dependency_links.txt
[14.532s] -- Installing: /home/nippun/ros2_course_test/install/add_two_ints/local/lib/python3.10/dist-packages/add_two_ints-0.0.0-py3.10.egg-info/SOURCES.txt
[14.532s] -- Installing: /home/nippun/ros2_course_test/install/add_two_ints/local/lib/python3.10/dist-packages/add_two_ints-0.0.0-py3.10.egg-info/top_level.txt
[14.532s] -- Installing: /home/nippun/ros2_course_test/install/add_two_ints/local/lib/python3.10/dist-packages/add_two_ints
[14.533s] -- Installing: /home/nippun/ros2_course_test/install/add_two_ints/local/lib/python3.10/dist-packages/add_two_ints/_add_two_ints_s.ep.rosidl_typesupport_fastrtps_c.c
[14.533s] -- Installing: /home/nippun/ros2_course_test/install/add_two_ints/local/lib/python3.10/dist-packages/add_two_ints/add_two_ints_s__rosidl_typesupport_fastrtps_c.cpython-310-x86_64-linux-gnu.so
[14.533s] -- Installing: /home/nippun/ros2_course_test/install/add_two_ints/local/lib/python3.10/dist-packages/add_two_ints/__init__.py
[14.534s] -- Installing: /home/nippun/ros2_course_test/install/add_two_ints/local/lib/python3.10/dist-packages/add_two_ints/libadd_two_ints__rosidl_generator_py.so
[14.534s] -- Installing: /home/nippun/ros2_course_test/install/add_two_ints/local/lib/python3.10/dist-packages/add_two_ints/add_two_ints_s__rosidl_typesupport_c.cpython-310-x86_64-linux-gnu.so
[14.534s] -- Installing: /home/nippun/ros2_course_test/install/add_two_ints/local/lib/python3.10/dist-packages/add_two_ints/_add_two_ints_s.ep.rosidl_typesupport_introspection_c.c
[14.535s] -- Installing: /home/nippun/ros2_course_test/install/add_two_ints/local/lib/python3.10/dist-packages/add_two_ints/_add_two_ints_s.ep.rosidl_typesupport_c.c
[14.535s] -- Installing: /home/nippun/ros2_course_test/install/add_two_ints/local/lib/python3.10/dist-packages/add_two_ints/srv
[14.535s] -- Installing: /home/nippun/ros2_course_test/install/add_two_ints/local/lib/python3.10/dist-packages/add_two_ints/srv/__init__.py
[14.536s] -- Installing: /home/nippun/ros2_course_test/install/add_two_ints/local/lib/python3.10/dist-packages/add_two_ints/srv/_add_two_ints_s.c
[14.536s] -- Installing: /home/nippun/ros2_course_test/install/add_two_ints/local/lib/python3.10/dist-packages/add_two_ints/srv/_add_two_ints.py
[14.536s] -- Installing: /home/nippun/ros2_course_test/install/add_two_ints/local/lib/python3.10/dist-packages/add_two_ints/add_two_ints_s__rosidl_typesupport_introspection_c.cpython-310-x86_64-linux-gnu.so
[14.615s] Listing '/home/nippun/ros2_course_test/install/add_two_ints/local/lib/python3.10/dist-packages/add_two_ints'...
[14.615s] Compiling '/home/nippun/ros2_course_test/install/add_two_ints/local/lib/python3.10/dist-packages/add_two_ints/__init__.py'...
[14.616s] Listing '/home/nippun/ros2_course_test/install/add_two_ints/local/lib/python3.10/dist-packages/add_two_ints/srv'...
[14.616s] Compiling '/home/nippun/ros2_course_test/install/add_two_ints/local/lib/python3.10/dist-packages/add_two_ints/srv/__init__.py'...
[14.616s] Compiling '/home/nippun/ros2_course_test/install/add_two_ints/local/lib/python3.10/dist-packages/add_two_ints/srv/_add_two_ints.py'...
[14.622s] -- Installing: /home/nippun/ros2_course_test/install/add_two_ints/local/lib/python3.10/dist-packages/add_two_ints/add_two_ints_s__rosidl_typesupport_fastrtps_c.cpython-310-x86_64-linux-gnu.so
[14.623s] -- Set runtime path of "/home/nippun/ros2_course_test/install/add_two_ints/local/lib/python3.10/dist-packages/add_two_ints/add_two_ints_s__rosidl_typesupport_fastrtps_c.cpython-310-x86_64-linux-gnu.so" to ""
[14.623s] -- Installing: /home/nippun/ros2_course_test/install/add_two_ints/local/lib/python3.10/dist-packages/add_two_ints/add_two_ints_s__rosidl_typesupport_introspection_c.cpython-310-x86_64-linux-gnu.so
[14.624s] -- Set runtime path of "/home/nippun/ros2_course_test/install/add_two_ints/local/lib/python3.10/dist-packages/add_two_ints/add_two_ints_s__rosidl_typesupport_introspection_c.cpython-310-x86_64-linux-gnu.so" to ""
[14.624s] -- Installing: /home/nippun/ros2_course_test/install/add_two_ints/local/lib/python3.10/dist-packages/add_two_ints/add_two_ints_s__rosidl_typesupport_c.cpython-310-x86_64-linux-gnu.so
[14.625s] -- Set runtime path of "/home/nippun/ros2_course_test/install/add_two_ints/local/lib/python3.10/dist-packages/add_two_ints/add_two_ints_s__rosidl_typesupport_c.cpython-310-x86_64-linux-gnu.so" to ""
[14.625s] -- Installing: /home/nippun/ros2_course_test/install/add_two_ints/lib/libadd_two_ints__rosidl_generator_py.so
[14.625s] -- Set runtime path of "/home/nippun/ros2_course_test/install/add_two_ints/lib/libadd_two_ints__rosidl_generator_py.so" to ""
[14.626s] -- Installing: /home/nippun/ros2_course_test/install/add_two_ints/share/add_two_ints/srv/AddTwoInts.idl
[14.626s] -- Installing: /home/nippun/ros2_course_test/install/add_two_ints/share/add_two_ints/srv/AddTwoInts.srv
[14.626s] -- Installing: /home/nippun/ros2_course_test/install/add_two_ints/share/add_two_ints/srv/AddTwoInts_Request.msg
[14.627s] -- Installing: /home/nippun/ros2_course_test/install/add_two_ints/share/add_two_ints/srv/AddTwoInts_Response.msg
[14.627s] -- Installing: /home/nippun/ros2_course_test/install/add_two_ints/share/ament_index/resource_index/package_run_dependencies/add_two_ints
[14.627s] -- Installing: /home/nippun/ros2_course_test/install/add_two_ints/share/ament_index/resource_index/parent_prefix_path/add_two_ints
[14.627s] -- Installing: /home/nippun/ros2_course_test/install/add_two_ints/share/add_two_ints/environment/ament_prefix_path.sh
[14.628s] -- Installing: /home/nippun/ros2_course_test/install/add_two_ints/share/add_two_ints/environment/ament_prefix_path.dsv
[14.637s] -- Installing: /home/nippun/ros2_course_test/install/add_two_ints/share/add_two_ints/environment/path.sh
[14.639s] -- Installing: /home/nippun/ros2_course_test/install/add_two_ints/share/add_two_ints/environment/path.dsv
[14.640s] -- Installing: /home/nippun/ros2_course_test/install/add_two_ints/share/add_two_ints/local_setup.bash
[14.640s] -- Installing: /home/nippun/ros2_course_test/install/add_two_ints/share/add_two_ints/local_setup.sh
[14.640s] -- Installing: /home/nippun/ros2_course_test/install/add_two_ints/share/add_two_ints/local_setup.zsh
[14.641s] -- Installing: /home/nippun/ros2_course_test/install/add_two_ints/share/add_two_ints/local_setup.dsv
[14.641s] -- Installing: /home/nippun/ros2_course_test/install/add_two_ints/share/add_two_ints/package.dsv
[14.641s] -- Installing: /home/nippun/ros2_course_test/install/add_two_ints/share/ament_index/resource_index/packages/add_two_ints
[14.641s] -- Installing: /home/nippun/ros2_course_test/install/add_two_ints/share/add_two_ints/cmake/export_add_two_ints__rosidl_generator_cExport.cmake
[14.642s] -- Installing: /home/nippun/ros2_course_test/install/add_two_ints/share/add_two_ints/cmake/export_add_two_ints__rosidl_generator_cExport-noconfig.cmake
[14.642s] -- Installing: /home/nippun/ros2_course_test/install/add_two_ints/share/add_two_ints/cmake/export_add_two_ints__rosidl_typesupport_fastrtps_cExport.cmake
[14.642s] -- Installing: /home/nippun/ros2_course_test/install/add_two_ints/share/add_two_ints/cmake/export_add_two_ints__rosidl_typesupport_fastrtps_cExport-noconfig.cmake
[14.643s] -- Installing: /home/nippun/ros2_course_test/install/add_two_ints/share/add_two_ints/cmake/export_add_two_ints__rosidl_generator_cppExport.cmake
[14.643s] -- Installing: /home/nippun/ros2_course_test/install/add_two_ints/share/add_two_ints/cmake/export_add_two_ints__rosidl_typesupport_fastrtps_cppExport.cmake
[14.643s] -- Installing: /home/nippun/ros2_course_test/install/add_two_ints/share/add_two_ints/cmake/export_add_two_ints__rosidl_typesupport_fastrtps_cppExport-noconfig.cmake
[14.643s] -- Installing: /home/nippun/ros2_course_test/install/add_two_ints/share/add_two_ints/cmake/add_two_ints__rosidl_typesupport_introspection_cExport.cmake
[14.644s] -- Installing: /home/nippun/ros2_course_test/install/add_two_ints/share/add_two_ints/cmake/add_two_ints__rosidl_typesupport_introspection_cExport-noconfig.cmake
[14.644s] -- Installing: /home/nippun/ros2_course_test/install/add_two_ints/share/add_two_ints/cmake/add_two_ints__rosidl_typesupport_cExport.cmake
[14.644s] -- Installing: /home/nippun/ros2_course_test/install/add_two_ints/share/add_two_ints/cmake/add_two_ints__rosidl_typesupport_cExport-noconfig.cmake
[14.644s] -- Installing: /home/nippun/ros2_course_test/install/add_two_ints/share/add_two_ints/cmake/add_two_ints__rosidl_typesupport_introspection_cppExport.cmake
[14.645s] -- Installing: /home/nippun/ros2_course_test/install/add_two_ints/share/add_two_ints/cmake/add_two_ints__rosidl_typesupport_introspection_cppExport-noconfig.cmake
[14.645s] -- Installing: /home/nippun/ros2_course_test/install/add_two_ints/share/add_two_ints/cmake/add_two_ints__rosidl_typesupport_cppExport.cmake
[14.645s] -- Installing: /home/nippun/ros2_course_test/install/add_two_ints/share/add_two_ints/cmake/add_two_ints__rosidl_typesupport_cppExport-noconfig.cmake
[14.646s] -- Installing: /home/nippun/ros2_course_test/install/add_two_ints/share/add_two_ints/cmake/export_add_two_ints__rosidl_generator_pyExport.cmake
[14.646s] -- Installing: /home/nippun/ros2_course_test/install/add_two_ints/share/add_two_ints/cmake/export_add_two_ints__rosidl_generator_pyExport-noconfig.cmake
[14.646s] -- Installing: /home/nippun/ros2_course_test/install/add_two_ints/share/add_two_ints/cmake/rosidl_cmake-extras.cmake
[14.646s] -- Installing: /home/nippun/ros2_course_test/install/add_two_ints/share/add_two_ints/cmake/ament_cmake_export_include_directories-extras.cmake
[14.647s] -- Installing: /home/nippun/ros2_course_test/install/add_two_ints/share/add_two_ints/cmake/ament_cmake_export_libraries-extras.cmake
[14.647s] -- Installing: /home/nippun/ros2_course_test/install/add_two_ints/share/add_two_ints/cmake/ament_cmake_export_targets-extras.cmake
[14.647s] -- Installing: /home/nippun/ros2_course_test/install/add_two_ints/share/add_two_ints/cmake/rosidl_cmake_export_typesupport_targets-extras.cmake
[14.647s] -- Installing: /home/nippun/ros2_course_test/install/add_two_ints/share/add_two_ints/cmake/ament_cmake_export_dependencies-extras.cmake
[14.647s] -- Installing: /home/nippun/ros2_course_test/install/add_two_ints/share/add_two_ints/cmake/rosidl_cmake_export_typesupport_libraries-extras.cmake
[14.648s] -- Installing: /home/nippun/ros2_course_test/install/add_two_ints/share/add_two_ints/cmake/add_two_intsConfig.cmake
[14.648s] -- Installing: /home/nippun/ros2_course_test/install/add_two_ints/share/add_two_ints/cmake/add_two_intsConfig-version.cmake
[14.648s] -- Installing: /home/nippun/ros2_course_test/install/add_two_ints/share/add_two_ints/package.xml
[14.650s] Invoked command in '/home/nippun/ros2_course_test/build/add_two_ints' returned '0': CMAKE_PREFIX_PATH=${CMAKE_PREFIX_PATH}:/home/nippun/ros2_course_test/install/turtlesim_control:/home/nippun/ros2_course_test/install/talker_listener:/home/nippun/ros2_course_test/install/my_first_package:/home/nippun/ros2_course_test/install/complex_talker_listener:/home/nippun/ros2_ws/install/tele_op:/home/nippun/ros2_ws/install/talker_listner:/home/nippun/ros2_ws/install/my_first_package:/home/nippun/ros2_ws/install/example:/home/nippun/ros2_course_ws/install/my_first_package:/opt/ros/humble /usr/bin/cmake --install /home/nippun/ros2_course_test/build/add_two_ints
