[0.589s] DEBUG:colcon:Command line arguments: ['/usr/bin/colcon', 'build', '--packages-select', 'timer_action_interface']
[0.589s] DEBUG:colcon:Parsed command line arguments: Namespace(log_base=None, log_level=None, verb_name='build', build_base='build', install_base='install', merge_install=False, symlink_install=False, test_result_base=None, continue_on_error=False, executor='parallel', parallel_workers=4, event_handlers=None, ignore_user_meta=False, metas=['./colcon.meta'], base_paths=['.'], packages_ignore=None, packages_ignore_regex=None, paths=None, packages_up_to=None, packages_up_to_regex=None, packages_above=None, packages_above_and_dependencies=None, packages_above_depth=None, packages_select_by_dep=None, packages_skip_by_dep=None, packages_skip_up_to=None, packages_select_build_failed=False, packages_skip_build_finished=False, packages_select_test_failures=False, packages_skip_test_passed=False, packages_select=['timer_action_interface'], packages_skip=None, packages_select_regex=None, packages_skip_regex=None, packages_start=None, packages_end=None, allow_overriding=[], cmake_args=None, cmake_target=None, cmake_target_skip_unavailable=False, cmake_clean_cache=False, cmake_clean_first=False, cmake_force_configure=False, ament_cmake_args=None, catkin_cmake_args=None, catkin_skip_building_tests=False, verb_parser=<colcon_defaults.argument_parser.defaults.DefaultArgumentsDecorator object at 0x7fe2e2c33730>, verb_extension=<colcon_core.verb.build.BuildVerb object at 0x7fe2e2c331c0>, main=<bound method BuildVerb.main of <colcon_core.verb.build.BuildVerb object at 0x7fe2e2c331c0>>)
[0.661s] Level 1:colcon.colcon_core.package_discovery:discover_packages(colcon_meta) check parameters
[0.661s] Level 1:colcon.colcon_core.package_discovery:discover_packages(recursive) check parameters
[0.661s] Level 1:colcon.colcon_core.package_discovery:discover_packages(ignore) check parameters
[0.661s] Level 1:colcon.colcon_core.package_discovery:discover_packages(path) check parameters
[0.661s] Level 1:colcon.colcon_core.package_discovery:discover_packages(colcon_meta) discover
[0.661s] Level 1:colcon.colcon_core.package_discovery:discover_packages(recursive) discover
[0.661s] INFO:colcon.colcon_core.package_discovery:Crawling recursively for packages in '/home/nippun/ros2_course_test'
[0.661s] Level 1:colcon.colcon_core.package_identification:_identify(.) by extensions ['ignore', 'ignore_ament_install']
[0.661s] Level 1:colcon.colcon_core.package_identification:_identify(.) by extension 'ignore'
[0.662s] Level 1:colcon.colcon_core.package_identification:_identify(.) by extension 'ignore_ament_install'
[0.662s] Level 1:colcon.colcon_core.package_identification:_identify(.) by extensions ['colcon_pkg']
[0.662s] Level 1:colcon.colcon_core.package_identification:_identify(.) by extension 'colcon_pkg'
[0.662s] Level 1:colcon.colcon_core.package_identification:_identify(.) by extensions ['colcon_meta']
[0.662s] Level 1:colcon.colcon_core.package_identification:_identify(.) by extension 'colcon_meta'
[0.662s] Level 1:colcon.colcon_core.package_identification:_identify(.) by extensions ['ros']
[0.662s] Level 1:colcon.colcon_core.package_identification:_identify(.) by extension 'ros'
[0.685s] Level 1:colcon.colcon_core.package_identification:_identify(.) by extensions ['cmake', 'python']
[0.685s] Level 1:colcon.colcon_core.package_identification:_identify(.) by extension 'cmake'
[0.685s] Level 1:colcon.colcon_core.package_identification:_identify(.) by extension 'python'
[0.685s] Level 1:colcon.colcon_core.package_identification:_identify(.) by extensions ['python_setup_py']
[0.685s] Level 1:colcon.colcon_core.package_identification:_identify(.) by extension 'python_setup_py'
[0.685s] Level 1:colcon.colcon_core.package_identification:_identify(build) by extensions ['ignore', 'ignore_ament_install']
[0.686s] Level 1:colcon.colcon_core.package_identification:_identify(build) by extension 'ignore'
[0.686s] Level 1:colcon.colcon_core.package_identification:_identify(build) ignored
[0.686s] Level 1:colcon.colcon_core.package_identification:_identify(install) by extensions ['ignore', 'ignore_ament_install']
[0.686s] Level 1:colcon.colcon_core.package_identification:_identify(install) by extension 'ignore'
[0.686s] Level 1:colcon.colcon_core.package_identification:_identify(install) ignored
[0.686s] Level 1:colcon.colcon_core.package_identification:_identify(log) by extensions ['ignore', 'ignore_ament_install']
[0.686s] Level 1:colcon.colcon_core.package_identification:_identify(log) by extension 'ignore'
[0.686s] Level 1:colcon.colcon_core.package_identification:_identify(log) ignored
[0.686s] Level 1:colcon.colcon_core.package_identification:_identify(src) by extensions ['ignore', 'ignore_ament_install']
[0.687s] Level 1:colcon.colcon_core.package_identification:_identify(src) by extension 'ignore'
[0.687s] Level 1:colcon.colcon_core.package_identification:_identify(src) by extension 'ignore_ament_install'
[0.687s] Level 1:colcon.colcon_core.package_identification:_identify(src) by extensions ['colcon_pkg']
[0.687s] Level 1:colcon.colcon_core.package_identification:_identify(src) by extension 'colcon_pkg'
[0.687s] Level 1:colcon.colcon_core.package_identification:_identify(src) by extensions ['colcon_meta']
[0.687s] Level 1:colcon.colcon_core.package_identification:_identify(src) by extension 'colcon_meta'
[0.687s] Level 1:colcon.colcon_core.package_identification:_identify(src) by extensions ['ros']
[0.687s] Level 1:colcon.colcon_core.package_identification:_identify(src) by extension 'ros'
[0.687s] Level 1:colcon.colcon_core.package_identification:_identify(src) by extensions ['cmake', 'python']
[0.687s] Level 1:colcon.colcon_core.package_identification:_identify(src) by extension 'cmake'
[0.687s] Level 1:colcon.colcon_core.package_identification:_identify(src) by extension 'python'
[0.687s] Level 1:colcon.colcon_core.package_identification:_identify(src) by extensions ['python_setup_py']
[0.687s] Level 1:colcon.colcon_core.package_identification:_identify(src) by extension 'python_setup_py'
[0.687s] Level 1:colcon.colcon_core.package_identification:_identify(src/add_two_ints) by extensions ['ignore', 'ignore_ament_install']
[0.688s] Level 1:colcon.colcon_core.package_identification:_identify(src/add_two_ints) by extension 'ignore'
[0.688s] Level 1:colcon.colcon_core.package_identification:_identify(src/add_two_ints) by extension 'ignore_ament_install'
[0.688s] Level 1:colcon.colcon_core.package_identification:_identify(src/add_two_ints) by extensions ['colcon_pkg']
[0.688s] Level 1:colcon.colcon_core.package_identification:_identify(src/add_two_ints) by extension 'colcon_pkg'
[0.688s] Level 1:colcon.colcon_core.package_identification:_identify(src/add_two_ints) by extensions ['colcon_meta']
[0.688s] Level 1:colcon.colcon_core.package_identification:_identify(src/add_two_ints) by extension 'colcon_meta'
[0.688s] Level 1:colcon.colcon_core.package_identification:_identify(src/add_two_ints) by extensions ['ros']
[0.688s] Level 1:colcon.colcon_core.package_identification:_identify(src/add_two_ints) by extension 'ros'
[0.692s] DEBUG:colcon.colcon_core.package_identification:Package 'src/add_two_ints' with type 'ros.ament_cmake' and name 'add_two_ints'
[0.692s] Level 1:colcon.colcon_core.package_identification:_identify(src/adding_integers) by extensions ['ignore', 'ignore_ament_install']
[0.693s] Level 1:colcon.colcon_core.package_identification:_identify(src/adding_integers) by extension 'ignore'
[0.693s] Level 1:colcon.colcon_core.package_identification:_identify(src/adding_integers) by extension 'ignore_ament_install'
[0.693s] Level 1:colcon.colcon_core.package_identification:_identify(src/adding_integers) by extensions ['colcon_pkg']
[0.693s] Level 1:colcon.colcon_core.package_identification:_identify(src/adding_integers) by extension 'colcon_pkg'
[0.693s] Level 1:colcon.colcon_core.package_identification:_identify(src/adding_integers) by extensions ['colcon_meta']
[0.693s] Level 1:colcon.colcon_core.package_identification:_identify(src/adding_integers) by extension 'colcon_meta'
[0.693s] Level 1:colcon.colcon_core.package_identification:_identify(src/adding_integers) by extensions ['ros']
[0.693s] Level 1:colcon.colcon_core.package_identification:_identify(src/adding_integers) by extension 'ros'
[0.694s] DEBUG:colcon.colcon_core.package_identification:Package 'src/adding_integers' with type 'ros.ament_python' and name 'adding_integers'
[0.694s] Level 1:colcon.colcon_core.package_identification:_identify(src/build) by extensions ['ignore', 'ignore_ament_install']
[0.695s] Level 1:colcon.colcon_core.package_identification:_identify(src/build) by extension 'ignore'
[0.695s] Level 1:colcon.colcon_core.package_identification:_identify(src/build) ignored
[0.695s] Level 1:colcon.colcon_core.package_identification:_identify(src/complex_msg) by extensions ['ignore', 'ignore_ament_install']
[0.695s] Level 1:colcon.colcon_core.package_identification:_identify(src/complex_msg) by extension 'ignore'
[0.695s] Level 1:colcon.colcon_core.package_identification:_identify(src/complex_msg) by extension 'ignore_ament_install'
[0.695s] Level 1:colcon.colcon_core.package_identification:_identify(src/complex_msg) by extensions ['colcon_pkg']
[0.695s] Level 1:colcon.colcon_core.package_identification:_identify(src/complex_msg) by extension 'colcon_pkg'
[0.695s] Level 1:colcon.colcon_core.package_identification:_identify(src/complex_msg) by extensions ['colcon_meta']
[0.695s] Level 1:colcon.colcon_core.package_identification:_identify(src/complex_msg) by extension 'colcon_meta'
[0.695s] Level 1:colcon.colcon_core.package_identification:_identify(src/complex_msg) by extensions ['ros']
[0.695s] Level 1:colcon.colcon_core.package_identification:_identify(src/complex_msg) by extension 'ros'
[0.696s] DEBUG:colcon.colcon_core.package_identification:Package 'src/complex_msg' with type 'ros.ament_cmake' and name 'complex_msg'
[0.696s] Level 1:colcon.colcon_core.package_identification:_identify(src/complex_talker_listener) by extensions ['ignore', 'ignore_ament_install']
[0.697s] Level 1:colcon.colcon_core.package_identification:_identify(src/complex_talker_listener) by extension 'ignore'
[0.697s] Level 1:colcon.colcon_core.package_identification:_identify(src/complex_talker_listener) by extension 'ignore_ament_install'
[0.697s] Level 1:colcon.colcon_core.package_identification:_identify(src/complex_talker_listener) by extensions ['colcon_pkg']
[0.697s] Level 1:colcon.colcon_core.package_identification:_identify(src/complex_talker_listener) by extension 'colcon_pkg'
[0.697s] Level 1:colcon.colcon_core.package_identification:_identify(src/complex_talker_listener) by extensions ['colcon_meta']
[0.697s] Level 1:colcon.colcon_core.package_identification:_identify(src/complex_talker_listener) by extension 'colcon_meta'
[0.697s] Level 1:colcon.colcon_core.package_identification:_identify(src/complex_talker_listener) by extensions ['ros']
[0.697s] Level 1:colcon.colcon_core.package_identification:_identify(src/complex_talker_listener) by extension 'ros'
[0.698s] DEBUG:colcon.colcon_core.package_identification:Package 'src/complex_talker_listener' with type 'ros.ament_python' and name 'complex_talker_listener'
[0.698s] Level 1:colcon.colcon_core.package_identification:_identify(src/install) by extensions ['ignore', 'ignore_ament_install']
[0.698s] Level 1:colcon.colcon_core.package_identification:_identify(src/install) by extension 'ignore'
[0.698s] Level 1:colcon.colcon_core.package_identification:_identify(src/install) ignored
[0.698s] Level 1:colcon.colcon_core.package_identification:_identify(src/log) by extensions ['ignore', 'ignore_ament_install']
[0.698s] Level 1:colcon.colcon_core.package_identification:_identify(src/log) by extension 'ignore'
[0.698s] Level 1:colcon.colcon_core.package_identification:_identify(src/log) ignored
[0.699s] Level 1:colcon.colcon_core.package_identification:_identify(src/my_first_package) by extensions ['ignore', 'ignore_ament_install']
[0.699s] Level 1:colcon.colcon_core.package_identification:_identify(src/my_first_package) by extension 'ignore'
[0.699s] Level 1:colcon.colcon_core.package_identification:_identify(src/my_first_package) by extension 'ignore_ament_install'
[0.699s] Level 1:colcon.colcon_core.package_identification:_identify(src/my_first_package) by extensions ['colcon_pkg']
[0.699s] Level 1:colcon.colcon_core.package_identification:_identify(src/my_first_package) by extension 'colcon_pkg'
[0.699s] Level 1:colcon.colcon_core.package_identification:_identify(src/my_first_package) by extensions ['colcon_meta']
[0.699s] Level 1:colcon.colcon_core.package_identification:_identify(src/my_first_package) by extension 'colcon_meta'
[0.699s] Level 1:colcon.colcon_core.package_identification:_identify(src/my_first_package) by extensions ['ros']
[0.699s] Level 1:colcon.colcon_core.package_identification:_identify(src/my_first_package) by extension 'ros'
[0.700s] DEBUG:colcon.colcon_core.package_identification:Package 'src/my_first_package' with type 'ros.ament_python' and name 'my_first_package'
[0.700s] Level 1:colcon.colcon_core.package_identification:_identify(src/talker_listener) by extensions ['ignore', 'ignore_ament_install']
[0.700s] Level 1:colcon.colcon_core.package_identification:_identify(src/talker_listener) by extension 'ignore'
[0.700s] Level 1:colcon.colcon_core.package_identification:_identify(src/talker_listener) by extension 'ignore_ament_install'
[0.700s] Level 1:colcon.colcon_core.package_identification:_identify(src/talker_listener) by extensions ['colcon_pkg']
[0.700s] Level 1:colcon.colcon_core.package_identification:_identify(src/talker_listener) by extension 'colcon_pkg'
[0.700s] Level 1:colcon.colcon_core.package_identification:_identify(src/talker_listener) by extensions ['colcon_meta']
[0.700s] Level 1:colcon.colcon_core.package_identification:_identify(src/talker_listener) by extension 'colcon_meta'
[0.700s] Level 1:colcon.colcon_core.package_identification:_identify(src/talker_listener) by extensions ['ros']
[0.701s] Level 1:colcon.colcon_core.package_identification:_identify(src/talker_listener) by extension 'ros'
[0.701s] DEBUG:colcon.colcon_core.package_identification:Package 'src/talker_listener' with type 'ros.ament_python' and name 'talker_listener'
[0.701s] Level 1:colcon.colcon_core.package_identification:_identify(src/timer_action_interface) by extensions ['ignore', 'ignore_ament_install']
[0.702s] Level 1:colcon.colcon_core.package_identification:_identify(src/timer_action_interface) by extension 'ignore'
[0.702s] Level 1:colcon.colcon_core.package_identification:_identify(src/timer_action_interface) by extension 'ignore_ament_install'
[0.702s] Level 1:colcon.colcon_core.package_identification:_identify(src/timer_action_interface) by extensions ['colcon_pkg']
[0.702s] Level 1:colcon.colcon_core.package_identification:_identify(src/timer_action_interface) by extension 'colcon_pkg'
[0.702s] Level 1:colcon.colcon_core.package_identification:_identify(src/timer_action_interface) by extensions ['colcon_meta']
[0.702s] Level 1:colcon.colcon_core.package_identification:_identify(src/timer_action_interface) by extension 'colcon_meta'
[0.702s] Level 1:colcon.colcon_core.package_identification:_identify(src/timer_action_interface) by extensions ['ros']
[0.702s] Level 1:colcon.colcon_core.package_identification:_identify(src/timer_action_interface) by extension 'ros'
[0.703s] DEBUG:colcon.colcon_core.package_identification:Package 'src/timer_action_interface' with type 'ros.ament_cmake' and name 'timer_action_interface'
[0.703s] Level 1:colcon.colcon_core.package_identification:_identify(src/turtlesim_control) by extensions ['ignore', 'ignore_ament_install']
[0.703s] Level 1:colcon.colcon_core.package_identification:_identify(src/turtlesim_control) by extension 'ignore'
[0.703s] Level 1:colcon.colcon_core.package_identification:_identify(src/turtlesim_control) by extension 'ignore_ament_install'
[0.703s] Level 1:colcon.colcon_core.package_identification:_identify(src/turtlesim_control) by extensions ['colcon_pkg']
[0.703s] Level 1:colcon.colcon_core.package_identification:_identify(src/turtlesim_control) by extension 'colcon_pkg'
[0.704s] Level 1:colcon.colcon_core.package_identification:_identify(src/turtlesim_control) by extensions ['colcon_meta']
[0.704s] Level 1:colcon.colcon_core.package_identification:_identify(src/turtlesim_control) by extension 'colcon_meta'
[0.704s] Level 1:colcon.colcon_core.package_identification:_identify(src/turtlesim_control) by extensions ['ros']
[0.704s] Level 1:colcon.colcon_core.package_identification:_identify(src/turtlesim_control) by extension 'ros'
[0.704s] DEBUG:colcon.colcon_core.package_identification:Package 'src/turtlesim_control' with type 'ros.ament_python' and name 'turtlesim_control'
[0.704s] Level 1:colcon.colcon_core.package_identification:_identify(src/word_count) by extensions ['ignore', 'ignore_ament_install']
[0.705s] Level 1:colcon.colcon_core.package_identification:_identify(src/word_count) by extension 'ignore'
[0.705s] Level 1:colcon.colcon_core.package_identification:_identify(src/word_count) by extension 'ignore_ament_install'
[0.705s] Level 1:colcon.colcon_core.package_identification:_identify(src/word_count) by extensions ['colcon_pkg']
[0.705s] Level 1:colcon.colcon_core.package_identification:_identify(src/word_count) by extension 'colcon_pkg'
[0.705s] Level 1:colcon.colcon_core.package_identification:_identify(src/word_count) by extensions ['colcon_meta']
[0.705s] Level 1:colcon.colcon_core.package_identification:_identify(src/word_count) by extension 'colcon_meta'
[0.705s] Level 1:colcon.colcon_core.package_identification:_identify(src/word_count) by extensions ['ros']
[0.705s] Level 1:colcon.colcon_core.package_identification:_identify(src/word_count) by extension 'ros'
[0.706s] DEBUG:colcon.colcon_core.package_identification:Package 'src/word_count' with type 'ros.ament_python' and name 'word_count'
[0.706s] Level 1:colcon.colcon_core.package_identification:_identify(src/word_count_msg) by extensions ['ignore', 'ignore_ament_install']
[0.706s] Level 1:colcon.colcon_core.package_identification:_identify(src/word_count_msg) by extension 'ignore'
[0.706s] Level 1:colcon.colcon_core.package_identification:_identify(src/word_count_msg) by extension 'ignore_ament_install'
[0.707s] Level 1:colcon.colcon_core.package_identification:_identify(src/word_count_msg) by extensions ['colcon_pkg']
[0.707s] Level 1:colcon.colcon_core.package_identification:_identify(src/word_count_msg) by extension 'colcon_pkg'
[0.707s] Level 1:colcon.colcon_core.package_identification:_identify(src/word_count_msg) by extensions ['colcon_meta']
[0.707s] Level 1:colcon.colcon_core.package_identification:_identify(src/word_count_msg) by extension 'colcon_meta'
[0.707s] Level 1:colcon.colcon_core.package_identification:_identify(src/word_count_msg) by extensions ['ros']
[0.707s] Level 1:colcon.colcon_core.package_identification:_identify(src/word_count_msg) by extension 'ros'
[0.707s] DEBUG:colcon.colcon_core.package_identification:Package 'src/word_count_msg' with type 'ros.ament_cmake' and name 'word_count_msg'
[0.708s] Level 1:colcon.colcon_core.package_identification:_identify(~p) by extensions ['ignore', 'ignore_ament_install']
[0.708s] Level 1:colcon.colcon_core.package_identification:_identify(~p) by extension 'ignore'
[0.708s] Level 1:colcon.colcon_core.package_identification:_identify(~p) by extension 'ignore_ament_install'
[0.708s] Level 1:colcon.colcon_core.package_identification:_identify(~p) by extensions ['colcon_pkg']
[0.708s] Level 1:colcon.colcon_core.package_identification:_identify(~p) by extension 'colcon_pkg'
[0.708s] Level 1:colcon.colcon_core.package_identification:_identify(~p) by extensions ['colcon_meta']
[0.708s] Level 1:colcon.colcon_core.package_identification:_identify(~p) by extension 'colcon_meta'
[0.708s] Level 1:colcon.colcon_core.package_identification:_identify(~p) by extensions ['ros']
[0.708s] Level 1:colcon.colcon_core.package_identification:_identify(~p) by extension 'ros'
[0.708s] Level 1:colcon.colcon_core.package_identification:_identify(~p) by extensions ['cmake', 'python']
[0.708s] Level 1:colcon.colcon_core.package_identification:_identify(~p) by extension 'cmake'
[0.709s] Level 1:colcon.colcon_core.package_identification:_identify(~p) by extension 'python'
[0.709s] Level 1:colcon.colcon_core.package_identification:_identify(~p) by extensions ['python_setup_py']
[0.709s] Level 1:colcon.colcon_core.package_identification:_identify(~p) by extension 'python_setup_py'
[0.709s] Level 1:colcon.colcon_core.package_discovery:discover_packages(recursive) using defaults
[0.709s] Level 1:colcon.colcon_core.package_discovery:discover_packages(ignore) discover
[0.709s] Level 1:colcon.colcon_core.package_discovery:discover_packages(ignore) using defaults
[0.709s] Level 1:colcon.colcon_core.package_discovery:discover_packages(path) discover
[0.709s] Level 1:colcon.colcon_core.package_discovery:discover_packages(path) using defaults
[1.218s] INFO:colcon.colcon_core.package_selection:Skipping not selected package 'add_two_ints' in 'src/add_two_ints'
[1.218s] INFO:colcon.colcon_core.package_selection:Skipping not selected package 'complex_msg' in 'src/complex_msg'
[1.219s] INFO:colcon.colcon_core.package_selection:Skipping not selected package 'my_first_package' in 'src/my_first_package'
[1.219s] INFO:colcon.colcon_core.package_selection:Skipping not selected package 'talker_listener' in 'src/talker_listener'
[1.219s] INFO:colcon.colcon_core.package_selection:Skipping not selected package 'turtlesim_control' in 'src/turtlesim_control'
[1.219s] INFO:colcon.colcon_core.package_selection:Skipping not selected package 'word_count' in 'src/word_count'
[1.219s] INFO:colcon.colcon_core.package_selection:Skipping not selected package 'word_count_msg' in 'src/word_count_msg'
[1.220s] INFO:colcon.colcon_core.package_selection:Skipping not selected package 'adding_integers' in 'src/adding_integers'
[1.220s] INFO:colcon.colcon_core.package_selection:Skipping not selected package 'complex_talker_listener' in 'src/complex_talker_listener'
[1.238s] Level 1:colcon.colcon_core.package_discovery:discover_packages(prefix_path) check parameters
[1.239s] Level 1:colcon.colcon_core.package_discovery:discover_packages(prefix_path) discover
[1.330s] DEBUG:colcon.colcon_installed_package_information.package_discovery:Found 9 installed packages in /home/nippun/ros2_course_test/install
[1.331s] DEBUG:colcon.colcon_installed_package_information.package_discovery:Found 4 installed packages in /home/nippun/ros2_ws/install
[1.333s] DEBUG:colcon.colcon_installed_package_information.package_discovery:Found 3 installed packages in /home/nippun/ros2_course_ws/install
[1.337s] DEBUG:colcon.colcon_installed_package_information.package_discovery:Found 369 installed packages in /opt/ros/humble
[1.340s] Level 1:colcon.colcon_core.package_discovery:discover_packages(prefix_path) using defaults
[1.608s] Level 5:colcon.colcon_core.verb:set package 'timer_action_interface' build argument 'cmake_args' from command line to 'None'
[1.608s] Level 5:colcon.colcon_core.verb:set package 'timer_action_interface' build argument 'cmake_target' from command line to 'None'
[1.608s] Level 5:colcon.colcon_core.verb:set package 'timer_action_interface' build argument 'cmake_target_skip_unavailable' from command line to 'False'
[1.608s] Level 5:colcon.colcon_core.verb:set package 'timer_action_interface' build argument 'cmake_clean_cache' from command line to 'False'
[1.609s] Level 5:colcon.colcon_core.verb:set package 'timer_action_interface' build argument 'cmake_clean_first' from command line to 'False'
[1.609s] Level 5:colcon.colcon_core.verb:set package 'timer_action_interface' build argument 'cmake_force_configure' from command line to 'False'
[1.609s] Level 5:colcon.colcon_core.verb:set package 'timer_action_interface' build argument 'ament_cmake_args' from command line to 'None'
[1.609s] Level 5:colcon.colcon_core.verb:set package 'timer_action_interface' build argument 'catkin_cmake_args' from command line to 'None'
[1.609s] Level 5:colcon.colcon_core.verb:set package 'timer_action_interface' build argument 'catkin_skip_building_tests' from command line to 'False'
[1.609s] DEBUG:colcon.colcon_core.verb:Building package 'timer_action_interface' with the following arguments: {'ament_cmake_args': None, 'build_base': '/home/nippun/ros2_course_test/build/timer_action_interface', 'catkin_cmake_args': None, 'catkin_skip_building_tests': False, 'cmake_args': None, 'cmake_clean_cache': False, 'cmake_clean_first': False, 'cmake_force_configure': False, 'cmake_target': None, 'cmake_target_skip_unavailable': False, 'install_base': '/home/nippun/ros2_course_test/install/timer_action_interface', 'merge_install': False, 'path': '/home/nippun/ros2_course_test/src/timer_action_interface', 'symlink_install': False, 'test_result_base': None}
[1.610s] INFO:colcon.colcon_core.executor:Executing jobs using 'parallel' executor
[1.616s] DEBUG:colcon.colcon_parallel_executor.executor.parallel:run_until_complete
[1.616s] INFO:colcon.colcon_ros.task.ament_cmake.build:Building ROS package in '/home/nippun/ros2_course_test/src/timer_action_interface' with build type 'ament_cmake'
[1.617s] INFO:colcon.colcon_cmake.task.cmake.build:Building CMake package in '/home/nippun/ros2_course_test/src/timer_action_interface'
[1.726s] INFO:colcon.colcon_core.plugin_system:Skipping extension 'colcon_core.shell.bat': Not used on non-Windows systems
[1.726s] INFO:colcon.colcon_core.shell:Skip shell extension 'powershell' for command environment: Not usable outside of PowerShell
[1.726s] DEBUG:colcon.colcon_core.shell:Skip shell extension 'dsv' for command environment
[1.774s] DEBUG:colcon.colcon_core.event_handler.log_command:Invoking command in '/home/nippun/ros2_course_test/build/timer_action_interface': CMAKE_PREFIX_PATH=${CMAKE_PREFIX_PATH}:/home/nippun/ros2_course_test/install/word_count:/home/nippun/ros2_course_test/install/turtlesim_control:/home/nippun/ros2_course_test/install/talker_listener:/home/nippun/ros2_course_test/install/my_first_package:/home/nippun/ros2_course_test/install/complex_talker_listener:/home/nippun/ros2_course_test/install/adding_integers:/home/nippun/ros2_ws/install/tele_op:/home/nippun/ros2_ws/install/talker_listner:/home/nippun/ros2_ws/install/my_first_package:/home/nippun/ros2_ws/install/example:/home/nippun/ros2_course_ws/install/my_first_package:/home/nippun/ros2_course_ws/install/complex_talker_listener:/opt/ros/humble /usr/bin/cmake /home/nippun/ros2_course_test/src/timer_action_interface -DCMAKE_INSTALL_PREFIX=/home/nippun/ros2_course_test/install/timer_action_interface
[6.990s] DEBUG:colcon.colcon_core.event_handler.log_command:Invoked command in '/home/nippun/ros2_course_test/build/timer_action_interface' returned '1': CMAKE_PREFIX_PATH=${CMAKE_PREFIX_PATH}:/home/nippun/ros2_course_test/install/word_count:/home/nippun/ros2_course_test/install/turtlesim_control:/home/nippun/ros2_course_test/install/talker_listener:/home/nippun/ros2_course_test/install/my_first_package:/home/nippun/ros2_course_test/install/complex_talker_listener:/home/nippun/ros2_course_test/install/adding_integers:/home/nippun/ros2_ws/install/tele_op:/home/nippun/ros2_ws/install/talker_listner:/home/nippun/ros2_ws/install/my_first_package:/home/nippun/ros2_ws/install/example:/home/nippun/ros2_course_ws/install/my_first_package:/home/nippun/ros2_course_ws/install/complex_talker_listener:/opt/ros/humble /usr/bin/cmake /home/nippun/ros2_course_test/src/timer_action_interface -DCMAKE_INSTALL_PREFIX=/home/nippun/ros2_course_test/install/timer_action_interface
[7.006s] Level 1:colcon.colcon_core.environment:create_environment_scripts_only(timer_action_interface)
[7.183s] Level 1:colcon.colcon_core.environment:checking '/home/nippun/ros2_course_test/install/timer_action_interface' for CMake module files
[7.184s] Level 1:colcon.colcon_core.environment:checking '/home/nippun/ros2_course_test/install/timer_action_interface' for CMake config files
[7.185s] Level 1:colcon.colcon_core.environment:checking '/home/nippun/ros2_course_test/install/timer_action_interface/bin'
[7.186s] Level 1:colcon.colcon_core.environment:checking '/home/nippun/ros2_course_test/install/timer_action_interface/lib/pkgconfig/timer_action_interface.pc'
[7.186s] Level 1:colcon.colcon_core.environment:checking '/home/nippun/ros2_course_test/install/timer_action_interface/lib/python3.10/site-packages'
[7.187s] Level 1:colcon.colcon_core.environment:checking '/home/nippun/ros2_course_test/install/timer_action_interface/bin'
[7.193s] INFO:colcon.colcon_core.shell:Creating package script '/home/nippun/ros2_course_test/install/timer_action_interface/share/timer_action_interface/package.ps1'
[7.196s] INFO:colcon.colcon_core.shell:Creating package descriptor '/home/nippun/ros2_course_test/install/timer_action_interface/share/timer_action_interface/package.dsv'
[7.209s] INFO:colcon.colcon_core.shell:Creating package script '/home/nippun/ros2_course_test/install/timer_action_interface/share/timer_action_interface/package.sh'
[7.212s] INFO:colcon.colcon_core.shell:Creating package script '/home/nippun/ros2_course_test/install/timer_action_interface/share/timer_action_interface/package.bash'
[7.237s] INFO:colcon.colcon_core.shell:Creating package script '/home/nippun/ros2_course_test/install/timer_action_interface/share/timer_action_interface/package.zsh'
[7.240s] Level 1:colcon.colcon_core.environment:create_file_with_runtime_dependencies(/home/nippun/ros2_course_test/install/timer_action_interface/share/colcon-core/packages/timer_action_interface)
[7.241s] DEBUG:colcon.colcon_parallel_executor.executor.parallel:closing loop
[7.242s] DEBUG:colcon.colcon_parallel_executor.executor.parallel:loop closed
[7.242s] DEBUG:colcon.colcon_parallel_executor.executor.parallel:run_until_complete finished with '1'
[7.243s] DEBUG:colcon.colcon_core.event_reactor:joining thread
[7.298s] INFO:colcon.colcon_core.plugin_system:Skipping extension 'colcon_notification.desktop_notification.terminal_notifier': Not used on non-Darwin systems
[7.298s] INFO:colcon.colcon_core.plugin_system:Skipping extension 'colcon_notification.desktop_notification.win32': Not used on non-Windows systems
[7.299s] INFO:colcon.colcon_notification.desktop_notification:Sending desktop notification using 'notify2'
[7.345s] DEBUG:colcon.colcon_core.event_reactor:joined thread
[7.350s] INFO:colcon.colcon_core.shell:Creating prefix script '/home/nippun/ros2_course_test/install/local_setup.ps1'
[7.354s] INFO:colcon.colcon_core.shell:Creating prefix util module '/home/nippun/ros2_course_test/install/_local_setup_util_ps1.py'
[7.359s] INFO:colcon.colcon_core.shell:Creating prefix chain script '/home/nippun/ros2_course_test/install/setup.ps1'
[7.365s] INFO:colcon.colcon_core.shell:Creating prefix script '/home/nippun/ros2_course_test/install/local_setup.sh'
[7.371s] INFO:colcon.colcon_core.shell:Creating prefix util module '/home/nippun/ros2_course_test/install/_local_setup_util_sh.py'
[7.372s] INFO:colcon.colcon_core.shell:Creating prefix chain script '/home/nippun/ros2_course_test/install/setup.sh'
[7.379s] INFO:colcon.colcon_core.shell:Creating prefix script '/home/nippun/ros2_course_test/install/local_setup.bash'
[7.381s] INFO:colcon.colcon_core.shell:Creating prefix chain script '/home/nippun/ros2_course_test/install/setup.bash'
[7.390s] INFO:colcon.colcon_core.shell:Creating prefix script '/home/nippun/ros2_course_test/install/local_setup.zsh'
[7.392s] INFO:colcon.colcon_core.shell:Creating prefix chain script '/home/nippun/ros2_course_test/install/setup.zsh'
