[1.302s] Invoking command in '/home/nippun/ros2_course_test/src/cougerbot': PYTHONPATH=/home/nippun/ros2_course_test/build/cougerbot/prefix_override:/home/nippun/ros2_course_test/install/cougerbot/lib/python3.10/site-packages:${PYTHONPATH} /usr/bin/python3 setup.py egg_info --egg-base ../../build/cougerbot build --build-base /home/nippun/ros2_course_test/build/cougerbot/build install --record /home/nippun/ros2_course_test/build/cougerbot/install.log --single-version-externally-managed
[1.774s] running egg_info
[1.775s] writing ../../build/cougerbot/cougerbot.egg-info/PKG-INFO
[1.775s] writing dependency_links to ../../build/cougerbot/cougerbot.egg-info/dependency_links.txt
[1.775s] writing entry points to ../../build/cougerbot/cougerbot.egg-info/entry_points.txt
[1.776s] writing requirements to ../../build/cougerbot/cougerbot.egg-info/requires.txt
[1.776s] writing top-level names to ../../build/cougerbot/cougerbot.egg-info/top_level.txt
[1.779s] reading manifest file '../../build/cougerbot/cougerbot.egg-info/SOURCES.txt'
[1.780s] writing manifest file '../../build/cougerbot/cougerbot.egg-info/SOURCES.txt'
[1.780s] running build
[1.780s] running build_py
[1.781s] running install
[1.781s] running install_lib
[1.783s] running install_data
[1.784s] copying config/controllers.yaml -> /home/nippun/ros2_course_test/install/cougerbot/share/cougerbot/config
[1.785s] running install_egg_info
[1.787s] removing '/home/nippun/ros2_course_test/install/cougerbot/lib/python3.10/site-packages/cougerbot-0.0.0-py3.10.egg-info' (and everything under it)
[1.788s] Copying ../../build/cougerbot/cougerbot.egg-info to /home/nippun/ros2_course_test/install/cougerbot/lib/python3.10/site-packages/cougerbot-0.0.0-py3.10.egg-info
[1.789s] running install_scripts
[1.818s] Installing spawn_cougerbot script to /home/nippun/ros2_course_test/install/cougerbot/lib/cougerbot
[1.819s] writing list of installed files to '/home/nippun/ros2_course_test/build/cougerbot/install.log'
[1.860s] Invoked command in '/home/nippun/ros2_course_test/src/cougerbot' returned '0': PYTHONPATH=/home/nippun/ros2_course_test/build/cougerbot/prefix_override:/home/nippun/ros2_course_test/install/cougerbot/lib/python3.10/site-packages:${PYTHONPATH} /usr/bin/python3 setup.py egg_info --egg-base ../../build/cougerbot build --build-base /home/nippun/ros2_course_test/build/cougerbot/build install --record /home/nippun/ros2_course_test/build/cougerbot/install.log --single-version-externally-managed
