running egg_info
writing ../../build/turtlesim_control/turtlesim_control.egg-info/PKG-INFO
writing dependency_links to ../../build/turtlesim_control/turtlesim_control.egg-info/dependency_links.txt
writing entry points to ../../build/turtlesim_control/turtlesim_control.egg-info/entry_points.txt
writing requirements to ../../build/turtlesim_control/turtlesim_control.egg-info/requires.txt
writing top-level names to ../../build/turtlesim_control/turtlesim_control.egg-info/top_level.txt
reading manifest file '../../build/turtlesim_control/turtlesim_control.egg-info/SOURCES.txt'
writing manifest file '../../build/turtlesim_control/turtlesim_control.egg-info/SOURCES.txt'
running build
running build_py
copying turtlesim_control/turtle_control.py -> /home/nippun/ros2_course_test/build/turtlesim_control/build/lib/turtlesim_control
running install
running install_lib
copying /home/nippun/ros2_course_test/build/turtlesim_control/build/lib/turtlesim_control/turtle_control.py -> /home/nippun/ros2_course_test/install/turtlesim_control/lib/python3.10/site-packages/turtlesim_control
byte-compiling /home/nippun/ros2_course_test/install/turtlesim_control/lib/python3.10/site-packages/turtlesim_control/turtle_control.py to turtle_control.cpython-310.pyc
running install_data
running install_egg_info
removing '/home/nippun/ros2_course_test/install/turtlesim_control/lib/python3.10/site-packages/turtlesim_control-0.0.0-py3.10.egg-info' (and everything under it)
Copying ../../build/turtlesim_control/turtlesim_control.egg-info to /home/nippun/ros2_course_test/install/turtlesim_control/lib/python3.10/site-packages/turtlesim_control-0.0.0-py3.10.egg-info
running install_scripts
Installing turtle_move script to /home/nippun/ros2_course_test/install/turtlesim_control/lib/turtlesim_control
writing list of installed files to '/home/nippun/ros2_course_test/build/turtlesim_control/install.log'
