running egg_info
writing ../../build/turtlebot3_basic/turtlebot3_basic.egg-info/PKG-INFO
writing dependency_links to ../../build/turtlebot3_basic/turtlebot3_basic.egg-info/dependency_links.txt
writing entry points to ../../build/turtlebot3_basic/turtlebot3_basic.egg-info/entry_points.txt
writing requirements to ../../build/turtlebot3_basic/turtlebot3_basic.egg-info/requires.txt
writing top-level names to ../../build/turtlebot3_basic/turtlebot3_basic.egg-info/top_level.txt
reading manifest file '../../build/turtlebot3_basic/turtlebot3_basic.egg-info/SOURCES.txt'
writing manifest file '../../build/turtlebot3_basic/turtlebot3_basic.egg-info/SOURCES.txt'
running build
running build_py
copying turtlebot3_basic/obs_detection.py -> /home/nippun/ros2_course_test/build/turtlebot3_basic/build/lib/turtlebot3_basic
running install
running install_lib
copying /home/nippun/ros2_course_test/build/turtlebot3_basic/build/lib/turtlebot3_basic/obs_detection.py -> /home/nippun/ros2_course_test/install/turtlebot3_basic/lib/python3.10/site-packages/turtlebot3_basic
byte-compiling /home/nippun/ros2_course_test/install/turtlebot3_basic/lib/python3.10/site-packages/turtlebot3_basic/obs_detection.py to obs_detection.cpython-310.pyc
running install_data
running install_egg_info
removing '/home/nippun/ros2_course_test/install/turtlebot3_basic/lib/python3.10/site-packages/turtlebot3_basic-0.0.0-py3.10.egg-info' (and everything under it)
Copying ../../build/turtlebot3_basic/turtlebot3_basic.egg-info to /home/nippun/ros2_course_test/install/turtlebot3_basic/lib/python3.10/site-packages/turtlebot3_basic-0.0.0-py3.10.egg-info
running install_scripts
Installing obs_detection_node script to /home/nippun/ros2_course_test/install/turtlebot3_basic/lib/turtlebot3_basic
Installing start_stop_node script to /home/nippun/ros2_course_test/install/turtlebot3_basic/lib/turtlebot3_basic
writing list of installed files to '/home/nippun/ros2_course_test/build/turtlebot3_basic/install.log'
