running egg_info
creating ../../build/complex_talker_listener/complex_talker_listener.egg-info
writing ../../build/complex_talker_listener/complex_talker_listener.egg-info/PKG-INFO
writing dependency_links to ../../build/complex_talker_listener/complex_talker_listener.egg-info/dependency_links.txt
writing entry points to ../../build/complex_talker_listener/complex_talker_listener.egg-info/entry_points.txt
writing requirements to ../../build/complex_talker_listener/complex_talker_listener.egg-info/requires.txt
writing top-level names to ../../build/complex_talker_listener/complex_talker_listener.egg-info/top_level.txt
writing manifest file '../../build/complex_talker_listener/complex_talker_listener.egg-info/SOURCES.txt'
reading manifest file '../../build/complex_talker_listener/complex_talker_listener.egg-info/SOURCES.txt'
writing manifest file '../../build/complex_talker_listener/complex_talker_listener.egg-info/SOURCES.txt'
running build
running build_py
creating /home/nippun/ros2_course_test/build/complex_talker_listener/build
creating /home/nippun/ros2_course_test/build/complex_talker_listener/build/lib
creating /home/nippun/ros2_course_test/build/complex_talker_listener/build/lib/complex_talker_listener
copying complex_talker_listener/__init__.py -> /home/nippun/ros2_course_test/build/complex_talker_listener/build/lib/complex_talker_listener
copying complex_talker_listener/subscriber.py -> /home/nippun/ros2_course_test/build/complex_talker_listener/build/lib/complex_talker_listener
copying complex_talker_listener/publisher.py -> /home/nippun/ros2_course_test/build/complex_talker_listener/build/lib/complex_talker_listener
running install
running install_lib
creating /home/nippun/ros2_course_test/install/complex_talker_listener/lib/python3.10/site-packages/complex_talker_listener
copying /home/nippun/ros2_course_test/build/complex_talker_listener/build/lib/complex_talker_listener/__init__.py -> /home/nippun/ros2_course_test/install/complex_talker_listener/lib/python3.10/site-packages/complex_talker_listener
copying /home/nippun/ros2_course_test/build/complex_talker_listener/build/lib/complex_talker_listener/subscriber.py -> /home/nippun/ros2_course_test/install/complex_talker_listener/lib/python3.10/site-packages/complex_talker_listener
copying /home/nippun/ros2_course_test/build/complex_talker_listener/build/lib/complex_talker_listener/publisher.py -> /home/nippun/ros2_course_test/install/complex_talker_listener/lib/python3.10/site-packages/complex_talker_listener
byte-compiling /home/nippun/ros2_course_test/install/complex_talker_listener/lib/python3.10/site-packages/complex_talker_listener/__init__.py to __init__.cpython-310.pyc
byte-compiling /home/nippun/ros2_course_test/install/complex_talker_listener/lib/python3.10/site-packages/complex_talker_listener/subscriber.py to subscriber.cpython-310.pyc
byte-compiling /home/nippun/ros2_course_test/install/complex_talker_listener/lib/python3.10/site-packages/complex_talker_listener/publisher.py to publisher.cpython-310.pyc
running install_data
creating /home/nippun/ros2_course_test/install/complex_talker_listener/share/ament_index
creating /home/nippun/ros2_course_test/install/complex_talker_listener/share/ament_index/resource_index
creating /home/nippun/ros2_course_test/install/complex_talker_listener/share/ament_index/resource_index/packages
copying resource/complex_talker_listener -> /home/nippun/ros2_course_test/install/complex_talker_listener/share/ament_index/resource_index/packages
copying package.xml -> /home/nippun/ros2_course_test/install/complex_talker_listener/share/complex_talker_listener
running install_egg_info
Copying ../../build/complex_talker_listener/complex_talker_listener.egg-info to /home/nippun/ros2_course_test/install/complex_talker_listener/lib/python3.10/site-packages/complex_talker_listener-0.0.0-py3.10.egg-info
running install_scripts
Installing listener script to /home/nippun/ros2_course_test/install/complex_talker_listener/lib/complex_talker_listener
Installing talker script to /home/nippun/ros2_course_test/install/complex_talker_listener/lib/complex_talker_listener
writing list of installed files to '/home/nippun/ros2_course_test/build/complex_talker_listener/install.log'
