[1.341s] Invoking command in '/home/nippun/ros2_course_test/src/cougerbot': PYTHONPATH=/home/nippun/ros2_course_test/build/cougerbot/prefix_override:/home/nippun/ros2_course_test/install/cougerbot/lib/python3.10/site-packages:${PYTHONPATH} /usr/bin/python3 setup.py egg_info --egg-base ../../build/cougerbot build --build-base /home/nippun/ros2_course_test/build/cougerbot/build install --record /home/nippun/ros2_course_test/build/cougerbot/install.log --single-version-externally-managed
[1.831s] running egg_info
[1.832s] writing ../../build/cougerbot/cougerbot.egg-info/PKG-INFO
[1.832s] writing dependency_links to ../../build/cougerbot/cougerbot.egg-info/dependency_links.txt
[1.832s] writing entry points to ../../build/cougerbot/cougerbot.egg-info/entry_points.txt
[1.833s] writing requirements to ../../build/cougerbot/cougerbot.egg-info/requires.txt
[1.833s] writing top-level names to ../../build/cougerbot/cougerbot.egg-info/top_level.txt
[1.836s] reading manifest file '../../build/cougerbot/cougerbot.egg-info/SOURCES.txt'
[1.837s] writing manifest file '../../build/cougerbot/cougerbot.egg-info/SOURCES.txt'
[1.837s] running build
[1.838s] running build_py
[1.838s] running install
[1.838s] running install_lib
[1.840s] running install_data
[1.842s] creating /home/nippun/ros2_course_test/install/cougerbot/share/cougerboturdf
[1.842s] copying urdf/cougerbot.urdf -> /home/nippun/ros2_course_test/install/cougerbot/share/cougerboturdf
[1.842s] running install_egg_info
[1.845s] removing '/home/nippun/ros2_course_test/install/cougerbot/lib/python3.10/site-packages/cougerbot-0.0.0-py3.10.egg-info' (and everything under it)
[1.845s] Copying ../../build/cougerbot/cougerbot.egg-info to /home/nippun/ros2_course_test/install/cougerbot/lib/python3.10/site-packages/cougerbot-0.0.0-py3.10.egg-info
[1.846s] running install_scripts
[1.876s] Installing spawn_cougerbot script to /home/nippun/ros2_course_test/install/cougerbot/lib/cougerbot
[1.876s] writing list of installed files to '/home/nippun/ros2_course_test/build/cougerbot/install.log'
[1.920s] Invoked command in '/home/nippun/ros2_course_test/src/cougerbot' returned '0': PYTHONPATH=/home/nippun/ros2_course_test/build/cougerbot/prefix_override:/home/nippun/ros2_course_test/install/cougerbot/lib/python3.10/site-packages:${PYTHONPATH} /usr/bin/python3 setup.py egg_info --egg-base ../../build/cougerbot build --build-base /home/nippun/ros2_course_test/build/cougerbot/build install --record /home/nippun/ros2_course_test/build/cougerbot/install.log --single-version-externally-managed
