running egg_info
creating ../../build/fibonacci_server_client/fibonacci_server_client.egg-info
writing ../../build/fibonacci_server_client/fibonacci_server_client.egg-info/PKG-INFO
writing dependency_links to ../../build/fibonacci_server_client/fibonacci_server_client.egg-info/dependency_links.txt
writing entry points to ../../build/fibonacci_server_client/fibonacci_server_client.egg-info/entry_points.txt
writing requirements to ../../build/fibonacci_server_client/fibonacci_server_client.egg-info/requires.txt
writing top-level names to ../../build/fibonacci_server_client/fibonacci_server_client.egg-info/top_level.txt
writing manifest file '../../build/fibonacci_server_client/fibonacci_server_client.egg-info/SOURCES.txt'
reading manifest file '../../build/fibonacci_server_client/fibonacci_server_client.egg-info/SOURCES.txt'
writing manifest file '../../build/fibonacci_server_client/fibonacci_server_client.egg-info/SOURCES.txt'
running build
running build_py
creating /home/nippun/ros2_course_test/build/fibonacci_server_client/build
creating /home/nippun/ros2_course_test/build/fibonacci_server_client/build/lib
creating /home/nippun/ros2_course_test/build/fibonacci_server_client/build/lib/fibonacci_server_client
copying fibonacci_server_client/fibonacci_action_server.py -> /home/nippun/ros2_course_test/build/fibonacci_server_client/build/lib/fibonacci_server_client
copying fibonacci_server_client/__init__.py -> /home/nippun/ros2_course_test/build/fibonacci_server_client/build/lib/fibonacci_server_client
running install
running install_lib
creating /home/nippun/ros2_course_test/install/fibonacci_server_client/lib/python3.10/site-packages/fibonacci_server_client
copying /home/nippun/ros2_course_test/build/fibonacci_server_client/build/lib/fibonacci_server_client/fibonacci_action_server.py -> /home/nippun/ros2_course_test/install/fibonacci_server_client/lib/python3.10/site-packages/fibonacci_server_client
copying /home/nippun/ros2_course_test/build/fibonacci_server_client/build/lib/fibonacci_server_client/__init__.py -> /home/nippun/ros2_course_test/install/fibonacci_server_client/lib/python3.10/site-packages/fibonacci_server_client
byte-compiling /home/nippun/ros2_course_test/install/fibonacci_server_client/lib/python3.10/site-packages/fibonacci_server_client/fibonacci_action_server.py to fibonacci_action_server.cpython-310.pyc
byte-compiling /home/nippun/ros2_course_test/install/fibonacci_server_client/lib/python3.10/site-packages/fibonacci_server_client/__init__.py to __init__.cpython-310.pyc
running install_data
creating /home/nippun/ros2_course_test/install/fibonacci_server_client/share/ament_index
creating /home/nippun/ros2_course_test/install/fibonacci_server_client/share/ament_index/resource_index
creating /home/nippun/ros2_course_test/install/fibonacci_server_client/share/ament_index/resource_index/packages
copying resource/fibonacci_server_client -> /home/nippun/ros2_course_test/install/fibonacci_server_client/share/ament_index/resource_index/packages
copying package.xml -> /home/nippun/ros2_course_test/install/fibonacci_server_client/share/fibonacci_server_client
running install_egg_info
Copying ../../build/fibonacci_server_client/fibonacci_server_client.egg-info to /home/nippun/ros2_course_test/install/fibonacci_server_client/lib/python3.10/site-packages/fibonacci_server_client-0.0.0-py3.10.egg-info
running install_scripts
Installing fibonacci_server script to /home/nippun/ros2_course_test/install/fibonacci_server_client/lib/fibonacci_server_client
writing list of installed files to '/home/nippun/ros2_course_test/build/fibonacci_server_client/install.log'
