[3.293s] Invoking command in '/home/nippun/ros2_course_test/src/cougerbot': PYTHONPATH=/home/nippun/ros2_course_test/build/cougerbot/prefix_override:/home/nippun/ros2_course_test/install/cougerbot/lib/python3.10/site-packages:${PYTHONPATH} /usr/bin/python3 setup.py egg_info --egg-base ../../build/cougerbot build --build-base /home/nippun/ros2_course_test/build/cougerbot/build install --record /home/nippun/ros2_course_test/build/cougerbot/install.log --single-version-externally-managed
[3.918s] running egg_info
[3.919s] writing ../../build/cougerbot/cougerbot.egg-info/PKG-INFO
[3.920s] writing dependency_links to ../../build/cougerbot/cougerbot.egg-info/dependency_links.txt
[3.920s] writing entry points to ../../build/cougerbot/cougerbot.egg-info/entry_points.txt
[3.920s] writing requirements to ../../build/cougerbot/cougerbot.egg-info/requires.txt
[3.920s] writing top-level names to ../../build/cougerbot/cougerbot.egg-info/top_level.txt
[3.924s] reading manifest file '../../build/cougerbot/cougerbot.egg-info/SOURCES.txt'
[3.951s] writing manifest file '../../build/cougerbot/cougerbot.egg-info/SOURCES.txt'
[3.952s] running build
[3.952s] running build_py
[3.952s] running install
[3.952s] running install_lib
[3.955s] running install_data
[3.956s] copying launch/cougerbot.launch.py -> /home/nippun/ros2_course_test/install/cougerbot/share/cougerbot
[3.956s] running install_egg_info
[3.959s] removing '/home/nippun/ros2_course_test/install/cougerbot/lib/python3.10/site-packages/cougerbot-0.0.0-py3.10.egg-info' (and everything under it)
[3.959s] Copying ../../build/cougerbot/cougerbot.egg-info to /home/nippun/ros2_course_test/install/cougerbot/lib/python3.10/site-packages/cougerbot-0.0.0-py3.10.egg-info
[3.983s] running install_scripts
[4.022s] Installing spawn_cougerbot script to /home/nippun/ros2_course_test/install/cougerbot/lib/cougerbot
[4.022s] writing list of installed files to '/home/nippun/ros2_course_test/build/cougerbot/install.log'
[4.068s] Invoked command in '/home/nippun/ros2_course_test/src/cougerbot' returned '0': PYTHONPATH=/home/nippun/ros2_course_test/build/cougerbot/prefix_override:/home/nippun/ros2_course_test/install/cougerbot/lib/python3.10/site-packages:${PYTHONPATH} /usr/bin/python3 setup.py egg_info --egg-base ../../build/cougerbot build --build-base /home/nippun/ros2_course_test/build/cougerbot/build install --record /home/nippun/ros2_course_test/build/cougerbot/install.log --single-version-externally-managed
