[1.326s] Invoking command in '/home/nippun/ros2_course_test/src/my_first_robot': PYTHONPATH=/home/nippun/ros2_course_test/build/my_first_robot/prefix_override:/home/nippun/ros2_course_test/install/my_first_robot/lib/python3.10/site-packages:${PYTHONPATH} /usr/bin/python3 setup.py egg_info --egg-base ../../build/my_first_robot build --build-base /home/nippun/ros2_course_test/build/my_first_robot/build install --record /home/nippun/ros2_course_test/build/my_first_robot/install.log --single-version-externally-managed
[1.811s] running egg_info
[1.812s] writing ../../build/my_first_robot/my_first_robot.egg-info/PKG-INFO
[1.812s] writing dependency_links to ../../build/my_first_robot/my_first_robot.egg-info/dependency_links.txt
[1.812s] writing entry points to ../../build/my_first_robot/my_first_robot.egg-info/entry_points.txt
[1.813s] writing requirements to ../../build/my_first_robot/my_first_robot.egg-info/requires.txt
[1.813s] writing top-level names to ../../build/my_first_robot/my_first_robot.egg-info/top_level.txt
[1.816s] reading manifest file '../../build/my_first_robot/my_first_robot.egg-info/SOURCES.txt'
[1.817s] writing manifest file '../../build/my_first_robot/my_first_robot.egg-info/SOURCES.txt'
[1.817s] running build
[1.818s] running build_py
[1.818s] copying my_first_robot/tortoise_bot_spawn_client.py -> /home/nippun/ros2_course_test/build/my_first_robot/build/lib/my_first_robot
[1.818s] running install
[1.819s] running install_lib
[1.820s] copying /home/nippun/ros2_course_test/build/my_first_robot/build/lib/my_first_robot/tortoise_bot_spawn_client.py -> /home/nippun/ros2_course_test/install/my_first_robot/lib/python3.10/site-packages/my_first_robot
[1.821s] byte-compiling /home/nippun/ros2_course_test/install/my_first_robot/lib/python3.10/site-packages/my_first_robot/tortoise_bot_spawn_client.py to tortoise_bot_spawn_client.cpython-310.pyc
[1.821s] running install_data
[1.822s] running install_egg_info
[1.825s] removing '/home/nippun/ros2_course_test/install/my_first_robot/lib/python3.10/site-packages/my_first_robot-0.0.0-py3.10.egg-info' (and everything under it)
[1.825s] Copying ../../build/my_first_robot/my_first_robot.egg-info to /home/nippun/ros2_course_test/install/my_first_robot/lib/python3.10/site-packages/my_first_robot-0.0.0-py3.10.egg-info
[1.826s] running install_scripts
[1.860s] Installing spwan_tortoisebot script to /home/nippun/ros2_course_test/install/my_first_robot/lib/my_first_robot
[1.860s] writing list of installed files to '/home/nippun/ros2_course_test/build/my_first_robot/install.log'
[1.903s] Invoked command in '/home/nippun/ros2_course_test/src/my_first_robot' returned '0': PYTHONPATH=/home/nippun/ros2_course_test/build/my_first_robot/prefix_override:/home/nippun/ros2_course_test/install/my_first_robot/lib/python3.10/site-packages:${PYTHONPATH} /usr/bin/python3 setup.py egg_info --egg-base ../../build/my_first_robot build --build-base /home/nippun/ros2_course_test/build/my_first_robot/build install --record /home/nippun/ros2_course_test/build/my_first_robot/install.log --single-version-externally-managed
