[1.203s] Invoking command in '/home/nippun/ros2_course_test/src/adding_integers': LD_LIBRARY_PATH=/home/nippun/ros2_course_test/install/add_two_ints/lib:/home/nippun/usr/lib:/home/nippun/usr/lib/x86_64-linux-gnu:/usr/local/lib:/usr/local/lib64:/home/nippun/usr/lib:/home/nippun/usr/lib/x86_64-linux-gnu:/usr/local/lib:/usr/local/lib64:/home/nippun/ros2_course_test/install/complex_msg/lib:/opt/ros/humble/opt/rviz_ogre_vendor/lib:/opt/ros/humble/lib/x86_64-linux-gnu:/opt/ros/humble/lib:/home/nippun/usr/lib:/home/nippun/usr/lib/x86_64-linux-gnu:/usr/local/lib:/usr/local/lib64 PYTHONPATH=/home/nippun/ros2_course_test/build/adding_integers/prefix_override:/home/nippun/ros2_course_test/install/adding_integers/lib/python3.10/site-packages:${PYTHONPATH} /usr/bin/python3 setup.py egg_info --egg-base ../../build/adding_integers build --build-base /home/nippun/ros2_course_test/build/adding_integers/build install --record /home/nippun/ros2_course_test/build/adding_integers/install.log --single-version-externally-managed
[1.632s] running egg_info
[1.632s] creating ../../build/adding_integers/adding_integers.egg-info
[1.633s] writing ../../build/adding_integers/adding_integers.egg-info/PKG-INFO
[1.633s] writing dependency_links to ../../build/adding_integers/adding_integers.egg-info/dependency_links.txt
[1.633s] writing entry points to ../../build/adding_integers/adding_integers.egg-info/entry_points.txt
[1.633s] writing requirements to ../../build/adding_integers/adding_integers.egg-info/requires.txt
[1.634s] writing top-level names to ../../build/adding_integers/adding_integers.egg-info/top_level.txt
[1.634s] writing manifest file '../../build/adding_integers/adding_integers.egg-info/SOURCES.txt'
[1.637s] reading manifest file '../../build/adding_integers/adding_integers.egg-info/SOURCES.txt'
[1.638s] writing manifest file '../../build/adding_integers/adding_integers.egg-info/SOURCES.txt'
[1.639s] running build
[1.639s] running build_py
[1.639s] creating /home/nippun/ros2_course_test/build/adding_integers/build
[1.639s] creating /home/nippun/ros2_course_test/build/adding_integers/build/lib
[1.639s] creating /home/nippun/ros2_course_test/build/adding_integers/build/lib/adding_integers
[1.639s] copying adding_integers/adding_server.py -> /home/nippun/ros2_course_test/build/adding_integers/build/lib/adding_integers
[1.640s] copying adding_integers/__init__.py -> /home/nippun/ros2_course_test/build/adding_integers/build/lib/adding_integers
[1.640s] copying adding_integers/adding_client.py -> /home/nippun/ros2_course_test/build/adding_integers/build/lib/adding_integers
[1.640s] running install
[1.640s] running install_lib
[1.641s] creating /home/nippun/ros2_course_test/install/adding_integers/lib/python3.10/site-packages/adding_integers
[1.642s] copying /home/nippun/ros2_course_test/build/adding_integers/build/lib/adding_integers/adding_server.py -> /home/nippun/ros2_course_test/install/adding_integers/lib/python3.10/site-packages/adding_integers
[1.642s] copying /home/nippun/ros2_course_test/build/adding_integers/build/lib/adding_integers/__init__.py -> /home/nippun/ros2_course_test/install/adding_integers/lib/python3.10/site-packages/adding_integers
[1.642s] copying /home/nippun/ros2_course_test/build/adding_integers/build/lib/adding_integers/adding_client.py -> /home/nippun/ros2_course_test/install/adding_integers/lib/python3.10/site-packages/adding_integers
[1.643s] byte-compiling /home/nippun/ros2_course_test/install/adding_integers/lib/python3.10/site-packages/adding_integers/adding_server.py to adding_server.cpython-310.pyc
[1.644s] byte-compiling /home/nippun/ros2_course_test/install/adding_integers/lib/python3.10/site-packages/adding_integers/__init__.py to __init__.cpython-310.pyc
[1.644s] byte-compiling /home/nippun/ros2_course_test/install/adding_integers/lib/python3.10/site-packages/adding_integers/adding_client.py to adding_client.cpython-310.pyc
[1.644s] running install_data
[1.645s] creating /home/nippun/ros2_course_test/install/adding_integers/share/ament_index
[1.646s] creating /home/nippun/ros2_course_test/install/adding_integers/share/ament_index/resource_index
[1.646s] creating /home/nippun/ros2_course_test/install/adding_integers/share/ament_index/resource_index/packages
[1.646s] copying resource/adding_integers -> /home/nippun/ros2_course_test/install/adding_integers/share/ament_index/resource_index/packages
[1.646s] copying package.xml -> /home/nippun/ros2_course_test/install/adding_integers/share/adding_integers
[1.646s] running install_egg_info
[1.648s] Copying ../../build/adding_integers/adding_integers.egg-info to /home/nippun/ros2_course_test/install/adding_integers/lib/python3.10/site-packages/adding_integers-0.0.0-py3.10.egg-info
[1.650s] running install_scripts
[1.685s] writing list of installed files to '/home/nippun/ros2_course_test/build/adding_integers/install.log'
[1.726s] Invoked command in '/home/nippun/ros2_course_test/src/adding_integers' returned '0': LD_LIBRARY_PATH=/home/nippun/ros2_course_test/install/add_two_ints/lib:/home/nippun/usr/lib:/home/nippun/usr/lib/x86_64-linux-gnu:/usr/local/lib:/usr/local/lib64:/home/nippun/usr/lib:/home/nippun/usr/lib/x86_64-linux-gnu:/usr/local/lib:/usr/local/lib64:/home/nippun/ros2_course_test/install/complex_msg/lib:/opt/ros/humble/opt/rviz_ogre_vendor/lib:/opt/ros/humble/lib/x86_64-linux-gnu:/opt/ros/humble/lib:/home/nippun/usr/lib:/home/nippun/usr/lib/x86_64-linux-gnu:/usr/local/lib:/usr/local/lib64 PYTHONPATH=/home/nippun/ros2_course_test/build/adding_integers/prefix_override:/home/nippun/ros2_course_test/install/adding_integers/lib/python3.10/site-packages:${PYTHONPATH} /usr/bin/python3 setup.py egg_info --egg-base ../../build/adding_integers build --build-base /home/nippun/ros2_course_test/build/adding_integers/build install --record /home/nippun/ros2_course_test/build/adding_integers/install.log --single-version-externally-managed
