[1.478s] Invoking command in '/home/nippun/ros2_course_test/src/cougerbot': PYTHONPATH=/home/nippun/ros2_course_test/build/cougerbot/prefix_override:/home/nippun/ros2_course_test/install/cougerbot/lib/python3.10/site-packages:${PYTHONPATH} /usr/bin/python3 setup.py egg_info --egg-base ../../build/cougerbot build --build-base /home/nippun/ros2_course_test/build/cougerbot/build install --record /home/nippun/ros2_course_test/build/cougerbot/install.log --single-version-externally-managed
[2.022s] running egg_info
[2.023s] writing ../../build/cougerbot/cougerbot.egg-info/PKG-INFO
[2.023s] writing dependency_links to ../../build/cougerbot/cougerbot.egg-info/dependency_links.txt
[2.024s] writing entry points to ../../build/cougerbot/cougerbot.egg-info/entry_points.txt
[2.024s] writing requirements to ../../build/cougerbot/cougerbot.egg-info/requires.txt
[2.024s] writing top-level names to ../../build/cougerbot/cougerbot.egg-info/top_level.txt
[2.027s] reading manifest file '../../build/cougerbot/cougerbot.egg-info/SOURCES.txt'
[2.029s] writing manifest file '../../build/cougerbot/cougerbot.egg-info/SOURCES.txt'
[2.030s] running build
[2.030s] running build_py
[2.030s] running install
[2.031s] running install_lib
[2.033s] running install_data
[2.034s] copying launch/cougerbot.launch.py -> /home/nippun/ros2_course_test/install/cougerbot/share/cougerbot
[2.034s] running install_egg_info
[2.037s] removing '/home/nippun/ros2_course_test/install/cougerbot/lib/python3.10/site-packages/cougerbot-0.0.0-py3.10.egg-info' (and everything under it)
[2.038s] Copying ../../build/cougerbot/cougerbot.egg-info to /home/nippun/ros2_course_test/install/cougerbot/lib/python3.10/site-packages/cougerbot-0.0.0-py3.10.egg-info
[2.039s] running install_scripts
[2.072s] Installing spawn_cougerbot script to /home/nippun/ros2_course_test/install/cougerbot/lib/cougerbot
[2.072s] writing list of installed files to '/home/nippun/ros2_course_test/build/cougerbot/install.log'
[2.119s] Invoked command in '/home/nippun/ros2_course_test/src/cougerbot' returned '0': PYTHONPATH=/home/nippun/ros2_course_test/build/cougerbot/prefix_override:/home/nippun/ros2_course_test/install/cougerbot/lib/python3.10/site-packages:${PYTHONPATH} /usr/bin/python3 setup.py egg_info --egg-base ../../build/cougerbot build --build-base /home/nippun/ros2_course_test/build/cougerbot/build install --record /home/nippun/ros2_course_test/build/cougerbot/install.log --single-version-externally-managed
