[1.375s] Invoking command in '/home/nippun/ros2_course_test/src/turtlebot3_basic': PYTHONPATH=/home/nippun/ros2_course_test/build/turtlebot3_basic/prefix_override:/home/nippun/ros2_course_test/install/turtlebot3_basic/lib/python3.10/site-packages:${PYTHONPATH} /usr/bin/python3 setup.py egg_info --egg-base ../../build/turtlebot3_basic build --build-base /home/nippun/ros2_course_test/build/turtlebot3_basic/build install --record /home/nippun/ros2_course_test/build/turtlebot3_basic/install.log --single-version-externally-managed
[1.862s] running egg_info
[1.863s] writing ../../build/turtlebot3_basic/turtlebot3_basic.egg-info/PKG-INFO
[1.864s] writing dependency_links to ../../build/turtlebot3_basic/turtlebot3_basic.egg-info/dependency_links.txt
[1.864s] writing entry points to ../../build/turtlebot3_basic/turtlebot3_basic.egg-info/entry_points.txt
[1.864s] writing requirements to ../../build/turtlebot3_basic/turtlebot3_basic.egg-info/requires.txt
[1.865s] writing top-level names to ../../build/turtlebot3_basic/turtlebot3_basic.egg-info/top_level.txt
[1.868s] reading manifest file '../../build/turtlebot3_basic/turtlebot3_basic.egg-info/SOURCES.txt'
[1.869s] writing manifest file '../../build/turtlebot3_basic/turtlebot3_basic.egg-info/SOURCES.txt'
[1.869s] running build
[1.870s] running build_py
[1.870s] copying turtlebot3_basic/start_stop.py -> /home/nippun/ros2_course_test/build/turtlebot3_basic/build/lib/turtlebot3_basic
[1.870s] running install
[1.871s] running install_lib
[1.872s] copying /home/nippun/ros2_course_test/build/turtlebot3_basic/build/lib/turtlebot3_basic/start_stop.py -> /home/nippun/ros2_course_test/install/turtlebot3_basic/lib/python3.10/site-packages/turtlebot3_basic
[1.873s] byte-compiling /home/nippun/ros2_course_test/install/turtlebot3_basic/lib/python3.10/site-packages/turtlebot3_basic/start_stop.py to start_stop.cpython-310.pyc
[1.874s] running install_data
[1.875s] running install_egg_info
[1.878s] removing '/home/nippun/ros2_course_test/install/turtlebot3_basic/lib/python3.10/site-packages/turtlebot3_basic-0.0.0-py3.10.egg-info' (and everything under it)
[1.878s] Copying ../../build/turtlebot3_basic/turtlebot3_basic.egg-info to /home/nippun/ros2_course_test/install/turtlebot3_basic/lib/python3.10/site-packages/turtlebot3_basic-0.0.0-py3.10.egg-info
[1.879s] running install_scripts
[1.909s] Installing start_stop_node script to /home/nippun/ros2_course_test/install/turtlebot3_basic/lib/turtlebot3_basic
[1.910s] writing list of installed files to '/home/nippun/ros2_course_test/build/turtlebot3_basic/install.log'
[1.958s] Invoked command in '/home/nippun/ros2_course_test/src/turtlebot3_basic' returned '0': PYTHONPATH=/home/nippun/ros2_course_test/build/turtlebot3_basic/prefix_override:/home/nippun/ros2_course_test/install/turtlebot3_basic/lib/python3.10/site-packages:${PYTHONPATH} /usr/bin/python3 setup.py egg_info --egg-base ../../build/turtlebot3_basic build --build-base /home/nippun/ros2_course_test/build/turtlebot3_basic/build install --record /home/nippun/ros2_course_test/build/turtlebot3_basic/install.log --single-version-externally-managed
