[1.499s] Invoking command in '/home/nippun/ros2_course_test/src/cougerbot': PYTHONPATH=/home/nippun/ros2_course_test/build/cougerbot/prefix_override:/home/nippun/ros2_course_test/install/cougerbot/lib/python3.10/site-packages:${PYTHONPATH} /usr/bin/python3 setup.py egg_info --egg-base ../../build/cougerbot build --build-base /home/nippun/ros2_course_test/build/cougerbot/build install --record /home/nippun/ros2_course_test/build/cougerbot/install.log --single-version-externally-managed
[2.003s] running egg_info
[2.004s] writing ../../build/cougerbot/cougerbot.egg-info/PKG-INFO
[2.005s] writing dependency_links to ../../build/cougerbot/cougerbot.egg-info/dependency_links.txt
[2.005s] writing entry points to ../../build/cougerbot/cougerbot.egg-info/entry_points.txt
[2.005s] writing requirements to ../../build/cougerbot/cougerbot.egg-info/requires.txt
[2.005s] writing top-level names to ../../build/cougerbot/cougerbot.egg-info/top_level.txt
[2.009s] reading manifest file '../../build/cougerbot/cougerbot.egg-info/SOURCES.txt'
[2.010s] writing manifest file '../../build/cougerbot/cougerbot.egg-info/SOURCES.txt'
[2.010s] running build
[2.010s] running build_py
[2.011s] running install
[2.011s] running install_lib
[2.013s] running install_data
[2.014s] copying urdf/cougerbot.urdf -> /home/nippun/ros2_course_test/install/cougerbot/share/cougerbot/urdf
[2.015s] running install_egg_info
[2.017s] removing '/home/nippun/ros2_course_test/install/cougerbot/lib/python3.10/site-packages/cougerbot-0.0.0-py3.10.egg-info' (and everything under it)
[2.018s] Copying ../../build/cougerbot/cougerbot.egg-info to /home/nippun/ros2_course_test/install/cougerbot/lib/python3.10/site-packages/cougerbot-0.0.0-py3.10.egg-info
[2.019s] running install_scripts
[2.050s] Installing spawn_cougerbot script to /home/nippun/ros2_course_test/install/cougerbot/lib/cougerbot
[2.051s] writing list of installed files to '/home/nippun/ros2_course_test/build/cougerbot/install.log'
[2.097s] Invoked command in '/home/nippun/ros2_course_test/src/cougerbot' returned '0': PYTHONPATH=/home/nippun/ros2_course_test/build/cougerbot/prefix_override:/home/nippun/ros2_course_test/install/cougerbot/lib/python3.10/site-packages:${PYTHONPATH} /usr/bin/python3 setup.py egg_info --egg-base ../../build/cougerbot build --build-base /home/nippun/ros2_course_test/build/cougerbot/build install --record /home/nippun/ros2_course_test/build/cougerbot/install.log --single-version-externally-managed
