[0.155s] Invoking command in '/home/nippun/ros2_course_test/build/timer_action_interface': CMAKE_PREFIX_PATH=${CMAKE_PREFIX_PATH}:/home/nippun/ros2_course_test/install/word_count:/home/nippun/ros2_course_test/install/turtlesim_control:/home/nippun/ros2_course_test/install/talker_listener:/home/nippun/ros2_course_test/install/my_first_package:/home/nippun/ros2_course_test/install/complex_talker_listener:/home/nippun/ros2_course_test/install/adding_integers:/home/nippun/ros2_ws/install/tele_op:/home/nippun/ros2_ws/install/talker_listner:/home/nippun/ros2_ws/install/my_first_package:/home/nippun/ros2_ws/install/example:/home/nippun/ros2_course_ws/install/my_first_package:/home/nippun/ros2_course_ws/install/complex_talker_listener:/opt/ros/humble /usr/bin/cmake /home/nippun/ros2_course_test/src/timer_action_interface -DCMAKE_INSTALL_PREFIX=/home/nippun/ros2_course_test/install/timer_action_interface
[1.649s] -- The C compiler identification is GNU 11.3.0
[2.653s] -- The CXX compiler identification is GNU 11.3.0
[2.812s] -- Detecting C compiler ABI info
[3.067s] -- Detecting C compiler ABI info - done
[3.082s] -- Check for working C compiler: /usr/bin/cc - skipped
[3.082s] -- Detecting C compile features
[3.109s] -- Detecting C compile features - done
[3.161s] -- Detecting CXX compiler ABI info
[3.328s] -- Detecting CXX compiler ABI info - done
[3.346s] -- Check for working CXX compiler: /usr/bin/c++ - skipped
[3.346s] -- Detecting CXX compile features
[3.348s] -- Detecting CXX compile features - done
[3.456s] -- Found ament_cmake: 1.3.3 (/opt/ros/humble/share/ament_cmake/cmake)
[3.928s] -- Found Python3: /usr/bin/python3.10 (found version "3.10.6") found components: Interpreter 
[4.419s] -- Found rosidl_default_generators: 1.2.0 (/opt/ros/humble/share/rosidl_default_generators/cmake)
[4.487s] -- Using all available rosidl_typesupport_c: rosidl_typesupport_fastrtps_c;rosidl_typesupport_introspection_c
[4.563s] -- Found rosidl_adapter: 3.1.4 (/opt/ros/humble/share/rosidl_adapter/cmake)
[4.984s] -- Using all available rosidl_typesupport_cpp: rosidl_typesupport_fastrtps_cpp;rosidl_typesupport_introspection_cpp
[5.349s] [31mCMake Error at /opt/ros/humble/share/rosidl_adapter/cmake/rosidl_adapt_interfaces.cmake:59 (message):
[5.350s]   execute_process(/usr/bin/python3.10 -m rosidl_adapter --package-name
[5.350s]   timer_action_interface --arguments-file
[5.351s]   /home/nippun/ros2_course_test/build/timer_action_interface/rosidl_adapter__arguments__timer_action_interface.json
[5.351s]   --output-dir
[5.351s]   /home/nippun/ros2_course_test/build/timer_action_interface/rosidl_adapter/timer_action_interface
[5.352s]   --output-file
[5.352s]   /home/nippun/ros2_course_test/build/timer_action_interface/rosidl_adapter/timer_action_interface.idls)
[5.353s]   returned error code 1:
[5.353s] 
[5.354s]   KeyError processing template 'struct.idl.em': 'duration'
[5.354s] 
[5.354s] Call Stack (most recent call first):
[5.354s]   /opt/ros/humble/share/rosidl_cmake/cmake/rosidl_generate_interfaces.cmake:130 (rosidl_adapt_interfaces)
[5.355s]   CMakeLists.txt:16 (rosidl_generate_interfaces)
[5.355s] 
[5.355s] [0m
[5.355s] -- Configuring incomplete, errors occurred!
[5.355s] See also "/home/nippun/ros2_course_test/build/timer_action_interface/CMakeFiles/CMakeOutput.log".
[5.372s] Invoked command in '/home/nippun/ros2_course_test/build/timer_action_interface' returned '1': CMAKE_PREFIX_PATH=${CMAKE_PREFIX_PATH}:/home/nippun/ros2_course_test/install/word_count:/home/nippun/ros2_course_test/install/turtlesim_control:/home/nippun/ros2_course_test/install/talker_listener:/home/nippun/ros2_course_test/install/my_first_package:/home/nippun/ros2_course_test/install/complex_talker_listener:/home/nippun/ros2_course_test/install/adding_integers:/home/nippun/ros2_ws/install/tele_op:/home/nippun/ros2_ws/install/talker_listner:/home/nippun/ros2_ws/install/my_first_package:/home/nippun/ros2_ws/install/example:/home/nippun/ros2_course_ws/install/my_first_package:/home/nippun/ros2_course_ws/install/complex_talker_listener:/opt/ros/humble /usr/bin/cmake /home/nippun/ros2_course_test/src/timer_action_interface -DCMAKE_INSTALL_PREFIX=/home/nippun/ros2_course_test/install/timer_action_interface
