running egg_info
creating ../../build/cougerbot/cougerbot.egg-info
writing ../../build/cougerbot/cougerbot.egg-info/PKG-INFO
writing dependency_links to ../../build/cougerbot/cougerbot.egg-info/dependency_links.txt
writing entry points to ../../build/cougerbot/cougerbot.egg-info/entry_points.txt
writing requirements to ../../build/cougerbot/cougerbot.egg-info/requires.txt
writing top-level names to ../../build/cougerbot/cougerbot.egg-info/top_level.txt
writing manifest file '../../build/cougerbot/cougerbot.egg-info/SOURCES.txt'
reading manifest file '../../build/cougerbot/cougerbot.egg-info/SOURCES.txt'
writing manifest file '../../build/cougerbot/cougerbot.egg-info/SOURCES.txt'
running build
running build_py
creating /home/nippun/ros2_course_test/build/cougerbot/build
creating /home/nippun/ros2_course_test/build/cougerbot/build/lib
creating /home/nippun/ros2_course_test/build/cougerbot/build/lib/cougerbot
copying cougerbot/__init__.py -> /home/nippun/ros2_course_test/build/cougerbot/build/lib/cougerbot
copying cougerbot/cougerbot_spawn_client.py -> /home/nippun/ros2_course_test/build/cougerbot/build/lib/cougerbot
running install
running install_lib
creating /home/nippun/ros2_course_test/install/cougerbot/lib/python3.10/site-packages/cougerbot
copying /home/nippun/ros2_course_test/build/cougerbot/build/lib/cougerbot/__init__.py -> /home/nippun/ros2_course_test/install/cougerbot/lib/python3.10/site-packages/cougerbot
copying /home/nippun/ros2_course_test/build/cougerbot/build/lib/cougerbot/cougerbot_spawn_client.py -> /home/nippun/ros2_course_test/install/cougerbot/lib/python3.10/site-packages/cougerbot
byte-compiling /home/nippun/ros2_course_test/install/cougerbot/lib/python3.10/site-packages/cougerbot/__init__.py to __init__.cpython-310.pyc
byte-compiling /home/nippun/ros2_course_test/install/cougerbot/lib/python3.10/site-packages/cougerbot/cougerbot_spawn_client.py to cougerbot_spawn_client.cpython-310.pyc
running install_data
creating /home/nippun/ros2_course_test/install/cougerbot/share/ament_index
creating /home/nippun/ros2_course_test/install/cougerbot/share/ament_index/resource_index
creating /home/nippun/ros2_course_test/install/cougerbot/share/ament_index/resource_index/packages
copying resource/cougerbot -> /home/nippun/ros2_course_test/install/cougerbot/share/ament_index/resource_index/packages
copying package.xml -> /home/nippun/ros2_course_test/install/cougerbot/share/cougerbot
running install_egg_info
Copying ../../build/cougerbot/cougerbot.egg-info to /home/nippun/ros2_course_test/install/cougerbot/lib/python3.10/site-packages/cougerbot-0.0.0-py3.10.egg-info
running install_scripts
writing list of installed files to '/home/nippun/ros2_course_test/build/cougerbot/install.log'
