[3.656s] Invoking command in '/home/nippun/ros2_course_test/src/cougerbot': PYTHONPATH=/home/nippun/ros2_course_test/build/cougerbot/prefix_override:/home/nippun/ros2_course_test/install/cougerbot/lib/python3.10/site-packages:${PYTHONPATH} /usr/bin/python3 setup.py egg_info --egg-base ../../build/cougerbot build --build-base /home/nippun/ros2_course_test/build/cougerbot/build install --record /home/nippun/ros2_course_test/build/cougerbot/install.log --single-version-externally-managed
[4.168s] running egg_info
[4.169s] creating ../../build/cougerbot/cougerbot.egg-info
[4.169s] writing ../../build/cougerbot/cougerbot.egg-info/PKG-INFO
[4.169s] writing dependency_links to ../../build/cougerbot/cougerbot.egg-info/dependency_links.txt
[4.170s] writing entry points to ../../build/cougerbot/cougerbot.egg-info/entry_points.txt
[4.170s] writing requirements to ../../build/cougerbot/cougerbot.egg-info/requires.txt
[4.170s] writing top-level names to ../../build/cougerbot/cougerbot.egg-info/top_level.txt
[4.170s] writing manifest file '../../build/cougerbot/cougerbot.egg-info/SOURCES.txt'
[4.173s] reading manifest file '../../build/cougerbot/cougerbot.egg-info/SOURCES.txt'
[4.174s] writing manifest file '../../build/cougerbot/cougerbot.egg-info/SOURCES.txt'
[4.175s] running build
[4.175s] running build_py
[4.175s] creating /home/nippun/ros2_course_test/build/cougerbot/build
[4.175s] creating /home/nippun/ros2_course_test/build/cougerbot/build/lib
[4.176s] creating /home/nippun/ros2_course_test/build/cougerbot/build/lib/cougerbot
[4.176s] copying cougerbot/__init__.py -> /home/nippun/ros2_course_test/build/cougerbot/build/lib/cougerbot
[4.176s] copying cougerbot/cougerbot_spawn_client.py -> /home/nippun/ros2_course_test/build/cougerbot/build/lib/cougerbot
[4.176s] running install
[4.177s] running install_lib
[4.178s] creating /home/nippun/ros2_course_test/install/cougerbot/lib/python3.10/site-packages/cougerbot
[4.178s] copying /home/nippun/ros2_course_test/build/cougerbot/build/lib/cougerbot/__init__.py -> /home/nippun/ros2_course_test/install/cougerbot/lib/python3.10/site-packages/cougerbot
[4.179s] copying /home/nippun/ros2_course_test/build/cougerbot/build/lib/cougerbot/cougerbot_spawn_client.py -> /home/nippun/ros2_course_test/install/cougerbot/lib/python3.10/site-packages/cougerbot
[4.179s] byte-compiling /home/nippun/ros2_course_test/install/cougerbot/lib/python3.10/site-packages/cougerbot/__init__.py to __init__.cpython-310.pyc
[4.180s] byte-compiling /home/nippun/ros2_course_test/install/cougerbot/lib/python3.10/site-packages/cougerbot/cougerbot_spawn_client.py to cougerbot_spawn_client.cpython-310.pyc
[4.180s] running install_data
[4.182s] creating /home/nippun/ros2_course_test/install/cougerbot/share/ament_index
[4.182s] creating /home/nippun/ros2_course_test/install/cougerbot/share/ament_index/resource_index
[4.182s] creating /home/nippun/ros2_course_test/install/cougerbot/share/ament_index/resource_index/packages
[4.182s] copying resource/cougerbot -> /home/nippun/ros2_course_test/install/cougerbot/share/ament_index/resource_index/packages
[4.183s] copying package.xml -> /home/nippun/ros2_course_test/install/cougerbot/share/cougerbot
[4.183s] running install_egg_info
[4.185s] Copying ../../build/cougerbot/cougerbot.egg-info to /home/nippun/ros2_course_test/install/cougerbot/lib/python3.10/site-packages/cougerbot-0.0.0-py3.10.egg-info
[4.186s] running install_scripts
[4.218s] writing list of installed files to '/home/nippun/ros2_course_test/build/cougerbot/install.log'
[4.264s] Invoked command in '/home/nippun/ros2_course_test/src/cougerbot' returned '0': PYTHONPATH=/home/nippun/ros2_course_test/build/cougerbot/prefix_override:/home/nippun/ros2_course_test/install/cougerbot/lib/python3.10/site-packages:${PYTHONPATH} /usr/bin/python3 setup.py egg_info --egg-base ../../build/cougerbot build --build-base /home/nippun/ros2_course_test/build/cougerbot/build install --record /home/nippun/ros2_course_test/build/cougerbot/install.log --single-version-externally-managed
