running egg_info
creating ../build/adding_integers/adding_integers.egg-info
writing ../build/adding_integers/adding_integers.egg-info/PKG-INFO
writing dependency_links to ../build/adding_integers/adding_integers.egg-info/dependency_links.txt
writing entry points to ../build/adding_integers/adding_integers.egg-info/entry_points.txt
writing requirements to ../build/adding_integers/adding_integers.egg-info/requires.txt
writing top-level names to ../build/adding_integers/adding_integers.egg-info/top_level.txt
writing manifest file '../build/adding_integers/adding_integers.egg-info/SOURCES.txt'
reading manifest file '../build/adding_integers/adding_integers.egg-info/SOURCES.txt'
writing manifest file '../build/adding_integers/adding_integers.egg-info/SOURCES.txt'
running build
running build_py
creating /home/nippun/ros2_course_test/src/build/adding_integers/build
creating /home/nippun/ros2_course_test/src/build/adding_integers/build/lib
creating /home/nippun/ros2_course_test/src/build/adding_integers/build/lib/adding_integers
copying adding_integers/adding_server.py -> /home/nippun/ros2_course_test/src/build/adding_integers/build/lib/adding_integers
copying adding_integers/__init__.py -> /home/nippun/ros2_course_test/src/build/adding_integers/build/lib/adding_integers
copying adding_integers/adding_client.py -> /home/nippun/ros2_course_test/src/build/adding_integers/build/lib/adding_integers
running install
running install_lib
creating /home/nippun/ros2_course_test/src/install/adding_integers/lib/python3.10/site-packages/adding_integers
copying /home/nippun/ros2_course_test/src/build/adding_integers/build/lib/adding_integers/adding_server.py -> /home/nippun/ros2_course_test/src/install/adding_integers/lib/python3.10/site-packages/adding_integers
copying /home/nippun/ros2_course_test/src/build/adding_integers/build/lib/adding_integers/__init__.py -> /home/nippun/ros2_course_test/src/install/adding_integers/lib/python3.10/site-packages/adding_integers
copying /home/nippun/ros2_course_test/src/build/adding_integers/build/lib/adding_integers/adding_client.py -> /home/nippun/ros2_course_test/src/install/adding_integers/lib/python3.10/site-packages/adding_integers
byte-compiling /home/nippun/ros2_course_test/src/install/adding_integers/lib/python3.10/site-packages/adding_integers/adding_server.py to adding_server.cpython-310.pyc
byte-compiling /home/nippun/ros2_course_test/src/install/adding_integers/lib/python3.10/site-packages/adding_integers/__init__.py to __init__.cpython-310.pyc
byte-compiling /home/nippun/ros2_course_test/src/install/adding_integers/lib/python3.10/site-packages/adding_integers/adding_client.py to adding_client.cpython-310.pyc
running install_data
creating /home/nippun/ros2_course_test/src/install/adding_integers/share/ament_index
creating /home/nippun/ros2_course_test/src/install/adding_integers/share/ament_index/resource_index
creating /home/nippun/ros2_course_test/src/install/adding_integers/share/ament_index/resource_index/packages
copying resource/adding_integers -> /home/nippun/ros2_course_test/src/install/adding_integers/share/ament_index/resource_index/packages
copying package.xml -> /home/nippun/ros2_course_test/src/install/adding_integers/share/adding_integers
running install_egg_info
Copying ../build/adding_integers/adding_integers.egg-info to /home/nippun/ros2_course_test/src/install/adding_integers/lib/python3.10/site-packages/adding_integers-0.0.0-py3.10.egg-info
running install_scripts
writing list of installed files to '/home/nippun/ros2_course_test/src/build/adding_integers/install.log'
