[2.749s] Invoking command in '/home/nippun/ros2_course_test/src/adding_integers': PYTHONPATH=/home/nippun/ros2_course_test/src/build/adding_integers/prefix_override:/home/nippun/ros2_course_test/src/install/adding_integers/lib/python3.10/site-packages:${PYTHONPATH} /usr/bin/python3 setup.py egg_info --egg-base ../build/adding_integers build --build-base /home/nippun/ros2_course_test/src/build/adding_integers/build install --record /home/nippun/ros2_course_test/src/build/adding_integers/install.log --single-version-externally-managed
[3.176s] running egg_info
[3.177s] creating ../build/adding_integers/adding_integers.egg-info
[3.178s] writing ../build/adding_integers/adding_integers.egg-info/PKG-INFO
[3.178s] writing dependency_links to ../build/adding_integers/adding_integers.egg-info/dependency_links.txt
[3.178s] writing entry points to ../build/adding_integers/adding_integers.egg-info/entry_points.txt
[3.179s] writing requirements to ../build/adding_integers/adding_integers.egg-info/requires.txt
[3.179s] writing top-level names to ../build/adding_integers/adding_integers.egg-info/top_level.txt
[3.179s] writing manifest file '../build/adding_integers/adding_integers.egg-info/SOURCES.txt'
[3.183s] reading manifest file '../build/adding_integers/adding_integers.egg-info/SOURCES.txt'
[3.184s] writing manifest file '../build/adding_integers/adding_integers.egg-info/SOURCES.txt'
[3.184s] running build
[3.184s] running build_py
[3.185s] creating /home/nippun/ros2_course_test/src/build/adding_integers/build
[3.185s] creating /home/nippun/ros2_course_test/src/build/adding_integers/build/lib
[3.185s] creating /home/nippun/ros2_course_test/src/build/adding_integers/build/lib/adding_integers
[3.185s] copying adding_integers/adding_server.py -> /home/nippun/ros2_course_test/src/build/adding_integers/build/lib/adding_integers
[3.185s] copying adding_integers/__init__.py -> /home/nippun/ros2_course_test/src/build/adding_integers/build/lib/adding_integers
[3.186s] copying adding_integers/adding_client.py -> /home/nippun/ros2_course_test/src/build/adding_integers/build/lib/adding_integers
[3.186s] running install
[3.186s] running install_lib
[3.187s] creating /home/nippun/ros2_course_test/src/install/adding_integers/lib/python3.10/site-packages/adding_integers
[3.187s] copying /home/nippun/ros2_course_test/src/build/adding_integers/build/lib/adding_integers/adding_server.py -> /home/nippun/ros2_course_test/src/install/adding_integers/lib/python3.10/site-packages/adding_integers
[3.187s] copying /home/nippun/ros2_course_test/src/build/adding_integers/build/lib/adding_integers/__init__.py -> /home/nippun/ros2_course_test/src/install/adding_integers/lib/python3.10/site-packages/adding_integers
[3.187s] copying /home/nippun/ros2_course_test/src/build/adding_integers/build/lib/adding_integers/adding_client.py -> /home/nippun/ros2_course_test/src/install/adding_integers/lib/python3.10/site-packages/adding_integers
[3.188s] byte-compiling /home/nippun/ros2_course_test/src/install/adding_integers/lib/python3.10/site-packages/adding_integers/adding_server.py to adding_server.cpython-310.pyc
[3.189s] byte-compiling /home/nippun/ros2_course_test/src/install/adding_integers/lib/python3.10/site-packages/adding_integers/__init__.py to __init__.cpython-310.pyc
[3.189s] byte-compiling /home/nippun/ros2_course_test/src/install/adding_integers/lib/python3.10/site-packages/adding_integers/adding_client.py to adding_client.cpython-310.pyc
[3.190s] running install_data
[3.191s] creating /home/nippun/ros2_course_test/src/install/adding_integers/share/ament_index
[3.191s] creating /home/nippun/ros2_course_test/src/install/adding_integers/share/ament_index/resource_index
[3.191s] creating /home/nippun/ros2_course_test/src/install/adding_integers/share/ament_index/resource_index/packages
[3.192s] copying resource/adding_integers -> /home/nippun/ros2_course_test/src/install/adding_integers/share/ament_index/resource_index/packages
[3.192s] copying package.xml -> /home/nippun/ros2_course_test/src/install/adding_integers/share/adding_integers
[3.192s] running install_egg_info
[3.194s] Copying ../build/adding_integers/adding_integers.egg-info to /home/nippun/ros2_course_test/src/install/adding_integers/lib/python3.10/site-packages/adding_integers-0.0.0-py3.10.egg-info
[3.195s] running install_scripts
[3.223s] writing list of installed files to '/home/nippun/ros2_course_test/src/build/adding_integers/install.log'
[3.265s] Invoked command in '/home/nippun/ros2_course_test/src/adding_integers' returned '0': PYTHONPATH=/home/nippun/ros2_course_test/src/build/adding_integers/prefix_override:/home/nippun/ros2_course_test/src/install/adding_integers/lib/python3.10/site-packages:${PYTHONPATH} /usr/bin/python3 setup.py egg_info --egg-base ../build/adding_integers build --build-base /home/nippun/ros2_course_test/src/build/adding_integers/build install --record /home/nippun/ros2_course_test/src/build/adding_integers/install.log --single-version-externally-managed
