/home/nippun/ros2_course_test/install/fibonacci_server_client/lib/python3.10/site-packages/fibonacci_server_client/fibonacci_action_server.py
/home/nippun/ros2_course_test/install/fibonacci_server_client/lib/python3.10/site-packages/fibonacci_server_client/__init__.py
/home/nippun/ros2_course_test/install/fibonacci_server_client/lib/python3.10/site-packages/fibonacci_server_client/fibonacci_action_client.py
/home/nippun/ros2_course_test/install/fibonacci_server_client/lib/python3.10/site-packages/fibonacci_server_client/fibonacci_action_server_feedback.py
/home/nippun/ros2_course_test/install/fibonacci_server_client/lib/python3.10/site-packages/fibonacci_server_client/__pycache__/fibonacci_action_server.cpython-310.pyc
/home/nippun/ros2_course_test/install/fibonacci_server_client/lib/python3.10/site-packages/fibonacci_server_client/__pycache__/__init__.cpython-310.pyc
/home/nippun/ros2_course_test/install/fibonacci_server_client/lib/python3.10/site-packages/fibonacci_server_client/__pycache__/fibonacci_action_client.cpython-310.pyc
/home/nippun/ros2_course_test/install/fibonacci_server_client/lib/python3.10/site-packages/fibonacci_server_client/__pycache__/fibonacci_action_server_feedback.cpython-310.pyc
/home/nippun/ros2_course_test/install/fibonacci_server_client/share/ament_index/resource_index/packages/fibonacci_server_client
/home/nippun/ros2_course_test/install/fibonacci_server_client/share/fibonacci_server_client/package.xml
/home/nippun/ros2_course_test/install/fibonacci_server_client/lib/python3.10/site-packages/fibonacci_server_client-0.0.0-py3.10.egg-info/PKG-INFO
/home/nippun/ros2_course_test/install/fibonacci_server_client/lib/python3.10/site-packages/fibonacci_server_client-0.0.0-py3.10.egg-info/zip-safe
/home/nippun/ros2_course_test/install/fibonacci_server_client/lib/python3.10/site-packages/fibonacci_server_client-0.0.0-py3.10.egg-info/dependency_links.txt
/home/nippun/ros2_course_test/install/fibonacci_server_client/lib/python3.10/site-packages/fibonacci_server_client-0.0.0-py3.10.egg-info/SOURCES.txt
/home/nippun/ros2_course_test/install/fibonacci_server_client/lib/python3.10/site-packages/fibonacci_server_client-0.0.0-py3.10.egg-info/entry_points.txt
/home/nippun/ros2_course_test/install/fibonacci_server_client/lib/python3.10/site-packages/fibonacci_server_client-0.0.0-py3.10.egg-info/top_level.txt
/home/nippun/ros2_course_test/install/fibonacci_server_client/lib/python3.10/site-packages/fibonacci_server_client-0.0.0-py3.10.egg-info/requires.txt
/home/nippun/ros2_course_test/install/fibonacci_server_client/lib/fibonacci_server_client/fibonacci_action_client
/home/nippun/ros2_course_test/install/fibonacci_server_client/lib/fibonacci_server_client/fibonacci_server
/home/nippun/ros2_course_test/install/fibonacci_server_client/lib/fibonacci_server_client/fibonacci_server_feedback
