-- Found ament_cmake: 1.3.3 (/opt/ros/humble/share/ament_cmake/cmake)
-- Found rosidl_default_generators: 1.2.0 (/opt/ros/humble/share/rosidl_default_generators/cmake)
-- Using all available rosidl_typesupport_c: rosidl_typesupport_fastrtps_c;rosidl_typesupport_introspection_c
-- Found rosidl_adapter: 3.1.4 (/opt/ros/humble/share/rosidl_adapter/cmake)
-- Using all available rosidl_typesupport_cpp: rosidl_typesupport_fastrtps_cpp;rosidl_typesupport_introspection_cpp
-- Found ament_cmake_ros: 0.10.0 (/opt/ros/humble/share/ament_cmake_ros/cmake)
-- Using all available rosidl_typesupport_c: rosidl_typesupport_fastrtps_c;rosidl_typesupport_introspection_c
-- Using all available rosidl_typesupport_cpp: rosidl_typesupport_fastrtps_cpp;rosidl_typesupport_introspection_cpp
-- Found python_cmake_module: 0.10.0 (/opt/ros/humble/share/python_cmake_module/cmake)
-- Using PYTHON_EXECUTABLE: /usr/bin/python3
-- Using PYTHON_INCLUDE_DIRS: /usr/include/python3.10
-- Using PYTHON_LIBRARIES: /usr/lib/x86_64-linux-gnu/libpython3.10.so
-- Found ament_lint_auto: 0.12.5 (/opt/ros/humble/share/ament_lint_auto/cmake)
-- Added test 'lint_cmake' to check CMake code style
-- Added test 'xmllint' to check XML markup files
-- Configuring done
-- Generating done
-- Build files have been written to: /home/nippun/ros2_course_test/build/add_two_ints
[35m[1mConsolidate compiler generated dependencies of target add_two_ints__rosidl_generator_c[0m
[  9%] Built target add_two_ints__rosidl_generator_c
[ 12%] Built target add_two_ints__cpp
[35m[1mConsolidate compiler generated dependencies of target add_two_ints__rosidl_typesupport_fastrtps_c[0m
[35m[1mConsolidate compiler generated dependencies of target add_two_ints__rosidl_typesupport_c[0m
[ 12%] Built target ament_cmake_python_copy_add_two_ints
[35m[1mConsolidate compiler generated dependencies of target add_two_ints__rosidl_typesupport_introspection_c[0m
[ 22%] Built target add_two_ints__rosidl_typesupport_c
[ 32%] Built target add_two_ints__rosidl_typesupport_introspection_c
[35m[1mConsolidate compiler generated dependencies of target add_two_ints__rosidl_typesupport_introspection_cpp[0m
[35m[1mConsolidate compiler generated dependencies of target add_two_ints__rosidl_typesupport_fastrtps_cpp[0m
[35m[1mConsolidate compiler generated dependencies of target add_two_ints__rosidl_typesupport_cpp[0m
[ 41%] Built target add_two_ints__rosidl_typesupport_introspection_cpp
[ 51%] Built target add_two_ints__rosidl_typesupport_fastrtps_c
[ 70%] Built target add_two_ints__rosidl_typesupport_cpp
[ 70%] Built target add_two_ints__rosidl_typesupport_fastrtps_cpp
[ 70%] Built target add_two_ints
[ 74%] Built target add_two_ints__py
[35m[1mConsolidate compiler generated dependencies of target add_two_ints__rosidl_generator_py[0m
[ 80%] Built target add_two_ints__rosidl_generator_py
[35m[1mConsolidate compiler generated dependencies of target add_two_ints__rosidl_typesupport_introspection_c__pyext[0m
[35m[1mConsolidate compiler generated dependencies of target add_two_ints__rosidl_typesupport_c__pyext[0m
[35m[1mConsolidate compiler generated dependencies of target add_two_ints__rosidl_typesupport_fastrtps_c__pyext[0m
[ 87%] Built target add_two_ints__rosidl_typesupport_fastrtps_c__pyext
[ 93%] Built target add_two_ints__rosidl_typesupport_c__pyext
[100%] Built target add_two_ints__rosidl_typesupport_introspection_c__pyext
running egg_info
writing add_two_ints.egg-info/PKG-INFO
writing dependency_links to add_two_ints.egg-info/dependency_links.txt
writing top-level names to add_two_ints.egg-info/top_level.txt
reading manifest file 'add_two_ints.egg-info/SOURCES.txt'
writing manifest file 'add_two_ints.egg-info/SOURCES.txt'
[100%] Built target ament_cmake_python_build_add_two_ints_egg
-- Install configuration: ""
-- Up-to-date: /home/nippun/ros2_course_test/install/add_two_ints/share/ament_index/resource_index/rosidl_interfaces/add_two_ints
-- Up-to-date: /home/nippun/ros2_course_test/install/add_two_ints/include/add_two_ints/add_two_ints
-- Up-to-date: /home/nippun/ros2_course_test/install/add_two_ints/include/add_two_ints/add_two_ints/msg
-- Up-to-date: /home/nippun/ros2_course_test/install/add_two_ints/include/add_two_ints/add_two_ints/msg/rosidl_generator_c__visibility_control.h
-- Up-to-date: /home/nippun/ros2_course_test/install/add_two_ints/include/add_two_ints/add_two_ints/srv
-- Up-to-date: /home/nippun/ros2_course_test/install/add_two_ints/include/add_two_ints/add_two_ints/srv/add_two_ints.h
-- Up-to-date: /home/nippun/ros2_course_test/install/add_two_ints/include/add_two_ints/add_two_ints/srv/detail
-- Up-to-date: /home/nippun/ros2_course_test/install/add_two_ints/include/add_two_ints/add_two_ints/srv/detail/add_two_ints__struct.h
-- Up-to-date: /home/nippun/ros2_course_test/install/add_two_ints/include/add_two_ints/add_two_ints/srv/detail/add_two_ints__type_support.h
-- Up-to-date: /home/nippun/ros2_course_test/install/add_two_ints/include/add_two_ints/add_two_ints/srv/detail/add_two_ints__functions.h
-- Up-to-date: /home/nippun/ros2_course_test/install/add_two_ints/include/add_two_ints/add_two_ints/srv/detail/add_two_ints__functions.c
-- Up-to-date: /home/nippun/ros2_course_test/install/add_two_ints/share/add_two_ints/environment/library_path.sh
-- Installing: /home/nippun/ros2_course_test/install/add_two_ints/share/add_two_ints/environment/library_path.dsv
-- Up-to-date: /home/nippun/ros2_course_test/install/add_two_ints/lib/libadd_two_ints__rosidl_generator_c.so
-- Up-to-date: /home/nippun/ros2_course_test/install/add_two_ints/include/add_two_ints/add_two_ints
-- Up-to-date: /home/nippun/ros2_course_test/install/add_two_ints/include/add_two_ints/add_two_ints/msg
-- Up-to-date: /home/nippun/ros2_course_test/install/add_two_ints/include/add_two_ints/add_two_ints/msg/rosidl_typesupport_fastrtps_c__visibility_control.h
-- Up-to-date: /home/nippun/ros2_course_test/install/add_two_ints/include/add_two_ints/add_two_ints/srv
-- Up-to-date: /home/nippun/ros2_course_test/install/add_two_ints/include/add_two_ints/add_two_ints/srv/detail
-- Up-to-date: /home/nippun/ros2_course_test/install/add_two_ints/include/add_two_ints/add_two_ints/srv/detail/add_two_ints__rosidl_typesupport_fastrtps_c.h
-- Up-to-date: /home/nippun/ros2_course_test/install/add_two_ints/lib/libadd_two_ints__rosidl_typesupport_fastrtps_c.so
-- Up-to-date: /home/nippun/ros2_course_test/install/add_two_ints/include/add_two_ints/add_two_ints
-- Up-to-date: /home/nippun/ros2_course_test/install/add_two_ints/include/add_two_ints/add_two_ints/msg
-- Up-to-date: /home/nippun/ros2_course_test/install/add_two_ints/include/add_two_ints/add_two_ints/msg/rosidl_typesupport_introspection_c__visibility_control.h
-- Up-to-date: /home/nippun/ros2_course_test/install/add_two_ints/include/add_two_ints/add_two_ints/srv
-- Up-to-date: /home/nippun/ros2_course_test/install/add_two_ints/include/add_two_ints/add_two_ints/srv/detail
-- Up-to-date: /home/nippun/ros2_course_test/install/add_two_ints/include/add_two_ints/add_two_ints/srv/detail/add_two_ints__type_support.c
-- Up-to-date: /home/nippun/ros2_course_test/install/add_two_ints/include/add_two_ints/add_two_ints/srv/detail/add_two_ints__rosidl_typesupport_introspection_c.h
-- Up-to-date: /home/nippun/ros2_course_test/install/add_two_ints/lib/libadd_two_ints__rosidl_typesupport_introspection_c.so
-- Up-to-date: /home/nippun/ros2_course_test/install/add_two_ints/lib/libadd_two_ints__rosidl_typesupport_c.so
-- Up-to-date: /home/nippun/ros2_course_test/install/add_two_ints/include/add_two_ints/add_two_ints
-- Up-to-date: /home/nippun/ros2_course_test/install/add_two_ints/include/add_two_ints/add_two_ints/srv
-- Up-to-date: /home/nippun/ros2_course_test/install/add_two_ints/include/add_two_ints/add_two_ints/srv/detail
-- Up-to-date: /home/nippun/ros2_course_test/install/add_two_ints/include/add_two_ints/add_two_ints/srv/detail/add_two_ints__struct.hpp
-- Up-to-date: /home/nippun/ros2_course_test/install/add_two_ints/include/add_two_ints/add_two_ints/srv/detail/add_two_ints__traits.hpp
-- Up-to-date: /home/nippun/ros2_course_test/install/add_two_ints/include/add_two_ints/add_two_ints/srv/detail/add_two_ints__builder.hpp
-- Up-to-date: /home/nippun/ros2_course_test/install/add_two_ints/include/add_two_ints/add_two_ints/srv/add_two_ints.hpp
-- Up-to-date: /home/nippun/ros2_course_test/install/add_two_ints/include/add_two_ints/add_two_ints
-- Up-to-date: /home/nippun/ros2_course_test/install/add_two_ints/include/add_two_ints/add_two_ints/msg
-- Up-to-date: /home/nippun/ros2_course_test/install/add_two_ints/include/add_two_ints/add_two_ints/msg/rosidl_typesupport_fastrtps_cpp__visibility_control.h
-- Up-to-date: /home/nippun/ros2_course_test/install/add_two_ints/include/add_two_ints/add_two_ints/srv
-- Up-to-date: /home/nippun/ros2_course_test/install/add_two_ints/include/add_two_ints/add_two_ints/srv/detail
-- Up-to-date: /home/nippun/ros2_course_test/install/add_two_ints/include/add_two_ints/add_two_ints/srv/detail/add_two_ints__rosidl_typesupport_fastrtps_cpp.hpp
-- Up-to-date: /home/nippun/ros2_course_test/install/add_two_ints/include/add_two_ints/add_two_ints/srv/detail/dds_fastrtps
-- Up-to-date: /home/nippun/ros2_course_test/install/add_two_ints/lib/libadd_two_ints__rosidl_typesupport_fastrtps_cpp.so
-- Up-to-date: /home/nippun/ros2_course_test/install/add_two_ints/include/add_two_ints/add_two_ints
-- Up-to-date: /home/nippun/ros2_course_test/install/add_two_ints/include/add_two_ints/add_two_ints/srv
-- Up-to-date: /home/nippun/ros2_course_test/install/add_two_ints/include/add_two_ints/add_two_ints/srv/detail
-- Up-to-date: /home/nippun/ros2_course_test/install/add_two_ints/include/add_two_ints/add_two_ints/srv/detail/add_two_ints__rosidl_typesupport_introspection_cpp.hpp
-- Up-to-date: /home/nippun/ros2_course_test/install/add_two_ints/include/add_two_ints/add_two_ints/srv/detail/add_two_ints__type_support.cpp
-- Up-to-date: /home/nippun/ros2_course_test/install/add_two_ints/lib/libadd_two_ints__rosidl_typesupport_introspection_cpp.so
-- Up-to-date: /home/nippun/ros2_course_test/install/add_two_ints/lib/libadd_two_ints__rosidl_typesupport_cpp.so
-- Up-to-date: /home/nippun/ros2_course_test/install/add_two_ints/share/add_two_ints/environment/pythonpath.sh
-- Installing: /home/nippun/ros2_course_test/install/add_two_ints/share/add_two_ints/environment/pythonpath.dsv
-- Up-to-date: /home/nippun/ros2_course_test/install/add_two_ints/local/lib/python3.10/dist-packages/add_two_ints-0.0.0-py3.10.egg-info
-- Installing: /home/nippun/ros2_course_test/install/add_two_ints/local/lib/python3.10/dist-packages/add_two_ints-0.0.0-py3.10.egg-info/PKG-INFO
-- Installing: /home/nippun/ros2_course_test/install/add_two_ints/local/lib/python3.10/dist-packages/add_two_ints-0.0.0-py3.10.egg-info/dependency_links.txt
-- Installing: /home/nippun/ros2_course_test/install/add_two_ints/local/lib/python3.10/dist-packages/add_two_ints-0.0.0-py3.10.egg-info/SOURCES.txt
-- Installing: /home/nippun/ros2_course_test/install/add_two_ints/local/lib/python3.10/dist-packages/add_two_ints-0.0.0-py3.10.egg-info/top_level.txt
-- Up-to-date: /home/nippun/ros2_course_test/install/add_two_ints/local/lib/python3.10/dist-packages/add_two_ints
-- Up-to-date: /home/nippun/ros2_course_test/install/add_two_ints/local/lib/python3.10/dist-packages/add_two_ints/_add_two_ints_s.ep.rosidl_typesupport_fastrtps_c.c
-- Up-to-date: /home/nippun/ros2_course_test/install/add_two_ints/local/lib/python3.10/dist-packages/add_two_ints/add_two_ints_s__rosidl_typesupport_fastrtps_c.cpython-310-x86_64-linux-gnu.so
-- Installing: /home/nippun/ros2_course_test/install/add_two_ints/local/lib/python3.10/dist-packages/add_two_ints/__init__.py
-- Up-to-date: /home/nippun/ros2_course_test/install/add_two_ints/local/lib/python3.10/dist-packages/add_two_ints/libadd_two_ints__rosidl_generator_py.so
-- Up-to-date: /home/nippun/ros2_course_test/install/add_two_ints/local/lib/python3.10/dist-packages/add_two_ints/add_two_ints_s__rosidl_typesupport_c.cpython-310-x86_64-linux-gnu.so
-- Up-to-date: /home/nippun/ros2_course_test/install/add_two_ints/local/lib/python3.10/dist-packages/add_two_ints/_add_two_ints_s.ep.rosidl_typesupport_introspection_c.c
-- Up-to-date: /home/nippun/ros2_course_test/install/add_two_ints/local/lib/python3.10/dist-packages/add_two_ints/_add_two_ints_s.ep.rosidl_typesupport_c.c
-- Up-to-date: /home/nippun/ros2_course_test/install/add_two_ints/local/lib/python3.10/dist-packages/add_two_ints/srv
-- Up-to-date: /home/nippun/ros2_course_test/install/add_two_ints/local/lib/python3.10/dist-packages/add_two_ints/srv/__init__.py
-- Up-to-date: /home/nippun/ros2_course_test/install/add_two_ints/local/lib/python3.10/dist-packages/add_two_ints/srv/_add_two_ints_s.c
-- Up-to-date: /home/nippun/ros2_course_test/install/add_two_ints/local/lib/python3.10/dist-packages/add_two_ints/srv/_add_two_ints.py
-- Up-to-date: /home/nippun/ros2_course_test/install/add_two_ints/local/lib/python3.10/dist-packages/add_two_ints/add_two_ints_s__rosidl_typesupport_introspection_c.cpython-310-x86_64-linux-gnu.so
Listing '/home/nippun/ros2_course_test/install/add_two_ints/local/lib/python3.10/dist-packages/add_two_ints'...
Compiling '/home/nippun/ros2_course_test/install/add_two_ints/local/lib/python3.10/dist-packages/add_two_ints/__init__.py'...
Listing '/home/nippun/ros2_course_test/install/add_two_ints/local/lib/python3.10/dist-packages/add_two_ints/srv'...
-- Up-to-date: /home/nippun/ros2_course_test/install/add_two_ints/local/lib/python3.10/dist-packages/add_two_ints/add_two_ints_s__rosidl_typesupport_fastrtps_c.cpython-310-x86_64-linux-gnu.so
-- Up-to-date: /home/nippun/ros2_course_test/install/add_two_ints/local/lib/python3.10/dist-packages/add_two_ints/add_two_ints_s__rosidl_typesupport_introspection_c.cpython-310-x86_64-linux-gnu.so
-- Up-to-date: /home/nippun/ros2_course_test/install/add_two_ints/local/lib/python3.10/dist-packages/add_two_ints/add_two_ints_s__rosidl_typesupport_c.cpython-310-x86_64-linux-gnu.so
-- Up-to-date: /home/nippun/ros2_course_test/install/add_two_ints/lib/libadd_two_ints__rosidl_generator_py.so
-- Up-to-date: /home/nippun/ros2_course_test/install/add_two_ints/share/add_two_ints/srv/AddTwoInts.idl
-- Up-to-date: /home/nippun/ros2_course_test/install/add_two_ints/share/add_two_ints/srv/AddTwoInts.srv
-- Up-to-date: /home/nippun/ros2_course_test/install/add_two_ints/share/add_two_ints/srv/AddTwoInts_Request.msg
-- Up-to-date: /home/nippun/ros2_course_test/install/add_two_ints/share/add_two_ints/srv/AddTwoInts_Response.msg
-- Up-to-date: /home/nippun/ros2_course_test/install/add_two_ints/share/ament_index/resource_index/package_run_dependencies/add_two_ints
-- Installing: /home/nippun/ros2_course_test/install/add_two_ints/share/ament_index/resource_index/parent_prefix_path/add_two_ints
-- Up-to-date: /home/nippun/ros2_course_test/install/add_two_ints/share/add_two_ints/environment/ament_prefix_path.sh
-- Installing: /home/nippun/ros2_course_test/install/add_two_ints/share/add_two_ints/environment/ament_prefix_path.dsv
-- Up-to-date: /home/nippun/ros2_course_test/install/add_two_ints/share/add_two_ints/environment/path.sh
-- Installing: /home/nippun/ros2_course_test/install/add_two_ints/share/add_two_ints/environment/path.dsv
-- Up-to-date: /home/nippun/ros2_course_test/install/add_two_ints/share/add_two_ints/local_setup.bash
-- Up-to-date: /home/nippun/ros2_course_test/install/add_two_ints/share/add_two_ints/local_setup.sh
-- Up-to-date: /home/nippun/ros2_course_test/install/add_two_ints/share/add_two_ints/local_setup.zsh
-- Installing: /home/nippun/ros2_course_test/install/add_two_ints/share/add_two_ints/local_setup.dsv
-- Installing: /home/nippun/ros2_course_test/install/add_two_ints/share/add_two_ints/package.dsv
-- Up-to-date: /home/nippun/ros2_course_test/install/add_two_ints/share/ament_index/resource_index/packages/add_two_ints
-- Up-to-date: /home/nippun/ros2_course_test/install/add_two_ints/share/add_two_ints/cmake/export_add_two_ints__rosidl_generator_cExport.cmake
-- Up-to-date: /home/nippun/ros2_course_test/install/add_two_ints/share/add_two_ints/cmake/export_add_two_ints__rosidl_generator_cExport-noconfig.cmake
-- Up-to-date: /home/nippun/ros2_course_test/install/add_two_ints/share/add_two_ints/cmake/export_add_two_ints__rosidl_typesupport_fastrtps_cExport.cmake
-- Up-to-date: /home/nippun/ros2_course_test/install/add_two_ints/share/add_two_ints/cmake/export_add_two_ints__rosidl_typesupport_fastrtps_cExport-noconfig.cmake
-- Up-to-date: /home/nippun/ros2_course_test/install/add_two_ints/share/add_two_ints/cmake/add_two_ints__rosidl_typesupport_introspection_cExport.cmake
-- Up-to-date: /home/nippun/ros2_course_test/install/add_two_ints/share/add_two_ints/cmake/add_two_ints__rosidl_typesupport_introspection_cExport-noconfig.cmake
-- Up-to-date: /home/nippun/ros2_course_test/install/add_two_ints/share/add_two_ints/cmake/add_two_ints__rosidl_typesupport_cExport.cmake
-- Up-to-date: /home/nippun/ros2_course_test/install/add_two_ints/share/add_two_ints/cmake/add_two_ints__rosidl_typesupport_cExport-noconfig.cmake
-- Up-to-date: /home/nippun/ros2_course_test/install/add_two_ints/share/add_two_ints/cmake/export_add_two_ints__rosidl_generator_cppExport.cmake
-- Up-to-date: /home/nippun/ros2_course_test/install/add_two_ints/share/add_two_ints/cmake/export_add_two_ints__rosidl_typesupport_fastrtps_cppExport.cmake
-- Up-to-date: /home/nippun/ros2_course_test/install/add_two_ints/share/add_two_ints/cmake/export_add_two_ints__rosidl_typesupport_fastrtps_cppExport-noconfig.cmake
-- Up-to-date: /home/nippun/ros2_course_test/install/add_two_ints/share/add_two_ints/cmake/add_two_ints__rosidl_typesupport_introspection_cppExport.cmake
-- Up-to-date: /home/nippun/ros2_course_test/install/add_two_ints/share/add_two_ints/cmake/add_two_ints__rosidl_typesupport_introspection_cppExport-noconfig.cmake
-- Up-to-date: /home/nippun/ros2_course_test/install/add_two_ints/share/add_two_ints/cmake/add_two_ints__rosidl_typesupport_cppExport.cmake
-- Up-to-date: /home/nippun/ros2_course_test/install/add_two_ints/share/add_two_ints/cmake/add_two_ints__rosidl_typesupport_cppExport-noconfig.cmake
-- Up-to-date: /home/nippun/ros2_course_test/install/add_two_ints/share/add_two_ints/cmake/export_add_two_ints__rosidl_generator_pyExport.cmake
-- Up-to-date: /home/nippun/ros2_course_test/install/add_two_ints/share/add_two_ints/cmake/export_add_two_ints__rosidl_generator_pyExport-noconfig.cmake
-- Up-to-date: /home/nippun/ros2_course_test/install/add_two_ints/share/add_two_ints/cmake/rosidl_cmake-extras.cmake
-- Up-to-date: /home/nippun/ros2_course_test/install/add_two_ints/share/add_two_ints/cmake/ament_cmake_export_include_directories-extras.cmake
-- Up-to-date: /home/nippun/ros2_course_test/install/add_two_ints/share/add_two_ints/cmake/ament_cmake_export_libraries-extras.cmake
-- Installing: /home/nippun/ros2_course_test/install/add_two_ints/share/add_two_ints/cmake/ament_cmake_export_targets-extras.cmake
-- Installing: /home/nippun/ros2_course_test/install/add_two_ints/share/add_two_ints/cmake/rosidl_cmake_export_typesupport_targets-extras.cmake
-- Installing: /home/nippun/ros2_course_test/install/add_two_ints/share/add_two_ints/cmake/ament_cmake_export_dependencies-extras.cmake
-- Up-to-date: /home/nippun/ros2_course_test/install/add_two_ints/share/add_two_ints/cmake/rosidl_cmake_export_typesupport_libraries-extras.cmake
-- Up-to-date: /home/nippun/ros2_course_test/install/add_two_ints/share/add_two_ints/cmake/add_two_intsConfig.cmake
-- Up-to-date: /home/nippun/ros2_course_test/install/add_two_ints/share/add_two_ints/cmake/add_two_intsConfig-version.cmake
-- Up-to-date: /home/nippun/ros2_course_test/install/add_two_ints/share/add_two_ints/package.xml
