[0.069s] Invoking command in '/home/nippun/ros2_course_test/build/add_two_ints': CMAKE_PREFIX_PATH=${CMAKE_PREFIX_PATH}:/home/nippun/ros2_course_test/install/turtlesim_control:/home/nippun/ros2_course_test/install/talker_listener:/home/nippun/ros2_course_test/install/my_first_package:/home/nippun/ros2_course_test/install/complex_talker_listener:/home/nippun/ros2_course_test/install/adding_integers:/home/nippun/ros2_ws/install/tele_op:/home/nippun/ros2_ws/install/talker_listner:/home/nippun/ros2_ws/install/my_first_package:/home/nippun/ros2_ws/install/example:/home/nippun/ros2_course_ws/install/my_first_package:/opt/ros/humble /usr/bin/cmake --build /home/nippun/ros2_course_test/build/add_two_ints -- -j4 -l4
[0.213s] -- Found ament_cmake: 1.3.3 (/opt/ros/humble/share/ament_cmake/cmake)
[0.488s] -- Found rosidl_default_generators: 1.2.0 (/opt/ros/humble/share/rosidl_default_generators/cmake)
[0.499s] -- Using all available rosidl_typesupport_c: rosidl_typesupport_fastrtps_c;rosidl_typesupport_introspection_c
[0.507s] -- Found rosidl_adapter: 3.1.4 (/opt/ros/humble/share/rosidl_adapter/cmake)
[0.557s] -- Using all available rosidl_typesupport_cpp: rosidl_typesupport_fastrtps_cpp;rosidl_typesupport_introspection_cpp
[1.052s] -- Found ament_cmake_ros: 0.10.0 (/opt/ros/humble/share/ament_cmake_ros/cmake)
[1.405s] -- Using all available rosidl_typesupport_c: rosidl_typesupport_fastrtps_c;rosidl_typesupport_introspection_c
[1.877s] -- Using all available rosidl_typesupport_cpp: rosidl_typesupport_fastrtps_cpp;rosidl_typesupport_introspection_cpp
[1.921s] -- Found python_cmake_module: 0.10.0 (/opt/ros/humble/share/python_cmake_module/cmake)
[1.969s] -- Using PYTHON_EXECUTABLE: /usr/bin/python3
[1.969s] -- Using PYTHON_INCLUDE_DIRS: /usr/include/python3.10
[1.969s] -- Using PYTHON_LIBRARIES: /usr/lib/x86_64-linux-gnu/libpython3.10.so
[2.015s] -- Found ament_lint_auto: 0.12.5 (/opt/ros/humble/share/ament_lint_auto/cmake)
[2.039s] -- Added test 'lint_cmake' to check CMake code style
[2.041s] -- Added test 'xmllint' to check XML markup files
[2.065s] -- Configuring done
[2.160s] -- Generating done
[2.165s] -- Build files have been written to: /home/nippun/ros2_course_test/build/add_two_ints
[2.203s] [35m[1mConsolidate compiler generated dependencies of target add_two_ints__rosidl_generator_c[0m
[2.221s] [  9%] Built target add_two_ints__rosidl_generator_c
[2.223s] [ 12%] Built target add_two_ints__cpp
[2.251s] [35m[1mConsolidate compiler generated dependencies of target add_two_ints__rosidl_typesupport_fastrtps_c[0m
[2.251s] [35m[1mConsolidate compiler generated dependencies of target add_two_ints__rosidl_typesupport_c[0m
[2.251s] [ 12%] Built target ament_cmake_python_copy_add_two_ints
[2.256s] [35m[1mConsolidate compiler generated dependencies of target add_two_ints__rosidl_typesupport_introspection_c[0m
[2.269s] [ 22%] Built target add_two_ints__rosidl_typesupport_c
[2.277s] [ 32%] Built target add_two_ints__rosidl_typesupport_introspection_c
[2.286s] [35m[1mConsolidate compiler generated dependencies of target add_two_ints__rosidl_typesupport_introspection_cpp[0m
[2.291s] [35m[1mConsolidate compiler generated dependencies of target add_two_ints__rosidl_typesupport_fastrtps_cpp[0m
[2.295s] [35m[1mConsolidate compiler generated dependencies of target add_two_ints__rosidl_typesupport_cpp[0m
[2.307s] [ 41%] Built target add_two_ints__rosidl_typesupport_introspection_cpp
[2.316s] [ 51%] Built target add_two_ints__rosidl_typesupport_fastrtps_c
[2.316s] [ 70%] Built target add_two_ints__rosidl_typesupport_cpp
[2.317s] [ 70%] Built target add_two_ints__rosidl_typesupport_fastrtps_cpp
[2.345s] [ 70%] Built target add_two_ints
[2.372s] [ 74%] Built target add_two_ints__py
[2.390s] [35m[1mConsolidate compiler generated dependencies of target add_two_ints__rosidl_generator_py[0m
[2.409s] [ 80%] Built target add_two_ints__rosidl_generator_py
[2.428s] [35m[1mConsolidate compiler generated dependencies of target add_two_ints__rosidl_typesupport_introspection_c__pyext[0m
[2.436s] [35m[1mConsolidate compiler generated dependencies of target add_two_ints__rosidl_typesupport_c__pyext[0m
[2.436s] [35m[1mConsolidate compiler generated dependencies of target add_two_ints__rosidl_typesupport_fastrtps_c__pyext[0m
[2.461s] [ 87%] Built target add_two_ints__rosidl_typesupport_fastrtps_c__pyext
[2.474s] [ 93%] Built target add_two_ints__rosidl_typesupport_c__pyext
[2.484s] [100%] Built target add_two_ints__rosidl_typesupport_introspection_c__pyext
[2.823s] running egg_info
[2.824s] writing add_two_ints.egg-info/PKG-INFO
[2.825s] writing dependency_links to add_two_ints.egg-info/dependency_links.txt
[2.825s] writing top-level names to add_two_ints.egg-info/top_level.txt
[2.828s] reading manifest file 'add_two_ints.egg-info/SOURCES.txt'
[2.865s] writing manifest file 'add_two_ints.egg-info/SOURCES.txt'
[2.908s] [100%] Built target ament_cmake_python_build_add_two_ints_egg
[2.926s] Invoked command in '/home/nippun/ros2_course_test/build/add_two_ints' returned '0': CMAKE_PREFIX_PATH=${CMAKE_PREFIX_PATH}:/home/nippun/ros2_course_test/install/turtlesim_control:/home/nippun/ros2_course_test/install/talker_listener:/home/nippun/ros2_course_test/install/my_first_package:/home/nippun/ros2_course_test/install/complex_talker_listener:/home/nippun/ros2_course_test/install/adding_integers:/home/nippun/ros2_ws/install/tele_op:/home/nippun/ros2_ws/install/talker_listner:/home/nippun/ros2_ws/install/my_first_package:/home/nippun/ros2_ws/install/example:/home/nippun/ros2_course_ws/install/my_first_package:/opt/ros/humble /usr/bin/cmake --build /home/nippun/ros2_course_test/build/add_two_ints -- -j4 -l4
[3.012s] Invoking command in '/home/nippun/ros2_course_test/build/add_two_ints': CMAKE_PREFIX_PATH=${CMAKE_PREFIX_PATH}:/home/nippun/ros2_course_test/install/turtlesim_control:/home/nippun/ros2_course_test/install/talker_listener:/home/nippun/ros2_course_test/install/my_first_package:/home/nippun/ros2_course_test/install/complex_talker_listener:/home/nippun/ros2_course_test/install/adding_integers:/home/nippun/ros2_ws/install/tele_op:/home/nippun/ros2_ws/install/talker_listner:/home/nippun/ros2_ws/install/my_first_package:/home/nippun/ros2_ws/install/example:/home/nippun/ros2_course_ws/install/my_first_package:/opt/ros/humble /usr/bin/cmake --install /home/nippun/ros2_course_test/build/add_two_ints
[3.023s] -- Install configuration: ""
[3.023s] -- Up-to-date: /home/nippun/ros2_course_test/install/add_two_ints/share/ament_index/resource_index/rosidl_interfaces/add_two_ints
[3.024s] -- Up-to-date: /home/nippun/ros2_course_test/install/add_two_ints/include/add_two_ints/add_two_ints
[3.024s] -- Up-to-date: /home/nippun/ros2_course_test/install/add_two_ints/include/add_two_ints/add_two_ints/msg
[3.024s] -- Up-to-date: /home/nippun/ros2_course_test/install/add_two_ints/include/add_two_ints/add_two_ints/msg/rosidl_generator_c__visibility_control.h
[3.024s] -- Up-to-date: /home/nippun/ros2_course_test/install/add_two_ints/include/add_two_ints/add_two_ints/srv
[3.025s] -- Up-to-date: /home/nippun/ros2_course_test/install/add_two_ints/include/add_two_ints/add_two_ints/srv/add_two_ints.h
[3.025s] -- Up-to-date: /home/nippun/ros2_course_test/install/add_two_ints/include/add_two_ints/add_two_ints/srv/detail
[3.025s] -- Up-to-date: /home/nippun/ros2_course_test/install/add_two_ints/include/add_two_ints/add_two_ints/srv/detail/add_two_ints__struct.h
[3.025s] -- Up-to-date: /home/nippun/ros2_course_test/install/add_two_ints/include/add_two_ints/add_two_ints/srv/detail/add_two_ints__type_support.h
[3.026s] -- Up-to-date: /home/nippun/ros2_course_test/install/add_two_ints/include/add_two_ints/add_two_ints/srv/detail/add_two_ints__functions.h
[3.026s] -- Up-to-date: /home/nippun/ros2_course_test/install/add_two_ints/include/add_two_ints/add_two_ints/srv/detail/add_two_ints__functions.c
[3.026s] -- Up-to-date: /home/nippun/ros2_course_test/install/add_two_ints/share/add_two_ints/environment/library_path.sh
[3.026s] -- Installing: /home/nippun/ros2_course_test/install/add_two_ints/share/add_two_ints/environment/library_path.dsv
[3.027s] -- Up-to-date: /home/nippun/ros2_course_test/install/add_two_ints/lib/libadd_two_ints__rosidl_generator_c.so
[3.027s] -- Up-to-date: /home/nippun/ros2_course_test/install/add_two_ints/include/add_two_ints/add_two_ints
[3.027s] -- Up-to-date: /home/nippun/ros2_course_test/install/add_two_ints/include/add_two_ints/add_two_ints/msg
[3.027s] -- Up-to-date: /home/nippun/ros2_course_test/install/add_two_ints/include/add_two_ints/add_two_ints/msg/rosidl_typesupport_fastrtps_c__visibility_control.h
[3.028s] -- Up-to-date: /home/nippun/ros2_course_test/install/add_two_ints/include/add_two_ints/add_two_ints/srv
[3.028s] -- Up-to-date: /home/nippun/ros2_course_test/install/add_two_ints/include/add_two_ints/add_two_ints/srv/detail
[3.028s] -- Up-to-date: /home/nippun/ros2_course_test/install/add_two_ints/include/add_two_ints/add_two_ints/srv/detail/add_two_ints__rosidl_typesupport_fastrtps_c.h
[3.028s] -- Up-to-date: /home/nippun/ros2_course_test/install/add_two_ints/lib/libadd_two_ints__rosidl_typesupport_fastrtps_c.so
[3.029s] -- Up-to-date: /home/nippun/ros2_course_test/install/add_two_ints/include/add_two_ints/add_two_ints
[3.029s] -- Up-to-date: /home/nippun/ros2_course_test/install/add_two_ints/include/add_two_ints/add_two_ints/msg
[3.029s] -- Up-to-date: /home/nippun/ros2_course_test/install/add_two_ints/include/add_two_ints/add_two_ints/msg/rosidl_typesupport_introspection_c__visibility_control.h
[3.029s] -- Up-to-date: /home/nippun/ros2_course_test/install/add_two_ints/include/add_two_ints/add_two_ints/srv
[3.030s] -- Up-to-date: /home/nippun/ros2_course_test/install/add_two_ints/include/add_two_ints/add_two_ints/srv/detail
[3.030s] -- Up-to-date: /home/nippun/ros2_course_test/install/add_two_ints/include/add_two_ints/add_two_ints/srv/detail/add_two_ints__type_support.c
[3.030s] -- Up-to-date: /home/nippun/ros2_course_test/install/add_two_ints/include/add_two_ints/add_two_ints/srv/detail/add_two_ints__rosidl_typesupport_introspection_c.h
[3.031s] -- Up-to-date: /home/nippun/ros2_course_test/install/add_two_ints/lib/libadd_two_ints__rosidl_typesupport_introspection_c.so
[3.031s] -- Up-to-date: /home/nippun/ros2_course_test/install/add_two_ints/lib/libadd_two_ints__rosidl_typesupport_c.so
[3.031s] -- Up-to-date: /home/nippun/ros2_course_test/install/add_two_ints/include/add_two_ints/add_two_ints
[3.032s] -- Up-to-date: /home/nippun/ros2_course_test/install/add_two_ints/include/add_two_ints/add_two_ints/srv
[3.032s] -- Up-to-date: /home/nippun/ros2_course_test/install/add_two_ints/include/add_two_ints/add_two_ints/srv/detail
[3.032s] -- Up-to-date: /home/nippun/ros2_course_test/install/add_two_ints/include/add_two_ints/add_two_ints/srv/detail/add_two_ints__struct.hpp
[3.032s] -- Up-to-date: /home/nippun/ros2_course_test/install/add_two_ints/include/add_two_ints/add_two_ints/srv/detail/add_two_ints__traits.hpp
[3.032s] -- Up-to-date: /home/nippun/ros2_course_test/install/add_two_ints/include/add_two_ints/add_two_ints/srv/detail/add_two_ints__builder.hpp
[3.033s] -- Up-to-date: /home/nippun/ros2_course_test/install/add_two_ints/include/add_two_ints/add_two_ints/srv/add_two_ints.hpp
[3.033s] -- Up-to-date: /home/nippun/ros2_course_test/install/add_two_ints/include/add_two_ints/add_two_ints
[3.033s] -- Up-to-date: /home/nippun/ros2_course_test/install/add_two_ints/include/add_two_ints/add_two_ints/msg
[3.033s] -- Up-to-date: /home/nippun/ros2_course_test/install/add_two_ints/include/add_two_ints/add_two_ints/msg/rosidl_typesupport_fastrtps_cpp__visibility_control.h
[3.033s] -- Up-to-date: /home/nippun/ros2_course_test/install/add_two_ints/include/add_two_ints/add_two_ints/srv
[3.034s] -- Up-to-date: /home/nippun/ros2_course_test/install/add_two_ints/include/add_two_ints/add_two_ints/srv/detail
[3.034s] -- Up-to-date: /home/nippun/ros2_course_test/install/add_two_ints/include/add_two_ints/add_two_ints/srv/detail/add_two_ints__rosidl_typesupport_fastrtps_cpp.hpp
[3.034s] -- Up-to-date: /home/nippun/ros2_course_test/install/add_two_ints/include/add_two_ints/add_two_ints/srv/detail/dds_fastrtps
[3.034s] -- Up-to-date: /home/nippun/ros2_course_test/install/add_two_ints/lib/libadd_two_ints__rosidl_typesupport_fastrtps_cpp.so
[3.035s] -- Up-to-date: /home/nippun/ros2_course_test/install/add_two_ints/include/add_two_ints/add_two_ints
[3.035s] -- Up-to-date: /home/nippun/ros2_course_test/install/add_two_ints/include/add_two_ints/add_two_ints/srv
[3.035s] -- Up-to-date: /home/nippun/ros2_course_test/install/add_two_ints/include/add_two_ints/add_two_ints/srv/detail
[3.036s] -- Up-to-date: /home/nippun/ros2_course_test/install/add_two_ints/include/add_two_ints/add_two_ints/srv/detail/add_two_ints__rosidl_typesupport_introspection_cpp.hpp
[3.036s] -- Up-to-date: /home/nippun/ros2_course_test/install/add_two_ints/include/add_two_ints/add_two_ints/srv/detail/add_two_ints__type_support.cpp
[3.036s] -- Up-to-date: /home/nippun/ros2_course_test/install/add_two_ints/lib/libadd_two_ints__rosidl_typesupport_introspection_cpp.so
[3.036s] -- Up-to-date: /home/nippun/ros2_course_test/install/add_two_ints/lib/libadd_two_ints__rosidl_typesupport_cpp.so
[3.037s] -- Up-to-date: /home/nippun/ros2_course_test/install/add_two_ints/share/add_two_ints/environment/pythonpath.sh
[3.037s] -- Installing: /home/nippun/ros2_course_test/install/add_two_ints/share/add_two_ints/environment/pythonpath.dsv
[3.037s] -- Up-to-date: /home/nippun/ros2_course_test/install/add_two_ints/local/lib/python3.10/dist-packages/add_two_ints-0.0.0-py3.10.egg-info
[3.037s] -- Installing: /home/nippun/ros2_course_test/install/add_two_ints/local/lib/python3.10/dist-packages/add_two_ints-0.0.0-py3.10.egg-info/PKG-INFO
[3.037s] -- Installing: /home/nippun/ros2_course_test/install/add_two_ints/local/lib/python3.10/dist-packages/add_two_ints-0.0.0-py3.10.egg-info/dependency_links.txt
[3.037s] -- Installing: /home/nippun/ros2_course_test/install/add_two_ints/local/lib/python3.10/dist-packages/add_two_ints-0.0.0-py3.10.egg-info/SOURCES.txt
[3.038s] -- Installing: /home/nippun/ros2_course_test/install/add_two_ints/local/lib/python3.10/dist-packages/add_two_ints-0.0.0-py3.10.egg-info/top_level.txt
[3.038s] -- Up-to-date: /home/nippun/ros2_course_test/install/add_two_ints/local/lib/python3.10/dist-packages/add_two_ints
[3.038s] -- Up-to-date: /home/nippun/ros2_course_test/install/add_two_ints/local/lib/python3.10/dist-packages/add_two_ints/_add_two_ints_s.ep.rosidl_typesupport_fastrtps_c.c
[3.038s] -- Up-to-date: /home/nippun/ros2_course_test/install/add_two_ints/local/lib/python3.10/dist-packages/add_two_ints/add_two_ints_s__rosidl_typesupport_fastrtps_c.cpython-310-x86_64-linux-gnu.so
[3.038s] -- Installing: /home/nippun/ros2_course_test/install/add_two_ints/local/lib/python3.10/dist-packages/add_two_ints/__init__.py
[3.039s] -- Up-to-date: /home/nippun/ros2_course_test/install/add_two_ints/local/lib/python3.10/dist-packages/add_two_ints/libadd_two_ints__rosidl_generator_py.so
[3.039s] -- Up-to-date: /home/nippun/ros2_course_test/install/add_two_ints/local/lib/python3.10/dist-packages/add_two_ints/add_two_ints_s__rosidl_typesupport_c.cpython-310-x86_64-linux-gnu.so
[3.039s] -- Up-to-date: /home/nippun/ros2_course_test/install/add_two_ints/local/lib/python3.10/dist-packages/add_two_ints/_add_two_ints_s.ep.rosidl_typesupport_introspection_c.c
[3.039s] -- Up-to-date: /home/nippun/ros2_course_test/install/add_two_ints/local/lib/python3.10/dist-packages/add_two_ints/_add_two_ints_s.ep.rosidl_typesupport_c.c
[3.039s] -- Up-to-date: /home/nippun/ros2_course_test/install/add_two_ints/local/lib/python3.10/dist-packages/add_two_ints/srv
[3.040s] -- Up-to-date: /home/nippun/ros2_course_test/install/add_two_ints/local/lib/python3.10/dist-packages/add_two_ints/srv/__init__.py
[3.040s] -- Up-to-date: /home/nippun/ros2_course_test/install/add_two_ints/local/lib/python3.10/dist-packages/add_two_ints/srv/_add_two_ints_s.c
[3.040s] -- Up-to-date: /home/nippun/ros2_course_test/install/add_two_ints/local/lib/python3.10/dist-packages/add_two_ints/srv/_add_two_ints.py
[3.040s] -- Up-to-date: /home/nippun/ros2_course_test/install/add_two_ints/local/lib/python3.10/dist-packages/add_two_ints/add_two_ints_s__rosidl_typesupport_introspection_c.cpython-310-x86_64-linux-gnu.so
[3.099s] Listing '/home/nippun/ros2_course_test/install/add_two_ints/local/lib/python3.10/dist-packages/add_two_ints'...
[3.099s] Compiling '/home/nippun/ros2_course_test/install/add_two_ints/local/lib/python3.10/dist-packages/add_two_ints/__init__.py'...
[3.099s] Listing '/home/nippun/ros2_course_test/install/add_two_ints/local/lib/python3.10/dist-packages/add_two_ints/srv'...
[3.106s] -- Up-to-date: /home/nippun/ros2_course_test/install/add_two_ints/local/lib/python3.10/dist-packages/add_two_ints/add_two_ints_s__rosidl_typesupport_fastrtps_c.cpython-310-x86_64-linux-gnu.so
[3.107s] -- Up-to-date: /home/nippun/ros2_course_test/install/add_two_ints/local/lib/python3.10/dist-packages/add_two_ints/add_two_ints_s__rosidl_typesupport_introspection_c.cpython-310-x86_64-linux-gnu.so
[3.108s] -- Up-to-date: /home/nippun/ros2_course_test/install/add_two_ints/local/lib/python3.10/dist-packages/add_two_ints/add_two_ints_s__rosidl_typesupport_c.cpython-310-x86_64-linux-gnu.so
[3.109s] -- Up-to-date: /home/nippun/ros2_course_test/install/add_two_ints/lib/libadd_two_ints__rosidl_generator_py.so
[3.109s] -- Up-to-date: /home/nippun/ros2_course_test/install/add_two_ints/share/add_two_ints/srv/AddTwoInts.idl
[3.110s] -- Up-to-date: /home/nippun/ros2_course_test/install/add_two_ints/share/add_two_ints/srv/AddTwoInts.srv
[3.110s] -- Up-to-date: /home/nippun/ros2_course_test/install/add_two_ints/share/add_two_ints/srv/AddTwoInts_Request.msg
[3.110s] -- Up-to-date: /home/nippun/ros2_course_test/install/add_two_ints/share/add_two_ints/srv/AddTwoInts_Response.msg
[3.110s] -- Up-to-date: /home/nippun/ros2_course_test/install/add_two_ints/share/ament_index/resource_index/package_run_dependencies/add_two_ints
[3.110s] -- Installing: /home/nippun/ros2_course_test/install/add_two_ints/share/ament_index/resource_index/parent_prefix_path/add_two_ints
[3.111s] -- Up-to-date: /home/nippun/ros2_course_test/install/add_two_ints/share/add_two_ints/environment/ament_prefix_path.sh
[3.111s] -- Installing: /home/nippun/ros2_course_test/install/add_two_ints/share/add_two_ints/environment/ament_prefix_path.dsv
[3.111s] -- Up-to-date: /home/nippun/ros2_course_test/install/add_two_ints/share/add_two_ints/environment/path.sh
[3.111s] -- Installing: /home/nippun/ros2_course_test/install/add_two_ints/share/add_two_ints/environment/path.dsv
[3.111s] -- Up-to-date: /home/nippun/ros2_course_test/install/add_two_ints/share/add_two_ints/local_setup.bash
[3.111s] -- Up-to-date: /home/nippun/ros2_course_test/install/add_two_ints/share/add_two_ints/local_setup.sh
[3.112s] -- Up-to-date: /home/nippun/ros2_course_test/install/add_two_ints/share/add_two_ints/local_setup.zsh
[3.112s] -- Installing: /home/nippun/ros2_course_test/install/add_two_ints/share/add_two_ints/local_setup.dsv
[3.112s] -- Installing: /home/nippun/ros2_course_test/install/add_two_ints/share/add_two_ints/package.dsv
[3.112s] -- Up-to-date: /home/nippun/ros2_course_test/install/add_two_ints/share/ament_index/resource_index/packages/add_two_ints
[3.132s] -- Up-to-date: /home/nippun/ros2_course_test/install/add_two_ints/share/add_two_ints/cmake/export_add_two_ints__rosidl_generator_cExport.cmake
[3.132s] -- Up-to-date: /home/nippun/ros2_course_test/install/add_two_ints/share/add_two_ints/cmake/export_add_two_ints__rosidl_generator_cExport-noconfig.cmake
[3.132s] -- Up-to-date: /home/nippun/ros2_course_test/install/add_two_ints/share/add_two_ints/cmake/export_add_two_ints__rosidl_typesupport_fastrtps_cExport.cmake
[3.133s] -- Up-to-date: /home/nippun/ros2_course_test/install/add_two_ints/share/add_two_ints/cmake/export_add_two_ints__rosidl_typesupport_fastrtps_cExport-noconfig.cmake
[3.133s] -- Up-to-date: /home/nippun/ros2_course_test/install/add_two_ints/share/add_two_ints/cmake/add_two_ints__rosidl_typesupport_introspection_cExport.cmake
[3.133s] -- Up-to-date: /home/nippun/ros2_course_test/install/add_two_ints/share/add_two_ints/cmake/add_two_ints__rosidl_typesupport_introspection_cExport-noconfig.cmake
[3.134s] -- Up-to-date: /home/nippun/ros2_course_test/install/add_two_ints/share/add_two_ints/cmake/add_two_ints__rosidl_typesupport_cExport.cmake
[3.135s] -- Up-to-date: /home/nippun/ros2_course_test/install/add_two_ints/share/add_two_ints/cmake/add_two_ints__rosidl_typesupport_cExport-noconfig.cmake
[3.135s] -- Up-to-date: /home/nippun/ros2_course_test/install/add_two_ints/share/add_two_ints/cmake/export_add_two_ints__rosidl_generator_cppExport.cmake
[3.135s] -- Up-to-date: /home/nippun/ros2_course_test/install/add_two_ints/share/add_two_ints/cmake/export_add_two_ints__rosidl_typesupport_fastrtps_cppExport.cmake
[3.136s] -- Up-to-date: /home/nippun/ros2_course_test/install/add_two_ints/share/add_two_ints/cmake/export_add_two_ints__rosidl_typesupport_fastrtps_cppExport-noconfig.cmake
[3.136s] -- Up-to-date: /home/nippun/ros2_course_test/install/add_two_ints/share/add_two_ints/cmake/add_two_ints__rosidl_typesupport_introspection_cppExport.cmake
[3.136s] -- Up-to-date: /home/nippun/ros2_course_test/install/add_two_ints/share/add_two_ints/cmake/add_two_ints__rosidl_typesupport_introspection_cppExport-noconfig.cmake
[3.136s] -- Up-to-date: /home/nippun/ros2_course_test/install/add_two_ints/share/add_two_ints/cmake/add_two_ints__rosidl_typesupport_cppExport.cmake
[3.136s] -- Up-to-date: /home/nippun/ros2_course_test/install/add_two_ints/share/add_two_ints/cmake/add_two_ints__rosidl_typesupport_cppExport-noconfig.cmake
[3.136s] -- Up-to-date: /home/nippun/ros2_course_test/install/add_two_ints/share/add_two_ints/cmake/export_add_two_ints__rosidl_generator_pyExport.cmake
[3.137s] -- Up-to-date: /home/nippun/ros2_course_test/install/add_two_ints/share/add_two_ints/cmake/export_add_two_ints__rosidl_generator_pyExport-noconfig.cmake
[3.137s] -- Up-to-date: /home/nippun/ros2_course_test/install/add_two_ints/share/add_two_ints/cmake/rosidl_cmake-extras.cmake
[3.137s] -- Up-to-date: /home/nippun/ros2_course_test/install/add_two_ints/share/add_two_ints/cmake/ament_cmake_export_include_directories-extras.cmake
[3.137s] -- Up-to-date: /home/nippun/ros2_course_test/install/add_two_ints/share/add_two_ints/cmake/ament_cmake_export_libraries-extras.cmake
[3.138s] -- Installing: /home/nippun/ros2_course_test/install/add_two_ints/share/add_two_ints/cmake/ament_cmake_export_targets-extras.cmake
[3.138s] -- Installing: /home/nippun/ros2_course_test/install/add_two_ints/share/add_two_ints/cmake/rosidl_cmake_export_typesupport_targets-extras.cmake
[3.138s] -- Installing: /home/nippun/ros2_course_test/install/add_two_ints/share/add_two_ints/cmake/ament_cmake_export_dependencies-extras.cmake
[3.138s] -- Up-to-date: /home/nippun/ros2_course_test/install/add_two_ints/share/add_two_ints/cmake/rosidl_cmake_export_typesupport_libraries-extras.cmake
[3.138s] -- Up-to-date: /home/nippun/ros2_course_test/install/add_two_ints/share/add_two_ints/cmake/add_two_intsConfig.cmake
[3.139s] -- Up-to-date: /home/nippun/ros2_course_test/install/add_two_ints/share/add_two_ints/cmake/add_two_intsConfig-version.cmake
[3.139s] -- Up-to-date: /home/nippun/ros2_course_test/install/add_two_ints/share/add_two_ints/package.xml
[3.141s] Invoked command in '/home/nippun/ros2_course_test/build/add_two_ints' returned '0': CMAKE_PREFIX_PATH=${CMAKE_PREFIX_PATH}:/home/nippun/ros2_course_test/install/turtlesim_control:/home/nippun/ros2_course_test/install/talker_listener:/home/nippun/ros2_course_test/install/my_first_package:/home/nippun/ros2_course_test/install/complex_talker_listener:/home/nippun/ros2_course_test/install/adding_integers:/home/nippun/ros2_ws/install/tele_op:/home/nippun/ros2_ws/install/talker_listner:/home/nippun/ros2_ws/install/my_first_package:/home/nippun/ros2_ws/install/example:/home/nippun/ros2_course_ws/install/my_first_package:/opt/ros/humble /usr/bin/cmake --install /home/nippun/ros2_course_test/build/add_two_ints
