[0.023s] Invoking command in '/home/nippun/ros2_course_test/build/word_count_msg': CMAKE_PREFIX_PATH=${CMAKE_PREFIX_PATH}:/home/nippun/ros2_course_test/install/turtlesim_control:/home/nippun/ros2_course_test/install/talker_listener:/home/nippun/ros2_course_test/install/my_first_package:/home/nippun/ros2_course_test/install/complex_talker_listener:/home/nippun/ros2_course_test/install/adding_integers:/home/nippun/ros2_ws/install/tele_op:/home/nippun/ros2_ws/install/talker_listner:/home/nippun/ros2_ws/install/my_first_package:/home/nippun/ros2_ws/install/example:/home/nippun/ros2_course_ws/install/my_first_package:/opt/ros/humble /usr/bin/cmake /home/nippun/ros2_course_test/src/word_count_msg -DCMAKE_INSTALL_PREFIX=/home/nippun/ros2_course_test/install/word_count_msg
[0.043s] -- Found ament_cmake: 1.3.3 (/opt/ros/humble/share/ament_cmake/cmake)
[0.303s] -- Found rosidl_default_generators: 1.2.0 (/opt/ros/humble/share/rosidl_default_generators/cmake)
[0.313s] -- Using all available rosidl_typesupport_c: rosidl_typesupport_fastrtps_c;rosidl_typesupport_introspection_c
[0.323s] -- Found rosidl_adapter: 3.1.4 (/opt/ros/humble/share/rosidl_adapter/cmake)
[0.384s] -- Using all available rosidl_typesupport_cpp: rosidl_typesupport_fastrtps_cpp;rosidl_typesupport_introspection_cpp
[0.692s] [31mCMake Error at /opt/ros/humble/share/rosidl_adapter/cmake/rosidl_adapt_interfaces.cmake:59 (message):
[0.692s]   execute_process(/usr/bin/python3.10 -m rosidl_adapter --package-name
[0.692s]   word_count_msg --arguments-file
[0.693s]   /home/nippun/ros2_course_test/build/word_count_msg/rosidl_adapter__arguments__word_count_msg.json
[0.693s]   --output-dir
[0.693s]   /home/nippun/ros2_course_test/build/word_count_msg/rosidl_adapter/word_count_msg
[0.693s]   --output-file
[0.693s]   /home/nippun/ros2_course_test/build/word_count_msg/rosidl_adapter/word_count_msg.idls)
[0.694s]   returned error code 1:
[0.694s] 
[0.694s]   Traceback (most recent call last):
[0.694s] 
[0.694s]     File "/usr/lib/python3.10/runpy.py", line 196, in _run_module_as_main
[0.695s]       return _run_code(code, main_globals, None,
[0.695s]     File "/usr/lib/python3.10/runpy.py", line 86, in _run_code
[0.695s]       exec(code, run_globals)
[0.695s]     File "/opt/ros/humble/local/lib/python3.10/dist-packages/rosidl_adapter/__main__.py", line 19, in <module>
[0.695s]       sys.exit(main())
[0.696s]     File "/opt/ros/humble/local/lib/python3.10/dist-packages/rosidl_adapter/main.py", line 53, in main
[0.696s]       abs_idl_file = convert_to_idl(
[0.696s]     File "/opt/ros/humble/local/lib/python3.10/dist-packages/rosidl_adapter/__init__.py", line 24, in convert_to_idl
[0.696s]       return convert_srv_to_idl(
[0.696s]     File "/opt/ros/humble/local/lib/python3.10/dist-packages/rosidl_adapter/srv/__init__.py", line 28, in convert_srv_to_idl
[0.697s]       srv = parse_service_string(package_name, input_file.stem, content)
[0.697s]     File "/opt/ros/humble/local/lib/python3.10/dist-packages/rosidl_adapter/parser.py", line 850, in parse_service_string
[0.697s]       raise InvalidServiceSpecification(
[0.697s] 
[0.698s]   rosidl_adapter.parser.InvalidServiceSpecification: Could not find separator
[0.698s]   '---' between request and response
[0.698s] 
[0.699s] Call Stack (most recent call first):
[0.699s]   /opt/ros/humble/share/rosidl_cmake/cmake/rosidl_generate_interfaces.cmake:130 (rosidl_adapt_interfaces)
[0.700s]   CMakeLists.txt:15 (rosidl_generate_interfaces)
[0.700s] 
[0.700s] [0m
[0.701s] -- Configuring incomplete, errors occurred!
[0.701s] See also "/home/nippun/ros2_course_test/build/word_count_msg/CMakeFiles/CMakeOutput.log".
[0.708s] Invoked command in '/home/nippun/ros2_course_test/build/word_count_msg' returned '1': CMAKE_PREFIX_PATH=${CMAKE_PREFIX_PATH}:/home/nippun/ros2_course_test/install/turtlesim_control:/home/nippun/ros2_course_test/install/talker_listener:/home/nippun/ros2_course_test/install/my_first_package:/home/nippun/ros2_course_test/install/complex_talker_listener:/home/nippun/ros2_course_test/install/adding_integers:/home/nippun/ros2_ws/install/tele_op:/home/nippun/ros2_ws/install/talker_listner:/home/nippun/ros2_ws/install/my_first_package:/home/nippun/ros2_ws/install/example:/home/nippun/ros2_course_ws/install/my_first_package:/opt/ros/humble /usr/bin/cmake /home/nippun/ros2_course_test/src/word_count_msg -DCMAKE_INSTALL_PREFIX=/home/nippun/ros2_course_test/install/word_count_msg
