[1.181s] Invoking command in '/home/nippun/ros2_course_test/src/adding_integers': AMENT_PREFIX_PATH=/home/nippun/ros2_course_test/install/add_two_ints:${AMENT_PREFIX_PATH} CMAKE_PREFIX_PATH=/home/nippun/ros2_course_test/install/add_two_ints:${CMAKE_PREFIX_PATH} LD_LIBRARY_PATH=/home/nippun/ros2_course_test/install/add_two_ints/lib:/home/nippun/ros2_course_test/install/complex_msg/lib:/opt/ros/humble/opt/rviz_ogre_vendor/lib:/opt/ros/humble/lib/x86_64-linux-gnu:/opt/ros/humble/lib:/home/nippun/usr/lib:/home/nippun/usr/lib/x86_64-linux-gnu:/usr/local/lib:/usr/local/lib64 PYTHONPATH=/home/nippun/ros2_course_test/build/adding_integers/prefix_override:/home/nippun/ros2_course_test/install/adding_integers/lib/python3.10/site-packages:/home/nippun/ros2_course_test/install/add_two_ints/local/lib/python3.10/dist-packages:${PYTHONPATH} /usr/bin/python3 setup.py egg_info --egg-base ../../build/adding_integers build --build-base /home/nippun/ros2_course_test/build/adding_integers/build install --record /home/nippun/ros2_course_test/build/adding_integers/install.log --single-version-externally-managed
[1.611s] running egg_info
[1.612s] writing ../../build/adding_integers/adding_integers.egg-info/PKG-INFO
[1.612s] writing dependency_links to ../../build/adding_integers/adding_integers.egg-info/dependency_links.txt
[1.612s] writing entry points to ../../build/adding_integers/adding_integers.egg-info/entry_points.txt
[1.612s] writing requirements to ../../build/adding_integers/adding_integers.egg-info/requires.txt
[1.613s] writing top-level names to ../../build/adding_integers/adding_integers.egg-info/top_level.txt
[1.615s] reading manifest file '../../build/adding_integers/adding_integers.egg-info/SOURCES.txt'
[1.616s] writing manifest file '../../build/adding_integers/adding_integers.egg-info/SOURCES.txt'
[1.617s] running build
[1.617s] running build_py
[1.617s] copying adding_integers/adding_client.py -> /home/nippun/ros2_course_test/build/adding_integers/build/lib/adding_integers
[1.617s] running install
[1.618s] running install_lib
[1.619s] copying /home/nippun/ros2_course_test/build/adding_integers/build/lib/adding_integers/adding_client.py -> /home/nippun/ros2_course_test/install/adding_integers/lib/python3.10/site-packages/adding_integers
[1.620s] byte-compiling /home/nippun/ros2_course_test/install/adding_integers/lib/python3.10/site-packages/adding_integers/adding_client.py to adding_client.cpython-310.pyc
[1.621s] running install_data
[1.622s] running install_egg_info
[1.624s] removing '/home/nippun/ros2_course_test/install/adding_integers/lib/python3.10/site-packages/adding_integers-0.0.0-py3.10.egg-info' (and everything under it)
[1.624s] Copying ../../build/adding_integers/adding_integers.egg-info to /home/nippun/ros2_course_test/install/adding_integers/lib/python3.10/site-packages/adding_integers-0.0.0-py3.10.egg-info
[1.625s] running install_scripts
[1.655s] Installing adding_client script to /home/nippun/ros2_course_test/install/adding_integers/lib/adding_integers
[1.655s] Installing adding_service script to /home/nippun/ros2_course_test/install/adding_integers/lib/adding_integers
[1.656s] writing list of installed files to '/home/nippun/ros2_course_test/build/adding_integers/install.log'
[1.697s] Invoked command in '/home/nippun/ros2_course_test/src/adding_integers' returned '0': AMENT_PREFIX_PATH=/home/nippun/ros2_course_test/install/add_two_ints:${AMENT_PREFIX_PATH} CMAKE_PREFIX_PATH=/home/nippun/ros2_course_test/install/add_two_ints:${CMAKE_PREFIX_PATH} LD_LIBRARY_PATH=/home/nippun/ros2_course_test/install/add_two_ints/lib:/home/nippun/ros2_course_test/install/complex_msg/lib:/opt/ros/humble/opt/rviz_ogre_vendor/lib:/opt/ros/humble/lib/x86_64-linux-gnu:/opt/ros/humble/lib:/home/nippun/usr/lib:/home/nippun/usr/lib/x86_64-linux-gnu:/usr/local/lib:/usr/local/lib64 PYTHONPATH=/home/nippun/ros2_course_test/build/adding_integers/prefix_override:/home/nippun/ros2_course_test/install/adding_integers/lib/python3.10/site-packages:/home/nippun/ros2_course_test/install/add_two_ints/local/lib/python3.10/dist-packages:${PYTHONPATH} /usr/bin/python3 setup.py egg_info --egg-base ../../build/adding_integers build --build-base /home/nippun/ros2_course_test/build/adding_integers/build install --record /home/nippun/ros2_course_test/build/adding_integers/install.log --single-version-externally-managed
