-- The C compiler identification is GNU 11.3.0
-- The CXX compiler identification is GNU 11.3.0
-- Detecting C compiler ABI info
-- Detecting C compiler ABI info - done
-- Check for working C compiler: /usr/bin/cc - skipped
-- Detecting C compile features
-- Detecting C compile features - done
-- Detecting CXX compiler ABI info
-- Detecting CXX compiler ABI info - done
-- Check for working CXX compiler: /usr/bin/c++ - skipped
-- Detecting CXX compile features
-- Detecting CXX compile features - done
-- Found ament_cmake: 1.3.3 (/opt/ros/humble/share/ament_cmake/cmake)
-- Found Python3: /usr/bin/python3.10 (found version "3.10.6") found components: Interpreter 
-- Found rosidl_default_generators: 1.2.0 (/opt/ros/humble/share/rosidl_default_generators/cmake)
-- Using all available rosidl_typesupport_c: rosidl_typesupport_fastrtps_c;rosidl_typesupport_introspection_c
-- Found rosidl_adapter: 3.1.4 (/opt/ros/humble/share/rosidl_adapter/cmake)
-- Using all available rosidl_typesupport_cpp: rosidl_typesupport_fastrtps_cpp;rosidl_typesupport_introspection_cpp
-- Found ament_cmake_ros: 0.10.0 (/opt/ros/humble/share/ament_cmake_ros/cmake)
-- Using all available rosidl_typesupport_c: rosidl_typesupport_fastrtps_c;rosidl_typesupport_introspection_c
-- Using all available rosidl_typesupport_cpp: rosidl_typesupport_fastrtps_cpp;rosidl_typesupport_introspection_cpp
-- Found PythonInterp: /usr/bin/python3 (found suitable version "3.10.6", minimum required is "3.6") 
-- Found python_cmake_module: 0.10.0 (/opt/ros/humble/share/python_cmake_module/cmake)
-- Found PythonLibs: /usr/lib/x86_64-linux-gnu/libpython3.10.so (found suitable version "3.10.6", minimum required is "3.5") 
-- Using PYTHON_EXECUTABLE: /usr/bin/python3
-- Using PYTHON_INCLUDE_DIRS: /usr/include/python3.10
-- Using PYTHON_LIBRARIES: /usr/lib/x86_64-linux-gnu/libpython3.10.so
-- Found PythonExtra: .so  
-- Found ament_lint_auto: 0.12.5 (/opt/ros/humble/share/ament_lint_auto/cmake)
-- Added test 'lint_cmake' to check CMake code style
-- Added test 'xmllint' to check XML markup files
-- Configuring done
-- Generating done
-- Build files have been written to: /home/nippun/ros2_course_test/build/complex_msg
[  3%] [34m[1mGenerating C code for ROS interfaces[0m
[  6%] [34m[1mGenerating C++ code for ROS interfaces[0m
[  6%] Built target ament_cmake_python_copy_complex_msg
[  6%] Built target complex_msg__cpp
[  9%] [34m[1mGenerating C++ type support for eProsima Fast-RTPS[0m
[ 12%] [34m[1mGenerating C++ introspection for ROS interfaces[0m
running egg_info
creating complex_msg.egg-info
writing complex_msg.egg-info/PKG-INFO
writing dependency_links to complex_msg.egg-info/dependency_links.txt
writing top-level names to complex_msg.egg-info/top_level.txt
writing manifest file 'complex_msg.egg-info/SOURCES.txt'
reading manifest file 'complex_msg.egg-info/SOURCES.txt'
writing manifest file 'complex_msg.egg-info/SOURCES.txt'
[ 12%] Built target ament_cmake_python_build_complex_msg_egg
[ 16%] [34m[1mGenerating C++ type support dispatch for ROS interfaces[0m
[ 19%] [32mBuilding C object CMakeFiles/complex_msg__rosidl_generator_c.dir/rosidl_generator_c/complex_msg/msg/detail/complex__functions.c.o[0m
[ 22%] [32mBuilding CXX object CMakeFiles/complex_msg__rosidl_typesupport_introspection_cpp.dir/rosidl_typesupport_introspection_cpp/complex_msg/msg/detail/complex__type_support.cpp.o[0m
[ 25%] [32mBuilding CXX object CMakeFiles/complex_msg__rosidl_typesupport_fastrtps_cpp.dir/rosidl_typesupport_fastrtps_cpp/complex_msg/msg/detail/dds_fastrtps/complex__type_support.cpp.o[0m
[ 29%] [32mBuilding CXX object CMakeFiles/complex_msg__rosidl_typesupport_cpp.dir/rosidl_typesupport_cpp/complex_msg/msg/complex__type_support.cpp.o[0m
[ 32%] [32m[1mLinking C shared library libcomplex_msg__rosidl_generator_c.so[0m
[ 32%] Built target complex_msg__rosidl_generator_c
[ 35%] [34m[1mGenerating C type support for eProsima Fast-RTPS[0m
[ 38%] [32mBuilding CXX object CMakeFiles/complex_msg__rosidl_typesupport_fastrtps_c.dir/rosidl_typesupport_fastrtps_c/complex_msg/msg/detail/complex__type_support_c.cpp.o[0m
[ 41%] [32m[1mLinking CXX shared library libcomplex_msg__rosidl_typesupport_cpp.so[0m
[ 41%] Built target complex_msg__rosidl_typesupport_cpp
[ 45%] [34m[1mGenerating C introspection for ROS interfaces[0m
[ 48%] [32m[1mLinking CXX shared library libcomplex_msg__rosidl_typesupport_introspection_cpp.so[0m
[ 54%] [32m[1mLinking CXX shared library libcomplex_msg__rosidl_typesupport_fastrtps_cpp.so[0m
[ 54%] [32m[1mLinking CXX shared library libcomplex_msg__rosidl_typesupport_fastrtps_c.so[0m
[ 54%] Built target complex_msg__rosidl_typesupport_introspection_cpp
[ 58%] [34m[1mGenerating C type support dispatch for ROS interfaces[0m
[ 58%] Built target complex_msg__rosidl_typesupport_fastrtps_cpp
[ 58%] Built target complex_msg__rosidl_typesupport_fastrtps_c
[ 61%] [32mBuilding C object CMakeFiles/complex_msg__rosidl_typesupport_introspection_c.dir/rosidl_typesupport_introspection_c/complex_msg/msg/detail/complex__type_support.c.o[0m
[ 64%] [32m[1mLinking C shared library libcomplex_msg__rosidl_typesupport_introspection_c.so[0m
[ 64%] Built target complex_msg__rosidl_typesupport_introspection_c
[ 67%] [32mBuilding CXX object CMakeFiles/complex_msg__rosidl_typesupport_c.dir/rosidl_typesupport_c/complex_msg/msg/complex__type_support.cpp.o[0m
[ 70%] [32m[1mLinking CXX shared library libcomplex_msg__rosidl_typesupport_c.so[0m
[ 70%] Built target complex_msg__rosidl_typesupport_c
[ 70%] Built target complex_msg
[ 74%] [34m[1mGenerating Python code for ROS interfaces[0m
[ 74%] Built target complex_msg__py
[ 77%] [32mBuilding C object CMakeFiles/complex_msg__rosidl_generator_py.dir/rosidl_generator_py/complex_msg/msg/_complex_s.c.o[0m
[ 80%] [32m[1mLinking C shared library rosidl_generator_py/complex_msg/libcomplex_msg__rosidl_generator_py.so[0m
[ 80%] Built target complex_msg__rosidl_generator_py
[ 83%] [32mBuilding C object CMakeFiles/complex_msg__rosidl_typesupport_introspection_c__pyext.dir/rosidl_generator_py/complex_msg/_complex_msg_s.ep.rosidl_typesupport_introspection_c.c.o[0m
[ 87%] [32mBuilding C object CMakeFiles/complex_msg__rosidl_typesupport_c__pyext.dir/rosidl_generator_py/complex_msg/_complex_msg_s.ep.rosidl_typesupport_c.c.o[0m
[ 90%] [32mBuilding C object CMakeFiles/complex_msg__rosidl_typesupport_fastrtps_c__pyext.dir/rosidl_generator_py/complex_msg/_complex_msg_s.ep.rosidl_typesupport_fastrtps_c.c.o[0m
[ 93%] [32m[1mLinking C shared library rosidl_generator_py/complex_msg/complex_msg_s__rosidl_typesupport_introspection_c.cpython-310-x86_64-linux-gnu.so[0m
[ 96%] [32m[1mLinking C shared library rosidl_generator_py/complex_msg/complex_msg_s__rosidl_typesupport_c.cpython-310-x86_64-linux-gnu.so[0m
[100%] [32m[1mLinking C shared library rosidl_generator_py/complex_msg/complex_msg_s__rosidl_typesupport_fastrtps_c.cpython-310-x86_64-linux-gnu.so[0m
[100%] Built target complex_msg__rosidl_typesupport_c__pyext
[100%] Built target complex_msg__rosidl_typesupport_fastrtps_c__pyext
[100%] Built target complex_msg__rosidl_typesupport_introspection_c__pyext
-- Install configuration: ""
-- Installing: /home/nippun/ros2_course_test/install/complex_msg/share/ament_index/resource_index/rosidl_interfaces/complex_msg
-- Installing: /home/nippun/ros2_course_test/install/complex_msg/include/complex_msg/complex_msg
-- Installing: /home/nippun/ros2_course_test/install/complex_msg/include/complex_msg/complex_msg/msg
-- Installing: /home/nippun/ros2_course_test/install/complex_msg/include/complex_msg/complex_msg/msg/detail
-- Installing: /home/nippun/ros2_course_test/install/complex_msg/include/complex_msg/complex_msg/msg/detail/complex__struct.h
-- Installing: /home/nippun/ros2_course_test/install/complex_msg/include/complex_msg/complex_msg/msg/detail/complex__functions.h
-- Installing: /home/nippun/ros2_course_test/install/complex_msg/include/complex_msg/complex_msg/msg/detail/complex__functions.c
-- Installing: /home/nippun/ros2_course_test/install/complex_msg/include/complex_msg/complex_msg/msg/detail/complex__type_support.h
-- Installing: /home/nippun/ros2_course_test/install/complex_msg/include/complex_msg/complex_msg/msg/rosidl_generator_c__visibility_control.h
-- Installing: /home/nippun/ros2_course_test/install/complex_msg/include/complex_msg/complex_msg/msg/complex.h
-- Installing: /home/nippun/ros2_course_test/install/complex_msg/share/complex_msg/environment/library_path.sh
-- Installing: /home/nippun/ros2_course_test/install/complex_msg/share/complex_msg/environment/library_path.dsv
-- Installing: /home/nippun/ros2_course_test/install/complex_msg/lib/libcomplex_msg__rosidl_generator_c.so
-- Set runtime path of "/home/nippun/ros2_course_test/install/complex_msg/lib/libcomplex_msg__rosidl_generator_c.so" to ""
-- Up-to-date: /home/nippun/ros2_course_test/install/complex_msg/include/complex_msg/complex_msg
-- Up-to-date: /home/nippun/ros2_course_test/install/complex_msg/include/complex_msg/complex_msg/msg
-- Installing: /home/nippun/ros2_course_test/install/complex_msg/include/complex_msg/complex_msg/msg/rosidl_typesupport_fastrtps_c__visibility_control.h
-- Up-to-date: /home/nippun/ros2_course_test/install/complex_msg/include/complex_msg/complex_msg/msg/detail
-- Installing: /home/nippun/ros2_course_test/install/complex_msg/include/complex_msg/complex_msg/msg/detail/complex__rosidl_typesupport_fastrtps_c.h
-- Installing: /home/nippun/ros2_course_test/install/complex_msg/lib/libcomplex_msg__rosidl_typesupport_fastrtps_c.so
-- Set runtime path of "/home/nippun/ros2_course_test/install/complex_msg/lib/libcomplex_msg__rosidl_typesupport_fastrtps_c.so" to ""
-- Up-to-date: /home/nippun/ros2_course_test/install/complex_msg/include/complex_msg/complex_msg
-- Up-to-date: /home/nippun/ros2_course_test/install/complex_msg/include/complex_msg/complex_msg/msg
-- Up-to-date: /home/nippun/ros2_course_test/install/complex_msg/include/complex_msg/complex_msg/msg/detail
-- Installing: /home/nippun/ros2_course_test/install/complex_msg/include/complex_msg/complex_msg/msg/detail/complex__type_support.c
-- Installing: /home/nippun/ros2_course_test/install/complex_msg/include/complex_msg/complex_msg/msg/detail/complex__rosidl_typesupport_introspection_c.h
-- Installing: /home/nippun/ros2_course_test/install/complex_msg/include/complex_msg/complex_msg/msg/rosidl_typesupport_introspection_c__visibility_control.h
-- Installing: /home/nippun/ros2_course_test/install/complex_msg/lib/libcomplex_msg__rosidl_typesupport_introspection_c.so
-- Set runtime path of "/home/nippun/ros2_course_test/install/complex_msg/lib/libcomplex_msg__rosidl_typesupport_introspection_c.so" to ""
-- Installing: /home/nippun/ros2_course_test/install/complex_msg/lib/libcomplex_msg__rosidl_typesupport_c.so
-- Set runtime path of "/home/nippun/ros2_course_test/install/complex_msg/lib/libcomplex_msg__rosidl_typesupport_c.so" to ""
-- Up-to-date: /home/nippun/ros2_course_test/install/complex_msg/include/complex_msg/complex_msg
-- Up-to-date: /home/nippun/ros2_course_test/install/complex_msg/include/complex_msg/complex_msg/msg
-- Up-to-date: /home/nippun/ros2_course_test/install/complex_msg/include/complex_msg/complex_msg/msg/detail
-- Installing: /home/nippun/ros2_course_test/install/complex_msg/include/complex_msg/complex_msg/msg/detail/complex__builder.hpp
-- Installing: /home/nippun/ros2_course_test/install/complex_msg/include/complex_msg/complex_msg/msg/detail/complex__traits.hpp
-- Installing: /home/nippun/ros2_course_test/install/complex_msg/include/complex_msg/complex_msg/msg/detail/complex__struct.hpp
-- Installing: /home/nippun/ros2_course_test/install/complex_msg/include/complex_msg/complex_msg/msg/complex.hpp
-- Up-to-date: /home/nippun/ros2_course_test/install/complex_msg/include/complex_msg/complex_msg
-- Up-to-date: /home/nippun/ros2_course_test/install/complex_msg/include/complex_msg/complex_msg/msg
-- Installing: /home/nippun/ros2_course_test/install/complex_msg/include/complex_msg/complex_msg/msg/rosidl_typesupport_fastrtps_cpp__visibility_control.h
-- Up-to-date: /home/nippun/ros2_course_test/install/complex_msg/include/complex_msg/complex_msg/msg/detail
-- Installing: /home/nippun/ros2_course_test/install/complex_msg/include/complex_msg/complex_msg/msg/detail/dds_fastrtps
-- Installing: /home/nippun/ros2_course_test/install/complex_msg/include/complex_msg/complex_msg/msg/detail/complex__rosidl_typesupport_fastrtps_cpp.hpp
-- Installing: /home/nippun/ros2_course_test/install/complex_msg/lib/libcomplex_msg__rosidl_typesupport_fastrtps_cpp.so
-- Set runtime path of "/home/nippun/ros2_course_test/install/complex_msg/lib/libcomplex_msg__rosidl_typesupport_fastrtps_cpp.so" to ""
-- Up-to-date: /home/nippun/ros2_course_test/install/complex_msg/include/complex_msg/complex_msg
-- Up-to-date: /home/nippun/ros2_course_test/install/complex_msg/include/complex_msg/complex_msg/msg
-- Up-to-date: /home/nippun/ros2_course_test/install/complex_msg/include/complex_msg/complex_msg/msg/detail
-- Installing: /home/nippun/ros2_course_test/install/complex_msg/include/complex_msg/complex_msg/msg/detail/complex__type_support.cpp
-- Installing: /home/nippun/ros2_course_test/install/complex_msg/include/complex_msg/complex_msg/msg/detail/complex__rosidl_typesupport_introspection_cpp.hpp
-- Installing: /home/nippun/ros2_course_test/install/complex_msg/lib/libcomplex_msg__rosidl_typesupport_introspection_cpp.so
-- Set runtime path of "/home/nippun/ros2_course_test/install/complex_msg/lib/libcomplex_msg__rosidl_typesupport_introspection_cpp.so" to ""
-- Installing: /home/nippun/ros2_course_test/install/complex_msg/lib/libcomplex_msg__rosidl_typesupport_cpp.so
-- Set runtime path of "/home/nippun/ros2_course_test/install/complex_msg/lib/libcomplex_msg__rosidl_typesupport_cpp.so" to ""
-- Installing: /home/nippun/ros2_course_test/install/complex_msg/share/complex_msg/environment/pythonpath.sh
-- Installing: /home/nippun/ros2_course_test/install/complex_msg/share/complex_msg/environment/pythonpath.dsv
-- Installing: /home/nippun/ros2_course_test/install/complex_msg/local/lib/python3.10/dist-packages/complex_msg-0.0.0-py3.10.egg-info
-- Installing: /home/nippun/ros2_course_test/install/complex_msg/local/lib/python3.10/dist-packages/complex_msg-0.0.0-py3.10.egg-info/PKG-INFO
-- Installing: /home/nippun/ros2_course_test/install/complex_msg/local/lib/python3.10/dist-packages/complex_msg-0.0.0-py3.10.egg-info/dependency_links.txt
-- Installing: /home/nippun/ros2_course_test/install/complex_msg/local/lib/python3.10/dist-packages/complex_msg-0.0.0-py3.10.egg-info/SOURCES.txt
-- Installing: /home/nippun/ros2_course_test/install/complex_msg/local/lib/python3.10/dist-packages/complex_msg-0.0.0-py3.10.egg-info/top_level.txt
-- Installing: /home/nippun/ros2_course_test/install/complex_msg/local/lib/python3.10/dist-packages/complex_msg
-- Installing: /home/nippun/ros2_course_test/install/complex_msg/local/lib/python3.10/dist-packages/complex_msg/complex_msg_s__rosidl_typesupport_introspection_c.cpython-310-x86_64-linux-gnu.so
-- Installing: /home/nippun/ros2_course_test/install/complex_msg/local/lib/python3.10/dist-packages/complex_msg/__init__.py
-- Installing: /home/nippun/ros2_course_test/install/complex_msg/local/lib/python3.10/dist-packages/complex_msg/complex_msg_s__rosidl_typesupport_fastrtps_c.cpython-310-x86_64-linux-gnu.so
-- Installing: /home/nippun/ros2_course_test/install/complex_msg/local/lib/python3.10/dist-packages/complex_msg/_complex_msg_s.ep.rosidl_typesupport_fastrtps_c.c
-- Installing: /home/nippun/ros2_course_test/install/complex_msg/local/lib/python3.10/dist-packages/complex_msg/msg
-- Installing: /home/nippun/ros2_course_test/install/complex_msg/local/lib/python3.10/dist-packages/complex_msg/msg/_complex_s.c
-- Installing: /home/nippun/ros2_course_test/install/complex_msg/local/lib/python3.10/dist-packages/complex_msg/msg/_complex.py
-- Installing: /home/nippun/ros2_course_test/install/complex_msg/local/lib/python3.10/dist-packages/complex_msg/msg/__init__.py
-- Installing: /home/nippun/ros2_course_test/install/complex_msg/local/lib/python3.10/dist-packages/complex_msg/_complex_msg_s.ep.rosidl_typesupport_introspection_c.c
-- Installing: /home/nippun/ros2_course_test/install/complex_msg/local/lib/python3.10/dist-packages/complex_msg/complex_msg_s__rosidl_typesupport_c.cpython-310-x86_64-linux-gnu.so
-- Installing: /home/nippun/ros2_course_test/install/complex_msg/local/lib/python3.10/dist-packages/complex_msg/_complex_msg_s.ep.rosidl_typesupport_c.c
-- Installing: /home/nippun/ros2_course_test/install/complex_msg/local/lib/python3.10/dist-packages/complex_msg/libcomplex_msg__rosidl_generator_py.so
Listing '/home/nippun/ros2_course_test/install/complex_msg/local/lib/python3.10/dist-packages/complex_msg'...
Compiling '/home/nippun/ros2_course_test/install/complex_msg/local/lib/python3.10/dist-packages/complex_msg/__init__.py'...
Listing '/home/nippun/ros2_course_test/install/complex_msg/local/lib/python3.10/dist-packages/complex_msg/msg'...
Compiling '/home/nippun/ros2_course_test/install/complex_msg/local/lib/python3.10/dist-packages/complex_msg/msg/__init__.py'...
Compiling '/home/nippun/ros2_course_test/install/complex_msg/local/lib/python3.10/dist-packages/complex_msg/msg/_complex.py'...
-- Installing: /home/nippun/ros2_course_test/install/complex_msg/local/lib/python3.10/dist-packages/complex_msg/complex_msg_s__rosidl_typesupport_fastrtps_c.cpython-310-x86_64-linux-gnu.so
-- Set runtime path of "/home/nippun/ros2_course_test/install/complex_msg/local/lib/python3.10/dist-packages/complex_msg/complex_msg_s__rosidl_typesupport_fastrtps_c.cpython-310-x86_64-linux-gnu.so" to ""
-- Installing: /home/nippun/ros2_course_test/install/complex_msg/local/lib/python3.10/dist-packages/complex_msg/complex_msg_s__rosidl_typesupport_introspection_c.cpython-310-x86_64-linux-gnu.so
-- Set runtime path of "/home/nippun/ros2_course_test/install/complex_msg/local/lib/python3.10/dist-packages/complex_msg/complex_msg_s__rosidl_typesupport_introspection_c.cpython-310-x86_64-linux-gnu.so" to ""
-- Installing: /home/nippun/ros2_course_test/install/complex_msg/local/lib/python3.10/dist-packages/complex_msg/complex_msg_s__rosidl_typesupport_c.cpython-310-x86_64-linux-gnu.so
-- Set runtime path of "/home/nippun/ros2_course_test/install/complex_msg/local/lib/python3.10/dist-packages/complex_msg/complex_msg_s__rosidl_typesupport_c.cpython-310-x86_64-linux-gnu.so" to ""
-- Installing: /home/nippun/ros2_course_test/install/complex_msg/lib/libcomplex_msg__rosidl_generator_py.so
-- Set runtime path of "/home/nippun/ros2_course_test/install/complex_msg/lib/libcomplex_msg__rosidl_generator_py.so" to ""
-- Installing: /home/nippun/ros2_course_test/install/complex_msg/share/complex_msg/msg/Complex.idl
-- Installing: /home/nippun/ros2_course_test/install/complex_msg/share/complex_msg/msg/Complex.msg
-- Installing: /home/nippun/ros2_course_test/install/complex_msg/share/ament_index/resource_index/package_run_dependencies/complex_msg
-- Installing: /home/nippun/ros2_course_test/install/complex_msg/share/ament_index/resource_index/parent_prefix_path/complex_msg
-- Installing: /home/nippun/ros2_course_test/install/complex_msg/share/complex_msg/environment/ament_prefix_path.sh
-- Installing: /home/nippun/ros2_course_test/install/complex_msg/share/complex_msg/environment/ament_prefix_path.dsv
-- Installing: /home/nippun/ros2_course_test/install/complex_msg/share/complex_msg/environment/path.sh
-- Installing: /home/nippun/ros2_course_test/install/complex_msg/share/complex_msg/environment/path.dsv
-- Installing: /home/nippun/ros2_course_test/install/complex_msg/share/complex_msg/local_setup.bash
-- Installing: /home/nippun/ros2_course_test/install/complex_msg/share/complex_msg/local_setup.sh
-- Installing: /home/nippun/ros2_course_test/install/complex_msg/share/complex_msg/local_setup.zsh
-- Installing: /home/nippun/ros2_course_test/install/complex_msg/share/complex_msg/local_setup.dsv
-- Installing: /home/nippun/ros2_course_test/install/complex_msg/share/complex_msg/package.dsv
-- Installing: /home/nippun/ros2_course_test/install/complex_msg/share/ament_index/resource_index/packages/complex_msg
-- Installing: /home/nippun/ros2_course_test/install/complex_msg/share/complex_msg/cmake/export_complex_msg__rosidl_generator_cExport.cmake
-- Installing: /home/nippun/ros2_course_test/install/complex_msg/share/complex_msg/cmake/export_complex_msg__rosidl_generator_cExport-noconfig.cmake
-- Installing: /home/nippun/ros2_course_test/install/complex_msg/share/complex_msg/cmake/export_complex_msg__rosidl_typesupport_fastrtps_cExport.cmake
-- Installing: /home/nippun/ros2_course_test/install/complex_msg/share/complex_msg/cmake/export_complex_msg__rosidl_typesupport_fastrtps_cExport-noconfig.cmake
-- Installing: /home/nippun/ros2_course_test/install/complex_msg/share/complex_msg/cmake/complex_msg__rosidl_typesupport_introspection_cExport.cmake
-- Installing: /home/nippun/ros2_course_test/install/complex_msg/share/complex_msg/cmake/complex_msg__rosidl_typesupport_introspection_cExport-noconfig.cmake
-- Installing: /home/nippun/ros2_course_test/install/complex_msg/share/complex_msg/cmake/complex_msg__rosidl_typesupport_cExport.cmake
-- Installing: /home/nippun/ros2_course_test/install/complex_msg/share/complex_msg/cmake/complex_msg__rosidl_typesupport_cExport-noconfig.cmake
-- Installing: /home/nippun/ros2_course_test/install/complex_msg/share/complex_msg/cmake/export_complex_msg__rosidl_generator_cppExport.cmake
-- Installing: /home/nippun/ros2_course_test/install/complex_msg/share/complex_msg/cmake/export_complex_msg__rosidl_typesupport_fastrtps_cppExport.cmake
-- Installing: /home/nippun/ros2_course_test/install/complex_msg/share/complex_msg/cmake/export_complex_msg__rosidl_typesupport_fastrtps_cppExport-noconfig.cmake
-- Installing: /home/nippun/ros2_course_test/install/complex_msg/share/complex_msg/cmake/complex_msg__rosidl_typesupport_introspection_cppExport.cmake
-- Installing: /home/nippun/ros2_course_test/install/complex_msg/share/complex_msg/cmake/complex_msg__rosidl_typesupport_introspection_cppExport-noconfig.cmake
-- Installing: /home/nippun/ros2_course_test/install/complex_msg/share/complex_msg/cmake/complex_msg__rosidl_typesupport_cppExport.cmake
-- Installing: /home/nippun/ros2_course_test/install/complex_msg/share/complex_msg/cmake/complex_msg__rosidl_typesupport_cppExport-noconfig.cmake
-- Installing: /home/nippun/ros2_course_test/install/complex_msg/share/complex_msg/cmake/export_complex_msg__rosidl_generator_pyExport.cmake
-- Installing: /home/nippun/ros2_course_test/install/complex_msg/share/complex_msg/cmake/export_complex_msg__rosidl_generator_pyExport-noconfig.cmake
-- Installing: /home/nippun/ros2_course_test/install/complex_msg/share/complex_msg/cmake/rosidl_cmake-extras.cmake
-- Installing: /home/nippun/ros2_course_test/install/complex_msg/share/complex_msg/cmake/ament_cmake_export_include_directories-extras.cmake
-- Installing: /home/nippun/ros2_course_test/install/complex_msg/share/complex_msg/cmake/ament_cmake_export_libraries-extras.cmake
-- Installing: /home/nippun/ros2_course_test/install/complex_msg/share/complex_msg/cmake/ament_cmake_export_targets-extras.cmake
-- Installing: /home/nippun/ros2_course_test/install/complex_msg/share/complex_msg/cmake/rosidl_cmake_export_typesupport_targets-extras.cmake
-- Installing: /home/nippun/ros2_course_test/install/complex_msg/share/complex_msg/cmake/ament_cmake_export_dependencies-extras.cmake
-- Installing: /home/nippun/ros2_course_test/install/complex_msg/share/complex_msg/cmake/rosidl_cmake_export_typesupport_libraries-extras.cmake
-- Installing: /home/nippun/ros2_course_test/install/complex_msg/share/complex_msg/cmake/complex_msgConfig.cmake
-- Installing: /home/nippun/ros2_course_test/install/complex_msg/share/complex_msg/cmake/complex_msgConfig-version.cmake
-- Installing: /home/nippun/ros2_course_test/install/complex_msg/share/complex_msg/package.xml
