[0.132s] Invoking command in '/home/nippun/ros2_course_test/build/complex_msg': CMAKE_PREFIX_PATH=/home/nippun/ros2_course_test/install/turtlesim_control:/home/nippun/ros2_course_test/install/talker_listener:/home/nippun/ros2_course_test/install/my_first_package:/home/nippun/ros2_ws/install/tele_op:/home/nippun/ros2_ws/install/talker_listner:/home/nippun/ros2_ws/install/my_first_package:/home/nippun/ros2_ws/install/example:/home/nippun/ros2_course_ws/install/my_first_package:/opt/ros/humble /usr/bin/cmake /home/nippun/ros2_course_test/src/complex_msg -DCMAKE_INSTALL_PREFIX=/home/nippun/ros2_course_test/install/complex_msg
[1.608s] -- The C compiler identification is GNU 11.3.0
[2.615s] -- The CXX compiler identification is GNU 11.3.0
[2.773s] -- Detecting C compiler ABI info
[3.000s] -- Detecting C compiler ABI info - done
[3.012s] -- Check for working C compiler: /usr/bin/cc - skipped
[3.031s] -- Detecting C compile features
[3.059s] -- Detecting C compile features - done
[3.111s] -- Detecting CXX compiler ABI info
[3.282s] -- Detecting CXX compiler ABI info - done
[3.294s] -- Check for working CXX compiler: /usr/bin/c++ - skipped
[3.295s] -- Detecting CXX compile features
[3.295s] -- Detecting CXX compile features - done
[3.381s] -- Found ament_cmake: 1.3.3 (/opt/ros/humble/share/ament_cmake/cmake)
[3.827s] -- Found Python3: /usr/bin/python3.10 (found version "3.10.6") found components: Interpreter 
[4.311s] -- Found rosidl_default_generators: 1.2.0 (/opt/ros/humble/share/rosidl_default_generators/cmake)
[4.380s] -- Using all available rosidl_typesupport_c: rosidl_typesupport_fastrtps_c;rosidl_typesupport_introspection_c
[4.439s] -- Found rosidl_adapter: 3.1.4 (/opt/ros/humble/share/rosidl_adapter/cmake)
[4.750s] -- Using all available rosidl_typesupport_cpp: rosidl_typesupport_fastrtps_cpp;rosidl_typesupport_introspection_cpp
[5.527s] -- Found ament_cmake_ros: 0.10.0 (/opt/ros/humble/share/ament_cmake_ros/cmake)
[5.954s] -- Using all available rosidl_typesupport_c: rosidl_typesupport_fastrtps_c;rosidl_typesupport_introspection_c
[6.510s] -- Using all available rosidl_typesupport_cpp: rosidl_typesupport_fastrtps_cpp;rosidl_typesupport_introspection_cpp
[6.581s] -- Found PythonInterp: /usr/bin/python3 (found suitable version "3.10.6", minimum required is "3.6") 
[6.610s] -- Found python_cmake_module: 0.10.0 (/opt/ros/humble/share/python_cmake_module/cmake)
[6.786s] -- Found PythonLibs: /usr/lib/x86_64-linux-gnu/libpython3.10.so (found suitable version "3.10.6", minimum required is "3.5") 
[6.787s] -- Using PYTHON_EXECUTABLE: /usr/bin/python3
[6.787s] -- Using PYTHON_INCLUDE_DIRS: /usr/include/python3.10
[6.788s] -- Using PYTHON_LIBRARIES: /usr/lib/x86_64-linux-gnu/libpython3.10.so
[6.827s] -- Found PythonExtra: .so  
[7.039s] -- Found ament_lint_auto: 0.12.5 (/opt/ros/humble/share/ament_lint_auto/cmake)
[7.315s] -- Added test 'lint_cmake' to check CMake code style
[7.320s] -- Added test 'xmllint' to check XML markup files
[7.333s] -- Configuring done
[7.439s] -- Generating done
[7.444s] -- Build files have been written to: /home/nippun/ros2_course_test/build/complex_msg
[7.456s] Invoked command in '/home/nippun/ros2_course_test/build/complex_msg' returned '0': CMAKE_PREFIX_PATH=/home/nippun/ros2_course_test/install/turtlesim_control:/home/nippun/ros2_course_test/install/talker_listener:/home/nippun/ros2_course_test/install/my_first_package:/home/nippun/ros2_ws/install/tele_op:/home/nippun/ros2_ws/install/talker_listner:/home/nippun/ros2_ws/install/my_first_package:/home/nippun/ros2_ws/install/example:/home/nippun/ros2_course_ws/install/my_first_package:/opt/ros/humble /usr/bin/cmake /home/nippun/ros2_course_test/src/complex_msg -DCMAKE_INSTALL_PREFIX=/home/nippun/ros2_course_test/install/complex_msg
[7.462s] Invoking command in '/home/nippun/ros2_course_test/build/complex_msg': CMAKE_PREFIX_PATH=/home/nippun/ros2_course_test/install/turtlesim_control:/home/nippun/ros2_course_test/install/talker_listener:/home/nippun/ros2_course_test/install/my_first_package:/home/nippun/ros2_ws/install/tele_op:/home/nippun/ros2_ws/install/talker_listner:/home/nippun/ros2_ws/install/my_first_package:/home/nippun/ros2_ws/install/example:/home/nippun/ros2_course_ws/install/my_first_package:/opt/ros/humble /usr/bin/cmake --build /home/nippun/ros2_course_test/build/complex_msg -- -j4 -l4
[7.515s] [  3%] [34m[1mGenerating C code for ROS interfaces[0m
[7.536s] [  6%] [34m[1mGenerating C++ code for ROS interfaces[0m
[7.545s] [  6%] Built target ament_cmake_python_copy_complex_msg
[8.101s] [  6%] Built target complex_msg__cpp
[8.119s] [  9%] [34m[1mGenerating C++ type support for eProsima Fast-RTPS[0m
[8.120s] [ 12%] [34m[1mGenerating C++ introspection for ROS interfaces[0m
[8.259s] running egg_info
[8.261s] creating complex_msg.egg-info
[8.262s] writing complex_msg.egg-info/PKG-INFO
[8.263s] writing dependency_links to complex_msg.egg-info/dependency_links.txt
[8.264s] writing top-level names to complex_msg.egg-info/top_level.txt
[8.265s] writing manifest file 'complex_msg.egg-info/SOURCES.txt'
[8.296s] reading manifest file 'complex_msg.egg-info/SOURCES.txt'
[8.298s] writing manifest file 'complex_msg.egg-info/SOURCES.txt'
[8.362s] [ 12%] Built target ament_cmake_python_build_complex_msg_egg
[8.381s] [ 16%] [34m[1mGenerating C++ type support dispatch for ROS interfaces[0m
[8.407s] [ 19%] [32mBuilding C object CMakeFiles/complex_msg__rosidl_generator_c.dir/rosidl_generator_c/complex_msg/msg/detail/complex__functions.c.o[0m
[8.747s] [ 22%] [32mBuilding CXX object CMakeFiles/complex_msg__rosidl_typesupport_introspection_cpp.dir/rosidl_typesupport_introspection_cpp/complex_msg/msg/detail/complex__type_support.cpp.o[0m
[8.816s] [ 25%] [32mBuilding CXX object CMakeFiles/complex_msg__rosidl_typesupport_fastrtps_cpp.dir/rosidl_typesupport_fastrtps_cpp/complex_msg/msg/detail/dds_fastrtps/complex__type_support.cpp.o[0m
[8.935s] [ 29%] [32mBuilding CXX object CMakeFiles/complex_msg__rosidl_typesupport_cpp.dir/rosidl_typesupport_cpp/complex_msg/msg/complex__type_support.cpp.o[0m
[9.226s] [ 32%] [32m[1mLinking C shared library libcomplex_msg__rosidl_generator_c.so[0m
[9.460s] [ 32%] Built target complex_msg__rosidl_generator_c
[9.473s] [ 35%] [34m[1mGenerating C type support for eProsima Fast-RTPS[0m
[9.949s] [ 38%] [32mBuilding CXX object CMakeFiles/complex_msg__rosidl_typesupport_fastrtps_c.dir/rosidl_typesupport_fastrtps_c/complex_msg/msg/detail/complex__type_support_c.cpp.o[0m
[11.508s] [ 41%] [32m[1mLinking CXX shared library libcomplex_msg__rosidl_typesupport_cpp.so[0m
[11.613s] [ 41%] Built target complex_msg__rosidl_typesupport_cpp
[11.631s] [ 45%] [34m[1mGenerating C introspection for ROS interfaces[0m
[11.900s] [ 48%] [32m[1mLinking CXX shared library libcomplex_msg__rosidl_typesupport_introspection_cpp.so[0m
[11.909s] [ 54%] [32m[1mLinking CXX shared library libcomplex_msg__rosidl_typesupport_fastrtps_cpp.so[0m
[11.910s] [ 54%] [32m[1mLinking CXX shared library libcomplex_msg__rosidl_typesupport_fastrtps_c.so[0m
[12.055s] [ 54%] Built target complex_msg__rosidl_typesupport_introspection_cpp
[12.074s] [ 58%] [34m[1mGenerating C type support dispatch for ROS interfaces[0m
[12.145s] [ 58%] Built target complex_msg__rosidl_typesupport_fastrtps_cpp
[12.155s] [ 58%] Built target complex_msg__rosidl_typesupport_fastrtps_c
[12.207s] [ 61%] [32mBuilding C object CMakeFiles/complex_msg__rosidl_typesupport_introspection_c.dir/rosidl_typesupport_introspection_c/complex_msg/msg/detail/complex__type_support.c.o[0m
[12.252s] [ 64%] [32m[1mLinking C shared library libcomplex_msg__rosidl_typesupport_introspection_c.so[0m
[12.289s] [ 64%] Built target complex_msg__rosidl_typesupport_introspection_c
[12.472s] [ 67%] [32mBuilding CXX object CMakeFiles/complex_msg__rosidl_typesupport_c.dir/rosidl_typesupport_c/complex_msg/msg/complex__type_support.cpp.o[0m
[12.516s] [ 70%] [32m[1mLinking CXX shared library libcomplex_msg__rosidl_typesupport_c.so[0m
[12.567s] [ 70%] Built target complex_msg__rosidl_typesupport_c
[12.596s] [ 70%] Built target complex_msg
[12.622s] [ 74%] [34m[1mGenerating Python code for ROS interfaces[0m
[13.116s] [ 74%] Built target complex_msg__py
[13.142s] [ 77%] [32mBuilding C object CMakeFiles/complex_msg__rosidl_generator_py.dir/rosidl_generator_py/complex_msg/msg/_complex_s.c.o[0m
[13.870s] [ 80%] [32m[1mLinking C shared library rosidl_generator_py/complex_msg/libcomplex_msg__rosidl_generator_py.so[0m
[13.947s] [ 80%] Built target complex_msg__rosidl_generator_py
[13.976s] [ 83%] [32mBuilding C object CMakeFiles/complex_msg__rosidl_typesupport_introspection_c__pyext.dir/rosidl_generator_py/complex_msg/_complex_msg_s.ep.rosidl_typesupport_introspection_c.c.o[0m
[13.979s] [ 87%] [32mBuilding C object CMakeFiles/complex_msg__rosidl_typesupport_c__pyext.dir/rosidl_generator_py/complex_msg/_complex_msg_s.ep.rosidl_typesupport_c.c.o[0m
[13.981s] [ 90%] [32mBuilding C object CMakeFiles/complex_msg__rosidl_typesupport_fastrtps_c__pyext.dir/rosidl_generator_py/complex_msg/_complex_msg_s.ep.rosidl_typesupport_fastrtps_c.c.o[0m
[14.169s] [ 93%] [32m[1mLinking C shared library rosidl_generator_py/complex_msg/complex_msg_s__rosidl_typesupport_introspection_c.cpython-310-x86_64-linux-gnu.so[0m
[14.169s] [ 96%] [32m[1mLinking C shared library rosidl_generator_py/complex_msg/complex_msg_s__rosidl_typesupport_c.cpython-310-x86_64-linux-gnu.so[0m
[14.170s] [100%] [32m[1mLinking C shared library rosidl_generator_py/complex_msg/complex_msg_s__rosidl_typesupport_fastrtps_c.cpython-310-x86_64-linux-gnu.so[0m
[14.222s] [100%] Built target complex_msg__rosidl_typesupport_c__pyext
[14.223s] [100%] Built target complex_msg__rosidl_typesupport_fastrtps_c__pyext
[14.231s] [100%] Built target complex_msg__rosidl_typesupport_introspection_c__pyext
[14.244s] Invoked command in '/home/nippun/ros2_course_test/build/complex_msg' returned '0': CMAKE_PREFIX_PATH=/home/nippun/ros2_course_test/install/turtlesim_control:/home/nippun/ros2_course_test/install/talker_listener:/home/nippun/ros2_course_test/install/my_first_package:/home/nippun/ros2_ws/install/tele_op:/home/nippun/ros2_ws/install/talker_listner:/home/nippun/ros2_ws/install/my_first_package:/home/nippun/ros2_ws/install/example:/home/nippun/ros2_course_ws/install/my_first_package:/opt/ros/humble /usr/bin/cmake --build /home/nippun/ros2_course_test/build/complex_msg -- -j4 -l4
[14.322s] Invoking command in '/home/nippun/ros2_course_test/build/complex_msg': CMAKE_PREFIX_PATH=/home/nippun/ros2_course_test/install/turtlesim_control:/home/nippun/ros2_course_test/install/talker_listener:/home/nippun/ros2_course_test/install/my_first_package:/home/nippun/ros2_ws/install/tele_op:/home/nippun/ros2_ws/install/talker_listner:/home/nippun/ros2_ws/install/my_first_package:/home/nippun/ros2_ws/install/example:/home/nippun/ros2_course_ws/install/my_first_package:/opt/ros/humble /usr/bin/cmake --install /home/nippun/ros2_course_test/build/complex_msg
[14.331s] -- Install configuration: ""
[14.331s] -- Installing: /home/nippun/ros2_course_test/install/complex_msg/share/ament_index/resource_index/rosidl_interfaces/complex_msg
[14.332s] -- Installing: /home/nippun/ros2_course_test/install/complex_msg/include/complex_msg/complex_msg
[14.332s] -- Installing: /home/nippun/ros2_course_test/install/complex_msg/include/complex_msg/complex_msg/msg
[14.332s] -- Installing: /home/nippun/ros2_course_test/install/complex_msg/include/complex_msg/complex_msg/msg/detail
[14.332s] -- Installing: /home/nippun/ros2_course_test/install/complex_msg/include/complex_msg/complex_msg/msg/detail/complex__struct.h
[14.333s] -- Installing: /home/nippun/ros2_course_test/install/complex_msg/include/complex_msg/complex_msg/msg/detail/complex__functions.h
[14.333s] -- Installing: /home/nippun/ros2_course_test/install/complex_msg/include/complex_msg/complex_msg/msg/detail/complex__functions.c
[14.333s] -- Installing: /home/nippun/ros2_course_test/install/complex_msg/include/complex_msg/complex_msg/msg/detail/complex__type_support.h
[14.333s] -- Installing: /home/nippun/ros2_course_test/install/complex_msg/include/complex_msg/complex_msg/msg/rosidl_generator_c__visibility_control.h
[14.333s] -- Installing: /home/nippun/ros2_course_test/install/complex_msg/include/complex_msg/complex_msg/msg/complex.h
[14.334s] -- Installing: /home/nippun/ros2_course_test/install/complex_msg/share/complex_msg/environment/library_path.sh
[14.334s] -- Installing: /home/nippun/ros2_course_test/install/complex_msg/share/complex_msg/environment/library_path.dsv
[14.334s] -- Installing: /home/nippun/ros2_course_test/install/complex_msg/lib/libcomplex_msg__rosidl_generator_c.so
[14.334s] -- Set runtime path of "/home/nippun/ros2_course_test/install/complex_msg/lib/libcomplex_msg__rosidl_generator_c.so" to ""
[14.335s] -- Up-to-date: /home/nippun/ros2_course_test/install/complex_msg/include/complex_msg/complex_msg
[14.335s] -- Up-to-date: /home/nippun/ros2_course_test/install/complex_msg/include/complex_msg/complex_msg/msg
[14.335s] -- Installing: /home/nippun/ros2_course_test/install/complex_msg/include/complex_msg/complex_msg/msg/rosidl_typesupport_fastrtps_c__visibility_control.h
[14.335s] -- Up-to-date: /home/nippun/ros2_course_test/install/complex_msg/include/complex_msg/complex_msg/msg/detail
[14.336s] -- Installing: /home/nippun/ros2_course_test/install/complex_msg/include/complex_msg/complex_msg/msg/detail/complex__rosidl_typesupport_fastrtps_c.h
[14.336s] -- Installing: /home/nippun/ros2_course_test/install/complex_msg/lib/libcomplex_msg__rosidl_typesupport_fastrtps_c.so
[14.336s] -- Set runtime path of "/home/nippun/ros2_course_test/install/complex_msg/lib/libcomplex_msg__rosidl_typesupport_fastrtps_c.so" to ""
[14.336s] -- Up-to-date: /home/nippun/ros2_course_test/install/complex_msg/include/complex_msg/complex_msg
[14.337s] -- Up-to-date: /home/nippun/ros2_course_test/install/complex_msg/include/complex_msg/complex_msg/msg
[14.337s] -- Up-to-date: /home/nippun/ros2_course_test/install/complex_msg/include/complex_msg/complex_msg/msg/detail
[14.337s] -- Installing: /home/nippun/ros2_course_test/install/complex_msg/include/complex_msg/complex_msg/msg/detail/complex__type_support.c
[14.338s] -- Installing: /home/nippun/ros2_course_test/install/complex_msg/include/complex_msg/complex_msg/msg/detail/complex__rosidl_typesupport_introspection_c.h
[14.338s] -- Installing: /home/nippun/ros2_course_test/install/complex_msg/include/complex_msg/complex_msg/msg/rosidl_typesupport_introspection_c__visibility_control.h
[14.338s] -- Installing: /home/nippun/ros2_course_test/install/complex_msg/lib/libcomplex_msg__rosidl_typesupport_introspection_c.so
[14.338s] -- Set runtime path of "/home/nippun/ros2_course_test/install/complex_msg/lib/libcomplex_msg__rosidl_typesupport_introspection_c.so" to ""
[14.338s] -- Installing: /home/nippun/ros2_course_test/install/complex_msg/lib/libcomplex_msg__rosidl_typesupport_c.so
[14.339s] -- Set runtime path of "/home/nippun/ros2_course_test/install/complex_msg/lib/libcomplex_msg__rosidl_typesupport_c.so" to ""
[14.339s] -- Up-to-date: /home/nippun/ros2_course_test/install/complex_msg/include/complex_msg/complex_msg
[14.339s] -- Up-to-date: /home/nippun/ros2_course_test/install/complex_msg/include/complex_msg/complex_msg/msg
[14.339s] -- Up-to-date: /home/nippun/ros2_course_test/install/complex_msg/include/complex_msg/complex_msg/msg/detail
[14.340s] -- Installing: /home/nippun/ros2_course_test/install/complex_msg/include/complex_msg/complex_msg/msg/detail/complex__builder.hpp
[14.340s] -- Installing: /home/nippun/ros2_course_test/install/complex_msg/include/complex_msg/complex_msg/msg/detail/complex__traits.hpp
[14.340s] -- Installing: /home/nippun/ros2_course_test/install/complex_msg/include/complex_msg/complex_msg/msg/detail/complex__struct.hpp
[14.340s] -- Installing: /home/nippun/ros2_course_test/install/complex_msg/include/complex_msg/complex_msg/msg/complex.hpp
[14.341s] -- Up-to-date: /home/nippun/ros2_course_test/install/complex_msg/include/complex_msg/complex_msg
[14.341s] -- Up-to-date: /home/nippun/ros2_course_test/install/complex_msg/include/complex_msg/complex_msg/msg
[14.341s] -- Installing: /home/nippun/ros2_course_test/install/complex_msg/include/complex_msg/complex_msg/msg/rosidl_typesupport_fastrtps_cpp__visibility_control.h
[14.341s] -- Up-to-date: /home/nippun/ros2_course_test/install/complex_msg/include/complex_msg/complex_msg/msg/detail
[14.342s] -- Installing: /home/nippun/ros2_course_test/install/complex_msg/include/complex_msg/complex_msg/msg/detail/dds_fastrtps
[14.342s] -- Installing: /home/nippun/ros2_course_test/install/complex_msg/include/complex_msg/complex_msg/msg/detail/complex__rosidl_typesupport_fastrtps_cpp.hpp
[14.342s] -- Installing: /home/nippun/ros2_course_test/install/complex_msg/lib/libcomplex_msg__rosidl_typesupport_fastrtps_cpp.so
[14.342s] -- Set runtime path of "/home/nippun/ros2_course_test/install/complex_msg/lib/libcomplex_msg__rosidl_typesupport_fastrtps_cpp.so" to ""
[14.343s] -- Up-to-date: /home/nippun/ros2_course_test/install/complex_msg/include/complex_msg/complex_msg
[14.343s] -- Up-to-date: /home/nippun/ros2_course_test/install/complex_msg/include/complex_msg/complex_msg/msg
[14.343s] -- Up-to-date: /home/nippun/ros2_course_test/install/complex_msg/include/complex_msg/complex_msg/msg/detail
[14.343s] -- Installing: /home/nippun/ros2_course_test/install/complex_msg/include/complex_msg/complex_msg/msg/detail/complex__type_support.cpp
[14.344s] -- Installing: /home/nippun/ros2_course_test/install/complex_msg/include/complex_msg/complex_msg/msg/detail/complex__rosidl_typesupport_introspection_cpp.hpp
[14.344s] -- Installing: /home/nippun/ros2_course_test/install/complex_msg/lib/libcomplex_msg__rosidl_typesupport_introspection_cpp.so
[14.344s] -- Set runtime path of "/home/nippun/ros2_course_test/install/complex_msg/lib/libcomplex_msg__rosidl_typesupport_introspection_cpp.so" to ""
[14.344s] -- Installing: /home/nippun/ros2_course_test/install/complex_msg/lib/libcomplex_msg__rosidl_typesupport_cpp.so
[14.345s] -- Set runtime path of "/home/nippun/ros2_course_test/install/complex_msg/lib/libcomplex_msg__rosidl_typesupport_cpp.so" to ""
[14.345s] -- Installing: /home/nippun/ros2_course_test/install/complex_msg/share/complex_msg/environment/pythonpath.sh
[14.345s] -- Installing: /home/nippun/ros2_course_test/install/complex_msg/share/complex_msg/environment/pythonpath.dsv
[14.345s] -- Installing: /home/nippun/ros2_course_test/install/complex_msg/local/lib/python3.10/dist-packages/complex_msg-0.0.0-py3.10.egg-info
[14.346s] -- Installing: /home/nippun/ros2_course_test/install/complex_msg/local/lib/python3.10/dist-packages/complex_msg-0.0.0-py3.10.egg-info/PKG-INFO
[14.346s] -- Installing: /home/nippun/ros2_course_test/install/complex_msg/local/lib/python3.10/dist-packages/complex_msg-0.0.0-py3.10.egg-info/dependency_links.txt
[14.346s] -- Installing: /home/nippun/ros2_course_test/install/complex_msg/local/lib/python3.10/dist-packages/complex_msg-0.0.0-py3.10.egg-info/SOURCES.txt
[14.346s] -- Installing: /home/nippun/ros2_course_test/install/complex_msg/local/lib/python3.10/dist-packages/complex_msg-0.0.0-py3.10.egg-info/top_level.txt
[14.346s] -- Installing: /home/nippun/ros2_course_test/install/complex_msg/local/lib/python3.10/dist-packages/complex_msg
[14.346s] -- Installing: /home/nippun/ros2_course_test/install/complex_msg/local/lib/python3.10/dist-packages/complex_msg/complex_msg_s__rosidl_typesupport_introspection_c.cpython-310-x86_64-linux-gnu.so
[14.347s] -- Installing: /home/nippun/ros2_course_test/install/complex_msg/local/lib/python3.10/dist-packages/complex_msg/__init__.py
[14.347s] -- Installing: /home/nippun/ros2_course_test/install/complex_msg/local/lib/python3.10/dist-packages/complex_msg/complex_msg_s__rosidl_typesupport_fastrtps_c.cpython-310-x86_64-linux-gnu.so
[14.347s] -- Installing: /home/nippun/ros2_course_test/install/complex_msg/local/lib/python3.10/dist-packages/complex_msg/_complex_msg_s.ep.rosidl_typesupport_fastrtps_c.c
[14.348s] -- Installing: /home/nippun/ros2_course_test/install/complex_msg/local/lib/python3.10/dist-packages/complex_msg/msg
[14.348s] -- Installing: /home/nippun/ros2_course_test/install/complex_msg/local/lib/python3.10/dist-packages/complex_msg/msg/_complex_s.c
[14.348s] -- Installing: /home/nippun/ros2_course_test/install/complex_msg/local/lib/python3.10/dist-packages/complex_msg/msg/_complex.py
[14.348s] -- Installing: /home/nippun/ros2_course_test/install/complex_msg/local/lib/python3.10/dist-packages/complex_msg/msg/__init__.py
[14.348s] -- Installing: /home/nippun/ros2_course_test/install/complex_msg/local/lib/python3.10/dist-packages/complex_msg/_complex_msg_s.ep.rosidl_typesupport_introspection_c.c
[14.349s] -- Installing: /home/nippun/ros2_course_test/install/complex_msg/local/lib/python3.10/dist-packages/complex_msg/complex_msg_s__rosidl_typesupport_c.cpython-310-x86_64-linux-gnu.so
[14.349s] -- Installing: /home/nippun/ros2_course_test/install/complex_msg/local/lib/python3.10/dist-packages/complex_msg/_complex_msg_s.ep.rosidl_typesupport_c.c
[14.349s] -- Installing: /home/nippun/ros2_course_test/install/complex_msg/local/lib/python3.10/dist-packages/complex_msg/libcomplex_msg__rosidl_generator_py.so
[14.427s] Listing '/home/nippun/ros2_course_test/install/complex_msg/local/lib/python3.10/dist-packages/complex_msg'...
[14.427s] Compiling '/home/nippun/ros2_course_test/install/complex_msg/local/lib/python3.10/dist-packages/complex_msg/__init__.py'...
[14.428s] Listing '/home/nippun/ros2_course_test/install/complex_msg/local/lib/python3.10/dist-packages/complex_msg/msg'...
[14.428s] Compiling '/home/nippun/ros2_course_test/install/complex_msg/local/lib/python3.10/dist-packages/complex_msg/msg/__init__.py'...
[14.428s] Compiling '/home/nippun/ros2_course_test/install/complex_msg/local/lib/python3.10/dist-packages/complex_msg/msg/_complex.py'...
[14.434s] -- Installing: /home/nippun/ros2_course_test/install/complex_msg/local/lib/python3.10/dist-packages/complex_msg/complex_msg_s__rosidl_typesupport_fastrtps_c.cpython-310-x86_64-linux-gnu.so
[14.435s] -- Set runtime path of "/home/nippun/ros2_course_test/install/complex_msg/local/lib/python3.10/dist-packages/complex_msg/complex_msg_s__rosidl_typesupport_fastrtps_c.cpython-310-x86_64-linux-gnu.so" to ""
[14.436s] -- Installing: /home/nippun/ros2_course_test/install/complex_msg/local/lib/python3.10/dist-packages/complex_msg/complex_msg_s__rosidl_typesupport_introspection_c.cpython-310-x86_64-linux-gnu.so
[14.436s] -- Set runtime path of "/home/nippun/ros2_course_test/install/complex_msg/local/lib/python3.10/dist-packages/complex_msg/complex_msg_s__rosidl_typesupport_introspection_c.cpython-310-x86_64-linux-gnu.so" to ""
[14.437s] -- Installing: /home/nippun/ros2_course_test/install/complex_msg/local/lib/python3.10/dist-packages/complex_msg/complex_msg_s__rosidl_typesupport_c.cpython-310-x86_64-linux-gnu.so
[14.438s] -- Set runtime path of "/home/nippun/ros2_course_test/install/complex_msg/local/lib/python3.10/dist-packages/complex_msg/complex_msg_s__rosidl_typesupport_c.cpython-310-x86_64-linux-gnu.so" to ""
[14.438s] -- Installing: /home/nippun/ros2_course_test/install/complex_msg/lib/libcomplex_msg__rosidl_generator_py.so
[14.439s] -- Set runtime path of "/home/nippun/ros2_course_test/install/complex_msg/lib/libcomplex_msg__rosidl_generator_py.so" to ""
[14.439s] -- Installing: /home/nippun/ros2_course_test/install/complex_msg/share/complex_msg/msg/Complex.idl
[14.439s] -- Installing: /home/nippun/ros2_course_test/install/complex_msg/share/complex_msg/msg/Complex.msg
[14.440s] -- Installing: /home/nippun/ros2_course_test/install/complex_msg/share/ament_index/resource_index/package_run_dependencies/complex_msg
[14.440s] -- Installing: /home/nippun/ros2_course_test/install/complex_msg/share/ament_index/resource_index/parent_prefix_path/complex_msg
[14.440s] -- Installing: /home/nippun/ros2_course_test/install/complex_msg/share/complex_msg/environment/ament_prefix_path.sh
[14.441s] -- Installing: /home/nippun/ros2_course_test/install/complex_msg/share/complex_msg/environment/ament_prefix_path.dsv
[14.441s] -- Installing: /home/nippun/ros2_course_test/install/complex_msg/share/complex_msg/environment/path.sh
[14.441s] -- Installing: /home/nippun/ros2_course_test/install/complex_msg/share/complex_msg/environment/path.dsv
[14.441s] -- Installing: /home/nippun/ros2_course_test/install/complex_msg/share/complex_msg/local_setup.bash
[14.442s] -- Installing: /home/nippun/ros2_course_test/install/complex_msg/share/complex_msg/local_setup.sh
[14.442s] -- Installing: /home/nippun/ros2_course_test/install/complex_msg/share/complex_msg/local_setup.zsh
[14.442s] -- Installing: /home/nippun/ros2_course_test/install/complex_msg/share/complex_msg/local_setup.dsv
[14.443s] -- Installing: /home/nippun/ros2_course_test/install/complex_msg/share/complex_msg/package.dsv
[14.443s] -- Installing: /home/nippun/ros2_course_test/install/complex_msg/share/ament_index/resource_index/packages/complex_msg
[14.443s] -- Installing: /home/nippun/ros2_course_test/install/complex_msg/share/complex_msg/cmake/export_complex_msg__rosidl_generator_cExport.cmake
[14.444s] -- Installing: /home/nippun/ros2_course_test/install/complex_msg/share/complex_msg/cmake/export_complex_msg__rosidl_generator_cExport-noconfig.cmake
[14.444s] -- Installing: /home/nippun/ros2_course_test/install/complex_msg/share/complex_msg/cmake/export_complex_msg__rosidl_typesupport_fastrtps_cExport.cmake
[14.444s] -- Installing: /home/nippun/ros2_course_test/install/complex_msg/share/complex_msg/cmake/export_complex_msg__rosidl_typesupport_fastrtps_cExport-noconfig.cmake
[14.444s] -- Installing: /home/nippun/ros2_course_test/install/complex_msg/share/complex_msg/cmake/complex_msg__rosidl_typesupport_introspection_cExport.cmake
[14.444s] -- Installing: /home/nippun/ros2_course_test/install/complex_msg/share/complex_msg/cmake/complex_msg__rosidl_typesupport_introspection_cExport-noconfig.cmake
[14.445s] -- Installing: /home/nippun/ros2_course_test/install/complex_msg/share/complex_msg/cmake/complex_msg__rosidl_typesupport_cExport.cmake
[14.445s] -- Installing: /home/nippun/ros2_course_test/install/complex_msg/share/complex_msg/cmake/complex_msg__rosidl_typesupport_cExport-noconfig.cmake
[14.445s] -- Installing: /home/nippun/ros2_course_test/install/complex_msg/share/complex_msg/cmake/export_complex_msg__rosidl_generator_cppExport.cmake
[14.446s] -- Installing: /home/nippun/ros2_course_test/install/complex_msg/share/complex_msg/cmake/export_complex_msg__rosidl_typesupport_fastrtps_cppExport.cmake
[14.446s] -- Installing: /home/nippun/ros2_course_test/install/complex_msg/share/complex_msg/cmake/export_complex_msg__rosidl_typesupport_fastrtps_cppExport-noconfig.cmake
[14.446s] -- Installing: /home/nippun/ros2_course_test/install/complex_msg/share/complex_msg/cmake/complex_msg__rosidl_typesupport_introspection_cppExport.cmake
[14.446s] -- Installing: /home/nippun/ros2_course_test/install/complex_msg/share/complex_msg/cmake/complex_msg__rosidl_typesupport_introspection_cppExport-noconfig.cmake
[14.446s] -- Installing: /home/nippun/ros2_course_test/install/complex_msg/share/complex_msg/cmake/complex_msg__rosidl_typesupport_cppExport.cmake
[14.447s] -- Installing: /home/nippun/ros2_course_test/install/complex_msg/share/complex_msg/cmake/complex_msg__rosidl_typesupport_cppExport-noconfig.cmake
[14.447s] -- Installing: /home/nippun/ros2_course_test/install/complex_msg/share/complex_msg/cmake/export_complex_msg__rosidl_generator_pyExport.cmake
[14.447s] -- Installing: /home/nippun/ros2_course_test/install/complex_msg/share/complex_msg/cmake/export_complex_msg__rosidl_generator_pyExport-noconfig.cmake
[14.447s] -- Installing: /home/nippun/ros2_course_test/install/complex_msg/share/complex_msg/cmake/rosidl_cmake-extras.cmake
[14.448s] -- Installing: /home/nippun/ros2_course_test/install/complex_msg/share/complex_msg/cmake/ament_cmake_export_include_directories-extras.cmake
[14.448s] -- Installing: /home/nippun/ros2_course_test/install/complex_msg/share/complex_msg/cmake/ament_cmake_export_libraries-extras.cmake
[14.448s] -- Installing: /home/nippun/ros2_course_test/install/complex_msg/share/complex_msg/cmake/ament_cmake_export_targets-extras.cmake
[14.448s] -- Installing: /home/nippun/ros2_course_test/install/complex_msg/share/complex_msg/cmake/rosidl_cmake_export_typesupport_targets-extras.cmake
[14.449s] -- Installing: /home/nippun/ros2_course_test/install/complex_msg/share/complex_msg/cmake/ament_cmake_export_dependencies-extras.cmake
[14.449s] -- Installing: /home/nippun/ros2_course_test/install/complex_msg/share/complex_msg/cmake/rosidl_cmake_export_typesupport_libraries-extras.cmake
[14.449s] -- Installing: /home/nippun/ros2_course_test/install/complex_msg/share/complex_msg/cmake/complex_msgConfig.cmake
[14.449s] -- Installing: /home/nippun/ros2_course_test/install/complex_msg/share/complex_msg/cmake/complex_msgConfig-version.cmake
[14.449s] -- Installing: /home/nippun/ros2_course_test/install/complex_msg/share/complex_msg/package.xml
[14.453s] Invoked command in '/home/nippun/ros2_course_test/build/complex_msg' returned '0': CMAKE_PREFIX_PATH=/home/nippun/ros2_course_test/install/turtlesim_control:/home/nippun/ros2_course_test/install/talker_listener:/home/nippun/ros2_course_test/install/my_first_package:/home/nippun/ros2_ws/install/tele_op:/home/nippun/ros2_ws/install/talker_listner:/home/nippun/ros2_ws/install/my_first_package:/home/nippun/ros2_ws/install/example:/home/nippun/ros2_course_ws/install/my_first_package:/opt/ros/humble /usr/bin/cmake --install /home/nippun/ros2_course_test/build/complex_msg
