[1.377s] Invoking command in '/home/nippun/ros2_course_test/src/turtlebot3_basic': PYTHONPATH=/home/nippun/ros2_course_test/build/turtlebot3_basic/prefix_override:/home/nippun/ros2_course_test/install/turtlebot3_basic/lib/python3.10/site-packages:${PYTHONPATH} /usr/bin/python3 setup.py egg_info --egg-base ../../build/turtlebot3_basic build --build-base /home/nippun/ros2_course_test/build/turtlebot3_basic/build install --record /home/nippun/ros2_course_test/build/turtlebot3_basic/install.log --single-version-externally-managed
[1.947s] running egg_info
[1.948s] writing ../../build/turtlebot3_basic/turtlebot3_basic.egg-info/PKG-INFO
[1.949s] writing dependency_links to ../../build/turtlebot3_basic/turtlebot3_basic.egg-info/dependency_links.txt
[1.949s] writing entry points to ../../build/turtlebot3_basic/turtlebot3_basic.egg-info/entry_points.txt
[1.949s] writing requirements to ../../build/turtlebot3_basic/turtlebot3_basic.egg-info/requires.txt
[1.949s] writing top-level names to ../../build/turtlebot3_basic/turtlebot3_basic.egg-info/top_level.txt
[1.952s] reading manifest file '../../build/turtlebot3_basic/turtlebot3_basic.egg-info/SOURCES.txt'
[1.955s] writing manifest file '../../build/turtlebot3_basic/turtlebot3_basic.egg-info/SOURCES.txt'
[1.955s] running build
[1.955s] running build_py
[1.956s] copying turtlebot3_basic/obs_detection.py -> /home/nippun/ros2_course_test/build/turtlebot3_basic/build/lib/turtlebot3_basic
[1.956s] running install
[1.957s] running install_lib
[1.959s] copying /home/nippun/ros2_course_test/build/turtlebot3_basic/build/lib/turtlebot3_basic/obs_detection.py -> /home/nippun/ros2_course_test/install/turtlebot3_basic/lib/python3.10/site-packages/turtlebot3_basic
[1.960s] byte-compiling /home/nippun/ros2_course_test/install/turtlebot3_basic/lib/python3.10/site-packages/turtlebot3_basic/obs_detection.py to obs_detection.cpython-310.pyc
[1.961s] running install_data
[1.963s] running install_egg_info
[1.967s] removing '/home/nippun/ros2_course_test/install/turtlebot3_basic/lib/python3.10/site-packages/turtlebot3_basic-0.0.0-py3.10.egg-info' (and everything under it)
[1.968s] Copying ../../build/turtlebot3_basic/turtlebot3_basic.egg-info to /home/nippun/ros2_course_test/install/turtlebot3_basic/lib/python3.10/site-packages/turtlebot3_basic-0.0.0-py3.10.egg-info
[1.970s] running install_scripts
[2.011s] Installing obs_detection_node script to /home/nippun/ros2_course_test/install/turtlebot3_basic/lib/turtlebot3_basic
[2.012s] Installing start_stop_node script to /home/nippun/ros2_course_test/install/turtlebot3_basic/lib/turtlebot3_basic
[2.012s] writing list of installed files to '/home/nippun/ros2_course_test/build/turtlebot3_basic/install.log'
[2.064s] Invoked command in '/home/nippun/ros2_course_test/src/turtlebot3_basic' returned '0': PYTHONPATH=/home/nippun/ros2_course_test/build/turtlebot3_basic/prefix_override:/home/nippun/ros2_course_test/install/turtlebot3_basic/lib/python3.10/site-packages:${PYTHONPATH} /usr/bin/python3 setup.py egg_info --egg-base ../../build/turtlebot3_basic build --build-base /home/nippun/ros2_course_test/build/turtlebot3_basic/build install --record /home/nippun/ros2_course_test/build/turtlebot3_basic/install.log --single-version-externally-managed
