[1.420s] Invoking command in '/home/nippun/ros2_course_test/src/cougerbot': PYTHONPATH=/home/nippun/ros2_course_test/build/cougerbot/prefix_override:/home/nippun/ros2_course_test/install/cougerbot/lib/python3.10/site-packages:${PYTHONPATH} /usr/bin/python3 setup.py egg_info --egg-base ../../build/cougerbot build --build-base /home/nippun/ros2_course_test/build/cougerbot/build install --record /home/nippun/ros2_course_test/build/cougerbot/install.log --single-version-externally-managed
[1.959s] running egg_info
[1.960s] writing ../../build/cougerbot/cougerbot.egg-info/PKG-INFO
[1.961s] writing dependency_links to ../../build/cougerbot/cougerbot.egg-info/dependency_links.txt
[1.961s] writing entry points to ../../build/cougerbot/cougerbot.egg-info/entry_points.txt
[1.961s] writing requirements to ../../build/cougerbot/cougerbot.egg-info/requires.txt
[1.962s] writing top-level names to ../../build/cougerbot/cougerbot.egg-info/top_level.txt
[1.966s] reading manifest file '../../build/cougerbot/cougerbot.egg-info/SOURCES.txt'
[1.969s] writing manifest file '../../build/cougerbot/cougerbot.egg-info/SOURCES.txt'
[1.969s] running build
[1.969s] running build_py
[1.969s] copying cougerbot/cougerbot_spawn_client.py -> /home/nippun/ros2_course_test/build/cougerbot/build/lib/cougerbot
[1.969s] running install
[1.970s] running install_lib
[1.972s] copying /home/nippun/ros2_course_test/build/cougerbot/build/lib/cougerbot/cougerbot_spawn_client.py -> /home/nippun/ros2_course_test/install/cougerbot/lib/python3.10/site-packages/cougerbot
[1.974s] byte-compiling /home/nippun/ros2_course_test/install/cougerbot/lib/python3.10/site-packages/cougerbot/cougerbot_spawn_client.py to cougerbot_spawn_client.cpython-310.pyc
[1.975s] running install_data
[1.976s] copying launch/cougerbot_launch.xml -> /home/nippun/ros2_course_test/install/cougerbot/share/cougerbot
[1.977s] running install_egg_info
[1.981s] removing '/home/nippun/ros2_course_test/install/cougerbot/lib/python3.10/site-packages/cougerbot-0.0.0-py3.10.egg-info' (and everything under it)
[1.982s] Copying ../../build/cougerbot/cougerbot.egg-info to /home/nippun/ros2_course_test/install/cougerbot/lib/python3.10/site-packages/cougerbot-0.0.0-py3.10.egg-info
[1.983s] running install_scripts
[2.017s] Installing spawn_cougerbot script to /home/nippun/ros2_course_test/install/cougerbot/lib/cougerbot
[2.017s] writing list of installed files to '/home/nippun/ros2_course_test/build/cougerbot/install.log'
[2.060s] Invoked command in '/home/nippun/ros2_course_test/src/cougerbot' returned '0': PYTHONPATH=/home/nippun/ros2_course_test/build/cougerbot/prefix_override:/home/nippun/ros2_course_test/install/cougerbot/lib/python3.10/site-packages:${PYTHONPATH} /usr/bin/python3 setup.py egg_info --egg-base ../../build/cougerbot build --build-base /home/nippun/ros2_course_test/build/cougerbot/build install --record /home/nippun/ros2_course_test/build/cougerbot/install.log --single-version-externally-managed
