[1.511s] Invoking command in '/home/nippun/ros2_course_test/src/cougerbot': PYTHONPATH=/home/nippun/ros2_course_test/build/cougerbot/prefix_override:/home/nippun/ros2_course_test/install/cougerbot/lib/python3.10/site-packages:${PYTHONPATH} /usr/bin/python3 setup.py egg_info --egg-base ../../build/cougerbot build --build-base /home/nippun/ros2_course_test/build/cougerbot/build install --record /home/nippun/ros2_course_test/build/cougerbot/install.log --single-version-externally-managed
[2.070s] running egg_info
[2.072s] writing ../../build/cougerbot/cougerbot.egg-info/PKG-INFO
[2.072s] writing dependency_links to ../../build/cougerbot/cougerbot.egg-info/dependency_links.txt
[2.072s] writing entry points to ../../build/cougerbot/cougerbot.egg-info/entry_points.txt
[2.073s] writing requirements to ../../build/cougerbot/cougerbot.egg-info/requires.txt
[2.073s] writing top-level names to ../../build/cougerbot/cougerbot.egg-info/top_level.txt
[2.078s] reading manifest file '../../build/cougerbot/cougerbot.egg-info/SOURCES.txt'
[2.080s] writing manifest file '../../build/cougerbot/cougerbot.egg-info/SOURCES.txt'
[2.080s] running build
[2.080s] running build_py
[2.081s] running install
[2.081s] running install_lib
[2.085s] running install_data
[2.086s] copying launch/cougerbot_launch.xml -> /home/nippun/ros2_course_test/install/cougerbot/share/cougerbot
[2.087s] running install_egg_info
[2.091s] removing '/home/nippun/ros2_course_test/install/cougerbot/lib/python3.10/site-packages/cougerbot-0.0.0-py3.10.egg-info' (and everything under it)
[2.091s] Copying ../../build/cougerbot/cougerbot.egg-info to /home/nippun/ros2_course_test/install/cougerbot/lib/python3.10/site-packages/cougerbot-0.0.0-py3.10.egg-info
[2.093s] running install_scripts
[2.126s] Installing spawn_cougerbot script to /home/nippun/ros2_course_test/install/cougerbot/lib/cougerbot
[2.127s] writing list of installed files to '/home/nippun/ros2_course_test/build/cougerbot/install.log'
[2.171s] Invoked command in '/home/nippun/ros2_course_test/src/cougerbot' returned '0': PYTHONPATH=/home/nippun/ros2_course_test/build/cougerbot/prefix_override:/home/nippun/ros2_course_test/install/cougerbot/lib/python3.10/site-packages:${PYTHONPATH} /usr/bin/python3 setup.py egg_info --egg-base ../../build/cougerbot build --build-base /home/nippun/ros2_course_test/build/cougerbot/build install --record /home/nippun/ros2_course_test/build/cougerbot/install.log --single-version-externally-managed
