[1.235s] Invoking command in '/home/nippun/ros2_course_test/src/complex_talker_listener': LD_LIBRARY_PATH=/home/nippun/ros2_course_test/install/complex_msg/lib:/home/nippun/usr/lib:/home/nippun/usr/lib/x86_64-linux-gnu:/usr/local/lib:/usr/local/lib64:/home/nippun/usr/lib:/home/nippun/usr/lib/x86_64-linux-gnu:/usr/local/lib:/usr/local/lib64:/home/nippun/usr/lib:/home/nippun/usr/lib/x86_64-linux-gnu:/usr/local/lib:/usr/local/lib64:/opt/ros/humble/opt/rviz_ogre_vendor/lib:/opt/ros/humble/lib/x86_64-linux-gnu:/opt/ros/humble/lib:/home/nippun/usr/lib:/home/nippun/usr/lib/x86_64-linux-gnu:/usr/local/lib:/usr/local/lib64 PYTHONPATH=/home/nippun/ros2_course_test/build/complex_talker_listener/prefix_override:/home/nippun/ros2_course_test/install/complex_talker_listener/lib/python3.10/site-packages:${PYTHONPATH} /usr/bin/python3 setup.py egg_info --egg-base ../../build/complex_talker_listener build --build-base /home/nippun/ros2_course_test/build/complex_talker_listener/build install --record /home/nippun/ros2_course_test/build/complex_talker_listener/install.log --single-version-externally-managed
[1.693s] running egg_info
[1.694s] writing ../../build/complex_talker_listener/complex_talker_listener.egg-info/PKG-INFO
[1.694s] writing dependency_links to ../../build/complex_talker_listener/complex_talker_listener.egg-info/dependency_links.txt
[1.695s] writing entry points to ../../build/complex_talker_listener/complex_talker_listener.egg-info/entry_points.txt
[1.695s] writing requirements to ../../build/complex_talker_listener/complex_talker_listener.egg-info/requires.txt
[1.695s] writing top-level names to ../../build/complex_talker_listener/complex_talker_listener.egg-info/top_level.txt
[1.698s] reading manifest file '../../build/complex_talker_listener/complex_talker_listener.egg-info/SOURCES.txt'
[1.699s] writing manifest file '../../build/complex_talker_listener/complex_talker_listener.egg-info/SOURCES.txt'
[1.699s] running build
[1.699s] running build_py
[1.700s] copying complex_talker_listener/subscriber.py -> /home/nippun/ros2_course_test/build/complex_talker_listener/build/lib/complex_talker_listener
[1.700s] running install
[1.700s] running install_lib
[1.702s] copying /home/nippun/ros2_course_test/build/complex_talker_listener/build/lib/complex_talker_listener/subscriber.py -> /home/nippun/ros2_course_test/install/complex_talker_listener/lib/python3.10/site-packages/complex_talker_listener
[1.703s] byte-compiling /home/nippun/ros2_course_test/install/complex_talker_listener/lib/python3.10/site-packages/complex_talker_listener/subscriber.py to subscriber.cpython-310.pyc
[1.703s] running install_data
[1.704s] running install_egg_info
[1.707s] removing '/home/nippun/ros2_course_test/install/complex_talker_listener/lib/python3.10/site-packages/complex_talker_listener-0.0.0-py3.10.egg-info' (and everything under it)
[1.707s] Copying ../../build/complex_talker_listener/complex_talker_listener.egg-info to /home/nippun/ros2_course_test/install/complex_talker_listener/lib/python3.10/site-packages/complex_talker_listener-0.0.0-py3.10.egg-info
[1.708s] running install_scripts
[1.736s] Installing listener script to /home/nippun/ros2_course_test/install/complex_talker_listener/lib/complex_talker_listener
[1.736s] Installing talker script to /home/nippun/ros2_course_test/install/complex_talker_listener/lib/complex_talker_listener
[1.737s] writing list of installed files to '/home/nippun/ros2_course_test/build/complex_talker_listener/install.log'
[1.783s] Invoked command in '/home/nippun/ros2_course_test/src/complex_talker_listener' returned '0': LD_LIBRARY_PATH=/home/nippun/ros2_course_test/install/complex_msg/lib:/home/nippun/usr/lib:/home/nippun/usr/lib/x86_64-linux-gnu:/usr/local/lib:/usr/local/lib64:/home/nippun/usr/lib:/home/nippun/usr/lib/x86_64-linux-gnu:/usr/local/lib:/usr/local/lib64:/home/nippun/usr/lib:/home/nippun/usr/lib/x86_64-linux-gnu:/usr/local/lib:/usr/local/lib64:/opt/ros/humble/opt/rviz_ogre_vendor/lib:/opt/ros/humble/lib/x86_64-linux-gnu:/opt/ros/humble/lib:/home/nippun/usr/lib:/home/nippun/usr/lib/x86_64-linux-gnu:/usr/local/lib:/usr/local/lib64 PYTHONPATH=/home/nippun/ros2_course_test/build/complex_talker_listener/prefix_override:/home/nippun/ros2_course_test/install/complex_talker_listener/lib/python3.10/site-packages:${PYTHONPATH} /usr/bin/python3 setup.py egg_info --egg-base ../../build/complex_talker_listener build --build-base /home/nippun/ros2_course_test/build/complex_talker_listener/build install --record /home/nippun/ros2_course_test/build/complex_talker_listener/install.log --single-version-externally-managed
