[3.679s] Invoking command in '/home/nippun/ros2_course_test/src/cougerbot': PYTHONPATH=/home/nippun/ros2_course_test/build/cougerbot/prefix_override:/home/nippun/ros2_course_test/install/cougerbot/lib/python3.10/site-packages:${PYTHONPATH} /usr/bin/python3 setup.py egg_info --egg-base ../../build/cougerbot build --build-base /home/nippun/ros2_course_test/build/cougerbot/build install --record /home/nippun/ros2_course_test/build/cougerbot/install.log --single-version-externally-managed
[4.177s] running egg_info
[4.179s] writing ../../build/cougerbot/cougerbot.egg-info/PKG-INFO
[4.179s] writing dependency_links to ../../build/cougerbot/cougerbot.egg-info/dependency_links.txt
[4.179s] writing entry points to ../../build/cougerbot/cougerbot.egg-info/entry_points.txt
[4.180s] writing requirements to ../../build/cougerbot/cougerbot.egg-info/requires.txt
[4.180s] writing top-level names to ../../build/cougerbot/cougerbot.egg-info/top_level.txt
[4.185s] reading manifest file '../../build/cougerbot/cougerbot.egg-info/SOURCES.txt'
[4.187s] writing manifest file '../../build/cougerbot/cougerbot.egg-info/SOURCES.txt'
[4.187s] running build
[4.187s] running build_py
[4.188s] running install
[4.188s] running install_lib
[4.192s] running install_data
[4.193s] copying launch/cougerbot_launch.xml -> /home/nippun/ros2_course_test/install/cougerbot/share/cougerbot
[4.194s] copying config/controllers.yaml -> /home/nippun/ros2_course_test/install/cougerbot/share/cougerbot/config
[4.194s] running install_egg_info
[4.198s] removing '/home/nippun/ros2_course_test/install/cougerbot/lib/python3.10/site-packages/cougerbot-0.0.0-py3.10.egg-info' (and everything under it)
[4.199s] Copying ../../build/cougerbot/cougerbot.egg-info to /home/nippun/ros2_course_test/install/cougerbot/lib/python3.10/site-packages/cougerbot-0.0.0-py3.10.egg-info
[4.200s] running install_scripts
[4.237s] Installing spawn_cougerbot script to /home/nippun/ros2_course_test/install/cougerbot/lib/cougerbot
[4.238s] writing list of installed files to '/home/nippun/ros2_course_test/build/cougerbot/install.log'
[4.277s] Invoked command in '/home/nippun/ros2_course_test/src/cougerbot' returned '0': PYTHONPATH=/home/nippun/ros2_course_test/build/cougerbot/prefix_override:/home/nippun/ros2_course_test/install/cougerbot/lib/python3.10/site-packages:${PYTHONPATH} /usr/bin/python3 setup.py egg_info --egg-base ../../build/cougerbot build --build-base /home/nippun/ros2_course_test/build/cougerbot/build install --record /home/nippun/ros2_course_test/build/cougerbot/install.log --single-version-externally-managed
