[3.532s] Invoking command in '/home/nippun/ros2_course_test/src/cougerbot': PYTHONPATH=/home/nippun/ros2_course_test/build/cougerbot/prefix_override:/home/nippun/ros2_course_test/install/cougerbot/lib/python3.10/site-packages:${PYTHONPATH} /usr/bin/python3 setup.py egg_info --egg-base ../../build/cougerbot build --build-base /home/nippun/ros2_course_test/build/cougerbot/build install --record /home/nippun/ros2_course_test/build/cougerbot/install.log --single-version-externally-managed
[4.148s] running egg_info
[4.150s] writing ../../build/cougerbot/cougerbot.egg-info/PKG-INFO
[4.150s] writing dependency_links to ../../build/cougerbot/cougerbot.egg-info/dependency_links.txt
[4.151s] writing entry points to ../../build/cougerbot/cougerbot.egg-info/entry_points.txt
[4.151s] writing requirements to ../../build/cougerbot/cougerbot.egg-info/requires.txt
[4.151s] writing top-level names to ../../build/cougerbot/cougerbot.egg-info/top_level.txt
[4.156s] reading manifest file '../../build/cougerbot/cougerbot.egg-info/SOURCES.txt'
[4.194s] writing manifest file '../../build/cougerbot/cougerbot.egg-info/SOURCES.txt'
[4.194s] running build
[4.195s] running build_py
[4.195s] copying cougerbot/cougerbot_spawn_client.py -> /home/nippun/ros2_course_test/build/cougerbot/build/lib/cougerbot
[4.195s] running install
[4.196s] running install_lib
[4.197s] copying /home/nippun/ros2_course_test/build/cougerbot/build/lib/cougerbot/cougerbot_spawn_client.py -> /home/nippun/ros2_course_test/install/cougerbot/lib/python3.10/site-packages/cougerbot
[4.199s] byte-compiling /home/nippun/ros2_course_test/install/cougerbot/lib/python3.10/site-packages/cougerbot/cougerbot_spawn_client.py to cougerbot_spawn_client.cpython-310.pyc
[4.201s] running install_data
[4.204s] running install_egg_info
[4.208s] removing '/home/nippun/ros2_course_test/install/cougerbot/lib/python3.10/site-packages/cougerbot-0.0.0-py3.10.egg-info' (and everything under it)
[4.208s] Copying ../../build/cougerbot/cougerbot.egg-info to /home/nippun/ros2_course_test/install/cougerbot/lib/python3.10/site-packages/cougerbot-0.0.0-py3.10.egg-info
[4.225s] running install_scripts
[4.265s] Installing spawn_cougerbot script to /home/nippun/ros2_course_test/install/cougerbot/lib/cougerbot
[4.265s] writing list of installed files to '/home/nippun/ros2_course_test/build/cougerbot/install.log'
[4.309s] Invoked command in '/home/nippun/ros2_course_test/src/cougerbot' returned '0': PYTHONPATH=/home/nippun/ros2_course_test/build/cougerbot/prefix_override:/home/nippun/ros2_course_test/install/cougerbot/lib/python3.10/site-packages:${PYTHONPATH} /usr/bin/python3 setup.py egg_info --egg-base ../../build/cougerbot build --build-base /home/nippun/ros2_course_test/build/cougerbot/build install --record /home/nippun/ros2_course_test/build/cougerbot/install.log --single-version-externally-managed
