[1.366s] Invoking command in '/home/nippun/ros2_course_test/src/teleopbot': PYTHONPATH=/home/nippun/ros2_course_test/build/teleopbot/prefix_override:/home/nippun/ros2_course_test/install/teleopbot/lib/python3.10/site-packages:${PYTHONPATH} /usr/bin/python3 setup.py egg_info --egg-base ../../build/teleopbot build --build-base /home/nippun/ros2_course_test/build/teleopbot/build install --record /home/nippun/ros2_course_test/build/teleopbot/install.log --single-version-externally-managed
[1.873s] running egg_info
[1.873s] writing ../../build/teleopbot/teleopbot.egg-info/PKG-INFO
[1.874s] writing dependency_links to ../../build/teleopbot/teleopbot.egg-info/dependency_links.txt
[1.874s] writing entry points to ../../build/teleopbot/teleopbot.egg-info/entry_points.txt
[1.875s] writing requirements to ../../build/teleopbot/teleopbot.egg-info/requires.txt
[1.875s] writing top-level names to ../../build/teleopbot/teleopbot.egg-info/top_level.txt
[1.877s] reading manifest file '../../build/teleopbot/teleopbot.egg-info/SOURCES.txt'
[1.879s] writing manifest file '../../build/teleopbot/teleopbot.egg-info/SOURCES.txt'
[1.879s] running build
[1.879s] running build_py
[1.880s] running install
[1.880s] running install_lib
[1.882s] running install_data
[1.883s] running install_egg_info
[1.885s] removing '/home/nippun/ros2_course_test/install/teleopbot/lib/python3.10/site-packages/teleopbot-0.0.0-py3.10.egg-info' (and everything under it)
[1.886s] Copying ../../build/teleopbot/teleopbot.egg-info to /home/nippun/ros2_course_test/install/teleopbot/lib/python3.10/site-packages/teleopbot-0.0.0-py3.10.egg-info
[1.887s] running install_scripts
[1.916s] Installing keyboard_driver script to /home/nippun/ros2_course_test/install/teleopbot/lib/teleopbot
[1.916s] Installing teleop_node script to /home/nippun/ros2_course_test/install/teleopbot/lib/teleopbot
[1.917s] writing list of installed files to '/home/nippun/ros2_course_test/build/teleopbot/install.log'
[1.962s] Invoked command in '/home/nippun/ros2_course_test/src/teleopbot' returned '0': PYTHONPATH=/home/nippun/ros2_course_test/build/teleopbot/prefix_override:/home/nippun/ros2_course_test/install/teleopbot/lib/python3.10/site-packages:${PYTHONPATH} /usr/bin/python3 setup.py egg_info --egg-base ../../build/teleopbot build --build-base /home/nippun/ros2_course_test/build/teleopbot/build install --record /home/nippun/ros2_course_test/build/teleopbot/install.log --single-version-externally-managed
