[1.198s] Invoking command in '/home/nippun/ros2_course_test/src/word_count': PYTHONPATH=/home/nippun/ros2_course_test/build/word_count/prefix_override:/home/nippun/ros2_course_test/install/word_count/lib/python3.10/site-packages:${PYTHONPATH} /usr/bin/python3 setup.py egg_info --egg-base ../../build/word_count build --build-base /home/nippun/ros2_course_test/build/word_count/build install --record /home/nippun/ros2_course_test/build/word_count/install.log --single-version-externally-managed
[1.643s] running egg_info
[1.644s] writing ../../build/word_count/word_count.egg-info/PKG-INFO
[1.644s] writing dependency_links to ../../build/word_count/word_count.egg-info/dependency_links.txt
[1.645s] writing entry points to ../../build/word_count/word_count.egg-info/entry_points.txt
[1.645s] writing requirements to ../../build/word_count/word_count.egg-info/requires.txt
[1.645s] writing top-level names to ../../build/word_count/word_count.egg-info/top_level.txt
[1.648s] reading manifest file '../../build/word_count/word_count.egg-info/SOURCES.txt'
[1.650s] writing manifest file '../../build/word_count/word_count.egg-info/SOURCES.txt'
[1.650s] running build
[1.650s] running build_py
[1.650s] running install
[1.651s] running install_lib
[1.653s] running install_data
[1.653s] running install_egg_info
[1.655s] removing '/home/nippun/ros2_course_test/install/word_count/lib/python3.10/site-packages/word_count-0.0.0-py3.10.egg-info' (and everything under it)
[1.656s] Copying ../../build/word_count/word_count.egg-info to /home/nippun/ros2_course_test/install/word_count/lib/python3.10/site-packages/word_count-0.0.0-py3.10.egg-info
[1.657s] running install_scripts
[1.684s] Installing word_count_client script to /home/nippun/ros2_course_test/install/word_count/lib/word_count
[1.685s] Installing word_count_service script to /home/nippun/ros2_course_test/install/word_count/lib/word_count
[1.685s] writing list of installed files to '/home/nippun/ros2_course_test/build/word_count/install.log'
[1.728s] Invoked command in '/home/nippun/ros2_course_test/src/word_count' returned '0': PYTHONPATH=/home/nippun/ros2_course_test/build/word_count/prefix_override:/home/nippun/ros2_course_test/install/word_count/lib/python3.10/site-packages:${PYTHONPATH} /usr/bin/python3 setup.py egg_info --egg-base ../../build/word_count build --build-base /home/nippun/ros2_course_test/build/word_count/build install --record /home/nippun/ros2_course_test/build/word_count/install.log --single-version-externally-managed
