-- Found ament_cmake: 1.3.3 (/opt/ros/humble/share/ament_cmake/cmake)
-- Found std_msgs: 4.2.3 (/opt/ros/humble/share/std_msgs/cmake)
-- Found rosidl_generator_c: 3.1.4 (/opt/ros/humble/share/rosidl_generator_c/cmake)
-- Found rosidl_adapter: 3.1.4 (/opt/ros/humble/share/rosidl_adapter/cmake)
-- Found rosidl_generator_cpp: 3.1.4 (/opt/ros/humble/share/rosidl_generator_cpp/cmake)
-- Using all available rosidl_typesupport_c: rosidl_typesupport_fastrtps_c;rosidl_typesupport_introspection_c
-- Using all available rosidl_typesupport_cpp: rosidl_typesupport_fastrtps_cpp;rosidl_typesupport_introspection_cpp
-- Found ament_lint_auto: 0.12.5 (/opt/ros/humble/share/ament_lint_auto/cmake)
-- Added test 'lint_cmake' to check CMake code style
-- Added test 'xmllint' to check XML markup files
-- Configuring done
-- Generating done
-- Build files have been written to: /home/nippun/ros2_course_test/build/timer_action_interface
-- Install configuration: ""
-- Installing: /home/nippun/ros2_course_test/install/timer_action_interface/share/ament_index/resource_index/package_run_dependencies/timer_action_interface
-- Up-to-date: /home/nippun/ros2_course_test/install/timer_action_interface/share/ament_index/resource_index/parent_prefix_path/timer_action_interface
-- Up-to-date: /home/nippun/ros2_course_test/install/timer_action_interface/share/timer_action_interface/environment/ament_prefix_path.sh
-- Installing: /home/nippun/ros2_course_test/install/timer_action_interface/share/timer_action_interface/environment/ament_prefix_path.dsv
-- Up-to-date: /home/nippun/ros2_course_test/install/timer_action_interface/share/timer_action_interface/environment/path.sh
-- Installing: /home/nippun/ros2_course_test/install/timer_action_interface/share/timer_action_interface/environment/path.dsv
-- Up-to-date: /home/nippun/ros2_course_test/install/timer_action_interface/share/timer_action_interface/local_setup.bash
-- Installing: /home/nippun/ros2_course_test/install/timer_action_interface/share/timer_action_interface/local_setup.sh
-- Up-to-date: /home/nippun/ros2_course_test/install/timer_action_interface/share/timer_action_interface/local_setup.zsh
-- Installing: /home/nippun/ros2_course_test/install/timer_action_interface/share/timer_action_interface/local_setup.dsv
-- Installing: /home/nippun/ros2_course_test/install/timer_action_interface/share/timer_action_interface/package.dsv
-- Up-to-date: /home/nippun/ros2_course_test/install/timer_action_interface/share/ament_index/resource_index/packages/timer_action_interface
-- Installing: /home/nippun/ros2_course_test/install/timer_action_interface/share/timer_action_interface/cmake/timer_action_interfaceConfig.cmake
-- Up-to-date: /home/nippun/ros2_course_test/install/timer_action_interface/share/timer_action_interface/cmake/timer_action_interfaceConfig-version.cmake
-- Installing: /home/nippun/ros2_course_test/install/timer_action_interface/share/timer_action_interface/package.xml
