[0.024s] Invoking command in '/home/nippun/ros2_course_test/build/timer_action_interface': CMAKE_PREFIX_PATH=${CMAKE_PREFIX_PATH}:/home/nippun/ros2_course_test/install/word_count:/home/nippun/ros2_course_test/install/turtlesim_control:/home/nippun/ros2_course_test/install/talker_listener:/home/nippun/ros2_course_test/install/my_first_package:/home/nippun/ros2_course_test/install/complex_talker_listener:/home/nippun/ros2_course_test/install/adding_integers:/home/nippun/ros2_ws/install/tele_op:/home/nippun/ros2_ws/install/talker_listner:/home/nippun/ros2_ws/install/my_first_package:/home/nippun/ros2_ws/install/example:/home/nippun/ros2_course_ws/install/my_first_package:/home/nippun/ros2_course_ws/install/complex_talker_listener:/opt/ros/humble /usr/bin/cmake --build /home/nippun/ros2_course_test/build/timer_action_interface -- -j4 -l4
[0.061s] -- Found ament_cmake: 1.3.3 (/opt/ros/humble/share/ament_cmake/cmake)
[0.319s] -- Found std_msgs: 4.2.3 (/opt/ros/humble/share/std_msgs/cmake)
[0.398s] -- Found rosidl_generator_c: 3.1.4 (/opt/ros/humble/share/rosidl_generator_c/cmake)
[0.402s] -- Found rosidl_adapter: 3.1.4 (/opt/ros/humble/share/rosidl_adapter/cmake)
[0.411s] -- Found rosidl_generator_cpp: 3.1.4 (/opt/ros/humble/share/rosidl_generator_cpp/cmake)
[0.430s] -- Using all available rosidl_typesupport_c: rosidl_typesupport_fastrtps_c;rosidl_typesupport_introspection_c
[0.462s] -- Using all available rosidl_typesupport_cpp: rosidl_typesupport_fastrtps_cpp;rosidl_typesupport_introspection_cpp
[0.559s] -- Found ament_lint_auto: 0.12.5 (/opt/ros/humble/share/ament_lint_auto/cmake)
[0.681s] -- Added test 'lint_cmake' to check CMake code style
[0.682s] -- Added test 'xmllint' to check XML markup files
[0.683s] -- Configuring done
[0.689s] -- Generating done
[0.691s] -- Build files have been written to: /home/nippun/ros2_course_test/build/timer_action_interface
[0.722s] Invoked command in '/home/nippun/ros2_course_test/build/timer_action_interface' returned '0': CMAKE_PREFIX_PATH=${CMAKE_PREFIX_PATH}:/home/nippun/ros2_course_test/install/word_count:/home/nippun/ros2_course_test/install/turtlesim_control:/home/nippun/ros2_course_test/install/talker_listener:/home/nippun/ros2_course_test/install/my_first_package:/home/nippun/ros2_course_test/install/complex_talker_listener:/home/nippun/ros2_course_test/install/adding_integers:/home/nippun/ros2_ws/install/tele_op:/home/nippun/ros2_ws/install/talker_listner:/home/nippun/ros2_ws/install/my_first_package:/home/nippun/ros2_ws/install/example:/home/nippun/ros2_course_ws/install/my_first_package:/home/nippun/ros2_course_ws/install/complex_talker_listener:/opt/ros/humble /usr/bin/cmake --build /home/nippun/ros2_course_test/build/timer_action_interface -- -j4 -l4
[0.764s] Invoking command in '/home/nippun/ros2_course_test/build/timer_action_interface': CMAKE_PREFIX_PATH=${CMAKE_PREFIX_PATH}:/home/nippun/ros2_course_test/install/word_count:/home/nippun/ros2_course_test/install/turtlesim_control:/home/nippun/ros2_course_test/install/talker_listener:/home/nippun/ros2_course_test/install/my_first_package:/home/nippun/ros2_course_test/install/complex_talker_listener:/home/nippun/ros2_course_test/install/adding_integers:/home/nippun/ros2_ws/install/tele_op:/home/nippun/ros2_ws/install/talker_listner:/home/nippun/ros2_ws/install/my_first_package:/home/nippun/ros2_ws/install/example:/home/nippun/ros2_course_ws/install/my_first_package:/home/nippun/ros2_course_ws/install/complex_talker_listener:/opt/ros/humble /usr/bin/cmake --install /home/nippun/ros2_course_test/build/timer_action_interface
[0.774s] -- Install configuration: ""
[0.774s] -- Installing: /home/nippun/ros2_course_test/install/timer_action_interface/share/ament_index/resource_index/package_run_dependencies/timer_action_interface
[0.775s] -- Up-to-date: /home/nippun/ros2_course_test/install/timer_action_interface/share/ament_index/resource_index/parent_prefix_path/timer_action_interface
[0.775s] -- Up-to-date: /home/nippun/ros2_course_test/install/timer_action_interface/share/timer_action_interface/environment/ament_prefix_path.sh
[0.775s] -- Installing: /home/nippun/ros2_course_test/install/timer_action_interface/share/timer_action_interface/environment/ament_prefix_path.dsv
[0.775s] -- Up-to-date: /home/nippun/ros2_course_test/install/timer_action_interface/share/timer_action_interface/environment/path.sh
[0.776s] -- Installing: /home/nippun/ros2_course_test/install/timer_action_interface/share/timer_action_interface/environment/path.dsv
[0.776s] -- Up-to-date: /home/nippun/ros2_course_test/install/timer_action_interface/share/timer_action_interface/local_setup.bash
[0.776s] -- Installing: /home/nippun/ros2_course_test/install/timer_action_interface/share/timer_action_interface/local_setup.sh
[0.776s] -- Up-to-date: /home/nippun/ros2_course_test/install/timer_action_interface/share/timer_action_interface/local_setup.zsh
[0.776s] -- Installing: /home/nippun/ros2_course_test/install/timer_action_interface/share/timer_action_interface/local_setup.dsv
[0.777s] -- Installing: /home/nippun/ros2_course_test/install/timer_action_interface/share/timer_action_interface/package.dsv
[0.777s] -- Up-to-date: /home/nippun/ros2_course_test/install/timer_action_interface/share/ament_index/resource_index/packages/timer_action_interface
[0.777s] -- Installing: /home/nippun/ros2_course_test/install/timer_action_interface/share/timer_action_interface/cmake/timer_action_interfaceConfig.cmake
[0.777s] -- Up-to-date: /home/nippun/ros2_course_test/install/timer_action_interface/share/timer_action_interface/cmake/timer_action_interfaceConfig-version.cmake
[0.777s] -- Installing: /home/nippun/ros2_course_test/install/timer_action_interface/share/timer_action_interface/package.xml
[0.780s] Invoked command in '/home/nippun/ros2_course_test/build/timer_action_interface' returned '0': CMAKE_PREFIX_PATH=${CMAKE_PREFIX_PATH}:/home/nippun/ros2_course_test/install/word_count:/home/nippun/ros2_course_test/install/turtlesim_control:/home/nippun/ros2_course_test/install/talker_listener:/home/nippun/ros2_course_test/install/my_first_package:/home/nippun/ros2_course_test/install/complex_talker_listener:/home/nippun/ros2_course_test/install/adding_integers:/home/nippun/ros2_ws/install/tele_op:/home/nippun/ros2_ws/install/talker_listner:/home/nippun/ros2_ws/install/my_first_package:/home/nippun/ros2_ws/install/example:/home/nippun/ros2_course_ws/install/my_first_package:/home/nippun/ros2_course_ws/install/complex_talker_listener:/opt/ros/humble /usr/bin/cmake --install /home/nippun/ros2_course_test/build/timer_action_interface
